2021-12-19 00:47:48:719 [HikariPool-1 housekeeper] WARN  com.zaxxer.hikari.pool.HikariPool HikariPool-1 - Thread starvation or clock leap detected (housekeeper delta=1h54m219ms).
2021-12-19 03:15:28:068 [HikariPool-1 housekeeper] WARN  com.zaxxer.hikari.pool.HikariPool HikariPool-1 - Thread starvation or clock leap detected (housekeeper delta=2h27m39s348ms).
2021-12-19 05:16:42:404 [HikariPool-1 housekeeper] WARN  com.zaxxer.hikari.pool.HikariPool HikariPool-1 - Thread starvation or clock leap detected (housekeeper delta=2h1m14s337ms).
2021-12-19 07:20:16:059 [HikariPool-1 housekeeper] WARN  com.zaxxer.hikari.pool.HikariPool HikariPool-1 - Thread starvation or clock leap detected (housekeeper delta=2h3m33s655ms).
2021-12-19 07:24:36:450 [HikariPool-1 housekeeper] WARN  com.zaxxer.hikari.pool.HikariPool HikariPool-1 - Thread starvation or clock leap detected (housekeeper delta=4m20s391ms).
2021-12-19 07:32:35:595 [HikariPool-1 housekeeper] WARN  com.zaxxer.hikari.pool.HikariPool HikariPool-1 - Thread starvation or clock leap detected (housekeeper delta=7m59s145ms).
2021-12-19 07:37:24:269 [HikariPool-1 housekeeper] WARN  com.zaxxer.hikari.pool.HikariPool HikariPool-1 - Thread starvation or clock leap detected (housekeeper delta=4m48s674ms).
2021-12-19 07:46:22:319 [HikariPool-1 housekeeper] WARN  com.zaxxer.hikari.pool.HikariPool HikariPool-1 - Thread starvation or clock leap detected (housekeeper delta=8m58s50ms).
2021-12-19 07:47:08:665 [HikariPool-1 housekeeper] WARN  com.zaxxer.hikari.pool.HikariPool HikariPool-1 - Thread starvation or clock leap detected (housekeeper delta=46s346ms).
2021-12-19 07:59:41:240 [HikariPool-1 housekeeper] WARN  com.zaxxer.hikari.pool.HikariPool HikariPool-1 - Thread starvation or clock leap detected (housekeeper delta=12m32s575ms).
2021-12-19 08:03:13:374 [HikariPool-1 housekeeper] WARN  com.zaxxer.hikari.pool.HikariPool HikariPool-1 - Thread starvation or clock leap detected (housekeeper delta=3m32s134ms).
2021-12-19 08:15:49:598 [HikariPool-1 housekeeper] WARN  com.zaxxer.hikari.pool.HikariPool HikariPool-1 - Thread starvation or clock leap detected (housekeeper delta=12m36s223ms).
2021-12-19 08:24:14:508 [HikariPool-1 housekeeper] WARN  com.zaxxer.hikari.pool.HikariPool HikariPool-1 - Thread starvation or clock leap detected (housekeeper delta=8m24s911ms).
2021-12-19 08:28:04:265 [HikariPool-1 housekeeper] WARN  com.zaxxer.hikari.pool.HikariPool HikariPool-1 - Thread starvation or clock leap detected (housekeeper delta=3m49s757ms).
2021-12-19 08:36:11:586 [HikariPool-1 housekeeper] WARN  com.zaxxer.hikari.pool.HikariPool HikariPool-1 - Thread starvation or clock leap detected (housekeeper delta=8m7s321ms).
2021-12-19 08:38:24:265 [HikariPool-1 housekeeper] WARN  com.zaxxer.hikari.pool.HikariPool HikariPool-1 - Thread starvation or clock leap detected (housekeeper delta=2m12s678ms).
2021-12-19 08:42:00:912 [HikariPool-1 housekeeper] WARN  com.zaxxer.hikari.pool.HikariPool HikariPool-1 - Thread starvation or clock leap detected (housekeeper delta=3m36s648ms).
2021-12-19 08:56:04:637 [HikariPool-1 housekeeper] WARN  com.zaxxer.hikari.pool.HikariPool HikariPool-1 - Thread starvation or clock leap detected (housekeeper delta=14m3s725ms).
2021-12-19 09:09:55:240 [HikariPool-1 housekeeper] WARN  com.zaxxer.hikari.pool.HikariPool HikariPool-1 - Thread starvation or clock leap detected (housekeeper delta=13m50s603ms).
2021-12-19 09:14:15:431 [HikariPool-1 housekeeper] WARN  com.zaxxer.hikari.pool.HikariPool HikariPool-1 - Thread starvation or clock leap detected (housekeeper delta=4m20s191ms).
2021-12-19 09:18:35:635 [HikariPool-1 housekeeper] WARN  com.zaxxer.hikari.pool.HikariPool HikariPool-1 - Thread starvation or clock leap detected (housekeeper delta=4m20s204ms).
2021-12-19 09:28:39:062 [HikariPool-1 housekeeper] WARN  com.zaxxer.hikari.pool.HikariPool HikariPool-1 - Thread starvation or clock leap detected (housekeeper delta=10m3s427ms).
2021-12-19 09:38:29:236 [HikariPool-1 housekeeper] WARN  com.zaxxer.hikari.pool.HikariPool HikariPool-1 - Thread starvation or clock leap detected (housekeeper delta=9m50s174ms).
2021-12-19 10:35:43:660 [HikariPool-1 housekeeper] WARN  com.zaxxer.hikari.pool.HikariPool HikariPool-1 - Thread starvation or clock leap detected (housekeeper delta=57m14s424ms).
2021-12-19 11:24:23:733 [HikariPool-1 housekeeper] WARN  com.zaxxer.hikari.pool.HikariPool HikariPool-1 - Thread starvation or clock leap detected (housekeeper delta=48m40s73ms).
2021-12-19 12:14:12:779 [HikariPool-1 housekeeper] WARN  com.zaxxer.hikari.pool.HikariPool HikariPool-1 - Thread starvation or clock leap detected (housekeeper delta=49m49s46ms).
2021-12-19 14:01:56:628 [HikariPool-1 housekeeper] WARN  com.zaxxer.hikari.pool.HikariPool HikariPool-1 - Thread starvation or clock leap detected (housekeeper delta=1h47m43s849ms).
2021-12-19 16:06:16:781 [HikariPool-1 housekeeper] WARN  com.zaxxer.hikari.pool.HikariPool HikariPool-1 - Thread starvation or clock leap detected (housekeeper delta=2h4m20s153ms).
2021-12-19 18:39:50:457 [HikariPool-1 housekeeper] WARN  com.zaxxer.hikari.pool.HikariPool HikariPool-1 - Thread starvation or clock leap detected (housekeeper delta=2h33m33s676ms).
2021-12-19 21:03:18:129 [HikariPool-1 housekeeper] WARN  com.zaxxer.hikari.pool.HikariPool HikariPool-1 - Thread starvation or clock leap detected (housekeeper delta=2h23m27s672ms).
2021-12-19 21:25:44:897 [HikariPool-1 housekeeper] WARN  com.zaxxer.hikari.pool.HikariPool HikariPool-1 - Thread starvation or clock leap detected (housekeeper delta=22m26s768ms).
2021-12-19 21:29:40:787 [http-nio-8081-exec-7] INFO  com.ivan.sunnyblog.web.aop.ControllerAspect ===== log starts =====
2021-12-19 21:29:40:788 [http-nio-8081-exec-7] INFO  com.ivan.sunnyblog.web.aop.ControllerAspect Request succeed
2021-12-19 21:29:40:788 [http-nio-8081-exec-7] INFO  com.ivan.sunnyblog.web.aop.ControllerAspect Request Method: GET
2021-12-19 21:29:40:789 [http-nio-8081-exec-7] INFO  com.ivan.sunnyblog.web.aop.ControllerAspect Request URI: /api/articles
2021-12-19 21:29:40:789 [http-nio-8081-exec-7] INFO  com.ivan.sunnyblog.web.aop.ControllerAspect Method Name: com.ivan.sunnyblog.web.controller.ArticleController.getPublicArticles
2021-12-19 21:29:40:789 [http-nio-8081-exec-7] INFO  com.ivan.sunnyblog.web.aop.ControllerAspect Params: SearchVo{page=1, limit=10, categoryId=null, total=null}
2021-12-19 21:29:40:789 [http-nio-8081-exec-7] INFO  com.ivan.sunnyblog.web.aop.ControllerAspect Result: ResultInfo{info='null', status=0, data=[ArticleVo{userInfo=UserInfoVo{userId=100001, nickName='ivan', userName='ivan', avatar='https://res-blog-public.s3.ca-central-1.amazonaws.com/default_avatar.jpg'}, category=CategoryVo{categoryId=1, name='Life ', articleCount=null}, BaseArticleVo{articleId=10005, status=1, title='dd', description='This is the doc of React markdown editor lite.
Enjoy!!', content='null', firstPicture='', viewCount=69, createDate='Sun Nov 07 14:09:29 EST 2021', updateDate='Tue Dec 14 15:05:00 EST 2021'}}, ArticleVo{userInfo=UserInfoVo{userId=100001, nickName='ivan', userName='ivan', avatar='https://res-blog-public.s3.ca-central-1.amazonaws.com/default_avatar.jpg'}, category=CategoryVo{categoryId=2, name='liddffd', articleCount=null}, BaseArticleVo{articleId=10004, status=1, title='Spring boot', description='rerwerwer', content='null', firstPicture='', viewCount=139, createDate='Tue Oct 12 15:58:26 EDT 2021', updateDate='Tue Dec 14 15:05:00 EST 2021'}}], total=2}
2021-12-19 21:29:40:789 [http-nio-8081-exec-7] INFO  com.ivan.sunnyblog.web.aop.ControllerAspect Process Time: 84ms
2021-12-19 21:29:40:789 [http-nio-8081-exec-7] INFO  com.ivan.sunnyblog.web.aop.ControllerAspect ===== log ends =====
2021-12-19 21:35:32:318 [HikariPool-1 housekeeper] WARN  com.zaxxer.hikari.pool.HikariPool HikariPool-1 - Thread starvation or clock leap detected (housekeeper delta=1m47s390ms).
2021-12-19 22:13:03:574 [HikariPool-1 housekeeper] WARN  com.zaxxer.hikari.pool.HikariPool HikariPool-1 - Thread starvation or clock leap detected (housekeeper delta=26m1s215ms).
2021-12-19 22:40:54:269 [HikariPool-1 housekeeper] WARN  com.zaxxer.hikari.pool.HikariPool HikariPool-1 - Thread starvation or clock leap detected (housekeeper delta=27m50s695ms).
2021-12-19 22:56:49:717 [HikariPool-1 housekeeper] WARN  com.zaxxer.hikari.pool.HikariPool HikariPool-1 - Thread starvation or clock leap detected (housekeeper delta=15m55s448ms).
2021-12-19 23:00:19:630 [HikariPool-1 housekeeper] WARN  com.zaxxer.hikari.pool.HikariPool HikariPool-1 - Thread starvation or clock leap detected (housekeeper delta=3m29s913ms).
2021-12-19 23:10:10:567 [HikariPool-1 housekeeper] WARN  com.zaxxer.hikari.pool.HikariPool HikariPool-1 - Thread starvation or clock leap detected (housekeeper delta=9m50s937ms).
2021-12-19 23:30:37:407 [HikariPool-1 housekeeper] WARN  com.zaxxer.hikari.pool.HikariPool HikariPool-1 - Thread starvation or clock leap detected (housekeeper delta=20m26s840ms).
2021-12-19 23:57:25:381 [HikariPool-1 housekeeper] WARN  com.zaxxer.hikari.pool.HikariPool HikariPool-1 - Thread starvation or clock leap detected (housekeeper delta=26m47s974ms).
