2022-01-09 09:59:18:389 [restartedMain] ERROR org.springframework.boot.SpringApplication Application run failed
java.lang.IllegalStateException: Failed to load property source from location 'classpath:/application.yml'
	at org.springframework.boot.context.config.ConfigFileApplicationListener$Loader.load(ConfigFileApplicationListener.java:524)
	at org.springframework.boot.context.config.ConfigFileApplicationListener$Loader.loadForFileExtension(ConfigFileApplicationListener.java:473)
	at org.springframework.boot.context.config.ConfigFileApplicationListener$Loader.load(ConfigFileApplicationListener.java:443)
	at org.springframework.boot.context.config.ConfigFileApplicationListener$Loader.lambda$null$6(ConfigFileApplicationListener.java:425)
	at java.lang.Iterable.forEach(Iterable.java:75)
	at org.springframework.boot.context.config.ConfigFileApplicationListener$Loader.lambda$load$7(ConfigFileApplicationListener.java:425)
	at java.lang.Iterable.forEach(Iterable.java:75)
	at org.springframework.boot.context.config.ConfigFileApplicationListener$Loader.load(ConfigFileApplicationListener.java:422)
	at org.springframework.boot.context.config.ConfigFileApplicationListener$Loader.load(ConfigFileApplicationListener.java:321)
	at org.springframework.boot.context.config.ConfigFileApplicationListener.addPropertySources(ConfigFileApplicationListener.java:202)
	at org.springframework.boot.context.config.ConfigFileApplicationListener.postProcessEnvironment(ConfigFileApplicationListener.java:186)
	at org.springframework.boot.context.config.ConfigFileApplicationListener.onApplicationEnvironmentPreparedEvent(ConfigFileApplicationListener.java:176)
	at org.springframework.boot.context.config.ConfigFileApplicationListener.onApplicationEvent(ConfigFileApplicationListener.java:164)
	at org.springframework.context.event.SimpleApplicationEventMulticaster.doInvokeListener(SimpleApplicationEventMulticaster.java:172)
	at org.springframework.context.event.SimpleApplicationEventMulticaster.invokeListener(SimpleApplicationEventMulticaster.java:165)
	at org.springframework.context.event.SimpleApplicationEventMulticaster.multicastEvent(SimpleApplicationEventMulticaster.java:139)
	at org.springframework.context.event.SimpleApplicationEventMulticaster.multicastEvent(SimpleApplicationEventMulticaster.java:127)
	at org.springframework.boot.context.event.EventPublishingRunListener.environmentPrepared(EventPublishingRunListener.java:75)
	at org.springframework.boot.SpringApplicationRunListeners.environmentPrepared(SpringApplicationRunListeners.java:53)
	at org.springframework.boot.SpringApplication.prepareEnvironment(SpringApplication.java:340)
	at org.springframework.boot.SpringApplication.run(SpringApplication.java:304)
	at org.springframework.boot.SpringApplication.run(SpringApplication.java:1213)
	at org.springframework.boot.SpringApplication.run(SpringApplication.java:1202)
	at com.ivan.sunnyblog.SunnyBlogApplication.main(SunnyBlogApplication.java:14)
	at sun.reflect.NativeMethodAccessorImpl.invoke0(Native Method)
	at sun.reflect.NativeMethodAccessorImpl.invoke(NativeMethodAccessorImpl.java:62)
	at sun.reflect.DelegatingMethodAccessorImpl.invoke(DelegatingMethodAccessorImpl.java:43)
	at java.lang.reflect.Method.invoke(Method.java:498)
	at org.springframework.boot.devtools.restart.RestartLauncher.run(RestartLauncher.java:49)
Caused by: org.yaml.snakeyaml.scanner.ScannerException: mapping values are not allowed here
 in 'reader', line 29, column 11:
          path: /res-dev
              ^

	at org.yaml.snakeyaml.scanner.ScannerImpl.fetchValue(ScannerImpl.java:870)
	at org.yaml.snakeyaml.scanner.ScannerImpl.fetchMoreTokens(ScannerImpl.java:358)
	at org.yaml.snakeyaml.scanner.ScannerImpl.checkToken(ScannerImpl.java:227)
	at org.yaml.snakeyaml.parser.ParserImpl$ParseBlockMappingKey.produce(ParserImpl.java:558)
	at org.yaml.snakeyaml.parser.ParserImpl.peekEvent(ParserImpl.java:158)
	at org.yaml.snakeyaml.parser.ParserImpl.checkEvent(ParserImpl.java:148)
	at org.yaml.snakeyaml.composer.Composer.composeMappingNode(Composer.java:214)
	at org.yaml.snakeyaml.composer.Composer.composeNode(Composer.java:144)
	at org.yaml.snakeyaml.composer.Composer.composeValueNode(Composer.java:236)
	at org.yaml.snakeyaml.composer.Composer.composeMappingChildren(Composer.java:227)
	at org.yaml.snakeyaml.composer.Composer.composeMappingNode(Composer.java:215)
	at org.yaml.snakeyaml.composer.Composer.composeNode(Composer.java:144)
	at org.yaml.snakeyaml.composer.Composer.composeValueNode(Composer.java:236)
	at org.yaml.snakeyaml.composer.Composer.composeMappingChildren(Composer.java:227)
	at org.yaml.snakeyaml.composer.Composer.composeMappingNode(Composer.java:215)
	at org.yaml.snakeyaml.composer.Composer.composeNode(Composer.java:144)
	at org.yaml.snakeyaml.composer.Composer.getNode(Composer.java:85)
	at org.yaml.snakeyaml.constructor.BaseConstructor.getData(BaseConstructor.java:123)
	at org.yaml.snakeyaml.Yaml$1.next(Yaml.java:547)
	at org.springframework.beans.factory.config.YamlProcessor.process(YamlProcessor.java:160)
	at org.springframework.beans.factory.config.YamlProcessor.process(YamlProcessor.java:134)
	at org.springframework.boot.env.OriginTrackedYamlLoader.load(OriginTrackedYamlLoader.java:75)
	at org.springframework.boot.env.YamlPropertySourceLoader.load(YamlPropertySourceLoader.java:49)
	at org.springframework.boot.context.config.ConfigFileApplicationListener$Loader.loadDocuments(ConfigFileApplicationListener.java:542)
	at org.springframework.boot.context.config.ConfigFileApplicationListener$Loader.load(ConfigFileApplicationListener.java:497)
	... 28 common frames omitted
2022-01-09 10:01:58:104 [restartedMain] ERROR org.springframework.boot.SpringApplication Application run failed
java.lang.IllegalStateException: Failed to load property source from location 'classpath:/application.yml'
	at org.springframework.boot.context.config.ConfigFileApplicationListener$Loader.load(ConfigFileApplicationListener.java:524)
	at org.springframework.boot.context.config.ConfigFileApplicationListener$Loader.loadForFileExtension(ConfigFileApplicationListener.java:473)
	at org.springframework.boot.context.config.ConfigFileApplicationListener$Loader.load(ConfigFileApplicationListener.java:443)
	at org.springframework.boot.context.config.ConfigFileApplicationListener$Loader.lambda$null$6(ConfigFileApplicationListener.java:425)
	at java.lang.Iterable.forEach(Iterable.java:75)
	at org.springframework.boot.context.config.ConfigFileApplicationListener$Loader.lambda$load$7(ConfigFileApplicationListener.java:425)
	at java.lang.Iterable.forEach(Iterable.java:75)
	at org.springframework.boot.context.config.ConfigFileApplicationListener$Loader.load(ConfigFileApplicationListener.java:422)
	at org.springframework.boot.context.config.ConfigFileApplicationListener$Loader.load(ConfigFileApplicationListener.java:321)
	at org.springframework.boot.context.config.ConfigFileApplicationListener.addPropertySources(ConfigFileApplicationListener.java:202)
	at org.springframework.boot.context.config.ConfigFileApplicationListener.postProcessEnvironment(ConfigFileApplicationListener.java:186)
	at org.springframework.boot.context.config.ConfigFileApplicationListener.onApplicationEnvironmentPreparedEvent(ConfigFileApplicationListener.java:176)
	at org.springframework.boot.context.config.ConfigFileApplicationListener.onApplicationEvent(ConfigFileApplicationListener.java:164)
	at org.springframework.context.event.SimpleApplicationEventMulticaster.doInvokeListener(SimpleApplicationEventMulticaster.java:172)
	at org.springframework.context.event.SimpleApplicationEventMulticaster.invokeListener(SimpleApplicationEventMulticaster.java:165)
	at org.springframework.context.event.SimpleApplicationEventMulticaster.multicastEvent(SimpleApplicationEventMulticaster.java:139)
	at org.springframework.context.event.SimpleApplicationEventMulticaster.multicastEvent(SimpleApplicationEventMulticaster.java:127)
	at org.springframework.boot.context.event.EventPublishingRunListener.environmentPrepared(EventPublishingRunListener.java:75)
	at org.springframework.boot.SpringApplicationRunListeners.environmentPrepared(SpringApplicationRunListeners.java:53)
	at org.springframework.boot.SpringApplication.prepareEnvironment(SpringApplication.java:340)
	at org.springframework.boot.SpringApplication.run(SpringApplication.java:304)
	at org.springframework.boot.SpringApplication.run(SpringApplication.java:1213)
	at org.springframework.boot.SpringApplication.run(SpringApplication.java:1202)
	at com.ivan.sunnyblog.SunnyBlogApplication.main(SunnyBlogApplication.java:14)
	at sun.reflect.NativeMethodAccessorImpl.invoke0(Native Method)
	at sun.reflect.NativeMethodAccessorImpl.invoke(NativeMethodAccessorImpl.java:62)
	at sun.reflect.DelegatingMethodAccessorImpl.invoke(DelegatingMethodAccessorImpl.java:43)
	at java.lang.reflect.Method.invoke(Method.java:498)
	at org.springframework.boot.devtools.restart.RestartLauncher.run(RestartLauncher.java:49)
Caused by: org.yaml.snakeyaml.scanner.ScannerException: mapping values are not allowed here
 in 'reader', line 29, column 11:
          path: /res-dev
              ^

	at org.yaml.snakeyaml.scanner.ScannerImpl.fetchValue(ScannerImpl.java:870)
	at org.yaml.snakeyaml.scanner.ScannerImpl.fetchMoreTokens(ScannerImpl.java:358)
	at org.yaml.snakeyaml.scanner.ScannerImpl.checkToken(ScannerImpl.java:227)
	at org.yaml.snakeyaml.parser.ParserImpl$ParseBlockMappingKey.produce(ParserImpl.java:558)
	at org.yaml.snakeyaml.parser.ParserImpl.peekEvent(ParserImpl.java:158)
	at org.yaml.snakeyaml.parser.ParserImpl.checkEvent(ParserImpl.java:148)
	at org.yaml.snakeyaml.composer.Composer.composeMappingNode(Composer.java:214)
	at org.yaml.snakeyaml.composer.Composer.composeNode(Composer.java:144)
	at org.yaml.snakeyaml.composer.Composer.composeValueNode(Composer.java:236)
	at org.yaml.snakeyaml.composer.Composer.composeMappingChildren(Composer.java:227)
	at org.yaml.snakeyaml.composer.Composer.composeMappingNode(Composer.java:215)
	at org.yaml.snakeyaml.composer.Composer.composeNode(Composer.java:144)
	at org.yaml.snakeyaml.composer.Composer.composeValueNode(Composer.java:236)
	at org.yaml.snakeyaml.composer.Composer.composeMappingChildren(Composer.java:227)
	at org.yaml.snakeyaml.composer.Composer.composeMappingNode(Composer.java:215)
	at org.yaml.snakeyaml.composer.Composer.composeNode(Composer.java:144)
	at org.yaml.snakeyaml.composer.Composer.getNode(Composer.java:85)
	at org.yaml.snakeyaml.constructor.BaseConstructor.getData(BaseConstructor.java:123)
	at org.yaml.snakeyaml.Yaml$1.next(Yaml.java:547)
	at org.springframework.beans.factory.config.YamlProcessor.process(YamlProcessor.java:160)
	at org.springframework.beans.factory.config.YamlProcessor.process(YamlProcessor.java:134)
	at org.springframework.boot.env.OriginTrackedYamlLoader.load(OriginTrackedYamlLoader.java:75)
	at org.springframework.boot.env.YamlPropertySourceLoader.load(YamlPropertySourceLoader.java:49)
	at org.springframework.boot.context.config.ConfigFileApplicationListener$Loader.loadDocuments(ConfigFileApplicationListener.java:542)
	at org.springframework.boot.context.config.ConfigFileApplicationListener$Loader.load(ConfigFileApplicationListener.java:497)
	... 28 common frames omitted
2022-01-09 10:03:01:710 [restartedMain] INFO  com.ivan.sunnyblog.SunnyBlogApplication Starting SunnyBlogApplication on Jinghaos-MacBook-Air.local with PID 38383 (/Users/jinghaoliang/Documents/tech/Project/gitproject/blog/blog_backend/target/classes started by jinghaoliang in /Users/jinghaoliang/Documents/tech/Project/gitproject/blog/blog_backend)
2022-01-09 10:03:01:711 [restartedMain] INFO  com.ivan.sunnyblog.SunnyBlogApplication No active profile set, falling back to default profiles: default
2022-01-09 10:03:01:730 [restartedMain] INFO  org.springframework.boot.devtools.env.DevToolsPropertyDefaultsPostProcessor Devtools property defaults active! Set 'spring.devtools.add-properties' to 'false' to disable
2022-01-09 10:03:01:730 [restartedMain] INFO  org.springframework.boot.devtools.env.DevToolsPropertyDefaultsPostProcessor For additional web related logging consider setting the 'logging.level.web' property to 'DEBUG'
2022-01-09 10:03:02:092 [restartedMain] INFO  org.springframework.data.repository.config.RepositoryConfigurationDelegate Multiple Spring Data modules found, entering strict repository configuration mode!
2022-01-09 10:03:02:094 [restartedMain] INFO  org.springframework.data.repository.config.RepositoryConfigurationDelegate Bootstrapping Spring Data repositories in DEFAULT mode.
2022-01-09 10:03:02:119 [restartedMain] INFO  org.springframework.data.repository.config.RepositoryConfigurationDelegate Finished Spring Data repository scanning in 18ms. Found 0 repository interfaces.
2022-01-09 10:03:02:278 [restartedMain] INFO  o.s.context.support.PostProcessorRegistrationDelegate$BeanPostProcessorChecker Bean 'org.springframework.transaction.annotation.ProxyTransactionManagementConfiguration' of type [org.springframework.transaction.annotation.ProxyTransactionManagementConfiguration$$EnhancerBySpringCGLIB$$e82ef4] is not eligible for getting processed by all BeanPostProcessors (for example: not eligible for auto-proxying)
2022-01-09 10:03:02:459 [restartedMain] INFO  org.springframework.boot.web.embedded.tomcat.TomcatWebServer Tomcat initialized with port(s): 8081 (http)
2022-01-09 10:03:02:466 [restartedMain] INFO  org.apache.coyote.http11.Http11NioProtocol Initializing ProtocolHandler ["http-nio-8081"]
2022-01-09 10:03:02:471 [restartedMain] INFO  org.apache.catalina.core.StandardService Starting service [Tomcat]
2022-01-09 10:03:02:471 [restartedMain] INFO  org.apache.catalina.core.StandardEngine Starting Servlet engine: [Apache Tomcat/9.0.21]
2022-01-09 10:03:02:534 [restartedMain] INFO  org.apache.catalina.core.ContainerBase.[Tomcat].[localhost].[/] Initializing Spring embedded WebApplicationContext
2022-01-09 10:03:02:535 [restartedMain] INFO  org.springframework.web.context.ContextLoader Root WebApplicationContext: initialization completed in 805 ms
2022-01-09 10:03:02:693 [restartedMain] INFO  com.zaxxer.hikari.HikariDataSource HikariPool-1 - Starting...
2022-01-09 10:03:02:741 [restartedMain] INFO  com.zaxxer.hikari.HikariDataSource HikariPool-1 - Start completed.
2022-01-09 10:03:18:608 [restartedMain] INFO  org.springframework.beans.factory.annotation.AutowiredAnnotationBeanPostProcessor Autowired annotation is not supported on static fields: static com.amazonaws.services.s3.AmazonS3 com.ivan.sunnyblog.web.res.S3ResourceManager.s3Client
2022-01-09 10:03:18:983 [restartedMain] INFO  org.springframework.scheduling.concurrent.ThreadPoolTaskExecutor Initializing ExecutorService 'applicationTaskExecutor'
2022-01-09 10:03:19:165 [restartedMain] INFO  org.springframework.scheduling.concurrent.ThreadPoolTaskScheduler Initializing ExecutorService 'taskScheduler'
2022-01-09 10:03:19:185 [restartedMain] INFO  org.springframework.boot.devtools.autoconfigure.OptionalLiveReloadServer LiveReload server is running on port 35729
2022-01-09 10:03:19:226 [restartedMain] INFO  org.apache.coyote.http11.Http11NioProtocol Starting ProtocolHandler ["http-nio-8081"]
2022-01-09 10:03:19:241 [restartedMain] INFO  org.springframework.boot.web.embedded.tomcat.TomcatWebServer Tomcat started on port(s): 8081 (http) with context path ''
2022-01-09 10:03:19:243 [restartedMain] INFO  com.ivan.sunnyblog.SunnyBlogApplication Started SunnyBlogApplication in 17.706 seconds (JVM running for 18.014)
2022-01-09 10:03:23:937 [http-nio-8081-exec-2] INFO  org.apache.catalina.core.ContainerBase.[Tomcat].[localhost].[/] Initializing Spring DispatcherServlet 'dispatcherServlet'
2022-01-09 10:03:23:937 [http-nio-8081-exec-2] INFO  org.springframework.web.servlet.DispatcherServlet Initializing Servlet 'dispatcherServlet'
2022-01-09 10:03:23:943 [http-nio-8081-exec-2] INFO  org.springframework.web.servlet.DispatcherServlet Completed initialization in 6 ms
2022-01-09 10:03:24:189 [http-nio-8081-exec-5] INFO  org.jooq.Constants 
                                      
@@@@@@@@@@@@@@@@@@@@@@@@@@@@@@@@@@@@@@
@@@@@@@@@@@@@@@@@@@@@@@@@@@@@@@@@@@@@@
@@@@@@@@@@@@@@@@  @@        @@@@@@@@@@
@@@@@@@@@@@@@@@@@@@@        @@@@@@@@@@
@@@@@@@@@@@@@@@@  @@  @@    @@@@@@@@@@
@@@@@@@@@@  @@@@  @@  @@    @@@@@@@@@@
@@@@@@@@@@        @@        @@@@@@@@@@
@@@@@@@@@@@@@@@@@@@@@@@@@@@@@@@@@@@@@@
@@@@@@@@@@@@@@@@@@@@@@@@@@@@@@@@@@@@@@
@@@@@@@@@@        @@        @@@@@@@@@@
@@@@@@@@@@    @@  @@  @@@@  @@@@@@@@@@
@@@@@@@@@@    @@  @@  @@@@  @@@@@@@@@@
@@@@@@@@@@        @@  @  @  @@@@@@@@@@
@@@@@@@@@@        @@        @@@@@@@@@@
@@@@@@@@@@@@@@@@@@@@@@@  @@@@@@@@@@@@@
@@@@@@@@@@@@@@@@@@@@@@@@@@@@@@@@@@@@@@
@@@@@@@@@@@@@@@@@@@@@@@@@@@@@@@@@@@@@@  Thank you for using jOOQ 3.11.11
                                      
2022-01-09 10:03:24:244 [http-nio-8081-exec-5] INFO  com.ivan.sunnyblog.web.aop.ControllerAspect ===== log starts =====
2022-01-09 10:03:24:244 [http-nio-8081-exec-5] INFO  com.ivan.sunnyblog.web.aop.ControllerAspect Request succeed
2022-01-09 10:03:24:244 [http-nio-8081-exec-5] INFO  com.ivan.sunnyblog.web.aop.ControllerAspect Request Method: GET
2022-01-09 10:03:24:244 [http-nio-8081-exec-5] INFO  com.ivan.sunnyblog.web.aop.ControllerAspect Request URI: /api/categories
2022-01-09 10:03:24:244 [http-nio-8081-exec-5] INFO  com.ivan.sunnyblog.web.aop.ControllerAspect Method Name: com.ivan.sunnyblog.web.controller.CategoryContoller.getCategories
2022-01-09 10:03:24:244 [http-nio-8081-exec-6] INFO  com.ivan.sunnyblog.web.aop.ControllerAspect ===== log starts =====
2022-01-09 10:03:24:244 [http-nio-8081-exec-5] INFO  com.ivan.sunnyblog.web.aop.ControllerAspect Params: {}
2022-01-09 10:03:24:244 [http-nio-8081-exec-6] INFO  com.ivan.sunnyblog.web.aop.ControllerAspect Request succeed
2022-01-09 10:03:24:244 [http-nio-8081-exec-6] INFO  com.ivan.sunnyblog.web.aop.ControllerAspect Request Method: GET
2022-01-09 10:03:24:244 [http-nio-8081-exec-6] INFO  com.ivan.sunnyblog.web.aop.ControllerAspect Request URI: /api/articles/hot
2022-01-09 10:03:24:244 [http-nio-8081-exec-5] INFO  com.ivan.sunnyblog.web.aop.ControllerAspect Result: ResultInfo{info='null', status=0, data=[CategoryVo{categoryId=2, name='liddffd', articleCount=1}, CategoryVo{categoryId=1, name='Life ', articleCount=1}], total=null}
2022-01-09 10:03:24:244 [http-nio-8081-exec-6] INFO  com.ivan.sunnyblog.web.aop.ControllerAspect Method Name: com.ivan.sunnyblog.web.controller.ArticleController.getHotArticles
2022-01-09 10:03:24:244 [http-nio-8081-exec-5] INFO  com.ivan.sunnyblog.web.aop.ControllerAspect Process Time: 267ms
2022-01-09 10:03:24:244 [http-nio-8081-exec-6] INFO  com.ivan.sunnyblog.web.aop.ControllerAspect Params: {}
2022-01-09 10:03:24:244 [http-nio-8081-exec-5] INFO  com.ivan.sunnyblog.web.aop.ControllerAspect ===== log ends =====
2022-01-09 10:03:24:244 [http-nio-8081-exec-6] INFO  com.ivan.sunnyblog.web.aop.ControllerAspect Result: ResultInfo{info='null', status=0, data=[ArticleVo{userInfo=null, category=null, BaseArticleVo{articleId=10004, status=null, title='Spring boot', description='null', content='null', firstPicture='null', viewCount=139, createDate='Tue Oct 12 15:58:26 EDT 2021', updateDate='null'}}, ArticleVo{userInfo=null, category=null, BaseArticleVo{articleId=10005, status=null, title='dd', description='null', content='null', firstPicture='null', viewCount=69, createDate='Sun Nov 07 14:09:29 EST 2021', updateDate='null'}}], total=null}
2022-01-09 10:03:24:244 [http-nio-8081-exec-6] INFO  com.ivan.sunnyblog.web.aop.ControllerAspect Process Time: 268ms
2022-01-09 10:03:24:245 [http-nio-8081-exec-6] INFO  com.ivan.sunnyblog.web.aop.ControllerAspect ===== log ends =====
2022-01-09 10:03:24:255 [http-nio-8081-exec-4] INFO  com.ivan.sunnyblog.web.aop.ControllerAspect ===== log starts =====
2022-01-09 10:03:24:255 [http-nio-8081-exec-4] INFO  com.ivan.sunnyblog.web.aop.ControllerAspect Request succeed
2022-01-09 10:03:24:255 [http-nio-8081-exec-4] INFO  com.ivan.sunnyblog.web.aop.ControllerAspect Request Method: GET
2022-01-09 10:03:24:255 [http-nio-8081-exec-4] INFO  com.ivan.sunnyblog.web.aop.ControllerAspect Request URI: /api/articles
2022-01-09 10:03:24:255 [http-nio-8081-exec-4] INFO  com.ivan.sunnyblog.web.aop.ControllerAspect Method Name: com.ivan.sunnyblog.web.controller.ArticleController.getPublicArticles
2022-01-09 10:03:24:255 [http-nio-8081-exec-4] INFO  com.ivan.sunnyblog.web.aop.ControllerAspect Params: SearchVo{page=1, limit=10, categoryId=null, total=null}
2022-01-09 10:03:24:255 [http-nio-8081-exec-4] INFO  com.ivan.sunnyblog.web.aop.ControllerAspect Result: ResultInfo{info='null', status=0, data=[ArticleVo{userInfo=UserInfoVo{userId=100001, nickName='ivan', userName='ivan', avatar='https://res-blog-public.s3.ca-central-1.amazonaws.com/default_avatar.jpg'}, category=CategoryVo{categoryId=1, name='Life ', articleCount=null}, BaseArticleVo{articleId=10005, status=1, title='dd', description='This is the doc of React markdown editor lite.
Enjoy!!', content='null', firstPicture='', viewCount=69, createDate='Sun Nov 07 14:09:29 EST 2021', updateDate='Tue Dec 14 15:05:00 EST 2021'}}, ArticleVo{userInfo=UserInfoVo{userId=100001, nickName='ivan', userName='ivan', avatar='https://res-blog-public.s3.ca-central-1.amazonaws.com/default_avatar.jpg'}, category=CategoryVo{categoryId=2, name='liddffd', articleCount=null}, BaseArticleVo{articleId=10004, status=1, title='Spring boot', description='rerwerwer', content='null', firstPicture='', viewCount=139, createDate='Tue Oct 12 15:58:26 EDT 2021', updateDate='Tue Dec 14 15:05:00 EST 2021'}}], total=2}
2022-01-09 10:03:24:255 [http-nio-8081-exec-4] INFO  com.ivan.sunnyblog.web.aop.ControllerAspect Process Time: 268ms
2022-01-09 10:03:24:255 [http-nio-8081-exec-4] INFO  com.ivan.sunnyblog.web.aop.ControllerAspect ===== log ends =====
2022-01-09 10:03:26:519 [http-nio-8081-exec-10] INFO  com.ivan.sunnyblog.web.aop.ControllerAspect ===== log starts =====
2022-01-09 10:03:26:519 [http-nio-8081-exec-2] INFO  com.ivan.sunnyblog.web.aop.ControllerAspect ===== log starts =====
2022-01-09 10:03:26:519 [http-nio-8081-exec-10] INFO  com.ivan.sunnyblog.web.aop.ControllerAspect Request succeed
2022-01-09 10:03:26:519 [http-nio-8081-exec-10] INFO  com.ivan.sunnyblog.web.aop.ControllerAspect Request Method: GET
2022-01-09 10:03:26:519 [http-nio-8081-exec-10] INFO  com.ivan.sunnyblog.web.aop.ControllerAspect Request URI: /api/comment/10005
2022-01-09 10:03:26:519 [http-nio-8081-exec-2] INFO  com.ivan.sunnyblog.web.aop.ControllerAspect Request succeed
2022-01-09 10:03:26:519 [http-nio-8081-exec-10] INFO  com.ivan.sunnyblog.web.aop.ControllerAspect Method Name: com.ivan.sunnyblog.web.controller.CommentController.getComments
2022-01-09 10:03:26:519 [http-nio-8081-exec-2] INFO  com.ivan.sunnyblog.web.aop.ControllerAspect Request Method: GET
2022-01-09 10:03:26:519 [http-nio-8081-exec-10] INFO  com.ivan.sunnyblog.web.aop.ControllerAspect Params: 10005
2022-01-09 10:03:26:519 [http-nio-8081-exec-2] INFO  com.ivan.sunnyblog.web.aop.ControllerAspect Request URI: /api/comment/10005
2022-01-09 10:03:26:519 [http-nio-8081-exec-10] INFO  com.ivan.sunnyblog.web.aop.ControllerAspect Result: ResultInfo{info='null', status=0, data=[], total=0}
2022-01-09 10:03:26:519 [http-nio-8081-exec-2] INFO  com.ivan.sunnyblog.web.aop.ControllerAspect Method Name: com.ivan.sunnyblog.web.controller.CommentController.getComments
2022-01-09 10:03:26:519 [http-nio-8081-exec-10] INFO  com.ivan.sunnyblog.web.aop.ControllerAspect Process Time: 55ms
2022-01-09 10:03:26:519 [http-nio-8081-exec-2] INFO  com.ivan.sunnyblog.web.aop.ControllerAspect Params: 10005
2022-01-09 10:03:26:519 [http-nio-8081-exec-10] INFO  com.ivan.sunnyblog.web.aop.ControllerAspect ===== log ends =====
2022-01-09 10:03:26:519 [http-nio-8081-exec-2] INFO  com.ivan.sunnyblog.web.aop.ControllerAspect Result: ResultInfo{info='null', status=0, data=[], total=0}
2022-01-09 10:03:26:519 [http-nio-8081-exec-2] INFO  com.ivan.sunnyblog.web.aop.ControllerAspect Process Time: 45ms
2022-01-09 10:03:26:519 [http-nio-8081-exec-2] INFO  com.ivan.sunnyblog.web.aop.ControllerAspect ===== log ends =====
2022-01-09 10:03:26:541 [http-nio-8081-exec-3] INFO  io.lettuce.core.EpollProvider Starting without optional epoll library
2022-01-09 10:03:26:542 [http-nio-8081-exec-3] INFO  io.lettuce.core.KqueueProvider Starting without optional kqueue library
2022-01-09 10:03:26:608 [http-nio-8081-exec-3] INFO  com.ivan.sunnyblog.web.aop.ControllerAspect ===== log starts =====
2022-01-09 10:03:26:608 [http-nio-8081-exec-3] INFO  com.ivan.sunnyblog.web.aop.ControllerAspect Request succeed
2022-01-09 10:03:26:608 [http-nio-8081-exec-3] INFO  com.ivan.sunnyblog.web.aop.ControllerAspect Request Method: GET
2022-01-09 10:03:26:608 [http-nio-8081-exec-3] INFO  com.ivan.sunnyblog.web.aop.ControllerAspect Request URI: /api/article/10005
2022-01-09 10:03:26:608 [http-nio-8081-exec-3] INFO  com.ivan.sunnyblog.web.aop.ControllerAspect Method Name: com.ivan.sunnyblog.web.controller.ArticleController.getPublicArticleDetail
2022-01-09 10:03:26:608 [http-nio-8081-exec-3] INFO  com.ivan.sunnyblog.web.aop.ControllerAspect Params: 10005
2022-01-09 10:03:26:608 [http-nio-8081-exec-3] INFO  com.ivan.sunnyblog.web.aop.ControllerAspect Result: ResultInfo{info='null', status=0, data=ArticleDetailVo{categoryId=1, BaseArticleVo{articleId=10005, status=1, title='dd', description='This is the doc of React markdown editor lite.
Enjoy!!', content='| Head | Head | Head | Head |
| --- | --- | --- | --- |
| Data | Data | Data | Data |
| Data | Data | Data | Data |

## 手把手教你写一个markdown编辑器

> 笔者在18年年末的时候接到一个开发任务——搭建一个AI项目的开放平台，其中的产品文档为转化为HTML格式的markdown文档。考虑到文档的即时更新，将文档信息做成了Ajax接口的形式。因此管理后台只需将textarea表单的内容通过markdown解析器进行HTML格式转化，然后将markdown内容和经转化的HTML文档都保存到数据库即可。
> 基本需求完成后，为了更好的用户体验，考虑将常用的编辑功能添加进来。改进版不仅支持了常用的文本编辑功能，还实现的UI界面的配置化，自定义语法解析器。本着造福伸手党的目的，以及积累些开源经验，笔者将该react 组件 [react-markdown-editor-lite](https://github.com/HarryChen0506/react-markdown-editor-lite) 进行了封装改造，并且发布到了开源社区。

### 预览
在线体验 [https://harrychen0506.github.io/react-markdown-editor-lite/](https://harrychen0506.github.io/react-markdown-editor-lite/)

![image](https://github.com//HarryChen0506/react-markdown-editor-lite/blob/master/image/react-markdown-editor-lite-v1.0.0.PNG?raw=true)

### 特点
* 轻量、基于React
* UI可配置, 如只显示编辑区或预览区
* 支持自定义markdown语法解析器,语法高亮等
* 支持常用的markdown编辑功能，如加粗，斜体等等...
* 支持功能按钮插拔化，用户可以自定义扩展组件
* 支持编辑区和预览区同步滚动

### 开发心得

- 文本编辑

  大多数常见的编辑器，包括富文本编辑器，利用了某些元素如div的contenteditable属性，配合selection、range、execCommand等API，实现了富文本编辑功能。这里面的实现比较复杂，所以有了"[为什么都说富文本编辑器是天坑？](https://www.zhihu.com/question/38699645)"这个说法。

  而markdown编辑器，核心的处理内容为简单语法的纯文本，复杂度相对来说比较低，并且input标签自带onSelect事件，可以很方便的获取选择信息（选择起始位置和选择文本值），因此要想实现编辑功能，只需将要改动的内容进行文本转换，然后进行重新拼接首尾，大功告成。
  
- markdown解析

  考察了几个社区流行的markdown解析器，比较流行的有[markdown](https://www.npmjs.com/package/markdown), [markdown-it](https://www.npmjs.com/package/markdown-it), [marked](https://www.npmjs.com/package/marked) 等等。综合考虑扩展性以及稳定性，笔者推荐使用markdown-it作为markdown的词法解析器，因为该解析器有比较多的插件，并且支持语法高亮。

- 同步滚动

  当选择分栏编辑的时候，滚动左侧的编辑区，右侧的预览区能自动滚动到对应的区域。方案参考了《[手把手教你用 100行代码实现基于 react的 markdown 输入 + 即时预览在线编辑器（一）](https://github.com/accforgit/blog-data/blob/master/%E5%9C%A8%E7%BA%BF%E7%BC%96%E8%BE%91%E5%99%A8/README/README1.md)》。只需先计算出输入框容器元素与预览框容器元素之间最大scroll范围的比例值，然后根据主动滚动元素自身的scrollTop做相应的比例换算，即可知道对方区域的scrollTop值。

- 关于UI
 
  - 项目的字体库选择了Font Awesome风格，并且只选取了项目所需要的一些图标。
  - 编辑器的整体css均可通过全局覆盖的形式进行自定义。目前暂时只支持灰色主题。
  - 编辑器的显示区域包括菜单栏，编辑器，预览区，工具栏，通过配置组件的config属性，可以选择默认的展示区域。
  
### Install

```js
npm install react-markdown-editor-lite --save
```

### Props

| Property | Description | Type | default | Remarks |
| --- | --- | --- | --- | --- |
| value | markdown content | String | '' | required |
| style | component container style | Object | {height: '100%'} | not required |
| config | component config | Object | {view: {...}, logger: {...}} | not required |
| onChange | emitting when editor has changed | Function | ({html, md}) => {} | not required |
| onImageUpload | when image uploaded, callback emitting will get image markdown text | (file: File, callback: (url: string) => void) => void; | ({file, callback}) => {} | not required |
| renderHTML | Render markdown text to HTML. You can return either string, function or Promise | (text: string) => string|function|Promise | none | **required** |

### Example

``` js
'use strict';
import React from 'react'
import ReactDOM from 'react-dom'
import MdEditor from 'react-markdown-editor-lite'
import MarkdownIt from 'markdown-it'
import emoji from 'markdown-it-emoji'
import subscript from 'markdown-it-sub'
import superscript from 'markdown-it-sup'
import footnote from 'markdown-it-footnote'
import deflist from 'markdown-it-deflist'
import abbreviation from 'markdown-it-abbr'
import insert from 'markdown-it-ins'
import mark from 'markdown-it-mark'
import tasklists from 'markdown-it-task-lists'
import hljs from 'highlight.js'
import 'highlight.js/styles/atom-one-light.css'
// import 'highlight.js/styles/github.css'
import './index.less';

const MOCK_DATA = "I Love React."
export default class Demo extends React.Component {
  mdEditor = null
  mdParser = null
  constructor(props) {
    super(props)
    // initial a parsera
    this.mdParser = new MarkdownIt({
      html: true,
      linkify: true,
      typographer: true,
      highlight: function (str, lang) {
        if (lang && hljs.getLanguage(lang)) {
          try {
            return hljs.highlight(lang, str).value
          } catch (__) {}
        }    
        return '' // use external default escaping
      }
    })
    .use(emoji)
    .use(subscript)
    .use(superscript)
    .use(footnote)
    .use(deflist)
    .use(abbreviation)
    .use(insert)
    .use(mark)
    .use(tasklists, { enabled: this.taskLists })
    this.renderHTML = this.renderHTML.bind(this)
  }
  handleEditorChange({html, md}) {
    console.log('handleEditorChange', html, md)
  }
  handleImageUpload(file, callback) {
    const reader = new FileReader()
    reader.onload = () => {      
      const convertBase64UrlToBlob = (urlData) => {  
        let arr = urlData.split(','), mime = arr[0].match(/:(.*?);/)[1]
        let bstr = atob(arr[1])
        let n = bstr.length
        let u8arr = new Uint8Array(n)
        while (n--) {
          u8arr[n] = bstr.charCodeAt(n)
        }
        return new Blob([u8arr], {type:mime})
      }
      const blob = convertBase64UrlToBlob(reader.result)
      setTimeout(() => {
        // setTimeout 模拟异步上传图片
        // 当异步上传获取图片地址后，执行calback回调（参数为imageUrl字符串），即可将图片地址写入markdown
        callback('https://avatars0.githubusercontent.com/u/21263805?s=40&v=4')
      }, 1000)
    }
    reader.readAsDataURL(file)
  }
  renderHTML(text) {
    // 模拟异步渲染Markdown
    return new Promise((resolve) => {
      setTimeout(() => {
        resolve(this.mdParser.render(text))
      }, 1000)
    })
  }
  handleGetMdValue = () => {   
    this.mdEditor && alert(this.mdEditor.getMdValue())      
  }
  handleGetHtmlValue = () => {    
    this.mdEditor && alert(this.mdEditor.getHtmlValue())
  }
  render() {
    return (      
      <div>
        <nav>
          <button onClick={this.handleGetMdValue} >getMdValue</button>  
          <button onClick={this.handleGetHtmlValue} >getHtmlValue</button>  
        </nav>
        <section style="height: 500px">
          <MdEditor 
            ref={node => this.mdEditor = node}
            value={MOCK_DATA}
            style={{height: '400px'}}
            renderHTML={this.renderHTML}
            config={{
              view: {
                menu: true,
                md: true,
                html: true
              },
              imageUrl: 'https://octodex.github.com/images/minion.png'
            }}
            onChange={this.handleEditorChange} 
            onImageUpload={this.handleImageUpload}
          />
        </section>                        
      </div>      
    )
  }
}
```

### 最后

   欢迎大家使用和反馈，[项目地址](https://github.com/HarryChen0506/react-markdown-editor-lite) (https://github.com/HarryChen0506/react-markdown-editor-lite)， 你的点赞将是我莫大的动力😊

![1.png](https://s3.ca-central-1.amazonaws.com/res-blog-public/res-dev/blog_1636946743939_1.png)', firstPicture='', viewCount=69, createDate='Sun Nov 07 14:09:29 EST 2021', updateDate='Tue Dec 14 15:05:00 EST 2021'}}, total=null}
2022-01-09 10:03:26:609 [http-nio-8081-exec-3] INFO  com.ivan.sunnyblog.web.aop.ControllerAspect Process Time: 148ms
2022-01-09 10:03:26:609 [http-nio-8081-exec-3] INFO  com.ivan.sunnyblog.web.aop.ControllerAspect ===== log ends =====
2022-01-09 10:03:26:652 [http-nio-8081-exec-1] INFO  com.ivan.sunnyblog.web.aop.ControllerAspect ===== log starts =====
2022-01-09 10:03:26:652 [http-nio-8081-exec-1] INFO  com.ivan.sunnyblog.web.aop.ControllerAspect Request succeed
2022-01-09 10:03:26:652 [http-nio-8081-exec-1] INFO  com.ivan.sunnyblog.web.aop.ControllerAspect Request Method: GET
2022-01-09 10:03:26:652 [http-nio-8081-exec-1] INFO  com.ivan.sunnyblog.web.aop.ControllerAspect Request URI: /api/comment/10005
2022-01-09 10:03:26:652 [http-nio-8081-exec-1] INFO  com.ivan.sunnyblog.web.aop.ControllerAspect Method Name: com.ivan.sunnyblog.web.controller.CommentController.getComments
2022-01-09 10:03:26:652 [http-nio-8081-exec-1] INFO  com.ivan.sunnyblog.web.aop.ControllerAspect Params: 10005
2022-01-09 10:03:26:652 [http-nio-8081-exec-1] INFO  com.ivan.sunnyblog.web.aop.ControllerAspect Result: ResultInfo{info='null', status=0, data=[], total=0}
2022-01-09 10:03:26:652 [http-nio-8081-exec-1] INFO  com.ivan.sunnyblog.web.aop.ControllerAspect Process Time: 1ms
2022-01-09 10:03:26:652 [http-nio-8081-exec-1] INFO  com.ivan.sunnyblog.web.aop.ControllerAspect ===== log ends =====
2022-01-09 10:03:30:776 [http-nio-8081-exec-4] INFO  com.ivan.sunnyblog.web.aop.ControllerAspect ===== log starts =====
2022-01-09 10:03:30:776 [http-nio-8081-exec-4] INFO  com.ivan.sunnyblog.web.aop.ControllerAspect Request succeed
2022-01-09 10:03:30:776 [http-nio-8081-exec-4] INFO  com.ivan.sunnyblog.web.aop.ControllerAspect Request Method: GET
2022-01-09 10:03:30:776 [http-nio-8081-exec-4] INFO  com.ivan.sunnyblog.web.aop.ControllerAspect Request URI: /api/articles/hot
2022-01-09 10:03:30:776 [http-nio-8081-exec-4] INFO  com.ivan.sunnyblog.web.aop.ControllerAspect Method Name: com.ivan.sunnyblog.web.controller.ArticleController.getHotArticles
2022-01-09 10:03:30:776 [http-nio-8081-exec-4] INFO  com.ivan.sunnyblog.web.aop.ControllerAspect Params: {}
2022-01-09 10:03:30:776 [http-nio-8081-exec-4] INFO  com.ivan.sunnyblog.web.aop.ControllerAspect Result: ResultInfo{info='null', status=0, data=[ArticleVo{userInfo=null, category=null, BaseArticleVo{articleId=10004, status=null, title='Spring boot', description='null', content='null', firstPicture='null', viewCount=139, createDate='Tue Oct 12 15:58:26 EDT 2021', updateDate='null'}}, ArticleVo{userInfo=null, category=null, BaseArticleVo{articleId=10005, status=null, title='dd', description='null', content='null', firstPicture='null', viewCount=69, createDate='Sun Nov 07 14:09:29 EST 2021', updateDate='null'}}], total=null}
2022-01-09 10:03:30:776 [http-nio-8081-exec-4] INFO  com.ivan.sunnyblog.web.aop.ControllerAspect Process Time: 3ms
2022-01-09 10:03:30:776 [http-nio-8081-exec-4] INFO  com.ivan.sunnyblog.web.aop.ControllerAspect ===== log ends =====
2022-01-09 10:03:30:777 [http-nio-8081-exec-6] INFO  com.ivan.sunnyblog.web.aop.ControllerAspect ===== log starts =====
2022-01-09 10:03:30:777 [http-nio-8081-exec-6] INFO  com.ivan.sunnyblog.web.aop.ControllerAspect Request succeed
2022-01-09 10:03:30:778 [http-nio-8081-exec-6] INFO  com.ivan.sunnyblog.web.aop.ControllerAspect Request Method: GET
2022-01-09 10:03:30:778 [http-nio-8081-exec-6] INFO  com.ivan.sunnyblog.web.aop.ControllerAspect Request URI: /api/categories
2022-01-09 10:03:30:778 [http-nio-8081-exec-6] INFO  com.ivan.sunnyblog.web.aop.ControllerAspect Method Name: com.ivan.sunnyblog.web.controller.CategoryContoller.getCategories
2022-01-09 10:03:30:778 [http-nio-8081-exec-6] INFO  com.ivan.sunnyblog.web.aop.ControllerAspect Params: {}
2022-01-09 10:03:30:778 [http-nio-8081-exec-6] INFO  com.ivan.sunnyblog.web.aop.ControllerAspect Result: ResultInfo{info='null', status=0, data=[CategoryVo{categoryId=2, name='liddffd', articleCount=1}, CategoryVo{categoryId=1, name='Life ', articleCount=1}], total=null}
2022-01-09 10:03:30:778 [http-nio-8081-exec-6] INFO  com.ivan.sunnyblog.web.aop.ControllerAspect Process Time: 4ms
2022-01-09 10:03:30:778 [http-nio-8081-exec-6] INFO  com.ivan.sunnyblog.web.aop.ControllerAspect ===== log ends =====
2022-01-09 10:03:30:789 [http-nio-8081-exec-5] INFO  com.ivan.sunnyblog.web.aop.ControllerAspect ===== log starts =====
2022-01-09 10:03:30:789 [http-nio-8081-exec-5] INFO  com.ivan.sunnyblog.web.aop.ControllerAspect Request succeed
2022-01-09 10:03:30:789 [http-nio-8081-exec-5] INFO  com.ivan.sunnyblog.web.aop.ControllerAspect Request Method: GET
2022-01-09 10:03:30:789 [http-nio-8081-exec-5] INFO  com.ivan.sunnyblog.web.aop.ControllerAspect Request URI: /api/articles
2022-01-09 10:03:30:789 [http-nio-8081-exec-5] INFO  com.ivan.sunnyblog.web.aop.ControllerAspect Method Name: com.ivan.sunnyblog.web.controller.ArticleController.getPublicArticles
2022-01-09 10:03:30:789 [http-nio-8081-exec-5] INFO  com.ivan.sunnyblog.web.aop.ControllerAspect Params: SearchVo{page=1, limit=10, categoryId=null, total=null}
2022-01-09 10:03:30:789 [http-nio-8081-exec-5] INFO  com.ivan.sunnyblog.web.aop.ControllerAspect Result: ResultInfo{info='null', status=0, data=[ArticleVo{userInfo=UserInfoVo{userId=100001, nickName='ivan', userName='ivan', avatar='https://res-blog-public.s3.ca-central-1.amazonaws.com/default_avatar.jpg'}, category=CategoryVo{categoryId=1, name='Life ', articleCount=null}, BaseArticleVo{articleId=10005, status=1, title='dd', description='This is the doc of React markdown editor lite.
Enjoy!!', content='null', firstPicture='', viewCount=69, createDate='Sun Nov 07 14:09:29 EST 2021', updateDate='Tue Dec 14 15:05:00 EST 2021'}}, ArticleVo{userInfo=UserInfoVo{userId=100001, nickName='ivan', userName='ivan', avatar='https://res-blog-public.s3.ca-central-1.amazonaws.com/default_avatar.jpg'}, category=CategoryVo{categoryId=2, name='liddffd', articleCount=null}, BaseArticleVo{articleId=10004, status=1, title='Spring boot', description='rerwerwer', content='null', firstPicture='', viewCount=139, createDate='Tue Oct 12 15:58:26 EDT 2021', updateDate='Tue Dec 14 15:05:00 EST 2021'}}], total=2}
2022-01-09 10:03:30:790 [http-nio-8081-exec-5] INFO  com.ivan.sunnyblog.web.aop.ControllerAspect Process Time: 16ms
2022-01-09 10:03:30:790 [http-nio-8081-exec-5] INFO  com.ivan.sunnyblog.web.aop.ControllerAspect ===== log ends =====
2022-01-09 10:03:32:027 [http-nio-8081-exec-10] INFO  com.ivan.sunnyblog.web.aop.ControllerAspect ===== log starts =====
2022-01-09 10:03:32:027 [http-nio-8081-exec-10] INFO  com.ivan.sunnyblog.web.aop.ControllerAspect Request succeed
2022-01-09 10:03:32:027 [http-nio-8081-exec-10] INFO  com.ivan.sunnyblog.web.aop.ControllerAspect Request Method: GET
2022-01-09 10:03:32:027 [http-nio-8081-exec-10] INFO  com.ivan.sunnyblog.web.aop.ControllerAspect Request URI: /api/article/10004
2022-01-09 10:03:32:027 [http-nio-8081-exec-10] INFO  com.ivan.sunnyblog.web.aop.ControllerAspect Method Name: com.ivan.sunnyblog.web.controller.ArticleController.getPublicArticleDetail
2022-01-09 10:03:32:027 [http-nio-8081-exec-10] INFO  com.ivan.sunnyblog.web.aop.ControllerAspect Params: 10004
2022-01-09 10:03:32:027 [http-nio-8081-exec-10] INFO  com.ivan.sunnyblog.web.aop.ControllerAspect Result: ResultInfo{info='null', status=0, data=ArticleDetailVo{categoryId=2, BaseArticleVo{articleId=10004, status=1, title='Spring boot', description='rerwerwer', content='rererer![test.png](https://s3.ca-central-1.amazonaws.com/res-blog-public/res-dev/blog_1636947281578_test.png)', firstPicture='', viewCount=139, createDate='Tue Oct 12 15:58:26 EDT 2021', updateDate='Tue Dec 14 15:05:00 EST 2021'}}, total=null}
2022-01-09 10:03:32:027 [http-nio-8081-exec-10] INFO  com.ivan.sunnyblog.web.aop.ControllerAspect Process Time: 6ms
2022-01-09 10:03:32:028 [http-nio-8081-exec-10] INFO  com.ivan.sunnyblog.web.aop.ControllerAspect ===== log ends =====
2022-01-09 10:03:32:041 [http-nio-8081-exec-2] INFO  com.ivan.sunnyblog.web.aop.ControllerAspect ===== log starts =====
2022-01-09 10:03:32:042 [http-nio-8081-exec-2] INFO  com.ivan.sunnyblog.web.aop.ControllerAspect Request succeed
2022-01-09 10:03:32:042 [http-nio-8081-exec-2] INFO  com.ivan.sunnyblog.web.aop.ControllerAspect Request Method: GET
2022-01-09 10:03:32:042 [http-nio-8081-exec-2] INFO  com.ivan.sunnyblog.web.aop.ControllerAspect Request URI: /api/comment/10004
2022-01-09 10:03:32:042 [http-nio-8081-exec-2] INFO  com.ivan.sunnyblog.web.aop.ControllerAspect Method Name: com.ivan.sunnyblog.web.controller.CommentController.getComments
2022-01-09 10:03:32:042 [http-nio-8081-exec-2] INFO  com.ivan.sunnyblog.web.aop.ControllerAspect Params: 10004
2022-01-09 10:03:32:042 [http-nio-8081-exec-2] INFO  com.ivan.sunnyblog.web.aop.ControllerAspect Result: ResultInfo{info='null', status=0, data=[CommentListVo{commentId=11createdate=Wed Dec 01 22:44:50 EST 2021, replyComments=[CommentListVo{commentId=12createdate=Wed Dec 01 22:45:18 EST 2021, replyComments=[CommentListVo{commentId=15createdate=Wed Dec 01 23:42:17 EST 2021, replyComments=[], CommentVo=CommentVo{parentCommentId=12, articleId=10004, email='555@test.com', nickname='555', parentCommentNickname='jess', content='555', status='0'}}, CommentListVo{commentId=13createdate=Wed Dec 01 22:45:56 EST 2021, replyComments=[CommentListVo{commentId=14createdate=Wed Dec 01 22:46:22 EST 2021, replyComments=[], CommentVo=CommentVo{parentCommentId=13, articleId=10004, email='hah@gmail.com', nickname='haha', parentCommentNickname='test', content='hahah', status='0'}}], CommentVo=CommentVo{parentCommentId=12, articleId=10004, email='test@gg.com', nickname='test', parentCommentNickname='jess', content='great!', status='0'}}], CommentVo=CommentVo{parentCommentId=11, articleId=10004, email='jess@gmail.com', nickname='jess', parentCommentNickname='ivan', content='I am doing well. You?', status='0'}}], CommentVo=CommentVo{parentCommentId=0, articleId=10004, email='ivanliang0818@gmail.com', nickname='ivan', parentCommentNickname='null', content='How are you doing today?', status='0'}}], total=1}
2022-01-09 10:03:32:042 [http-nio-8081-exec-2] INFO  com.ivan.sunnyblog.web.aop.ControllerAspect Process Time: 20ms
2022-01-09 10:03:32:042 [http-nio-8081-exec-2] INFO  com.ivan.sunnyblog.web.aop.ControllerAspect ===== log ends =====
2022-01-09 10:03:32:045 [http-nio-8081-exec-3] INFO  com.ivan.sunnyblog.web.aop.ControllerAspect ===== log starts =====
2022-01-09 10:03:32:046 [http-nio-8081-exec-3] INFO  com.ivan.sunnyblog.web.aop.ControllerAspect Request succeed
2022-01-09 10:03:32:046 [http-nio-8081-exec-3] INFO  com.ivan.sunnyblog.web.aop.ControllerAspect Request Method: GET
2022-01-09 10:03:32:046 [http-nio-8081-exec-3] INFO  com.ivan.sunnyblog.web.aop.ControllerAspect Request URI: /api/comment/10004
2022-01-09 10:03:32:046 [http-nio-8081-exec-3] INFO  com.ivan.sunnyblog.web.aop.ControllerAspect Method Name: com.ivan.sunnyblog.web.controller.CommentController.getComments
2022-01-09 10:03:32:046 [http-nio-8081-exec-3] INFO  com.ivan.sunnyblog.web.aop.ControllerAspect Params: 10004
2022-01-09 10:03:32:046 [http-nio-8081-exec-3] INFO  com.ivan.sunnyblog.web.aop.ControllerAspect Result: ResultInfo{info='null', status=0, data=[CommentListVo{commentId=11createdate=Wed Dec 01 22:44:50 EST 2021, replyComments=[CommentListVo{commentId=12createdate=Wed Dec 01 22:45:18 EST 2021, replyComments=[CommentListVo{commentId=15createdate=Wed Dec 01 23:42:17 EST 2021, replyComments=[], CommentVo=CommentVo{parentCommentId=12, articleId=10004, email='555@test.com', nickname='555', parentCommentNickname='jess', content='555', status='0'}}, CommentListVo{commentId=13createdate=Wed Dec 01 22:45:56 EST 2021, replyComments=[CommentListVo{commentId=14createdate=Wed Dec 01 22:46:22 EST 2021, replyComments=[], CommentVo=CommentVo{parentCommentId=13, articleId=10004, email='hah@gmail.com', nickname='haha', parentCommentNickname='test', content='hahah', status='0'}}], CommentVo=CommentVo{parentCommentId=12, articleId=10004, email='test@gg.com', nickname='test', parentCommentNickname='jess', content='great!', status='0'}}], CommentVo=CommentVo{parentCommentId=11, articleId=10004, email='jess@gmail.com', nickname='jess', parentCommentNickname='ivan', content='I am doing well. You?', status='0'}}], CommentVo=CommentVo{parentCommentId=0, articleId=10004, email='ivanliang0818@gmail.com', nickname='ivan', parentCommentNickname='null', content='How are you doing today?', status='0'}}], total=1}
2022-01-09 10:03:32:046 [http-nio-8081-exec-3] INFO  com.ivan.sunnyblog.web.aop.ControllerAspect Process Time: 24ms
2022-01-09 10:03:32:046 [http-nio-8081-exec-3] INFO  com.ivan.sunnyblog.web.aop.ControllerAspect ===== log ends =====
2022-01-09 10:03:32:055 [http-nio-8081-exec-1] INFO  com.ivan.sunnyblog.web.aop.ControllerAspect ===== log starts =====
2022-01-09 10:03:32:055 [http-nio-8081-exec-1] INFO  com.ivan.sunnyblog.web.aop.ControllerAspect Request succeed
2022-01-09 10:03:32:055 [http-nio-8081-exec-1] INFO  com.ivan.sunnyblog.web.aop.ControllerAspect Request Method: GET
2022-01-09 10:03:32:055 [http-nio-8081-exec-1] INFO  com.ivan.sunnyblog.web.aop.ControllerAspect Request URI: /api/comment/10004
2022-01-09 10:03:32:055 [http-nio-8081-exec-1] INFO  com.ivan.sunnyblog.web.aop.ControllerAspect Method Name: com.ivan.sunnyblog.web.controller.CommentController.getComments
2022-01-09 10:03:32:055 [http-nio-8081-exec-1] INFO  com.ivan.sunnyblog.web.aop.ControllerAspect Params: 10004
2022-01-09 10:03:32:055 [http-nio-8081-exec-1] INFO  com.ivan.sunnyblog.web.aop.ControllerAspect Result: ResultInfo{info='null', status=0, data=[CommentListVo{commentId=11createdate=Wed Dec 01 22:44:50 EST 2021, replyComments=[CommentListVo{commentId=12createdate=Wed Dec 01 22:45:18 EST 2021, replyComments=[CommentListVo{commentId=15createdate=Wed Dec 01 23:42:17 EST 2021, replyComments=[], CommentVo=CommentVo{parentCommentId=12, articleId=10004, email='555@test.com', nickname='555', parentCommentNickname='jess', content='555', status='0'}}, CommentListVo{commentId=13createdate=Wed Dec 01 22:45:56 EST 2021, replyComments=[CommentListVo{commentId=14createdate=Wed Dec 01 22:46:22 EST 2021, replyComments=[], CommentVo=CommentVo{parentCommentId=13, articleId=10004, email='hah@gmail.com', nickname='haha', parentCommentNickname='test', content='hahah', status='0'}}], CommentVo=CommentVo{parentCommentId=12, articleId=10004, email='test@gg.com', nickname='test', parentCommentNickname='jess', content='great!', status='0'}}], CommentVo=CommentVo{parentCommentId=11, articleId=10004, email='jess@gmail.com', nickname='jess', parentCommentNickname='ivan', content='I am doing well. You?', status='0'}}], CommentVo=CommentVo{parentCommentId=0, articleId=10004, email='ivanliang0818@gmail.com', nickname='ivan', parentCommentNickname='null', content='How are you doing today?', status='0'}}], total=1}
2022-01-09 10:03:32:055 [http-nio-8081-exec-1] INFO  com.ivan.sunnyblog.web.aop.ControllerAspect Process Time: 4ms
2022-01-09 10:03:32:055 [http-nio-8081-exec-1] INFO  com.ivan.sunnyblog.web.aop.ControllerAspect ===== log ends =====
2022-01-09 10:03:48:241 [http-nio-8081-exec-6] INFO  com.ivan.sunnyblog.web.aop.ControllerAspect ===== log starts =====
2022-01-09 10:03:48:241 [http-nio-8081-exec-6] INFO  com.ivan.sunnyblog.web.aop.ControllerAspect Request succeed
2022-01-09 10:03:48:241 [http-nio-8081-exec-6] INFO  com.ivan.sunnyblog.web.aop.ControllerAspect Request Method: POST
2022-01-09 10:03:48:241 [http-nio-8081-exec-6] INFO  com.ivan.sunnyblog.web.aop.ControllerAspect Request URI: /api/comment
2022-01-09 10:03:48:241 [http-nio-8081-exec-6] INFO  com.ivan.sunnyblog.web.aop.ControllerAspect Method Name: com.ivan.sunnyblog.web.controller.CommentController.postComment
2022-01-09 10:03:48:241 [http-nio-8081-exec-6] INFO  com.ivan.sunnyblog.web.aop.ControllerAspect Params: CommentVo{parentCommentId=null, articleId=10004, email='sdfsd@Ck.com', nickname='sfs@ss.c', parentCommentNickname='null', content='what?', status='null'}
2022-01-09 10:03:48:241 [http-nio-8081-exec-6] INFO  com.ivan.sunnyblog.web.aop.ControllerAspect Result: ResultInfo{info='null', status=0, data=null, total=null}
2022-01-09 10:03:48:241 [http-nio-8081-exec-6] INFO  com.ivan.sunnyblog.web.aop.ControllerAspect Process Time: 50ms
2022-01-09 10:03:48:242 [http-nio-8081-exec-6] INFO  com.ivan.sunnyblog.web.aop.ControllerAspect ===== log ends =====
2022-01-09 10:03:48:268 [http-nio-8081-exec-9] INFO  com.ivan.sunnyblog.web.aop.ControllerAspect ===== log starts =====
2022-01-09 10:03:48:268 [http-nio-8081-exec-9] INFO  com.ivan.sunnyblog.web.aop.ControllerAspect Request succeed
2022-01-09 10:03:48:268 [http-nio-8081-exec-9] INFO  com.ivan.sunnyblog.web.aop.ControllerAspect Request Method: GET
2022-01-09 10:03:48:268 [http-nio-8081-exec-9] INFO  com.ivan.sunnyblog.web.aop.ControllerAspect Request URI: /api/comment/10004
2022-01-09 10:03:48:268 [http-nio-8081-exec-9] INFO  com.ivan.sunnyblog.web.aop.ControllerAspect Method Name: com.ivan.sunnyblog.web.controller.CommentController.getComments
2022-01-09 10:03:48:268 [http-nio-8081-exec-9] INFO  com.ivan.sunnyblog.web.aop.ControllerAspect Params: 10004
2022-01-09 10:03:48:268 [http-nio-8081-exec-9] INFO  com.ivan.sunnyblog.web.aop.ControllerAspect Result: ResultInfo{info='null', status=0, data=[CommentListVo{commentId=16createdate=Sun Jan 09 10:03:48 EST 2022, replyComments=[], CommentVo=CommentVo{parentCommentId=0, articleId=10004, email='sdfsd@Ck.com', nickname='sfs@ss.c', parentCommentNickname='null', content='what?', status='0'}}], total=1}
2022-01-09 10:03:48:268 [http-nio-8081-exec-9] INFO  com.ivan.sunnyblog.web.aop.ControllerAspect Process Time: 3ms
2022-01-09 10:03:48:268 [http-nio-8081-exec-9] INFO  com.ivan.sunnyblog.web.aop.ControllerAspect ===== log ends =====
2022-01-09 10:04:26:227 [http-nio-8081-exec-7] INFO  com.ivan.sunnyblog.web.aop.ControllerAspect ===== log starts =====
2022-01-09 10:04:26:228 [http-nio-8081-exec-7] INFO  com.ivan.sunnyblog.web.aop.ControllerAspect Request succeed
2022-01-09 10:04:26:228 [http-nio-8081-exec-7] INFO  com.ivan.sunnyblog.web.aop.ControllerAspect Request Method: GET
2022-01-09 10:04:26:228 [http-nio-8081-exec-7] INFO  com.ivan.sunnyblog.web.aop.ControllerAspect Request URI: /api/article/10004
2022-01-09 10:04:26:228 [http-nio-8081-exec-7] INFO  com.ivan.sunnyblog.web.aop.ControllerAspect Method Name: com.ivan.sunnyblog.web.controller.ArticleController.getPublicArticleDetail
2022-01-09 10:04:26:228 [http-nio-8081-exec-7] INFO  com.ivan.sunnyblog.web.aop.ControllerAspect Params: 10004
2022-01-09 10:04:26:228 [http-nio-8081-exec-7] INFO  com.ivan.sunnyblog.web.aop.ControllerAspect Result: ResultInfo{info='null', status=0, data=ArticleDetailVo{categoryId=2, BaseArticleVo{articleId=10004, status=1, title='Spring boot', description='rerwerwer', content='rererer![test.png](https://s3.ca-central-1.amazonaws.com/res-blog-public/res-dev/blog_1636947281578_test.png)', firstPicture='', viewCount=139, createDate='Tue Oct 12 15:58:26 EDT 2021', updateDate='Tue Dec 14 15:05:00 EST 2021'}}, total=null}
2022-01-09 10:04:26:228 [http-nio-8081-exec-7] INFO  com.ivan.sunnyblog.web.aop.ControllerAspect Process Time: 8ms
2022-01-09 10:04:26:228 [http-nio-8081-exec-7] INFO  com.ivan.sunnyblog.web.aop.ControllerAspect ===== log ends =====
2022-01-09 10:04:26:245 [http-nio-8081-exec-10] INFO  com.ivan.sunnyblog.web.aop.ControllerAspect ===== log starts =====
2022-01-09 10:04:26:245 [http-nio-8081-exec-10] INFO  com.ivan.sunnyblog.web.aop.ControllerAspect Request succeed
2022-01-09 10:04:26:245 [http-nio-8081-exec-10] INFO  com.ivan.sunnyblog.web.aop.ControllerAspect Request Method: GET
2022-01-09 10:04:26:245 [http-nio-8081-exec-10] INFO  com.ivan.sunnyblog.web.aop.ControllerAspect Request URI: /api/comment/10004
2022-01-09 10:04:26:245 [http-nio-8081-exec-10] INFO  com.ivan.sunnyblog.web.aop.ControllerAspect Method Name: com.ivan.sunnyblog.web.controller.CommentController.getComments
2022-01-09 10:04:26:245 [http-nio-8081-exec-10] INFO  com.ivan.sunnyblog.web.aop.ControllerAspect Params: 10004
2022-01-09 10:04:26:245 [http-nio-8081-exec-10] INFO  com.ivan.sunnyblog.web.aop.ControllerAspect Result: ResultInfo{info='null', status=0, data=[CommentListVo{commentId=16createdate=Sun Jan 09 10:03:48 EST 2022, replyComments=[], CommentVo=CommentVo{parentCommentId=0, articleId=10004, email='sdfsd@Ck.com', nickname='sfs@ss.c', parentCommentNickname='null', content='what?', status='0'}}], total=2}
2022-01-09 10:04:26:245 [http-nio-8081-exec-10] INFO  com.ivan.sunnyblog.web.aop.ControllerAspect Process Time: 25ms
2022-01-09 10:04:26:245 [http-nio-8081-exec-10] INFO  com.ivan.sunnyblog.web.aop.ControllerAspect ===== log ends =====
2022-01-09 10:04:26:245 [http-nio-8081-exec-8] INFO  com.ivan.sunnyblog.web.aop.ControllerAspect ===== log starts =====
2022-01-09 10:04:26:246 [http-nio-8081-exec-8] INFO  com.ivan.sunnyblog.web.aop.ControllerAspect Request succeed
2022-01-09 10:04:26:246 [http-nio-8081-exec-8] INFO  com.ivan.sunnyblog.web.aop.ControllerAspect Request Method: GET
2022-01-09 10:04:26:246 [http-nio-8081-exec-8] INFO  com.ivan.sunnyblog.web.aop.ControllerAspect Request URI: /api/comment/10004
2022-01-09 10:04:26:246 [http-nio-8081-exec-8] INFO  com.ivan.sunnyblog.web.aop.ControllerAspect Method Name: com.ivan.sunnyblog.web.controller.CommentController.getComments
2022-01-09 10:04:26:246 [http-nio-8081-exec-8] INFO  com.ivan.sunnyblog.web.aop.ControllerAspect Params: 10004
2022-01-09 10:04:26:246 [http-nio-8081-exec-8] INFO  com.ivan.sunnyblog.web.aop.ControllerAspect Result: ResultInfo{info='null', status=0, data=[CommentListVo{commentId=16createdate=Sun Jan 09 10:03:48 EST 2022, replyComments=[], CommentVo=CommentVo{parentCommentId=0, articleId=10004, email='sdfsd@Ck.com', nickname='sfs@ss.c', parentCommentNickname='null', content='what?', status='0'}}], total=2}
2022-01-09 10:04:26:246 [http-nio-8081-exec-8] INFO  com.ivan.sunnyblog.web.aop.ControllerAspect Process Time: 25ms
2022-01-09 10:04:26:246 [http-nio-8081-exec-8] INFO  com.ivan.sunnyblog.web.aop.ControllerAspect ===== log ends =====
2022-01-09 10:04:26:267 [http-nio-8081-exec-2] INFO  com.ivan.sunnyblog.web.aop.ControllerAspect ===== log starts =====
2022-01-09 10:04:26:268 [http-nio-8081-exec-2] INFO  com.ivan.sunnyblog.web.aop.ControllerAspect Request succeed
2022-01-09 10:04:26:268 [http-nio-8081-exec-2] INFO  com.ivan.sunnyblog.web.aop.ControllerAspect Request Method: GET
2022-01-09 10:04:26:268 [http-nio-8081-exec-2] INFO  com.ivan.sunnyblog.web.aop.ControllerAspect Request URI: /api/comment/10004
2022-01-09 10:04:26:268 [http-nio-8081-exec-2] INFO  com.ivan.sunnyblog.web.aop.ControllerAspect Method Name: com.ivan.sunnyblog.web.controller.CommentController.getComments
2022-01-09 10:04:26:268 [http-nio-8081-exec-2] INFO  com.ivan.sunnyblog.web.aop.ControllerAspect Params: 10004
2022-01-09 10:04:26:268 [http-nio-8081-exec-2] INFO  com.ivan.sunnyblog.web.aop.ControllerAspect Result: ResultInfo{info='null', status=0, data=[CommentListVo{commentId=16createdate=Sun Jan 09 10:03:48 EST 2022, replyComments=[], CommentVo=CommentVo{parentCommentId=0, articleId=10004, email='sdfsd@Ck.com', nickname='sfs@ss.c', parentCommentNickname='null', content='what?', status='0'}}], total=2}
2022-01-09 10:04:26:268 [http-nio-8081-exec-2] INFO  com.ivan.sunnyblog.web.aop.ControllerAspect Process Time: 5ms
2022-01-09 10:04:26:268 [http-nio-8081-exec-2] INFO  com.ivan.sunnyblog.web.aop.ControllerAspect ===== log ends =====
2022-01-09 10:05:33:808 [http-nio-8081-exec-6] INFO  com.ivan.sunnyblog.web.aop.ControllerAspect ===== log starts =====
2022-01-09 10:05:33:809 [http-nio-8081-exec-6] INFO  com.ivan.sunnyblog.web.aop.ControllerAspect Request succeed
2022-01-09 10:05:33:809 [http-nio-8081-exec-6] INFO  com.ivan.sunnyblog.web.aop.ControllerAspect Request Method: POST
2022-01-09 10:05:33:809 [http-nio-8081-exec-6] INFO  com.ivan.sunnyblog.web.aop.ControllerAspect Request URI: /api/comment
2022-01-09 10:05:33:809 [http-nio-8081-exec-6] INFO  com.ivan.sunnyblog.web.aop.ControllerAspect Method Name: com.ivan.sunnyblog.web.controller.CommentController.postComment
2022-01-09 10:05:33:809 [http-nio-8081-exec-6] INFO  com.ivan.sunnyblog.web.aop.ControllerAspect Params: CommentVo{parentCommentId=null, articleId=10004, email='sdfsd@Ck.com', nickname='sfsf', parentCommentNickname='null', content='hdsfsd', status='null'}
2022-01-09 10:05:33:809 [http-nio-8081-exec-6] INFO  com.ivan.sunnyblog.web.aop.ControllerAspect Result: ResultInfo{info='null', status=0, data=null, total=null}
2022-01-09 10:05:33:809 [http-nio-8081-exec-6] INFO  com.ivan.sunnyblog.web.aop.ControllerAspect Process Time: 2ms
2022-01-09 10:05:33:809 [http-nio-8081-exec-6] INFO  com.ivan.sunnyblog.web.aop.ControllerAspect ===== log ends =====
2022-01-09 10:05:33:839 [http-nio-8081-exec-9] INFO  com.ivan.sunnyblog.web.aop.ControllerAspect ===== log starts =====
2022-01-09 10:05:33:839 [http-nio-8081-exec-9] INFO  com.ivan.sunnyblog.web.aop.ControllerAspect Request succeed
2022-01-09 10:05:33:839 [http-nio-8081-exec-9] INFO  com.ivan.sunnyblog.web.aop.ControllerAspect Request Method: GET
2022-01-09 10:05:33:840 [http-nio-8081-exec-9] INFO  com.ivan.sunnyblog.web.aop.ControllerAspect Request URI: /api/comment/10004
2022-01-09 10:05:33:840 [http-nio-8081-exec-9] INFO  com.ivan.sunnyblog.web.aop.ControllerAspect Method Name: com.ivan.sunnyblog.web.controller.CommentController.getComments
2022-01-09 10:05:33:840 [http-nio-8081-exec-9] INFO  com.ivan.sunnyblog.web.aop.ControllerAspect Params: 10004
2022-01-09 10:05:33:840 [http-nio-8081-exec-9] INFO  com.ivan.sunnyblog.web.aop.ControllerAspect Result: ResultInfo{info='null', status=0, data=[CommentListVo{commentId=17createdate=Sun Jan 09 10:05:33 EST 2022, replyComments=[], CommentVo=CommentVo{parentCommentId=0, articleId=10004, email='sdfsd@Ck.com', nickname='sfsf', parentCommentNickname='null', content='hdsfsd', status='0'}}], total=2}
2022-01-09 10:05:33:840 [http-nio-8081-exec-9] INFO  com.ivan.sunnyblog.web.aop.ControllerAspect Process Time: 5ms
2022-01-09 10:05:33:840 [http-nio-8081-exec-9] INFO  com.ivan.sunnyblog.web.aop.ControllerAspect ===== log ends =====
2022-01-09 10:05:36:237 [http-nio-8081-exec-10] INFO  com.ivan.sunnyblog.web.aop.ControllerAspect ===== log starts =====
2022-01-09 10:05:36:237 [http-nio-8081-exec-10] INFO  com.ivan.sunnyblog.web.aop.ControllerAspect Request succeed
2022-01-09 10:05:36:237 [http-nio-8081-exec-10] INFO  com.ivan.sunnyblog.web.aop.ControllerAspect Request Method: GET
2022-01-09 10:05:36:237 [http-nio-8081-exec-10] INFO  com.ivan.sunnyblog.web.aop.ControllerAspect Request URI: /api/comment/10004
2022-01-09 10:05:36:237 [http-nio-8081-exec-10] INFO  com.ivan.sunnyblog.web.aop.ControllerAspect Method Name: com.ivan.sunnyblog.web.controller.CommentController.getComments
2022-01-09 10:05:36:237 [http-nio-8081-exec-10] INFO  com.ivan.sunnyblog.web.aop.ControllerAspect Params: 10004
2022-01-09 10:05:36:237 [http-nio-8081-exec-10] INFO  com.ivan.sunnyblog.web.aop.ControllerAspect Result: ResultInfo{info='null', status=0, data=[CommentListVo{commentId=16createdate=Sun Jan 09 10:03:48 EST 2022, replyComments=[], CommentVo=CommentVo{parentCommentId=0, articleId=10004, email='sdfsd@Ck.com', nickname='sfs@ss.c', parentCommentNickname='null', content='what?', status='0'}}], total=2}
2022-01-09 10:05:36:237 [http-nio-8081-exec-10] INFO  com.ivan.sunnyblog.web.aop.ControllerAspect Process Time: 3ms
2022-01-09 10:05:36:237 [http-nio-8081-exec-10] INFO  com.ivan.sunnyblog.web.aop.ControllerAspect ===== log ends =====
2022-01-09 10:05:37:830 [http-nio-8081-exec-8] INFO  com.ivan.sunnyblog.web.aop.ControllerAspect ===== log starts =====
2022-01-09 10:05:37:830 [http-nio-8081-exec-8] INFO  com.ivan.sunnyblog.web.aop.ControllerAspect Request succeed
2022-01-09 10:05:37:830 [http-nio-8081-exec-8] INFO  com.ivan.sunnyblog.web.aop.ControllerAspect Request Method: GET
2022-01-09 10:05:37:830 [http-nio-8081-exec-8] INFO  com.ivan.sunnyblog.web.aop.ControllerAspect Request URI: /api/comment/10004
2022-01-09 10:05:37:830 [http-nio-8081-exec-8] INFO  com.ivan.sunnyblog.web.aop.ControllerAspect Method Name: com.ivan.sunnyblog.web.controller.CommentController.getComments
2022-01-09 10:05:37:830 [http-nio-8081-exec-8] INFO  com.ivan.sunnyblog.web.aop.ControllerAspect Params: 10004
2022-01-09 10:05:37:830 [http-nio-8081-exec-8] INFO  com.ivan.sunnyblog.web.aop.ControllerAspect Result: ResultInfo{info='null', status=0, data=[CommentListVo{commentId=17createdate=Sun Jan 09 10:05:33 EST 2022, replyComments=[], CommentVo=CommentVo{parentCommentId=0, articleId=10004, email='sdfsd@Ck.com', nickname='sfsf', parentCommentNickname='null', content='hdsfsd', status='0'}}], total=2}
2022-01-09 10:05:37:830 [http-nio-8081-exec-8] INFO  com.ivan.sunnyblog.web.aop.ControllerAspect Process Time: 2ms
2022-01-09 10:05:37:830 [http-nio-8081-exec-8] INFO  com.ivan.sunnyblog.web.aop.ControllerAspect ===== log ends =====
2022-01-09 10:05:39:416 [http-nio-8081-exec-2] INFO  com.ivan.sunnyblog.web.aop.ControllerAspect ===== log starts =====
2022-01-09 10:05:39:416 [http-nio-8081-exec-2] INFO  com.ivan.sunnyblog.web.aop.ControllerAspect Request succeed
2022-01-09 10:05:39:416 [http-nio-8081-exec-2] INFO  com.ivan.sunnyblog.web.aop.ControllerAspect Request Method: GET
2022-01-09 10:05:39:416 [http-nio-8081-exec-2] INFO  com.ivan.sunnyblog.web.aop.ControllerAspect Request URI: /api/comment/10004
2022-01-09 10:05:39:416 [http-nio-8081-exec-2] INFO  com.ivan.sunnyblog.web.aop.ControllerAspect Method Name: com.ivan.sunnyblog.web.controller.CommentController.getComments
2022-01-09 10:05:39:416 [http-nio-8081-exec-2] INFO  com.ivan.sunnyblog.web.aop.ControllerAspect Params: 10004
2022-01-09 10:05:39:416 [http-nio-8081-exec-2] INFO  com.ivan.sunnyblog.web.aop.ControllerAspect Result: ResultInfo{info='null', status=0, data=[CommentListVo{commentId=16createdate=Sun Jan 09 10:03:48 EST 2022, replyComments=[], CommentVo=CommentVo{parentCommentId=0, articleId=10004, email='sdfsd@Ck.com', nickname='sfs@ss.c', parentCommentNickname='null', content='what?', status='0'}}], total=2}
2022-01-09 10:05:39:416 [http-nio-8081-exec-2] INFO  com.ivan.sunnyblog.web.aop.ControllerAspect Process Time: 4ms
2022-01-09 10:05:39:417 [http-nio-8081-exec-2] INFO  com.ivan.sunnyblog.web.aop.ControllerAspect ===== log ends =====
2022-01-09 10:05:41:490 [http-nio-8081-exec-1] INFO  com.ivan.sunnyblog.web.aop.ControllerAspect ===== log starts =====
2022-01-09 10:05:41:491 [http-nio-8081-exec-1] INFO  com.ivan.sunnyblog.web.aop.ControllerAspect Request succeed
2022-01-09 10:05:41:491 [http-nio-8081-exec-1] INFO  com.ivan.sunnyblog.web.aop.ControllerAspect Request Method: GET
2022-01-09 10:05:41:491 [http-nio-8081-exec-1] INFO  com.ivan.sunnyblog.web.aop.ControllerAspect Request URI: /api/article/10004
2022-01-09 10:05:41:491 [http-nio-8081-exec-1] INFO  com.ivan.sunnyblog.web.aop.ControllerAspect Method Name: com.ivan.sunnyblog.web.controller.ArticleController.getPublicArticleDetail
2022-01-09 10:05:41:491 [http-nio-8081-exec-1] INFO  com.ivan.sunnyblog.web.aop.ControllerAspect Params: 10004
2022-01-09 10:05:41:491 [http-nio-8081-exec-1] INFO  com.ivan.sunnyblog.web.aop.ControllerAspect Result: ResultInfo{info='null', status=0, data=ArticleDetailVo{categoryId=2, BaseArticleVo{articleId=10004, status=1, title='Spring boot', description='rerwerwer', content='rererer![test.png](https://s3.ca-central-1.amazonaws.com/res-blog-public/res-dev/blog_1636947281578_test.png)', firstPicture='', viewCount=139, createDate='Tue Oct 12 15:58:26 EDT 2021', updateDate='Tue Dec 14 15:05:00 EST 2021'}}, total=null}
2022-01-09 10:05:41:491 [http-nio-8081-exec-1] INFO  com.ivan.sunnyblog.web.aop.ControllerAspect Process Time: 15ms
2022-01-09 10:05:41:491 [http-nio-8081-exec-1] INFO  com.ivan.sunnyblog.web.aop.ControllerAspect ===== log ends =====
2022-01-09 10:05:41:496 [http-nio-8081-exec-3] INFO  com.ivan.sunnyblog.web.aop.ControllerAspect ===== log starts =====
2022-01-09 10:05:41:496 [http-nio-8081-exec-4] INFO  com.ivan.sunnyblog.web.aop.ControllerAspect ===== log starts =====
2022-01-09 10:05:41:497 [http-nio-8081-exec-3] INFO  com.ivan.sunnyblog.web.aop.ControllerAspect Request succeed
2022-01-09 10:05:41:497 [http-nio-8081-exec-4] INFO  com.ivan.sunnyblog.web.aop.ControllerAspect Request succeed
2022-01-09 10:05:41:497 [http-nio-8081-exec-3] INFO  com.ivan.sunnyblog.web.aop.ControllerAspect Request Method: GET
2022-01-09 10:05:41:497 [http-nio-8081-exec-4] INFO  com.ivan.sunnyblog.web.aop.ControllerAspect Request Method: GET
2022-01-09 10:05:41:497 [http-nio-8081-exec-4] INFO  com.ivan.sunnyblog.web.aop.ControllerAspect Request URI: /api/comment/10004
2022-01-09 10:05:41:497 [http-nio-8081-exec-3] INFO  com.ivan.sunnyblog.web.aop.ControllerAspect Request URI: /api/comment/10004
2022-01-09 10:05:41:497 [http-nio-8081-exec-4] INFO  com.ivan.sunnyblog.web.aop.ControllerAspect Method Name: com.ivan.sunnyblog.web.controller.CommentController.getComments
2022-01-09 10:05:41:497 [http-nio-8081-exec-3] INFO  com.ivan.sunnyblog.web.aop.ControllerAspect Method Name: com.ivan.sunnyblog.web.controller.CommentController.getComments
2022-01-09 10:05:41:497 [http-nio-8081-exec-4] INFO  com.ivan.sunnyblog.web.aop.ControllerAspect Params: 10004
2022-01-09 10:05:41:497 [http-nio-8081-exec-3] INFO  com.ivan.sunnyblog.web.aop.ControllerAspect Params: 10004
2022-01-09 10:05:41:497 [http-nio-8081-exec-4] INFO  com.ivan.sunnyblog.web.aop.ControllerAspect Result: ResultInfo{info='null', status=0, data=[CommentListVo{commentId=17createdate=Sun Jan 09 10:05:33 EST 2022, replyComments=[], CommentVo=CommentVo{parentCommentId=0, articleId=10004, email='sdfsd@Ck.com', nickname='sfsf', parentCommentNickname='null', content='hdsfsd', status='0'}}], total=3}
2022-01-09 10:05:41:497 [http-nio-8081-exec-4] INFO  com.ivan.sunnyblog.web.aop.ControllerAspect Process Time: 21ms
2022-01-09 10:05:41:497 [http-nio-8081-exec-4] INFO  com.ivan.sunnyblog.web.aop.ControllerAspect ===== log ends =====
2022-01-09 10:05:41:497 [http-nio-8081-exec-3] INFO  com.ivan.sunnyblog.web.aop.ControllerAspect Result: ResultInfo{info='null', status=0, data=[CommentListVo{commentId=17createdate=Sun Jan 09 10:05:33 EST 2022, replyComments=[], CommentVo=CommentVo{parentCommentId=0, articleId=10004, email='sdfsd@Ck.com', nickname='sfsf', parentCommentNickname='null', content='hdsfsd', status='0'}}], total=3}
2022-01-09 10:05:41:497 [http-nio-8081-exec-3] INFO  com.ivan.sunnyblog.web.aop.ControllerAspect Process Time: 20ms
2022-01-09 10:05:41:497 [http-nio-8081-exec-3] INFO  com.ivan.sunnyblog.web.aop.ControllerAspect ===== log ends =====
2022-01-09 10:05:41:533 [http-nio-8081-exec-6] INFO  com.ivan.sunnyblog.web.aop.ControllerAspect ===== log starts =====
2022-01-09 10:05:41:534 [http-nio-8081-exec-6] INFO  com.ivan.sunnyblog.web.aop.ControllerAspect Request succeed
2022-01-09 10:05:41:534 [http-nio-8081-exec-6] INFO  com.ivan.sunnyblog.web.aop.ControllerAspect Request Method: GET
2022-01-09 10:05:41:534 [http-nio-8081-exec-6] INFO  com.ivan.sunnyblog.web.aop.ControllerAspect Request URI: /api/comment/10004
2022-01-09 10:05:41:534 [http-nio-8081-exec-6] INFO  com.ivan.sunnyblog.web.aop.ControllerAspect Method Name: com.ivan.sunnyblog.web.controller.CommentController.getComments
2022-01-09 10:05:41:534 [http-nio-8081-exec-6] INFO  com.ivan.sunnyblog.web.aop.ControllerAspect Params: 10004
2022-01-09 10:05:41:534 [http-nio-8081-exec-6] INFO  com.ivan.sunnyblog.web.aop.ControllerAspect Result: ResultInfo{info='null', status=0, data=[CommentListVo{commentId=17createdate=Sun Jan 09 10:05:33 EST 2022, replyComments=[], CommentVo=CommentVo{parentCommentId=0, articleId=10004, email='sdfsd@Ck.com', nickname='sfsf', parentCommentNickname='null', content='hdsfsd', status='0'}}], total=3}
2022-01-09 10:05:41:534 [http-nio-8081-exec-6] INFO  com.ivan.sunnyblog.web.aop.ControllerAspect Process Time: 4ms
2022-01-09 10:05:41:534 [http-nio-8081-exec-6] INFO  com.ivan.sunnyblog.web.aop.ControllerAspect ===== log ends =====
2022-01-09 10:05:44:789 [http-nio-8081-exec-9] INFO  com.ivan.sunnyblog.web.aop.ControllerAspect ===== log starts =====
2022-01-09 10:05:44:789 [http-nio-8081-exec-9] INFO  com.ivan.sunnyblog.web.aop.ControllerAspect Request succeed
2022-01-09 10:05:44:790 [http-nio-8081-exec-9] INFO  com.ivan.sunnyblog.web.aop.ControllerAspect Request Method: GET
2022-01-09 10:05:44:790 [http-nio-8081-exec-9] INFO  com.ivan.sunnyblog.web.aop.ControllerAspect Request URI: /api/comment/10004
2022-01-09 10:05:44:790 [http-nio-8081-exec-9] INFO  com.ivan.sunnyblog.web.aop.ControllerAspect Method Name: com.ivan.sunnyblog.web.controller.CommentController.getComments
2022-01-09 10:05:44:790 [http-nio-8081-exec-9] INFO  com.ivan.sunnyblog.web.aop.ControllerAspect Params: 10004
2022-01-09 10:05:44:790 [http-nio-8081-exec-9] INFO  com.ivan.sunnyblog.web.aop.ControllerAspect Result: ResultInfo{info='null', status=0, data=[CommentListVo{commentId=16createdate=Sun Jan 09 10:03:48 EST 2022, replyComments=[], CommentVo=CommentVo{parentCommentId=0, articleId=10004, email='sdfsd@Ck.com', nickname='sfs@ss.c', parentCommentNickname='null', content='what?', status='0'}}], total=3}
2022-01-09 10:05:44:790 [http-nio-8081-exec-9] INFO  com.ivan.sunnyblog.web.aop.ControllerAspect Process Time: 3ms
2022-01-09 10:05:44:790 [http-nio-8081-exec-9] INFO  com.ivan.sunnyblog.web.aop.ControllerAspect ===== log ends =====
2022-01-09 10:05:46:338 [http-nio-8081-exec-10] INFO  com.ivan.sunnyblog.web.aop.ControllerAspect ===== log starts =====
2022-01-09 10:05:46:338 [http-nio-8081-exec-10] INFO  com.ivan.sunnyblog.web.aop.ControllerAspect Request succeed
2022-01-09 10:05:46:338 [http-nio-8081-exec-10] INFO  com.ivan.sunnyblog.web.aop.ControllerAspect Request Method: GET
2022-01-09 10:05:46:338 [http-nio-8081-exec-10] INFO  com.ivan.sunnyblog.web.aop.ControllerAspect Request URI: /api/comment/10004
2022-01-09 10:05:46:338 [http-nio-8081-exec-10] INFO  com.ivan.sunnyblog.web.aop.ControllerAspect Method Name: com.ivan.sunnyblog.web.controller.CommentController.getComments
2022-01-09 10:05:46:338 [http-nio-8081-exec-10] INFO  com.ivan.sunnyblog.web.aop.ControllerAspect Params: 10004
2022-01-09 10:05:46:338 [http-nio-8081-exec-10] INFO  com.ivan.sunnyblog.web.aop.ControllerAspect Result: ResultInfo{info='null', status=0, data=[CommentListVo{commentId=11createdate=Wed Dec 01 22:44:50 EST 2021, replyComments=[CommentListVo{commentId=12createdate=Wed Dec 01 22:45:18 EST 2021, replyComments=[CommentListVo{commentId=15createdate=Wed Dec 01 23:42:17 EST 2021, replyComments=[], CommentVo=CommentVo{parentCommentId=12, articleId=10004, email='555@test.com', nickname='555', parentCommentNickname='jess', content='555', status='0'}}, CommentListVo{commentId=13createdate=Wed Dec 01 22:45:56 EST 2021, replyComments=[CommentListVo{commentId=14createdate=Wed Dec 01 22:46:22 EST 2021, replyComments=[], CommentVo=CommentVo{parentCommentId=13, articleId=10004, email='hah@gmail.com', nickname='haha', parentCommentNickname='test', content='hahah', status='0'}}], CommentVo=CommentVo{parentCommentId=12, articleId=10004, email='test@gg.com', nickname='test', parentCommentNickname='jess', content='great!', status='0'}}], CommentVo=CommentVo{parentCommentId=11, articleId=10004, email='jess@gmail.com', nickname='jess', parentCommentNickname='ivan', content='I am doing well. You?', status='0'}}], CommentVo=CommentVo{parentCommentId=0, articleId=10004, email='ivanliang0818@gmail.com', nickname='ivan', parentCommentNickname='null', content='How are you doing today?', status='0'}}], total=3}
2022-01-09 10:05:46:339 [http-nio-8081-exec-10] INFO  com.ivan.sunnyblog.web.aop.ControllerAspect Process Time: 4ms
2022-01-09 10:05:46:339 [http-nio-8081-exec-10] INFO  com.ivan.sunnyblog.web.aop.ControllerAspect ===== log ends =====
2022-01-09 10:06:04:158 [http-nio-8081-exec-8] INFO  com.ivan.sunnyblog.web.aop.ControllerAspect ===== log starts =====
2022-01-09 10:06:04:158 [http-nio-8081-exec-8] INFO  com.ivan.sunnyblog.web.aop.ControllerAspect Request succeed
2022-01-09 10:06:04:158 [http-nio-8081-exec-8] INFO  com.ivan.sunnyblog.web.aop.ControllerAspect Request Method: POST
2022-01-09 10:06:04:159 [http-nio-8081-exec-8] INFO  com.ivan.sunnyblog.web.aop.ControllerAspect Request URI: /api/comment
2022-01-09 10:06:04:159 [http-nio-8081-exec-8] INFO  com.ivan.sunnyblog.web.aop.ControllerAspect Method Name: com.ivan.sunnyblog.web.controller.CommentController.postComment
2022-01-09 10:06:04:159 [http-nio-8081-exec-8] INFO  com.ivan.sunnyblog.web.aop.ControllerAspect Params: CommentVo{parentCommentId=null, articleId=10004, email='sdfsdf@qq.com', nickname='sf', parentCommentNickname='null', content='sdfsf', status='null'}
2022-01-09 10:06:04:159 [http-nio-8081-exec-8] INFO  com.ivan.sunnyblog.web.aop.ControllerAspect Result: ResultInfo{info='null', status=0, data=null, total=null}
2022-01-09 10:06:04:159 [http-nio-8081-exec-8] INFO  com.ivan.sunnyblog.web.aop.ControllerAspect Process Time: 2ms
2022-01-09 10:06:04:159 [http-nio-8081-exec-8] INFO  com.ivan.sunnyblog.web.aop.ControllerAspect ===== log ends =====
2022-01-09 10:06:04:183 [http-nio-8081-exec-2] INFO  com.ivan.sunnyblog.web.aop.ControllerAspect ===== log starts =====
2022-01-09 10:06:04:183 [http-nio-8081-exec-2] INFO  com.ivan.sunnyblog.web.aop.ControllerAspect Request succeed
2022-01-09 10:06:04:183 [http-nio-8081-exec-2] INFO  com.ivan.sunnyblog.web.aop.ControllerAspect Request Method: GET
2022-01-09 10:06:04:183 [http-nio-8081-exec-2] INFO  com.ivan.sunnyblog.web.aop.ControllerAspect Request URI: /api/comment/10004
2022-01-09 10:06:04:183 [http-nio-8081-exec-2] INFO  com.ivan.sunnyblog.web.aop.ControllerAspect Method Name: com.ivan.sunnyblog.web.controller.CommentController.getComments
2022-01-09 10:06:04:183 [http-nio-8081-exec-2] INFO  com.ivan.sunnyblog.web.aop.ControllerAspect Params: 10004
2022-01-09 10:06:04:183 [http-nio-8081-exec-2] INFO  com.ivan.sunnyblog.web.aop.ControllerAspect Result: ResultInfo{info='null', status=0, data=[CommentListVo{commentId=16createdate=Sun Jan 09 10:03:48 EST 2022, replyComments=[], CommentVo=CommentVo{parentCommentId=0, articleId=10004, email='sdfsd@Ck.com', nickname='sfs@ss.c', parentCommentNickname='null', content='what?', status='0'}}], total=3}
2022-01-09 10:06:04:183 [http-nio-8081-exec-2] INFO  com.ivan.sunnyblog.web.aop.ControllerAspect Process Time: 4ms
2022-01-09 10:06:04:183 [http-nio-8081-exec-2] INFO  com.ivan.sunnyblog.web.aop.ControllerAspect ===== log ends =====
2022-01-09 10:06:08:620 [http-nio-8081-exec-4] INFO  com.ivan.sunnyblog.web.aop.ControllerAspect ===== log starts =====
2022-01-09 10:06:08:620 [http-nio-8081-exec-4] INFO  com.ivan.sunnyblog.web.aop.ControllerAspect Request succeed
2022-01-09 10:06:08:620 [http-nio-8081-exec-4] INFO  com.ivan.sunnyblog.web.aop.ControllerAspect Request Method: GET
2022-01-09 10:06:08:620 [http-nio-8081-exec-4] INFO  com.ivan.sunnyblog.web.aop.ControllerAspect Request URI: /api/article/10004
2022-01-09 10:06:08:620 [http-nio-8081-exec-4] INFO  com.ivan.sunnyblog.web.aop.ControllerAspect Method Name: com.ivan.sunnyblog.web.controller.ArticleController.getPublicArticleDetail
2022-01-09 10:06:08:620 [http-nio-8081-exec-4] INFO  com.ivan.sunnyblog.web.aop.ControllerAspect Params: 10004
2022-01-09 10:06:08:620 [http-nio-8081-exec-4] INFO  com.ivan.sunnyblog.web.aop.ControllerAspect Result: ResultInfo{info='null', status=0, data=ArticleDetailVo{categoryId=2, BaseArticleVo{articleId=10004, status=1, title='Spring boot', description='rerwerwer', content='rererer![test.png](https://s3.ca-central-1.amazonaws.com/res-blog-public/res-dev/blog_1636947281578_test.png)', firstPicture='', viewCount=139, createDate='Tue Oct 12 15:58:26 EDT 2021', updateDate='Tue Dec 14 15:05:00 EST 2021'}}, total=null}
2022-01-09 10:06:08:620 [http-nio-8081-exec-4] INFO  com.ivan.sunnyblog.web.aop.ControllerAspect Process Time: 18ms
2022-01-09 10:06:08:620 [http-nio-8081-exec-4] INFO  com.ivan.sunnyblog.web.aop.ControllerAspect ===== log ends =====
2022-01-09 10:06:08:629 [http-nio-8081-exec-3] INFO  com.ivan.sunnyblog.web.aop.ControllerAspect ===== log starts =====
2022-01-09 10:06:08:630 [http-nio-8081-exec-3] INFO  com.ivan.sunnyblog.web.aop.ControllerAspect Request succeed
2022-01-09 10:06:08:630 [http-nio-8081-exec-3] INFO  com.ivan.sunnyblog.web.aop.ControllerAspect Request Method: GET
2022-01-09 10:06:08:630 [http-nio-8081-exec-3] INFO  com.ivan.sunnyblog.web.aop.ControllerAspect Request URI: /api/comment/10004
2022-01-09 10:06:08:630 [http-nio-8081-exec-3] INFO  com.ivan.sunnyblog.web.aop.ControllerAspect Method Name: com.ivan.sunnyblog.web.controller.CommentController.getComments
2022-01-09 10:06:08:630 [http-nio-8081-exec-3] INFO  com.ivan.sunnyblog.web.aop.ControllerAspect Params: 10004
2022-01-09 10:06:08:630 [http-nio-8081-exec-3] INFO  com.ivan.sunnyblog.web.aop.ControllerAspect Result: ResultInfo{info='null', status=0, data=[CommentListVo{commentId=18createdate=Sun Jan 09 10:06:04 EST 2022, replyComments=[], CommentVo=CommentVo{parentCommentId=0, articleId=10004, email='sdfsdf@qq.com', nickname='sf', parentCommentNickname='null', content='sdfsf', status='0'}}], total=4}
2022-01-09 10:06:08:630 [http-nio-8081-exec-3] INFO  com.ivan.sunnyblog.web.aop.ControllerAspect Process Time: 26ms
2022-01-09 10:06:08:630 [http-nio-8081-exec-3] INFO  com.ivan.sunnyblog.web.aop.ControllerAspect ===== log ends =====
2022-01-09 10:06:08:634 [http-nio-8081-exec-1] INFO  com.ivan.sunnyblog.web.aop.ControllerAspect ===== log starts =====
2022-01-09 10:06:08:634 [http-nio-8081-exec-1] INFO  com.ivan.sunnyblog.web.aop.ControllerAspect Request succeed
2022-01-09 10:06:08:634 [http-nio-8081-exec-1] INFO  com.ivan.sunnyblog.web.aop.ControllerAspect Request Method: GET
2022-01-09 10:06:08:634 [http-nio-8081-exec-1] INFO  com.ivan.sunnyblog.web.aop.ControllerAspect Request URI: /api/comment/10004
2022-01-09 10:06:08:634 [http-nio-8081-exec-1] INFO  com.ivan.sunnyblog.web.aop.ControllerAspect Method Name: com.ivan.sunnyblog.web.controller.CommentController.getComments
2022-01-09 10:06:08:634 [http-nio-8081-exec-1] INFO  com.ivan.sunnyblog.web.aop.ControllerAspect Params: 10004
2022-01-09 10:06:08:634 [http-nio-8081-exec-1] INFO  com.ivan.sunnyblog.web.aop.ControllerAspect Result: ResultInfo{info='null', status=0, data=[CommentListVo{commentId=18createdate=Sun Jan 09 10:06:04 EST 2022, replyComments=[], CommentVo=CommentVo{parentCommentId=0, articleId=10004, email='sdfsdf@qq.com', nickname='sf', parentCommentNickname='null', content='sdfsf', status='0'}}], total=4}
2022-01-09 10:06:08:634 [http-nio-8081-exec-1] INFO  com.ivan.sunnyblog.web.aop.ControllerAspect Process Time: 32ms
2022-01-09 10:06:08:635 [http-nio-8081-exec-1] INFO  com.ivan.sunnyblog.web.aop.ControllerAspect ===== log ends =====
2022-01-09 10:06:08:660 [http-nio-8081-exec-6] INFO  com.ivan.sunnyblog.web.aop.ControllerAspect ===== log starts =====
2022-01-09 10:06:08:660 [http-nio-8081-exec-6] INFO  com.ivan.sunnyblog.web.aop.ControllerAspect Request succeed
2022-01-09 10:06:08:660 [http-nio-8081-exec-6] INFO  com.ivan.sunnyblog.web.aop.ControllerAspect Request Method: GET
2022-01-09 10:06:08:660 [http-nio-8081-exec-6] INFO  com.ivan.sunnyblog.web.aop.ControllerAspect Request URI: /api/comment/10004
2022-01-09 10:06:08:660 [http-nio-8081-exec-6] INFO  com.ivan.sunnyblog.web.aop.ControllerAspect Method Name: com.ivan.sunnyblog.web.controller.CommentController.getComments
2022-01-09 10:06:08:660 [http-nio-8081-exec-6] INFO  com.ivan.sunnyblog.web.aop.ControllerAspect Params: 10004
2022-01-09 10:06:08:660 [http-nio-8081-exec-6] INFO  com.ivan.sunnyblog.web.aop.ControllerAspect Result: ResultInfo{info='null', status=0, data=[CommentListVo{commentId=18createdate=Sun Jan 09 10:06:04 EST 2022, replyComments=[], CommentVo=CommentVo{parentCommentId=0, articleId=10004, email='sdfsdf@qq.com', nickname='sf', parentCommentNickname='null', content='sdfsf', status='0'}}], total=4}
2022-01-09 10:06:08:660 [http-nio-8081-exec-6] INFO  com.ivan.sunnyblog.web.aop.ControllerAspect Process Time: 3ms
2022-01-09 10:06:08:660 [http-nio-8081-exec-6] INFO  com.ivan.sunnyblog.web.aop.ControllerAspect ===== log ends =====
2022-01-09 10:07:01:571 [http-nio-8081-exec-9] INFO  com.ivan.sunnyblog.web.aop.ControllerAspect ===== log starts =====
2022-01-09 10:07:01:579 [http-nio-8081-exec-9] INFO  com.ivan.sunnyblog.web.aop.ControllerAspect Request succeed
2022-01-09 10:07:01:579 [http-nio-8081-exec-9] INFO  com.ivan.sunnyblog.web.aop.ControllerAspect Request Method: GET
2022-01-09 10:07:01:579 [http-nio-8081-exec-9] INFO  com.ivan.sunnyblog.web.aop.ControllerAspect Request URI: /api/article/10004
2022-01-09 10:07:01:579 [http-nio-8081-exec-9] INFO  com.ivan.sunnyblog.web.aop.ControllerAspect Method Name: com.ivan.sunnyblog.web.controller.ArticleController.getPublicArticleDetail
2022-01-09 10:07:01:579 [http-nio-8081-exec-9] INFO  com.ivan.sunnyblog.web.aop.ControllerAspect Params: 10004
2022-01-09 10:07:01:579 [http-nio-8081-exec-9] INFO  com.ivan.sunnyblog.web.aop.ControllerAspect Result: ResultInfo{info='null', status=0, data=ArticleDetailVo{categoryId=2, BaseArticleVo{articleId=10004, status=1, title='Spring boot', description='rerwerwer', content='rererer![test.png](https://s3.ca-central-1.amazonaws.com/res-blog-public/res-dev/blog_1636947281578_test.png)', firstPicture='', viewCount=139, createDate='Tue Oct 12 15:58:26 EDT 2021', updateDate='Tue Dec 14 15:05:00 EST 2021'}}, total=null}
2022-01-09 10:07:01:579 [http-nio-8081-exec-9] INFO  com.ivan.sunnyblog.web.aop.ControllerAspect Process Time: 31ms
2022-01-09 10:07:01:579 [http-nio-8081-exec-9] INFO  com.ivan.sunnyblog.web.aop.ControllerAspect ===== log ends =====
2022-01-09 10:07:01:588 [http-nio-8081-exec-10] INFO  com.ivan.sunnyblog.web.aop.ControllerAspect ===== log starts =====
2022-01-09 10:07:01:588 [http-nio-8081-exec-7] INFO  com.ivan.sunnyblog.web.aop.ControllerAspect ===== log starts =====
2022-01-09 10:07:01:588 [http-nio-8081-exec-10] INFO  com.ivan.sunnyblog.web.aop.ControllerAspect Request succeed
2022-01-09 10:07:01:588 [http-nio-8081-exec-7] INFO  com.ivan.sunnyblog.web.aop.ControllerAspect Request succeed
2022-01-09 10:07:01:588 [http-nio-8081-exec-10] INFO  com.ivan.sunnyblog.web.aop.ControllerAspect Request Method: GET
2022-01-09 10:07:01:588 [http-nio-8081-exec-7] INFO  com.ivan.sunnyblog.web.aop.ControllerAspect Request Method: GET
2022-01-09 10:07:01:588 [http-nio-8081-exec-7] INFO  com.ivan.sunnyblog.web.aop.ControllerAspect Request URI: /api/comment/10004
2022-01-09 10:07:01:588 [http-nio-8081-exec-10] INFO  com.ivan.sunnyblog.web.aop.ControllerAspect Request URI: /api/comment/10004
2022-01-09 10:07:01:588 [http-nio-8081-exec-7] INFO  com.ivan.sunnyblog.web.aop.ControllerAspect Method Name: com.ivan.sunnyblog.web.controller.CommentController.getComments
2022-01-09 10:07:01:588 [http-nio-8081-exec-10] INFO  com.ivan.sunnyblog.web.aop.ControllerAspect Method Name: com.ivan.sunnyblog.web.controller.CommentController.getComments
2022-01-09 10:07:01:588 [http-nio-8081-exec-7] INFO  com.ivan.sunnyblog.web.aop.ControllerAspect Params: 10004
2022-01-09 10:07:01:588 [http-nio-8081-exec-10] INFO  com.ivan.sunnyblog.web.aop.ControllerAspect Params: 10004
2022-01-09 10:07:01:588 [http-nio-8081-exec-7] INFO  com.ivan.sunnyblog.web.aop.ControllerAspect Result: ResultInfo{info='null', status=0, data=[CommentListVo{commentId=18createdate=Sun Jan 09 10:06:04 EST 2022, replyComments=[], CommentVo=CommentVo{parentCommentId=0, articleId=10004, email='sdfsdf@qq.com', nickname='sf', parentCommentNickname='null', content='sdfsf', status='0'}}, CommentListVo{commentId=17createdate=Sun Jan 09 10:05:33 EST 2022, replyComments=[], CommentVo=CommentVo{parentCommentId=0, articleId=10004, email='sdfsd@Ck.com', nickname='sfsf', parentCommentNickname='null', content='hdsfsd', status='0'}}, CommentListVo{commentId=16createdate=Sun Jan 09 10:03:48 EST 2022, replyComments=[], CommentVo=CommentVo{parentCommentId=0, articleId=10004, email='sdfsd@Ck.com', nickname='sfs@ss.c', parentCommentNickname='null', content='what?', status='0'}}, CommentListVo{commentId=11createdate=Wed Dec 01 22:44:50 EST 2021, replyComments=[CommentListVo{commentId=12createdate=Wed Dec 01 22:45:18 EST 2021, replyComments=[CommentListVo{commentId=15createdate=Wed Dec 01 23:42:17 EST 2021, replyComments=[], CommentVo=CommentVo{parentCommentId=12, articleId=10004, email='555@test.com', nickname='555', parentCommentNickname='jess', content='555', status='0'}}, CommentListVo{commentId=13createdate=Wed Dec 01 22:45:56 EST 2021, replyComments=[CommentListVo{commentId=14createdate=Wed Dec 01 22:46:22 EST 2021, replyComments=[], CommentVo=CommentVo{parentCommentId=13, articleId=10004, email='hah@gmail.com', nickname='haha', parentCommentNickname='test', content='hahah', status='0'}}], CommentVo=CommentVo{parentCommentId=12, articleId=10004, email='test@gg.com', nickname='test', parentCommentNickname='jess', content='great!', status='0'}}], CommentVo=CommentVo{parentCommentId=11, articleId=10004, email='jess@gmail.com', nickname='jess', parentCommentNickname='ivan', content='I am doing well. You?', status='0'}}], CommentVo=CommentVo{parentCommentId=0, articleId=10004, email='ivanliang0818@gmail.com', nickname='ivan', parentCommentNickname='null', content='How are you doing today?', status='0'}}], total=4}
2022-01-09 10:07:01:588 [http-nio-8081-exec-7] INFO  com.ivan.sunnyblog.web.aop.ControllerAspect Process Time: 46ms
2022-01-09 10:07:01:589 [http-nio-8081-exec-7] INFO  com.ivan.sunnyblog.web.aop.ControllerAspect ===== log ends =====
2022-01-09 10:07:01:588 [http-nio-8081-exec-10] INFO  com.ivan.sunnyblog.web.aop.ControllerAspect Result: ResultInfo{info='null', status=0, data=[CommentListVo{commentId=18createdate=Sun Jan 09 10:06:04 EST 2022, replyComments=[], CommentVo=CommentVo{parentCommentId=0, articleId=10004, email='sdfsdf@qq.com', nickname='sf', parentCommentNickname='null', content='sdfsf', status='0'}}, CommentListVo{commentId=17createdate=Sun Jan 09 10:05:33 EST 2022, replyComments=[], CommentVo=CommentVo{parentCommentId=0, articleId=10004, email='sdfsd@Ck.com', nickname='sfsf', parentCommentNickname='null', content='hdsfsd', status='0'}}, CommentListVo{commentId=16createdate=Sun Jan 09 10:03:48 EST 2022, replyComments=[], CommentVo=CommentVo{parentCommentId=0, articleId=10004, email='sdfsd@Ck.com', nickname='sfs@ss.c', parentCommentNickname='null', content='what?', status='0'}}, CommentListVo{commentId=11createdate=Wed Dec 01 22:44:50 EST 2021, replyComments=[CommentListVo{commentId=12createdate=Wed Dec 01 22:45:18 EST 2021, replyComments=[CommentListVo{commentId=15createdate=Wed Dec 01 23:42:17 EST 2021, replyComments=[], CommentVo=CommentVo{parentCommentId=12, articleId=10004, email='555@test.com', nickname='555', parentCommentNickname='jess', content='555', status='0'}}, CommentListVo{commentId=13createdate=Wed Dec 01 22:45:56 EST 2021, replyComments=[CommentListVo{commentId=14createdate=Wed Dec 01 22:46:22 EST 2021, replyComments=[], CommentVo=CommentVo{parentCommentId=13, articleId=10004, email='hah@gmail.com', nickname='haha', parentCommentNickname='test', content='hahah', status='0'}}], CommentVo=CommentVo{parentCommentId=12, articleId=10004, email='test@gg.com', nickname='test', parentCommentNickname='jess', content='great!', status='0'}}], CommentVo=CommentVo{parentCommentId=11, articleId=10004, email='jess@gmail.com', nickname='jess', parentCommentNickname='ivan', content='I am doing well. You?', status='0'}}], CommentVo=CommentVo{parentCommentId=0, articleId=10004, email='ivanliang0818@gmail.com', nickname='ivan', parentCommentNickname='null', content='How are you doing today?', status='0'}}], total=4}
2022-01-09 10:07:01:589 [http-nio-8081-exec-10] INFO  com.ivan.sunnyblog.web.aop.ControllerAspect Process Time: 41ms
2022-01-09 10:07:01:589 [http-nio-8081-exec-10] INFO  com.ivan.sunnyblog.web.aop.ControllerAspect ===== log ends =====
2022-01-09 10:07:02:064 [http-nio-8081-exec-8] INFO  com.ivan.sunnyblog.web.aop.ControllerAspect ===== log starts =====
2022-01-09 10:07:02:064 [http-nio-8081-exec-8] INFO  com.ivan.sunnyblog.web.aop.ControllerAspect Request succeed
2022-01-09 10:07:02:064 [http-nio-8081-exec-8] INFO  com.ivan.sunnyblog.web.aop.ControllerAspect Request Method: GET
2022-01-09 10:07:02:064 [http-nio-8081-exec-8] INFO  com.ivan.sunnyblog.web.aop.ControllerAspect Request URI: /api/comment/10004
2022-01-09 10:07:02:064 [http-nio-8081-exec-8] INFO  com.ivan.sunnyblog.web.aop.ControllerAspect Method Name: com.ivan.sunnyblog.web.controller.CommentController.getComments
2022-01-09 10:07:02:064 [http-nio-8081-exec-8] INFO  com.ivan.sunnyblog.web.aop.ControllerAspect Params: 10004
2022-01-09 10:07:02:064 [http-nio-8081-exec-8] INFO  com.ivan.sunnyblog.web.aop.ControllerAspect Result: ResultInfo{info='null', status=0, data=[CommentListVo{commentId=18createdate=Sun Jan 09 10:06:04 EST 2022, replyComments=[], CommentVo=CommentVo{parentCommentId=0, articleId=10004, email='sdfsdf@qq.com', nickname='sf', parentCommentNickname='null', content='sdfsf', status='0'}}, CommentListVo{commentId=17createdate=Sun Jan 09 10:05:33 EST 2022, replyComments=[], CommentVo=CommentVo{parentCommentId=0, articleId=10004, email='sdfsd@Ck.com', nickname='sfsf', parentCommentNickname='null', content='hdsfsd', status='0'}}, CommentListVo{commentId=16createdate=Sun Jan 09 10:03:48 EST 2022, replyComments=[], CommentVo=CommentVo{parentCommentId=0, articleId=10004, email='sdfsd@Ck.com', nickname='sfs@ss.c', parentCommentNickname='null', content='what?', status='0'}}, CommentListVo{commentId=11createdate=Wed Dec 01 22:44:50 EST 2021, replyComments=[CommentListVo{commentId=12createdate=Wed Dec 01 22:45:18 EST 2021, replyComments=[CommentListVo{commentId=15createdate=Wed Dec 01 23:42:17 EST 2021, replyComments=[], CommentVo=CommentVo{parentCommentId=12, articleId=10004, email='555@test.com', nickname='555', parentCommentNickname='jess', content='555', status='0'}}, CommentListVo{commentId=13createdate=Wed Dec 01 22:45:56 EST 2021, replyComments=[CommentListVo{commentId=14createdate=Wed Dec 01 22:46:22 EST 2021, replyComments=[], CommentVo=CommentVo{parentCommentId=13, articleId=10004, email='hah@gmail.com', nickname='haha', parentCommentNickname='test', content='hahah', status='0'}}], CommentVo=CommentVo{parentCommentId=12, articleId=10004, email='test@gg.com', nickname='test', parentCommentNickname='jess', content='great!', status='0'}}], CommentVo=CommentVo{parentCommentId=11, articleId=10004, email='jess@gmail.com', nickname='jess', parentCommentNickname='ivan', content='I am doing well. You?', status='0'}}], CommentVo=CommentVo{parentCommentId=0, articleId=10004, email='ivanliang0818@gmail.com', nickname='ivan', parentCommentNickname='null', content='How are you doing today?', status='0'}}], total=4}
2022-01-09 10:07:02:064 [http-nio-8081-exec-8] INFO  com.ivan.sunnyblog.web.aop.ControllerAspect Process Time: 6ms
2022-01-09 10:07:02:064 [http-nio-8081-exec-8] INFO  com.ivan.sunnyblog.web.aop.ControllerAspect ===== log ends =====
2022-01-09 10:07:16:694 [Thread-43] INFO  org.springframework.scheduling.concurrent.ThreadPoolTaskScheduler Shutting down ExecutorService 'taskScheduler'
2022-01-09 10:07:16:695 [Thread-43] INFO  org.springframework.scheduling.concurrent.ThreadPoolTaskExecutor Shutting down ExecutorService 'applicationTaskExecutor'
2022-01-09 10:07:16:696 [Thread-43] INFO  com.zaxxer.hikari.HikariDataSource HikariPool-1 - Shutdown initiated...
2022-01-09 10:07:16:696 [Thread-43] INFO  com.zaxxer.hikari.HikariDataSource HikariPool-1 - Shutdown completed.
