2021-11-03 15:44:09:164 [restartedMain] INFO  com.ivan.sunnyblog.SunnyBlogApplication Starting SunnyBlogApplication on Jinghaos-MacBook-Air.local with PID 33615 (/Users/jinghaoliang/Documents/tech/Project/blogProject/SunnyBlog/target/classes started by jinghaoliang in /Users/jinghaoliang/Documents/tech/Project/blogProject/SunnyBlog)
2021-11-03 15:44:09:165 [restartedMain] INFO  com.ivan.sunnyblog.SunnyBlogApplication No active profile set, falling back to default profiles: default
2021-11-03 15:44:09:189 [restartedMain] INFO  org.springframework.boot.devtools.env.DevToolsPropertyDefaultsPostProcessor Devtools property defaults active! Set 'spring.devtools.add-properties' to 'false' to disable
2021-11-03 15:44:09:189 [restartedMain] INFO  org.springframework.boot.devtools.env.DevToolsPropertyDefaultsPostProcessor For additional web related logging consider setting the 'logging.level.web' property to 'DEBUG'
2021-11-03 15:44:09:615 [restartedMain] INFO  org.springframework.data.repository.config.RepositoryConfigurationDelegate Multiple Spring Data modules found, entering strict repository configuration mode!
2021-11-03 15:44:09:618 [restartedMain] INFO  org.springframework.data.repository.config.RepositoryConfigurationDelegate Bootstrapping Spring Data repositories in DEFAULT mode.
2021-11-03 15:44:09:647 [restartedMain] INFO  org.springframework.data.repository.config.RepositoryConfigurationDelegate Finished Spring Data repository scanning in 17ms. Found 0 repository interfaces.
2021-11-03 15:44:09:807 [restartedMain] INFO  o.s.context.support.PostProcessorRegistrationDelegate$BeanPostProcessorChecker Bean 'org.springframework.transaction.annotation.ProxyTransactionManagementConfiguration' of type [org.springframework.transaction.annotation.ProxyTransactionManagementConfiguration$$EnhancerBySpringCGLIB$$725e8c48] is not eligible for getting processed by all BeanPostProcessors (for example: not eligible for auto-proxying)
2021-11-03 15:44:10:033 [restartedMain] INFO  org.springframework.boot.web.embedded.tomcat.TomcatWebServer Tomcat initialized with port(s): 8081 (http)
2021-11-03 15:44:10:042 [restartedMain] INFO  org.apache.coyote.http11.Http11NioProtocol Initializing ProtocolHandler ["http-nio-8081"]
2021-11-03 15:44:10:049 [restartedMain] INFO  org.apache.catalina.core.StandardService Starting service [Tomcat]
2021-11-03 15:44:10:050 [restartedMain] INFO  org.apache.catalina.core.StandardEngine Starting Servlet engine: [Apache Tomcat/9.0.21]
2021-11-03 15:44:10:095 [restartedMain] INFO  org.apache.catalina.core.ContainerBase.[Tomcat].[localhost].[/] Initializing Spring embedded WebApplicationContext
2021-11-03 15:44:10:095 [restartedMain] INFO  org.springframework.web.context.ContextLoader Root WebApplicationContext: initialization completed in 905 ms
2021-11-03 15:44:10:362 [restartedMain] INFO  com.zaxxer.hikari.HikariDataSource HikariPool-1 - Starting...
2021-11-03 15:44:10:445 [restartedMain] INFO  com.zaxxer.hikari.HikariDataSource HikariPool-1 - Start completed.
2021-11-03 15:44:22:015 [restartedMain] INFO  org.springframework.scheduling.concurrent.ThreadPoolTaskExecutor Initializing ExecutorService 'applicationTaskExecutor'
2021-11-03 15:44:22:210 [restartedMain] INFO  org.springframework.boot.devtools.autoconfigure.OptionalLiveReloadServer LiveReload server is running on port 35729
2021-11-03 15:44:22:250 [restartedMain] INFO  org.apache.coyote.http11.Http11NioProtocol Starting ProtocolHandler ["http-nio-8081"]
2021-11-03 15:44:22:265 [restartedMain] INFO  org.springframework.boot.web.embedded.tomcat.TomcatWebServer Tomcat started on port(s): 8081 (http) with context path ''
2021-11-03 15:44:22:267 [restartedMain] INFO  com.ivan.sunnyblog.SunnyBlogApplication Started SunnyBlogApplication in 13.316 seconds (JVM running for 13.832)
2021-11-03 15:51:02:288 [Thread-35] INFO  org.springframework.scheduling.concurrent.ThreadPoolTaskExecutor Shutting down ExecutorService 'applicationTaskExecutor'
2021-11-03 15:51:02:292 [Thread-35] INFO  com.zaxxer.hikari.HikariDataSource HikariPool-1 - Shutdown initiated...
2021-11-03 15:51:02:295 [Thread-35] INFO  com.zaxxer.hikari.HikariDataSource HikariPool-1 - Shutdown completed.
2021-11-03 15:51:04:478 [restartedMain] INFO  com.ivan.sunnyblog.SunnyBlogApplication Starting SunnyBlogApplication on Jinghaos-MacBook-Air.local with PID 33762 (/Users/jinghaoliang/Documents/tech/Project/blogProject/SunnyBlog/target/classes started by jinghaoliang in /Users/jinghaoliang/Documents/tech/Project/blogProject/SunnyBlog)
2021-11-03 15:51:04:481 [restartedMain] INFO  com.ivan.sunnyblog.SunnyBlogApplication No active profile set, falling back to default profiles: default
2021-11-03 15:51:04:500 [restartedMain] INFO  org.springframework.boot.devtools.env.DevToolsPropertyDefaultsPostProcessor Devtools property defaults active! Set 'spring.devtools.add-properties' to 'false' to disable
2021-11-03 15:51:04:500 [restartedMain] INFO  org.springframework.boot.devtools.env.DevToolsPropertyDefaultsPostProcessor For additional web related logging consider setting the 'logging.level.web' property to 'DEBUG'
2021-11-03 15:51:04:784 [restartedMain] INFO  org.springframework.data.repository.config.RepositoryConfigurationDelegate Multiple Spring Data modules found, entering strict repository configuration mode!
2021-11-03 15:51:04:785 [restartedMain] INFO  org.springframework.data.repository.config.RepositoryConfigurationDelegate Bootstrapping Spring Data repositories in DEFAULT mode.
2021-11-03 15:51:04:806 [restartedMain] INFO  org.springframework.data.repository.config.RepositoryConfigurationDelegate Finished Spring Data repository scanning in 14ms. Found 0 repository interfaces.
2021-11-03 15:51:04:949 [restartedMain] INFO  o.s.context.support.PostProcessorRegistrationDelegate$BeanPostProcessorChecker Bean 'org.springframework.transaction.annotation.ProxyTransactionManagementConfiguration' of type [org.springframework.transaction.annotation.ProxyTransactionManagementConfiguration$$EnhancerBySpringCGLIB$$d4b652e8] is not eligible for getting processed by all BeanPostProcessors (for example: not eligible for auto-proxying)
2021-11-03 15:51:05:126 [restartedMain] INFO  org.springframework.boot.web.embedded.tomcat.TomcatWebServer Tomcat initialized with port(s): 8081 (http)
2021-11-03 15:51:05:132 [restartedMain] INFO  org.apache.coyote.http11.Http11NioProtocol Initializing ProtocolHandler ["http-nio-8081"]
2021-11-03 15:51:05:137 [restartedMain] INFO  org.apache.catalina.core.StandardService Starting service [Tomcat]
2021-11-03 15:51:05:137 [restartedMain] INFO  org.apache.catalina.core.StandardEngine Starting Servlet engine: [Apache Tomcat/9.0.21]
2021-11-03 15:51:05:168 [restartedMain] INFO  org.apache.catalina.core.ContainerBase.[Tomcat].[localhost].[/] Initializing Spring embedded WebApplicationContext
2021-11-03 15:51:05:168 [restartedMain] INFO  org.springframework.web.context.ContextLoader Root WebApplicationContext: initialization completed in 667 ms
2021-11-03 15:51:05:340 [restartedMain] INFO  com.zaxxer.hikari.HikariDataSource HikariPool-1 - Starting...
2021-11-03 15:51:05:374 [restartedMain] INFO  com.zaxxer.hikari.HikariDataSource HikariPool-1 - Start completed.
2021-11-03 15:51:17:721 [restartedMain] INFO  org.springframework.scheduling.concurrent.ThreadPoolTaskExecutor Initializing ExecutorService 'applicationTaskExecutor'
2021-11-03 15:51:17:889 [restartedMain] INFO  org.springframework.boot.devtools.autoconfigure.OptionalLiveReloadServer LiveReload server is running on port 35729
2021-11-03 15:51:17:925 [restartedMain] INFO  org.apache.coyote.http11.Http11NioProtocol Starting ProtocolHandler ["http-nio-8081"]
2021-11-03 15:51:17:939 [restartedMain] INFO  org.springframework.boot.web.embedded.tomcat.TomcatWebServer Tomcat started on port(s): 8081 (http) with context path ''
2021-11-03 15:51:17:940 [restartedMain] INFO  com.ivan.sunnyblog.SunnyBlogApplication Started SunnyBlogApplication in 13.611 seconds (JVM running for 14.089)
2021-11-03 15:53:21:047 [http-nio-8081-exec-1] INFO  org.apache.catalina.core.ContainerBase.[Tomcat].[localhost].[/] Initializing Spring DispatcherServlet 'dispatcherServlet'
2021-11-03 15:53:21:047 [http-nio-8081-exec-1] INFO  org.springframework.web.servlet.DispatcherServlet Initializing Servlet 'dispatcherServlet'
2021-11-03 15:53:21:056 [http-nio-8081-exec-1] INFO  org.springframework.web.servlet.DispatcherServlet Completed initialization in 9 ms
2021-11-03 15:53:21:241 [http-nio-8081-exec-2] INFO  org.jooq.Constants 
                                      
@@@@@@@@@@@@@@@@@@@@@@@@@@@@@@@@@@@@@@
@@@@@@@@@@@@@@@@@@@@@@@@@@@@@@@@@@@@@@
@@@@@@@@@@@@@@@@  @@        @@@@@@@@@@
@@@@@@@@@@@@@@@@@@@@        @@@@@@@@@@
@@@@@@@@@@@@@@@@  @@  @@    @@@@@@@@@@
@@@@@@@@@@  @@@@  @@  @@    @@@@@@@@@@
@@@@@@@@@@        @@        @@@@@@@@@@
@@@@@@@@@@@@@@@@@@@@@@@@@@@@@@@@@@@@@@
@@@@@@@@@@@@@@@@@@@@@@@@@@@@@@@@@@@@@@
@@@@@@@@@@        @@        @@@@@@@@@@
@@@@@@@@@@    @@  @@  @@@@  @@@@@@@@@@
@@@@@@@@@@    @@  @@  @@@@  @@@@@@@@@@
@@@@@@@@@@        @@  @  @  @@@@@@@@@@
@@@@@@@@@@        @@        @@@@@@@@@@
@@@@@@@@@@@@@@@@@@@@@@@  @@@@@@@@@@@@@
@@@@@@@@@@@@@@@@@@@@@@@@@@@@@@@@@@@@@@
@@@@@@@@@@@@@@@@@@@@@@@@@@@@@@@@@@@@@@  Thank you for using jOOQ 3.11.11
                                      
2021-11-03 15:53:21:377 [http-nio-8081-exec-2] INFO  com.ivan.sunnyblog.web.aop.ControllerAspect *** Request Success ***: 267ms GET URI=/api/articles, methodName=com.ivan.sunnyblog.web.controller.ArticleController.getArticles, args=[SearchVo{page=1, limit=10}], result=ResultInfo{info='null', status=0, data=[ArticleVo{userInfo=UserInfoVo{userId=100001, nickName='ivan', userName='ivan'}, category=CategoryVo{categoryId=2, name='liddffd'}, BaseArticleVo{articleId=10004, status=1, title='Spring boot', description='rerwerwer', content='null', firstPicture='null', viewCount=0, createDate='Tue Oct 12 15:58:26 EDT 2021', updateDate='Tue Oct 12 15:58:26 EDT 2021'}}, ArticleVo{userInfo=UserInfoVo{userId=100001, nickName='ivan', userName='ivan'}, category=CategoryVo{categoryId=1, name='Life '}, BaseArticleVo{articleId=10003, status=0, title='dd', description='test', content='null', firstPicture='null', viewCount=0, createDate='Tue Oct 12 15:57:33 EDT 2021', updateDate='Tue Oct 12 15:57:33 EDT 2021'}}]}
2021-11-03 15:54:59:075 [http-nio-8081-exec-4] INFO  com.ivan.sunnyblog.web.aop.ControllerAspect *** Request Success ***: 30ms GET URI=/api/articles, methodName=com.ivan.sunnyblog.web.controller.ArticleController.getArticles, args=[SearchVo{page=1, limit=10}], result=ResultInfo{info='null', status=0, data=[ArticleVo{userInfo=UserInfoVo{userId=100001, nickName='ivan', userName='ivan'}, category=CategoryVo{categoryId=2, name='liddffd'}, BaseArticleVo{articleId=10004, status=1, title='Spring boot', description='rerwerwer', content='null', firstPicture='null', viewCount=0, createDate='Tue Oct 12 15:58:26 EDT 2021', updateDate='Tue Oct 12 15:58:26 EDT 2021'}}, ArticleVo{userInfo=UserInfoVo{userId=100001, nickName='ivan', userName='ivan'}, category=CategoryVo{categoryId=1, name='Life '}, BaseArticleVo{articleId=10003, status=0, title='dd', description='test', content='null', firstPicture='null', viewCount=0, createDate='Tue Oct 12 15:57:33 EDT 2021', updateDate='Tue Oct 12 15:57:33 EDT 2021'}}]}
2021-11-03 15:55:08:390 [http-nio-8081-exec-5] INFO  com.ivan.sunnyblog.web.aop.ControllerAspect *** Request Success ***: 17ms GET URI=/api/articles, methodName=com.ivan.sunnyblog.web.controller.ArticleController.getArticles, args=[SearchVo{page=1, limit=10}], result=ResultInfo{info='null', status=0, data=[ArticleVo{userInfo=UserInfoVo{userId=100001, nickName='ivan', userName='ivan'}, category=CategoryVo{categoryId=2, name='liddffd'}, BaseArticleVo{articleId=10004, status=1, title='Spring boot', description='rerwerwer', content='null', firstPicture='null', viewCount=0, createDate='Tue Oct 12 15:58:26 EDT 2021', updateDate='Tue Oct 12 15:58:26 EDT 2021'}}, ArticleVo{userInfo=UserInfoVo{userId=100001, nickName='ivan', userName='ivan'}, category=CategoryVo{categoryId=1, name='Life '}, BaseArticleVo{articleId=10003, status=0, title='dd', description='test', content='null', firstPicture='null', viewCount=0, createDate='Tue Oct 12 15:57:33 EDT 2021', updateDate='Tue Oct 12 15:57:33 EDT 2021'}}]}
2021-11-03 15:56:11:767 [http-nio-8081-exec-7] INFO  com.ivan.sunnyblog.web.aop.ControllerAspect *** Request Success ***: 26ms GET URI=/api/articles, methodName=com.ivan.sunnyblog.web.controller.ArticleController.getArticles, args=[SearchVo{page=1, limit=10}], result=ResultInfo{info='null', status=0, data=[ArticleVo{userInfo=UserInfoVo{userId=100001, nickName='ivan', userName='ivan'}, category=CategoryVo{categoryId=2, name='liddffd'}, BaseArticleVo{articleId=10004, status=1, title='Spring boot', description='rerwerwer', content='null', firstPicture='null', viewCount=0, createDate='Tue Oct 12 15:58:26 EDT 2021', updateDate='Tue Oct 12 15:58:26 EDT 2021'}}, ArticleVo{userInfo=UserInfoVo{userId=100001, nickName='ivan', userName='ivan'}, category=CategoryVo{categoryId=1, name='Life '}, BaseArticleVo{articleId=10003, status=0, title='dd', description='test', content='null', firstPicture='null', viewCount=0, createDate='Tue Oct 12 15:57:33 EDT 2021', updateDate='Tue Oct 12 15:57:33 EDT 2021'}}]}
2021-11-03 15:57:07:854 [http-nio-8081-exec-8] INFO  com.ivan.sunnyblog.web.aop.ControllerAspect *** Request Success ***: 30ms GET URI=/api/articles, methodName=com.ivan.sunnyblog.web.controller.ArticleController.getArticles, args=[SearchVo{page=1, limit=10}], result=ResultInfo{info='null', status=0, data=[ArticleVo{userInfo=UserInfoVo{userId=100001, nickName='ivan', userName='ivan'}, category=CategoryVo{categoryId=2, name='liddffd'}, BaseArticleVo{articleId=10004, status=1, title='Spring boot', description='rerwerwer', content='null', firstPicture='null', viewCount=0, createDate='Tue Oct 12 15:58:26 EDT 2021', updateDate='Tue Oct 12 15:58:26 EDT 2021'}}, ArticleVo{userInfo=UserInfoVo{userId=100001, nickName='ivan', userName='ivan'}, category=CategoryVo{categoryId=1, name='Life '}, BaseArticleVo{articleId=10003, status=0, title='dd', description='test', content='null', firstPicture='null', viewCount=0, createDate='Tue Oct 12 15:57:33 EDT 2021', updateDate='Tue Oct 12 15:57:33 EDT 2021'}}]}
2021-11-03 15:58:46:287 [http-nio-8081-exec-10] INFO  com.ivan.sunnyblog.web.aop.ControllerAspect *** Request Success ***: 32ms GET URI=/api/articles, methodName=com.ivan.sunnyblog.web.controller.ArticleController.getArticles, args=[SearchVo{page=1, limit=10}], result=ResultInfo{info='null', status=0, data=[ArticleVo{userInfo=UserInfoVo{userId=100001, nickName='ivan', userName='ivan'}, category=CategoryVo{categoryId=2, name='liddffd'}, BaseArticleVo{articleId=10004, status=1, title='Spring boot', description='rerwerwer', content='null', firstPicture='null', viewCount=0, createDate='Tue Oct 12 15:58:26 EDT 2021', updateDate='Tue Oct 12 15:58:26 EDT 2021'}}, ArticleVo{userInfo=UserInfoVo{userId=100001, nickName='ivan', userName='ivan'}, category=CategoryVo{categoryId=1, name='Life '}, BaseArticleVo{articleId=10003, status=0, title='dd', description='test', content='null', firstPicture='null', viewCount=0, createDate='Tue Oct 12 15:57:33 EDT 2021', updateDate='Tue Oct 12 15:57:33 EDT 2021'}}]}
2021-11-03 15:58:49:947 [http-nio-8081-exec-1] INFO  com.ivan.sunnyblog.web.aop.ControllerAspect *** Request Success ***: 18ms GET URI=/api/articles, methodName=com.ivan.sunnyblog.web.controller.ArticleController.getArticles, args=[SearchVo{page=1, limit=10}], result=ResultInfo{info='null', status=0, data=[ArticleVo{userInfo=UserInfoVo{userId=100001, nickName='ivan', userName='ivan'}, category=CategoryVo{categoryId=2, name='liddffd'}, BaseArticleVo{articleId=10004, status=1, title='Spring boot', description='rerwerwer', content='null', firstPicture='null', viewCount=0, createDate='Tue Oct 12 15:58:26 EDT 2021', updateDate='Tue Oct 12 15:58:26 EDT 2021'}}, ArticleVo{userInfo=UserInfoVo{userId=100001, nickName='ivan', userName='ivan'}, category=CategoryVo{categoryId=1, name='Life '}, BaseArticleVo{articleId=10003, status=0, title='dd', description='test', content='null', firstPicture='null', viewCount=0, createDate='Tue Oct 12 15:57:33 EDT 2021', updateDate='Tue Oct 12 15:57:33 EDT 2021'}}]}
2021-11-03 15:58:55:230 [http-nio-8081-exec-2] INFO  com.ivan.sunnyblog.web.aop.ControllerAspect *** Request Success ***: 21ms GET URI=/api/articles, methodName=com.ivan.sunnyblog.web.controller.ArticleController.getArticles, args=[SearchVo{page=1, limit=10}], result=ResultInfo{info='null', status=0, data=[ArticleVo{userInfo=UserInfoVo{userId=100001, nickName='ivan', userName='ivan'}, category=CategoryVo{categoryId=2, name='liddffd'}, BaseArticleVo{articleId=10004, status=1, title='Spring boot', description='rerwerwer', content='null', firstPicture='null', viewCount=0, createDate='Tue Oct 12 15:58:26 EDT 2021', updateDate='Tue Oct 12 15:58:26 EDT 2021'}}, ArticleVo{userInfo=UserInfoVo{userId=100001, nickName='ivan', userName='ivan'}, category=CategoryVo{categoryId=1, name='Life '}, BaseArticleVo{articleId=10003, status=0, title='dd', description='test', content='null', firstPicture='null', viewCount=0, createDate='Tue Oct 12 15:57:33 EDT 2021', updateDate='Tue Oct 12 15:57:33 EDT 2021'}}]}
2021-11-03 16:33:18:259 [HikariPool-1 housekeeper] WARN  com.zaxxer.hikari.pool.HikariPool HikariPool-1 - Thread starvation or clock leap detected (housekeeper delta=32m42s733ms).
2021-11-03 17:43:34:452 [HikariPool-1 housekeeper] WARN  com.zaxxer.hikari.pool.HikariPool HikariPool-1 - Thread starvation or clock leap detected (housekeeper delta=1h10m16s193ms).
2021-11-03 19:05:11:800 [HikariPool-1 housekeeper] WARN  com.zaxxer.hikari.pool.HikariPool HikariPool-1 - Thread starvation or clock leap detected (housekeeper delta=1h21m37s348ms).
2021-11-03 20:46:15:482 [HikariPool-1 housekeeper] WARN  com.zaxxer.hikari.pool.HikariPool HikariPool-1 - Thread starvation or clock leap detected (housekeeper delta=1h41m3s682ms).
2021-11-03 22:08:32:403 [HikariPool-1 housekeeper] WARN  com.zaxxer.hikari.pool.HikariPool HikariPool-1 - Thread starvation or clock leap detected (housekeeper delta=1h22m16s921ms).
2021-11-03 22:46:19:140 [HikariPool-1 housekeeper] WARN  com.zaxxer.hikari.pool.HikariPool HikariPool-1 - Thread starvation or clock leap detected (housekeeper delta=37m46s737ms).
2021-11-03 22:58:35:843 [HikariPool-1 housekeeper] WARN  com.zaxxer.hikari.pool.HikariPool HikariPool-1 - Thread starvation or clock leap detected (housekeeper delta=12m16s703ms).
2021-11-03 23:03:20:527 [HikariPool-1 housekeeper] WARN  com.zaxxer.hikari.pool.HikariPool HikariPool-1 - Thread starvation or clock leap detected (housekeeper delta=4m44s684ms).
2021-11-03 23:06:50:665 [HikariPool-1 housekeeper] WARN  com.zaxxer.hikari.pool.HikariPool HikariPool-1 - Thread starvation or clock leap detected (housekeeper delta=3m30s138ms).
2021-11-03 23:18:17:995 [HikariPool-1 housekeeper] WARN  com.zaxxer.hikari.pool.HikariPool HikariPool-1 - Thread starvation or clock leap detected (housekeeper delta=11m27s330ms).
2021-11-03 23:27:44:182 [HikariPool-1 housekeeper] WARN  com.zaxxer.hikari.pool.HikariPool HikariPool-1 - Thread starvation or clock leap detected (housekeeper delta=9m26s187ms).
2021-11-03 23:30:51:962 [HikariPool-1 housekeeper] WARN  com.zaxxer.hikari.pool.HikariPool HikariPool-1 - Thread starvation or clock leap detected (housekeeper delta=3m7s780ms).
2021-11-03 23:35:07:796 [HikariPool-1 housekeeper] WARN  com.zaxxer.hikari.pool.HikariPool HikariPool-1 - Thread starvation or clock leap detected (housekeeper delta=4m15s834ms).
2021-11-03 23:36:40:300 [HikariPool-1 housekeeper] WARN  com.zaxxer.hikari.pool.HikariPool HikariPool-1 - Thread starvation or clock leap detected (housekeeper delta=1m32s504ms).
2021-11-03 23:40:08:641 [HikariPool-1 housekeeper] WARN  com.zaxxer.hikari.pool.HikariPool HikariPool-1 - Thread starvation or clock leap detected (housekeeper delta=3m28s341ms).
2021-11-03 23:42:57:158 [HikariPool-1 housekeeper] WARN  com.zaxxer.hikari.pool.HikariPool HikariPool-1 - Thread starvation or clock leap detected (housekeeper delta=2m48s517ms).
2021-11-03 23:45:11:167 [HikariPool-1 housekeeper] WARN  com.zaxxer.hikari.pool.HikariPool HikariPool-1 - Thread starvation or clock leap detected (housekeeper delta=2m14s9ms).
2021-11-03 23:49:54:850 [HikariPool-1 housekeeper] WARN  com.zaxxer.hikari.pool.HikariPool HikariPool-1 - Thread starvation or clock leap detected (housekeeper delta=4m43s683ms).
