2021-11-09 01:49:50:251 [HikariPool-1 housekeeper] WARN  com.zaxxer.hikari.pool.HikariPool HikariPool-1 - Thread starvation or clock leap detected (housekeeper delta=1h25m57s930ms).
2021-11-09 03:28:47:978 [HikariPool-1 housekeeper] WARN  com.zaxxer.hikari.pool.HikariPool HikariPool-1 - Thread starvation or clock leap detected (housekeeper delta=1h38m57s739ms).
2021-11-09 04:42:36:425 [HikariPool-1 housekeeper] WARN  com.zaxxer.hikari.pool.HikariPool HikariPool-1 - Thread starvation or clock leap detected (housekeeper delta=1h13m48s447ms).
2021-11-09 05:54:13:390 [HikariPool-1 housekeeper] WARN  com.zaxxer.hikari.pool.HikariPool HikariPool-1 - Thread starvation or clock leap detected (housekeeper delta=1h11m36s965ms).
2021-11-09 07:31:04:113 [HikariPool-1 housekeeper] WARN  com.zaxxer.hikari.pool.HikariPool HikariPool-1 - Thread starvation or clock leap detected (housekeeper delta=1h36m50s723ms).
2021-11-09 08:54:53:362 [HikariPool-1 housekeeper] WARN  com.zaxxer.hikari.pool.HikariPool HikariPool-1 - Thread starvation or clock leap detected (housekeeper delta=1h23m49s248ms).
2021-11-09 09:05:45:946 [HikariPool-1 housekeeper] WARN  com.zaxxer.hikari.pool.HikariPool HikariPool-1 - Thread starvation or clock leap detected (housekeeper delta=10m52s585ms).
2021-11-09 09:08:12:582 [http-nio-8081-exec-8] INFO  com.ivan.sunnyblog.web.aop.ControllerAspect *** Request Success ***: 224ms GET URI=/api/categories, methodName=com.ivan.sunnyblog.web.controller.CategoryContoller.getCategories, args=[], result=ResultInfo{info='null', status=0, data=[CategoryVo{categoryId=2, name='liddffd', articleCount=1}, CategoryVo{categoryId=1, name='Life ', articleCount=1}]}
2021-11-09 09:08:12:595 [http-nio-8081-exec-3] INFO  com.ivan.sunnyblog.web.aop.ControllerAspect *** Request Success ***: 235ms GET URI=/api/articles, methodName=com.ivan.sunnyblog.web.controller.ArticleController.getArticles, args=[SearchVo{page=1, limit=10, categoryId=null}], result=ResultInfo{info='null', status=0, data=[ArticleVo{userInfo=UserInfoVo{userId=100001, nickName='ivan', userName='ivan'}, category=CategoryVo{categoryId=1, name='Life ', articleCount=null}, BaseArticleVo{articleId=10005, status=1, title='dd', description='This is the doc of React markdown editor lite.
Enjoy!!', content='null', firstPicture='', viewCount=0, createDate='Sun Nov 07 14:09:29 EST 2021', updateDate='Mon Nov 08 09:15:09 EST 2021'}}, ArticleVo{userInfo=UserInfoVo{userId=100001, nickName='ivan', userName='ivan'}, category=CategoryVo{categoryId=2, name='liddffd', articleCount=null}, BaseArticleVo{articleId=10004, status=1, title='Spring boot', description='rerwerwer', content='null', firstPicture='null', viewCount=0, createDate='Tue Oct 12 15:58:26 EDT 2021', updateDate='Tue Oct 12 15:58:26 EDT 2021'}}]}
2021-11-09 09:56:03:879 [http-nio-8081-exec-6] INFO  com.ivan.sunnyblog.web.aop.ControllerAspect *** Request Success ***: 112ms GET URI=/api/categories, methodName=com.ivan.sunnyblog.web.controller.CategoryContoller.getCategories, args=[], result=ResultInfo{info='null', status=0, data=[CategoryVo{categoryId=2, name='liddffd', articleCount=1}, CategoryVo{categoryId=1, name='Life ', articleCount=1}]}
2021-11-09 09:56:03:949 [http-nio-8081-exec-2] INFO  com.ivan.sunnyblog.web.aop.ControllerAspect *** Request Success ***: 13ms GET URI=/api/articles, methodName=com.ivan.sunnyblog.web.controller.ArticleController.getArticles, args=[SearchVo{page=1, limit=10, categoryId=2}], result=ResultInfo{info='null', status=0, data=[ArticleVo{userInfo=UserInfoVo{userId=100001, nickName='ivan', userName='ivan'}, category=CategoryVo{categoryId=2, name='liddffd', articleCount=null}, BaseArticleVo{articleId=10004, status=1, title='Spring boot', description='rerwerwer', content='null', firstPicture='null', viewCount=0, createDate='Tue Oct 12 15:58:26 EDT 2021', updateDate='Tue Oct 12 15:58:26 EDT 2021'}}]}
2021-11-09 10:17:55:433 [Thread-36] INFO  org.springframework.scheduling.concurrent.ThreadPoolTaskExecutor Shutting down ExecutorService 'applicationTaskExecutor'
2021-11-09 10:17:55:451 [Thread-36] INFO  com.zaxxer.hikari.HikariDataSource HikariPool-1 - Shutdown initiated...
2021-11-09 10:17:55:460 [Thread-36] INFO  com.zaxxer.hikari.HikariDataSource HikariPool-1 - Shutdown completed.
2021-11-09 15:48:32:584 [restartedMain] INFO  com.ivan.sunnyblog.SunnyBlogApplication Starting SunnyBlogApplication on Jinghaos-MacBook-Air.local with PID 57018 (/Users/jinghaoliang/Documents/tech/Project/blogProject/SunnyBlog/target/classes started by jinghaoliang in /Users/jinghaoliang/Documents/tech/Project/blogProject/SunnyBlog)
2021-11-09 15:48:32:587 [restartedMain] INFO  com.ivan.sunnyblog.SunnyBlogApplication No active profile set, falling back to default profiles: default
2021-11-09 15:48:32:633 [restartedMain] INFO  org.springframework.boot.devtools.env.DevToolsPropertyDefaultsPostProcessor Devtools property defaults active! Set 'spring.devtools.add-properties' to 'false' to disable
2021-11-09 15:48:32:634 [restartedMain] INFO  org.springframework.boot.devtools.env.DevToolsPropertyDefaultsPostProcessor For additional web related logging consider setting the 'logging.level.web' property to 'DEBUG'
2021-11-09 15:48:33:185 [restartedMain] INFO  org.springframework.data.repository.config.RepositoryConfigurationDelegate Multiple Spring Data modules found, entering strict repository configuration mode!
2021-11-09 15:48:33:188 [restartedMain] INFO  org.springframework.data.repository.config.RepositoryConfigurationDelegate Bootstrapping Spring Data repositories in DEFAULT mode.
2021-11-09 15:48:33:222 [restartedMain] INFO  org.springframework.data.repository.config.RepositoryConfigurationDelegate Finished Spring Data repository scanning in 23ms. Found 0 repository interfaces.
2021-11-09 15:48:33:441 [restartedMain] INFO  o.s.context.support.PostProcessorRegistrationDelegate$BeanPostProcessorChecker Bean 'org.springframework.transaction.annotation.ProxyTransactionManagementConfiguration' of type [org.springframework.transaction.annotation.ProxyTransactionManagementConfiguration$$EnhancerBySpringCGLIB$$75f42a33] is not eligible for getting processed by all BeanPostProcessors (for example: not eligible for auto-proxying)
2021-11-09 15:48:33:684 [restartedMain] INFO  org.springframework.boot.web.embedded.tomcat.TomcatWebServer Tomcat initialized with port(s): 8081 (http)
2021-11-09 15:48:33:692 [restartedMain] INFO  org.apache.coyote.http11.Http11NioProtocol Initializing ProtocolHandler ["http-nio-8081"]
2021-11-09 15:48:33:698 [restartedMain] INFO  org.apache.catalina.core.StandardService Starting service [Tomcat]
2021-11-09 15:48:33:698 [restartedMain] INFO  org.apache.catalina.core.StandardEngine Starting Servlet engine: [Apache Tomcat/9.0.21]
2021-11-09 15:48:33:747 [restartedMain] INFO  org.apache.catalina.core.ContainerBase.[Tomcat].[localhost].[/] Initializing Spring embedded WebApplicationContext
2021-11-09 15:48:33:747 [restartedMain] INFO  org.springframework.web.context.ContextLoader Root WebApplicationContext: initialization completed in 1113 ms
2021-11-09 15:48:33:996 [restartedMain] INFO  com.zaxxer.hikari.HikariDataSource HikariPool-1 - Starting...
2021-11-09 15:48:34:103 [restartedMain] INFO  com.zaxxer.hikari.HikariDataSource HikariPool-1 - Start completed.
2021-11-09 15:49:24:480 [restartedMain] INFO  org.springframework.scheduling.concurrent.ThreadPoolTaskExecutor Initializing ExecutorService 'applicationTaskExecutor'
2021-11-09 15:49:24:722 [restartedMain] INFO  org.springframework.boot.devtools.autoconfigure.OptionalLiveReloadServer LiveReload server is running on port 35729
2021-11-09 15:49:24:772 [restartedMain] INFO  org.apache.coyote.http11.Http11NioProtocol Starting ProtocolHandler ["http-nio-8081"]
2021-11-09 15:49:24:790 [restartedMain] INFO  org.springframework.boot.web.embedded.tomcat.TomcatWebServer Tomcat started on port(s): 8081 (http) with context path ''
2021-11-09 15:49:24:792 [restartedMain] INFO  com.ivan.sunnyblog.SunnyBlogApplication Started SunnyBlogApplication in 52.654 seconds (JVM running for 53.385)
2021-11-09 15:49:28:441 [http-nio-8081-exec-1] INFO  org.apache.catalina.core.ContainerBase.[Tomcat].[localhost].[/] Initializing Spring DispatcherServlet 'dispatcherServlet'
2021-11-09 15:49:28:442 [http-nio-8081-exec-1] INFO  org.springframework.web.servlet.DispatcherServlet Initializing Servlet 'dispatcherServlet'
2021-11-09 15:49:28:448 [http-nio-8081-exec-1] INFO  org.springframework.web.servlet.DispatcherServlet Completed initialization in 6 ms
2021-11-09 15:49:28:583 [http-nio-8081-exec-1] INFO  org.jooq.Constants 
                                      
@@@@@@@@@@@@@@@@@@@@@@@@@@@@@@@@@@@@@@
@@@@@@@@@@@@@@@@@@@@@@@@@@@@@@@@@@@@@@
@@@@@@@@@@@@@@@@  @@        @@@@@@@@@@
@@@@@@@@@@@@@@@@@@@@        @@@@@@@@@@
@@@@@@@@@@@@@@@@  @@  @@    @@@@@@@@@@
@@@@@@@@@@  @@@@  @@  @@    @@@@@@@@@@
@@@@@@@@@@        @@        @@@@@@@@@@
@@@@@@@@@@@@@@@@@@@@@@@@@@@@@@@@@@@@@@
@@@@@@@@@@@@@@@@@@@@@@@@@@@@@@@@@@@@@@
@@@@@@@@@@        @@        @@@@@@@@@@
@@@@@@@@@@    @@  @@  @@@@  @@@@@@@@@@
@@@@@@@@@@    @@  @@  @@@@  @@@@@@@@@@
@@@@@@@@@@        @@  @  @  @@@@@@@@@@
@@@@@@@@@@        @@        @@@@@@@@@@
@@@@@@@@@@@@@@@@@@@@@@@  @@@@@@@@@@@@@
@@@@@@@@@@@@@@@@@@@@@@@@@@@@@@@@@@@@@@
@@@@@@@@@@@@@@@@@@@@@@@@@@@@@@@@@@@@@@  Thank you for using jOOQ 3.11.11
                                      
2021-11-09 15:49:28:653 [http-nio-8081-exec-1] INFO  com.ivan.sunnyblog.web.aop.ControllerAspect *** Request Success ***: 171ms GET URI=/api/articles, methodName=com.ivan.sunnyblog.web.controller.ArticleController.getArticles, args=[SearchVo{page=1, limit=10, categoryId=null}], result=ResultInfo{info='null', status=0, data=[ArticleVo{userInfo=UserInfoVo{userId=100001, nickName='ivan', userName='ivan'}, category=CategoryVo{categoryId=1, name='Life ', articleCount=null}, BaseArticleVo{articleId=10005, status=1, title='dd', description='This is the doc of React markdown editor lite.
Enjoy!!', content='null', firstPicture='', viewCount=0, createDate='Sun Nov 07 14:09:29 EST 2021', updateDate='Mon Nov 08 09:15:09 EST 2021'}}, ArticleVo{userInfo=UserInfoVo{userId=100001, nickName='ivan', userName='ivan'}, category=CategoryVo{categoryId=2, name='liddffd', articleCount=null}, BaseArticleVo{articleId=10004, status=1, title='Spring boot', description='rerwerwer', content='null', firstPicture='null', viewCount=0, createDate='Tue Oct 12 15:58:26 EDT 2021', updateDate='Tue Oct 12 15:58:26 EDT 2021'}}]}
2021-11-09 15:50:44:740 [http-nio-8081-exec-3] INFO  com.ivan.sunnyblog.web.aop.ControllerAspect *** Request Success ***: 14ms GET URI=/api/articles, methodName=com.ivan.sunnyblog.web.controller.ArticleController.getArticles, args=[SearchVo{page=1, limit=10, categoryId=null}], result=ResultInfo{info='null', status=0, data=[ArticleVo{userInfo=UserInfoVo{userId=100001, nickName='ivan', userName='ivan'}, category=CategoryVo{categoryId=1, name='Life ', articleCount=null}, BaseArticleVo{articleId=10005, status=1, title='dd', description='This is the doc of React markdown editor lite.
Enjoy!!', content='null', firstPicture='', viewCount=0, createDate='Sun Nov 07 14:09:29 EST 2021', updateDate='Mon Nov 08 09:15:09 EST 2021'}}, ArticleVo{userInfo=UserInfoVo{userId=100001, nickName='ivan', userName='ivan'}, category=CategoryVo{categoryId=2, name='liddffd', articleCount=null}, BaseArticleVo{articleId=10004, status=1, title='Spring boot', description='rerwerwer', content='null', firstPicture='null', viewCount=0, createDate='Tue Oct 12 15:58:26 EDT 2021', updateDate='Tue Oct 12 15:58:26 EDT 2021'}}]}
2021-11-09 15:51:50:937 [http-nio-8081-exec-5] INFO  com.ivan.sunnyblog.web.aop.ControllerAspect *** Request Success ***: 13ms GET URI=/api/articles, methodName=com.ivan.sunnyblog.web.controller.ArticleController.getArticles, args=[SearchVo{page=1, limit=10, categoryId=null}], result=ResultInfo{info='null', status=0, data=[ArticleVo{userInfo=UserInfoVo{userId=100001, nickName='ivan', userName='ivan'}, category=CategoryVo{categoryId=1, name='Life ', articleCount=null}, BaseArticleVo{articleId=10005, status=1, title='dd', description='This is the doc of React markdown editor lite.
Enjoy!!', content='null', firstPicture='', viewCount=0, createDate='Sun Nov 07 14:09:29 EST 2021', updateDate='Mon Nov 08 09:15:09 EST 2021'}}, ArticleVo{userInfo=UserInfoVo{userId=100001, nickName='ivan', userName='ivan'}, category=CategoryVo{categoryId=2, name='liddffd', articleCount=null}, BaseArticleVo{articleId=10004, status=1, title='Spring boot', description='rerwerwer', content='null', firstPicture='null', viewCount=0, createDate='Tue Oct 12 15:58:26 EDT 2021', updateDate='Tue Oct 12 15:58:26 EDT 2021'}}]}
2021-11-09 15:54:10:747 [http-nio-8081-exec-7] INFO  com.ivan.sunnyblog.web.aop.ControllerAspect *** Request Success ***: 10ms GET URI=/api/articles, methodName=com.ivan.sunnyblog.web.controller.ArticleController.getArticles, args=[SearchVo{page=1, limit=10, categoryId=null}], result=ResultInfo{info='null', status=0, data=[ArticleVo{userInfo=UserInfoVo{userId=100001, nickName='ivan', userName='ivan'}, category=CategoryVo{categoryId=1, name='Life ', articleCount=null}, BaseArticleVo{articleId=10005, status=1, title='dd', description='This is the doc of React markdown editor lite.
Enjoy!!', content='null', firstPicture='', viewCount=0, createDate='Sun Nov 07 14:09:29 EST 2021', updateDate='Mon Nov 08 09:15:09 EST 2021'}}, ArticleVo{userInfo=UserInfoVo{userId=100001, nickName='ivan', userName='ivan'}, category=CategoryVo{categoryId=2, name='liddffd', articleCount=null}, BaseArticleVo{articleId=10004, status=1, title='Spring boot', description='rerwerwer', content='null', firstPicture='null', viewCount=0, createDate='Tue Oct 12 15:58:26 EDT 2021', updateDate='Tue Oct 12 15:58:26 EDT 2021'}}]}
2021-11-09 16:00:55:325 [http-nio-8081-exec-9] INFO  com.ivan.sunnyblog.web.aop.ControllerAspect *** Request Success ***: 66ms GET URI=/api/articles, methodName=com.ivan.sunnyblog.web.controller.ArticleController.getArticles, args=[SearchVo{page=1, limit=10, categoryId=null}], result=ResultInfo{info='null', status=0, data=[ArticleVo{userInfo=UserInfoVo{userId=100001, nickName='ivan', userName='ivan'}, category=CategoryVo{categoryId=1, name='Life ', articleCount=null}, BaseArticleVo{articleId=10005, status=1, title='dd', description='This is the doc of React markdown editor lite.
Enjoy!!', content='null', firstPicture='', viewCount=0, createDate='Sun Nov 07 14:09:29 EST 2021', updateDate='Mon Nov 08 09:15:09 EST 2021'}}, ArticleVo{userInfo=UserInfoVo{userId=100001, nickName='ivan', userName='ivan'}, category=CategoryVo{categoryId=2, name='liddffd', articleCount=null}, BaseArticleVo{articleId=10004, status=1, title='Spring boot', description='rerwerwer', content='null', firstPicture='null', viewCount=0, createDate='Tue Oct 12 15:58:26 EDT 2021', updateDate='Tue Oct 12 15:58:26 EDT 2021'}}]}
2021-11-09 16:01:10:291 [http-nio-8081-exec-10] INFO  com.ivan.sunnyblog.web.aop.ControllerAspect *** Request Success ***: 9ms GET URI=/api/articles, methodName=com.ivan.sunnyblog.web.controller.ArticleController.getArticles, args=[SearchVo{page=1, limit=10, categoryId=null}], result=ResultInfo{info='null', status=0, data=[ArticleVo{userInfo=UserInfoVo{userId=100001, nickName='ivan', userName='ivan'}, category=CategoryVo{categoryId=1, name='Life ', articleCount=null}, BaseArticleVo{articleId=10005, status=1, title='dd', description='This is the doc of React markdown editor lite.
Enjoy!!', content='null', firstPicture='', viewCount=0, createDate='Sun Nov 07 14:09:29 EST 2021', updateDate='Mon Nov 08 09:15:09 EST 2021'}}, ArticleVo{userInfo=UserInfoVo{userId=100001, nickName='ivan', userName='ivan'}, category=CategoryVo{categoryId=2, name='liddffd', articleCount=null}, BaseArticleVo{articleId=10004, status=1, title='Spring boot', description='rerwerwer', content='null', firstPicture='null', viewCount=0, createDate='Tue Oct 12 15:58:26 EDT 2021', updateDate='Tue Oct 12 15:58:26 EDT 2021'}}]}
2021-11-09 16:02:16:337 [http-nio-8081-exec-2] INFO  com.ivan.sunnyblog.web.aop.ControllerAspect *** Request Success ***: 30ms GET URI=/api/articles, methodName=com.ivan.sunnyblog.web.controller.ArticleController.getArticles, args=[SearchVo{page=1, limit=10, categoryId=null}], result=ResultInfo{info='null', status=0, data=[ArticleVo{userInfo=UserInfoVo{userId=100001, nickName='ivan', userName='ivan'}, category=CategoryVo{categoryId=1, name='Life ', articleCount=null}, BaseArticleVo{articleId=10005, status=1, title='dd', description='This is the doc of React markdown editor lite.
Enjoy!!', content='null', firstPicture='', viewCount=0, createDate='Sun Nov 07 14:09:29 EST 2021', updateDate='Mon Nov 08 09:15:09 EST 2021'}}, ArticleVo{userInfo=UserInfoVo{userId=100001, nickName='ivan', userName='ivan'}, category=CategoryVo{categoryId=2, name='liddffd', articleCount=null}, BaseArticleVo{articleId=10004, status=1, title='Spring boot', description='rerwerwer', content='null', firstPicture='null', viewCount=0, createDate='Tue Oct 12 15:58:26 EDT 2021', updateDate='Tue Oct 12 15:58:26 EDT 2021'}}]}
2021-11-09 16:03:12:614 [http-nio-8081-exec-3] INFO  com.ivan.sunnyblog.web.aop.ControllerAspect *** Request Success ***: 52ms GET URI=/api/articles, methodName=com.ivan.sunnyblog.web.controller.ArticleController.getArticles, args=[SearchVo{page=1, limit=10, categoryId=null}], result=ResultInfo{info='null', status=0, data=[ArticleVo{userInfo=UserInfoVo{userId=100001, nickName='ivan', userName='ivan'}, category=CategoryVo{categoryId=1, name='Life ', articleCount=null}, BaseArticleVo{articleId=10005, status=1, title='dd', description='This is the doc of React markdown editor lite.
Enjoy!!', content='null', firstPicture='', viewCount=0, createDate='Sun Nov 07 14:09:29 EST 2021', updateDate='Mon Nov 08 09:15:09 EST 2021'}}, ArticleVo{userInfo=UserInfoVo{userId=100001, nickName='ivan', userName='ivan'}, category=CategoryVo{categoryId=2, name='liddffd', articleCount=null}, BaseArticleVo{articleId=10004, status=1, title='Spring boot', description='rerwerwer', content='null', firstPicture='null', viewCount=0, createDate='Tue Oct 12 15:58:26 EDT 2021', updateDate='Tue Oct 12 15:58:26 EDT 2021'}}]}
2021-11-09 16:03:24:433 [http-nio-8081-exec-4] INFO  com.ivan.sunnyblog.web.aop.ControllerAspect *** Request Success ***: 15ms GET URI=/api/articles, methodName=com.ivan.sunnyblog.web.controller.ArticleController.getArticles, args=[SearchVo{page=1, limit=10, categoryId=null}], result=ResultInfo{info='null', status=0, data=[ArticleVo{userInfo=UserInfoVo{userId=100001, nickName='ivan', userName='ivan'}, category=CategoryVo{categoryId=1, name='Life ', articleCount=null}, BaseArticleVo{articleId=10005, status=1, title='dd', description='This is the doc of React markdown editor lite.
Enjoy!!', content='null', firstPicture='', viewCount=0, createDate='Sun Nov 07 14:09:29 EST 2021', updateDate='Mon Nov 08 09:15:09 EST 2021'}}, ArticleVo{userInfo=UserInfoVo{userId=100001, nickName='ivan', userName='ivan'}, category=CategoryVo{categoryId=2, name='liddffd', articleCount=null}, BaseArticleVo{articleId=10004, status=1, title='Spring boot', description='rerwerwer', content='null', firstPicture='null', viewCount=0, createDate='Tue Oct 12 15:58:26 EDT 2021', updateDate='Tue Oct 12 15:58:26 EDT 2021'}}]}
2021-11-09 16:03:55:111 [http-nio-8081-exec-5] INFO  com.ivan.sunnyblog.web.aop.ControllerAspect *** Request Success ***: 16ms GET URI=/api/articles, methodName=com.ivan.sunnyblog.web.controller.ArticleController.getArticles, args=[SearchVo{page=1, limit=10, categoryId=null}], result=ResultInfo{info='null', status=0, data=[ArticleVo{userInfo=UserInfoVo{userId=100001, nickName='ivan', userName='ivan'}, category=CategoryVo{categoryId=1, name='Life ', articleCount=null}, BaseArticleVo{articleId=10005, status=1, title='dd', description='This is the doc of React markdown editor lite.
Enjoy!!', content='null', firstPicture='', viewCount=0, createDate='Sun Nov 07 14:09:29 EST 2021', updateDate='Mon Nov 08 09:15:09 EST 2021'}}, ArticleVo{userInfo=UserInfoVo{userId=100001, nickName='ivan', userName='ivan'}, category=CategoryVo{categoryId=2, name='liddffd', articleCount=null}, BaseArticleVo{articleId=10004, status=1, title='Spring boot', description='rerwerwer', content='null', firstPicture='null', viewCount=0, createDate='Tue Oct 12 15:58:26 EDT 2021', updateDate='Tue Oct 12 15:58:26 EDT 2021'}}]}
2021-11-09 16:03:55:174 [http-nio-8081-exec-7] INFO  com.ivan.sunnyblog.web.aop.ControllerAspect *** Request Success ***: 54ms GET URI=/api/categories, methodName=com.ivan.sunnyblog.web.controller.CategoryContoller.getCategories, args=[], result=ResultInfo{info='null', status=0, data=[CategoryVo{categoryId=2, name='liddffd', articleCount=1}, CategoryVo{categoryId=1, name='Life ', articleCount=1}]}
2021-11-09 16:04:13:361 [http-nio-8081-exec-9] INFO  com.ivan.sunnyblog.web.aop.ControllerAspect *** Request Success ***: 10ms GET URI=/api/admin/article/10005, methodName=com.ivan.sunnyblog.web.controller.ArticleController.getArticleDetail, args=[10005], result=ResultInfo{info='null', status=0, data=ArticleDetailVo{categoryId=1, BaseArticleVo{articleId=10005, status=1, title='dd', description='This is the doc of React markdown editor lite.
Enjoy!!', content='| Head | Head | Head | Head |
| --- | --- | --- | --- |
| Data | Data | Data | Data |
| Data | Data | Data | Data |

## 手把手教你写一个markdown编辑器

> 笔者在18年年末的时候接到一个开发任务——搭建一个AI项目的开放平台，其中的产品文档为转化为HTML格式的markdown文档。考虑到文档的即时更新，将文档信息做成了Ajax接口的形式。因此管理后台只需将textarea表单的内容通过markdown解析器进行HTML格式转化，然后将markdown内容和经转化的HTML文档都保存到数据库即可。
> 基本需求完成后，为了更好的用户体验，考虑将常用的编辑功能添加进来。改进版不仅支持了常用的文本编辑功能，还实现的UI界面的配置化，自定义语法解析器。本着造福伸手党的目的，以及积累些开源经验，笔者将该react 组件 [react-markdown-editor-lite](https://github.com/HarryChen0506/react-markdown-editor-lite) 进行了封装改造，并且发布到了开源社区。

### 预览
在线体验 [https://harrychen0506.github.io/react-markdown-editor-lite/](https://harrychen0506.github.io/react-markdown-editor-lite/)

![image](https://github.com//HarryChen0506/react-markdown-editor-lite/blob/master/image/react-markdown-editor-lite-v1.0.0.PNG?raw=true)

### 特点
* 轻量、基于React
* UI可配置, 如只显示编辑区或预览区
* 支持自定义markdown语法解析器,语法高亮等
* 支持常用的markdown编辑功能，如加粗，斜体等等...
* 支持功能按钮插拔化，用户可以自定义扩展组件
* 支持编辑区和预览区同步滚动

### 开发心得

- 文本编辑

  大多数常见的编辑器，包括富文本编辑器，利用了某些元素如div的contenteditable属性，配合selection、range、execCommand等API，实现了富文本编辑功能。这里面的实现比较复杂，所以有了"[为什么都说富文本编辑器是天坑？](https://www.zhihu.com/question/38699645)"这个说法。

  而markdown编辑器，核心的处理内容为简单语法的纯文本，复杂度相对来说比较低，并且input标签自带onSelect事件，可以很方便的获取选择信息（选择起始位置和选择文本值），因此要想实现编辑功能，只需将要改动的内容进行文本转换，然后进行重新拼接首尾，大功告成。
  
- markdown解析

  考察了几个社区流行的markdown解析器，比较流行的有[markdown](https://www.npmjs.com/package/markdown), [markdown-it](https://www.npmjs.com/package/markdown-it), [marked](https://www.npmjs.com/package/marked) 等等。综合考虑扩展性以及稳定性，笔者推荐使用markdown-it作为markdown的词法解析器，因为该解析器有比较多的插件，并且支持语法高亮。

- 同步滚动

  当选择分栏编辑的时候，滚动左侧的编辑区，右侧的预览区能自动滚动到对应的区域。方案参考了《[手把手教你用 100行代码实现基于 react的 markdown 输入 + 即时预览在线编辑器（一）](https://github.com/accforgit/blog-data/blob/master/%E5%9C%A8%E7%BA%BF%E7%BC%96%E8%BE%91%E5%99%A8/README/README1.md)》。只需先计算出输入框容器元素与预览框容器元素之间最大scroll范围的比例值，然后根据主动滚动元素自身的scrollTop做相应的比例换算，即可知道对方区域的scrollTop值。

- 关于UI
 
  - 项目的字体库选择了Font Awesome风格，并且只选取了项目所需要的一些图标。
  - 编辑器的整体css均可通过全局覆盖的形式进行自定义。目前暂时只支持灰色主题。
  - 编辑器的显示区域包括菜单栏，编辑器，预览区，工具栏，通过配置组件的config属性，可以选择默认的展示区域。
  
### Install

```js
npm install react-markdown-editor-lite --save
```

### Props

| Property | Description | Type | default | Remarks |
| --- | --- | --- | --- | --- |
| value | markdown content | String | '' | required |
| style | component container style | Object | {height: '100%'} | not required |
| config | component config | Object | {view: {...}, logger: {...}} | not required |
| onChange | emitting when editor has changed | Function | ({html, md}) => {} | not required |
| onImageUpload | when image uploaded, callback emitting will get image markdown text | (file: File, callback: (url: string) => void) => void; | ({file, callback}) => {} | not required |
| renderHTML | Render markdown text to HTML. You can return either string, function or Promise | (text: string) => string|function|Promise | none | **required** |

### Example

``` js
'use strict';
import React from 'react'
import ReactDOM from 'react-dom'
import MdEditor from 'react-markdown-editor-lite'
import MarkdownIt from 'markdown-it'
import emoji from 'markdown-it-emoji'
import subscript from 'markdown-it-sub'
import superscript from 'markdown-it-sup'
import footnote from 'markdown-it-footnote'
import deflist from 'markdown-it-deflist'
import abbreviation from 'markdown-it-abbr'
import insert from 'markdown-it-ins'
import mark from 'markdown-it-mark'
import tasklists from 'markdown-it-task-lists'
import hljs from 'highlight.js'
import 'highlight.js/styles/atom-one-light.css'
// import 'highlight.js/styles/github.css'
import './index.less';

const MOCK_DATA = "I Love React."
export default class Demo extends React.Component {
  mdEditor = null
  mdParser = null
  constructor(props) {
    super(props)
    // initial a parsera
    this.mdParser = new MarkdownIt({
      html: true,
      linkify: true,
      typographer: true,
      highlight: function (str, lang) {
        if (lang && hljs.getLanguage(lang)) {
          try {
            return hljs.highlight(lang, str).value
          } catch (__) {}
        }    
        return '' // use external default escaping
      }
    })
    .use(emoji)
    .use(subscript)
    .use(superscript)
    .use(footnote)
    .use(deflist)
    .use(abbreviation)
    .use(insert)
    .use(mark)
    .use(tasklists, { enabled: this.taskLists })
    this.renderHTML = this.renderHTML.bind(this)
  }
  handleEditorChange({html, md}) {
    console.log('handleEditorChange', html, md)
  }
  handleImageUpload(file, callback) {
    const reader = new FileReader()
    reader.onload = () => {      
      const convertBase64UrlToBlob = (urlData) => {  
        let arr = urlData.split(','), mime = arr[0].match(/:(.*?);/)[1]
        let bstr = atob(arr[1])
        let n = bstr.length
        let u8arr = new Uint8Array(n)
        while (n--) {
          u8arr[n] = bstr.charCodeAt(n)
        }
        return new Blob([u8arr], {type:mime})
      }
      const blob = convertBase64UrlToBlob(reader.result)
      setTimeout(() => {
        // setTimeout 模拟异步上传图片
        // 当异步上传获取图片地址后，执行calback回调（参数为imageUrl字符串），即可将图片地址写入markdown
        callback('https://avatars0.githubusercontent.com/u/21263805?s=40&v=4')
      }, 1000)
    }
    reader.readAsDataURL(file)
  }
  renderHTML(text) {
    // 模拟异步渲染Markdown
    return new Promise((resolve) => {
      setTimeout(() => {
        resolve(this.mdParser.render(text))
      }, 1000)
    })
  }
  handleGetMdValue = () => {   
    this.mdEditor && alert(this.mdEditor.getMdValue())      
  }
  handleGetHtmlValue = () => {    
    this.mdEditor && alert(this.mdEditor.getHtmlValue())
  }
  render() {
    return (      
      <div>
        <nav>
          <button onClick={this.handleGetMdValue} >getMdValue</button>  
          <button onClick={this.handleGetHtmlValue} >getHtmlValue</button>  
        </nav>
        <section style="height: 500px">
          <MdEditor 
            ref={node => this.mdEditor = node}
            value={MOCK_DATA}
            style={{height: '400px'}}
            renderHTML={this.renderHTML}
            config={{
              view: {
                menu: true,
                md: true,
                html: true
              },
              imageUrl: 'https://octodex.github.com/images/minion.png'
            }}
            onChange={this.handleEditorChange} 
            onImageUpload={this.handleImageUpload}
          />
        </section>                        
      </div>      
    )
  }
}
```

### 最后

   欢迎大家使用和反馈，[项目地址](https://github.com/HarryChen0506/react-markdown-editor-lite) (https://github.com/HarryChen0506/react-markdown-editor-lite)， 你的点赞将是我莫大的动力😊

', firstPicture='', viewCount=0, createDate='Sun Nov 07 14:09:29 EST 2021', updateDate='Mon Nov 08 09:15:09 EST 2021'}}}
2021-11-09 16:59:55:508 [HikariPool-1 housekeeper] WARN  com.zaxxer.hikari.pool.HikariPool HikariPool-1 - Thread starvation or clock leap detected (housekeeper delta=49m21s74ms).
2021-11-09 18:06:04:076 [HikariPool-1 housekeeper] WARN  com.zaxxer.hikari.pool.HikariPool HikariPool-1 - Thread starvation or clock leap detected (housekeeper delta=1h6m8s592ms).
2021-11-09 19:44:25:727 [HikariPool-1 housekeeper] WARN  com.zaxxer.hikari.pool.HikariPool HikariPool-1 - Thread starvation or clock leap detected (housekeeper delta=1h38m21s652ms).
2021-11-09 21:08:58:907 [HikariPool-1 housekeeper] WARN  com.zaxxer.hikari.pool.HikariPool HikariPool-1 - Thread starvation or clock leap detected (housekeeper delta=1h24m33s180ms).
2021-11-09 22:38:09:777 [HikariPool-1 housekeeper] WARN  com.zaxxer.hikari.pool.HikariPool HikariPool-1 - Thread starvation or clock leap detected (housekeeper delta=1h29m10s870ms).
2021-11-09 22:48:42:532 [http-nio-8081-exec-2] INFO  com.ivan.sunnyblog.web.aop.ControllerAspect *** Request Success ***: 54ms GET URI=/api/articles, methodName=com.ivan.sunnyblog.web.controller.ArticleController.getArticles, args=[SearchVo{page=1, limit=10, categoryId=null}], result=ResultInfo{info='null', status=0, data=[ArticleVo{userInfo=UserInfoVo{userId=100001, nickName='ivan', userName='ivan'}, category=CategoryVo{categoryId=1, name='Life ', articleCount=null}, BaseArticleVo{articleId=10005, status=1, title='dd', description='This is the doc of React markdown editor lite.
Enjoy!!', content='null', firstPicture='', viewCount=0, createDate='Sun Nov 07 14:09:29 EST 2021', updateDate='Mon Nov 08 09:15:09 EST 2021'}}, ArticleVo{userInfo=UserInfoVo{userId=100001, nickName='ivan', userName='ivan'}, category=CategoryVo{categoryId=2, name='liddffd', articleCount=null}, BaseArticleVo{articleId=10004, status=1, title='Spring boot', description='rerwerwer', content='null', firstPicture='null', viewCount=0, createDate='Tue Oct 12 15:58:26 EDT 2021', updateDate='Tue Oct 12 15:58:26 EDT 2021'}}]}
2021-11-09 22:50:40:251 [http-nio-8081-exec-4] INFO  com.ivan.sunnyblog.web.aop.ControllerAspect *** Request Success ***: 12ms GET URI=/api/articles, methodName=com.ivan.sunnyblog.web.controller.ArticleController.getArticles, args=[SearchVo{page=1, limit=10, categoryId=null}], result=ResultInfo{info='null', status=0, data=[ArticleVo{userInfo=UserInfoVo{userId=100001, nickName='ivan', userName='ivan'}, category=CategoryVo{categoryId=1, name='Life ', articleCount=null}, BaseArticleVo{articleId=10005, status=1, title='dd', description='This is the doc of React markdown editor lite.
Enjoy!!', content='null', firstPicture='', viewCount=0, createDate='Sun Nov 07 14:09:29 EST 2021', updateDate='Mon Nov 08 09:15:09 EST 2021'}}, ArticleVo{userInfo=UserInfoVo{userId=100001, nickName='ivan', userName='ivan'}, category=CategoryVo{categoryId=2, name='liddffd', articleCount=null}, BaseArticleVo{articleId=10004, status=1, title='Spring boot', description='rerwerwer', content='null', firstPicture='null', viewCount=0, createDate='Tue Oct 12 15:58:26 EDT 2021', updateDate='Tue Oct 12 15:58:26 EDT 2021'}}]}
2021-11-09 22:54:50:042 [http-nio-8081-exec-5] INFO  com.ivan.sunnyblog.web.aop.ControllerAspect *** Request Success ***: 8ms GET URI=/api/articles, methodName=com.ivan.sunnyblog.web.controller.ArticleController.getArticles, args=[SearchVo{page=1, limit=10, categoryId=null}], result=ResultInfo{info='null', status=0, data=[ArticleVo{userInfo=UserInfoVo{userId=100001, nickName='ivan', userName='ivan'}, category=CategoryVo{categoryId=1, name='Life ', articleCount=null}, BaseArticleVo{articleId=10005, status=1, title='dd', description='This is the doc of React markdown editor lite.
Enjoy!!', content='null', firstPicture='', viewCount=0, createDate='Sun Nov 07 14:09:29 EST 2021', updateDate='Mon Nov 08 09:15:09 EST 2021'}}, ArticleVo{userInfo=UserInfoVo{userId=100001, nickName='ivan', userName='ivan'}, category=CategoryVo{categoryId=2, name='liddffd', articleCount=null}, BaseArticleVo{articleId=10004, status=1, title='Spring boot', description='rerwerwer', content='null', firstPicture='null', viewCount=0, createDate='Tue Oct 12 15:58:26 EDT 2021', updateDate='Tue Oct 12 15:58:26 EDT 2021'}}]}
2021-11-09 22:56:44:686 [http-nio-8081-exec-8] INFO  com.ivan.sunnyblog.web.aop.ControllerAspect *** Request Success ***: 8ms GET URI=/api/articles, methodName=com.ivan.sunnyblog.web.controller.ArticleController.getArticles, args=[SearchVo{page=1, limit=10, categoryId=null}], result=ResultInfo{info='null', status=0, data=[ArticleVo{userInfo=UserInfoVo{userId=100001, nickName='ivan', userName='ivan'}, category=CategoryVo{categoryId=1, name='Life ', articleCount=null}, BaseArticleVo{articleId=10005, status=1, title='dd', description='This is the doc of React markdown editor lite.
Enjoy!!', content='null', firstPicture='', viewCount=0, createDate='Sun Nov 07 14:09:29 EST 2021', updateDate='Mon Nov 08 09:15:09 EST 2021'}}, ArticleVo{userInfo=UserInfoVo{userId=100001, nickName='ivan', userName='ivan'}, category=CategoryVo{categoryId=2, name='liddffd', articleCount=null}, BaseArticleVo{articleId=10004, status=1, title='Spring boot', description='rerwerwer', content='null', firstPicture='null', viewCount=0, createDate='Tue Oct 12 15:58:26 EDT 2021', updateDate='Tue Oct 12 15:58:26 EDT 2021'}}]}
2021-11-09 22:57:21:889 [http-nio-8081-exec-9] INFO  com.ivan.sunnyblog.web.aop.ControllerAspect *** Request Success ***: 10ms GET URI=/api/articles, methodName=com.ivan.sunnyblog.web.controller.ArticleController.getArticles, args=[SearchVo{page=1, limit=10, categoryId=null}], result=ResultInfo{info='null', status=0, data=[ArticleVo{userInfo=UserInfoVo{userId=100001, nickName='ivan', userName='ivan'}, category=CategoryVo{categoryId=1, name='Life ', articleCount=null}, BaseArticleVo{articleId=10005, status=1, title='dd', description='This is the doc of React markdown editor lite.
Enjoy!!', content='null', firstPicture='', viewCount=0, createDate='Sun Nov 07 14:09:29 EST 2021', updateDate='Mon Nov 08 09:15:09 EST 2021'}}, ArticleVo{userInfo=UserInfoVo{userId=100001, nickName='ivan', userName='ivan'}, category=CategoryVo{categoryId=2, name='liddffd', articleCount=null}, BaseArticleVo{articleId=10004, status=1, title='Spring boot', description='rerwerwer', content='null', firstPicture='null', viewCount=0, createDate='Tue Oct 12 15:58:26 EDT 2021', updateDate='Tue Oct 12 15:58:26 EDT 2021'}}]}
2021-11-09 22:59:30:495 [http-nio-8081-exec-2] INFO  com.ivan.sunnyblog.web.aop.ControllerAspect *** Request Success ***: 4ms GET URI=/api/articles, methodName=com.ivan.sunnyblog.web.controller.ArticleController.getArticles, args=[SearchVo{page=1, limit=10, categoryId=null}], result=ResultInfo{info='null', status=0, data=[ArticleVo{userInfo=UserInfoVo{userId=100001, nickName='ivan', userName='ivan'}, category=CategoryVo{categoryId=1, name='Life ', articleCount=null}, BaseArticleVo{articleId=10005, status=1, title='dd', description='This is the doc of React markdown editor lite.
Enjoy!!', content='null', firstPicture='', viewCount=0, createDate='Sun Nov 07 14:09:29 EST 2021', updateDate='Mon Nov 08 09:15:09 EST 2021'}}, ArticleVo{userInfo=UserInfoVo{userId=100001, nickName='ivan', userName='ivan'}, category=CategoryVo{categoryId=2, name='liddffd', articleCount=null}, BaseArticleVo{articleId=10004, status=1, title='Spring boot', description='rerwerwer', content='null', firstPicture='null', viewCount=0, createDate='Tue Oct 12 15:58:26 EDT 2021', updateDate='Tue Oct 12 15:58:26 EDT 2021'}}]}
2021-11-09 23:00:56:337 [http-nio-8081-exec-4] INFO  com.ivan.sunnyblog.web.aop.ControllerAspect *** Request Success ***: 12ms GET URI=/api/articles, methodName=com.ivan.sunnyblog.web.controller.ArticleController.getArticles, args=[SearchVo{page=1, limit=10, categoryId=null}], result=ResultInfo{info='null', status=0, data=[ArticleVo{userInfo=UserInfoVo{userId=100001, nickName='ivan', userName='ivan'}, category=CategoryVo{categoryId=1, name='Life ', articleCount=null}, BaseArticleVo{articleId=10005, status=1, title='dd', description='This is the doc of React markdown editor lite.
Enjoy!!', content='null', firstPicture='', viewCount=0, createDate='Sun Nov 07 14:09:29 EST 2021', updateDate='Mon Nov 08 09:15:09 EST 2021'}}, ArticleVo{userInfo=UserInfoVo{userId=100001, nickName='ivan', userName='ivan'}, category=CategoryVo{categoryId=2, name='liddffd', articleCount=null}, BaseArticleVo{articleId=10004, status=1, title='Spring boot', description='rerwerwer', content='null', firstPicture='null', viewCount=0, createDate='Tue Oct 12 15:58:26 EDT 2021', updateDate='Tue Oct 12 15:58:26 EDT 2021'}}]}
2021-11-09 23:05:03:596 [http-nio-8081-exec-7] INFO  com.ivan.sunnyblog.web.aop.ControllerAspect *** Request Success ***: 9ms GET URI=/api/articles, methodName=com.ivan.sunnyblog.web.controller.ArticleController.getArticles, args=[SearchVo{page=1, limit=10, categoryId=null}], result=ResultInfo{info='null', status=0, data=[ArticleVo{userInfo=UserInfoVo{userId=100001, nickName='ivan', userName='ivan'}, category=CategoryVo{categoryId=1, name='Life ', articleCount=null}, BaseArticleVo{articleId=10005, status=1, title='dd', description='This is the doc of React markdown editor lite.
Enjoy!!', content='null', firstPicture='', viewCount=0, createDate='Sun Nov 07 14:09:29 EST 2021', updateDate='Mon Nov 08 09:15:09 EST 2021'}}, ArticleVo{userInfo=UserInfoVo{userId=100001, nickName='ivan', userName='ivan'}, category=CategoryVo{categoryId=2, name='liddffd', articleCount=null}, BaseArticleVo{articleId=10004, status=1, title='Spring boot', description='rerwerwer', content='null', firstPicture='null', viewCount=0, createDate='Tue Oct 12 15:58:26 EDT 2021', updateDate='Tue Oct 12 15:58:26 EDT 2021'}}]}
2021-11-09 23:08:46:747 [http-nio-8081-exec-9] INFO  com.ivan.sunnyblog.web.aop.ControllerAspect *** Request Success ***: 8ms GET URI=/api/articles, methodName=com.ivan.sunnyblog.web.controller.ArticleController.getArticles, args=[SearchVo{page=1, limit=10, categoryId=null}], result=ResultInfo{info='null', status=0, data=[ArticleVo{userInfo=UserInfoVo{userId=100001, nickName='ivan', userName='ivan'}, category=CategoryVo{categoryId=1, name='Life ', articleCount=null}, BaseArticleVo{articleId=10005, status=1, title='dd', description='This is the doc of React markdown editor lite.
Enjoy!!', content='null', firstPicture='', viewCount=0, createDate='Sun Nov 07 14:09:29 EST 2021', updateDate='Mon Nov 08 09:15:09 EST 2021'}}, ArticleVo{userInfo=UserInfoVo{userId=100001, nickName='ivan', userName='ivan'}, category=CategoryVo{categoryId=2, name='liddffd', articleCount=null}, BaseArticleVo{articleId=10004, status=1, title='Spring boot', description='rerwerwer', content='null', firstPicture='null', viewCount=0, createDate='Tue Oct 12 15:58:26 EDT 2021', updateDate='Tue Oct 12 15:58:26 EDT 2021'}}]}
2021-11-09 23:16:06:787 [http-nio-8081-exec-1] INFO  com.ivan.sunnyblog.web.aop.ControllerAspect *** Request Success ***: 60ms GET URI=/api/articles, methodName=com.ivan.sunnyblog.web.controller.ArticleController.getArticles, args=[SearchVo{page=1, limit=10, categoryId=null}], result=ResultInfo{info='null', status=0, data=[ArticleVo{userInfo=UserInfoVo{userId=100001, nickName='ivan', userName='ivan'}, category=CategoryVo{categoryId=1, name='Life ', articleCount=null}, BaseArticleVo{articleId=10005, status=1, title='dd', description='This is the doc of React markdown editor lite.
Enjoy!!', content='null', firstPicture='', viewCount=0, createDate='Sun Nov 07 14:09:29 EST 2021', updateDate='Mon Nov 08 09:15:09 EST 2021'}}, ArticleVo{userInfo=UserInfoVo{userId=100001, nickName='ivan', userName='ivan'}, category=CategoryVo{categoryId=2, name='liddffd', articleCount=null}, BaseArticleVo{articleId=10004, status=1, title='Spring boot', description='rerwerwer', content='null', firstPicture='null', viewCount=0, createDate='Tue Oct 12 15:58:26 EDT 2021', updateDate='Tue Oct 12 15:58:26 EDT 2021'}}]}
2021-11-09 23:17:43:546 [http-nio-8081-exec-3] INFO  com.ivan.sunnyblog.web.aop.ControllerAspect *** Request Success ***: 15ms GET URI=/api/articles, methodName=com.ivan.sunnyblog.web.controller.ArticleController.getArticles, args=[SearchVo{page=1, limit=10, categoryId=null}], result=ResultInfo{info='null', status=0, data=[ArticleVo{userInfo=UserInfoVo{userId=100001, nickName='ivan', userName='ivan'}, category=CategoryVo{categoryId=1, name='Life ', articleCount=null}, BaseArticleVo{articleId=10005, status=1, title='dd', description='This is the doc of React markdown editor lite.
Enjoy!!', content='null', firstPicture='', viewCount=0, createDate='Sun Nov 07 14:09:29 EST 2021', updateDate='Mon Nov 08 09:15:09 EST 2021'}}, ArticleVo{userInfo=UserInfoVo{userId=100001, nickName='ivan', userName='ivan'}, category=CategoryVo{categoryId=2, name='liddffd', articleCount=null}, BaseArticleVo{articleId=10004, status=1, title='Spring boot', description='rerwerwer', content='null', firstPicture='null', viewCount=0, createDate='Tue Oct 12 15:58:26 EDT 2021', updateDate='Tue Oct 12 15:58:26 EDT 2021'}}]}
2021-11-09 23:18:23:645 [http-nio-8081-exec-4] INFO  com.ivan.sunnyblog.web.aop.ControllerAspect *** Request Success ***: 11ms GET URI=/api/articles, methodName=com.ivan.sunnyblog.web.controller.ArticleController.getArticles, args=[SearchVo{page=1, limit=10, categoryId=null}], result=ResultInfo{info='null', status=0, data=[ArticleVo{userInfo=UserInfoVo{userId=100001, nickName='ivan', userName='ivan'}, category=CategoryVo{categoryId=1, name='Life ', articleCount=null}, BaseArticleVo{articleId=10005, status=1, title='dd', description='This is the doc of React markdown editor lite.
Enjoy!!', content='null', firstPicture='', viewCount=0, createDate='Sun Nov 07 14:09:29 EST 2021', updateDate='Mon Nov 08 09:15:09 EST 2021'}}, ArticleVo{userInfo=UserInfoVo{userId=100001, nickName='ivan', userName='ivan'}, category=CategoryVo{categoryId=2, name='liddffd', articleCount=null}, BaseArticleVo{articleId=10004, status=1, title='Spring boot', description='rerwerwer', content='null', firstPicture='null', viewCount=0, createDate='Tue Oct 12 15:58:26 EDT 2021', updateDate='Tue Oct 12 15:58:26 EDT 2021'}}]}
2021-11-09 23:18:48:891 [http-nio-8081-exec-6] INFO  com.ivan.sunnyblog.web.aop.ControllerAspect *** Request Success ***: 11ms GET URI=/api/articles, methodName=com.ivan.sunnyblog.web.controller.ArticleController.getArticles, args=[SearchVo{page=1, limit=10, categoryId=null}], result=ResultInfo{info='null', status=0, data=[ArticleVo{userInfo=UserInfoVo{userId=100001, nickName='ivan', userName='ivan'}, category=CategoryVo{categoryId=1, name='Life ', articleCount=null}, BaseArticleVo{articleId=10005, status=1, title='dd', description='This is the doc of React markdown editor lite.
Enjoy!!', content='null', firstPicture='', viewCount=0, createDate='Sun Nov 07 14:09:29 EST 2021', updateDate='Mon Nov 08 09:15:09 EST 2021'}}, ArticleVo{userInfo=UserInfoVo{userId=100001, nickName='ivan', userName='ivan'}, category=CategoryVo{categoryId=2, name='liddffd', articleCount=null}, BaseArticleVo{articleId=10004, status=1, title='Spring boot', description='rerwerwer', content='null', firstPicture='null', viewCount=0, createDate='Tue Oct 12 15:58:26 EDT 2021', updateDate='Tue Oct 12 15:58:26 EDT 2021'}}]}
2021-11-09 23:19:09:921 [http-nio-8081-exec-5] INFO  com.ivan.sunnyblog.web.aop.ControllerAspect *** Request Success ***: 16ms GET URI=/api/articles, methodName=com.ivan.sunnyblog.web.controller.ArticleController.getArticles, args=[SearchVo{page=1, limit=10, categoryId=null}], result=ResultInfo{info='null', status=0, data=[ArticleVo{userInfo=UserInfoVo{userId=100001, nickName='ivan', userName='ivan'}, category=CategoryVo{categoryId=1, name='Life ', articleCount=null}, BaseArticleVo{articleId=10005, status=1, title='dd', description='This is the doc of React markdown editor lite.
Enjoy!!', content='null', firstPicture='', viewCount=0, createDate='Sun Nov 07 14:09:29 EST 2021', updateDate='Mon Nov 08 09:15:09 EST 2021'}}, ArticleVo{userInfo=UserInfoVo{userId=100001, nickName='ivan', userName='ivan'}, category=CategoryVo{categoryId=2, name='liddffd', articleCount=null}, BaseArticleVo{articleId=10004, status=1, title='Spring boot', description='rerwerwer', content='null', firstPicture='null', viewCount=0, createDate='Tue Oct 12 15:58:26 EDT 2021', updateDate='Tue Oct 12 15:58:26 EDT 2021'}}]}
2021-11-09 23:20:28:896 [http-nio-8081-exec-8] INFO  com.ivan.sunnyblog.web.aop.ControllerAspect *** Request Success ***: 8ms GET URI=/api/articles, methodName=com.ivan.sunnyblog.web.controller.ArticleController.getArticles, args=[SearchVo{page=1, limit=10, categoryId=null}], result=ResultInfo{info='null', status=0, data=[ArticleVo{userInfo=UserInfoVo{userId=100001, nickName='ivan', userName='ivan'}, category=CategoryVo{categoryId=1, name='Life ', articleCount=null}, BaseArticleVo{articleId=10005, status=1, title='dd', description='This is the doc of React markdown editor lite.
Enjoy!!', content='null', firstPicture='', viewCount=0, createDate='Sun Nov 07 14:09:29 EST 2021', updateDate='Mon Nov 08 09:15:09 EST 2021'}}, ArticleVo{userInfo=UserInfoVo{userId=100001, nickName='ivan', userName='ivan'}, category=CategoryVo{categoryId=2, name='liddffd', articleCount=null}, BaseArticleVo{articleId=10004, status=1, title='Spring boot', description='rerwerwer', content='null', firstPicture='null', viewCount=0, createDate='Tue Oct 12 15:58:26 EDT 2021', updateDate='Tue Oct 12 15:58:26 EDT 2021'}}]}
2021-11-09 23:21:04:989 [http-nio-8081-exec-9] INFO  com.ivan.sunnyblog.web.aop.ControllerAspect *** Request Success ***: 10ms GET URI=/api/articles, methodName=com.ivan.sunnyblog.web.controller.ArticleController.getArticles, args=[SearchVo{page=1, limit=10, categoryId=null}], result=ResultInfo{info='null', status=0, data=[ArticleVo{userInfo=UserInfoVo{userId=100001, nickName='ivan', userName='ivan'}, category=CategoryVo{categoryId=1, name='Life ', articleCount=null}, BaseArticleVo{articleId=10005, status=1, title='dd', description='This is the doc of React markdown editor lite.
Enjoy!!', content='null', firstPicture='', viewCount=0, createDate='Sun Nov 07 14:09:29 EST 2021', updateDate='Mon Nov 08 09:15:09 EST 2021'}}, ArticleVo{userInfo=UserInfoVo{userId=100001, nickName='ivan', userName='ivan'}, category=CategoryVo{categoryId=2, name='liddffd', articleCount=null}, BaseArticleVo{articleId=10004, status=1, title='Spring boot', description='rerwerwer', content='null', firstPicture='null', viewCount=0, createDate='Tue Oct 12 15:58:26 EDT 2021', updateDate='Tue Oct 12 15:58:26 EDT 2021'}}]}
2021-11-09 23:21:19:513 [http-nio-8081-exec-10] INFO  com.ivan.sunnyblog.web.aop.ControllerAspect *** Request Success ***: 10ms GET URI=/api/articles, methodName=com.ivan.sunnyblog.web.controller.ArticleController.getArticles, args=[SearchVo{page=1, limit=10, categoryId=null}], result=ResultInfo{info='null', status=0, data=[ArticleVo{userInfo=UserInfoVo{userId=100001, nickName='ivan', userName='ivan'}, category=CategoryVo{categoryId=1, name='Life ', articleCount=null}, BaseArticleVo{articleId=10005, status=1, title='dd', description='This is the doc of React markdown editor lite.
Enjoy!!', content='null', firstPicture='', viewCount=0, createDate='Sun Nov 07 14:09:29 EST 2021', updateDate='Mon Nov 08 09:15:09 EST 2021'}}, ArticleVo{userInfo=UserInfoVo{userId=100001, nickName='ivan', userName='ivan'}, category=CategoryVo{categoryId=2, name='liddffd', articleCount=null}, BaseArticleVo{articleId=10004, status=1, title='Spring boot', description='rerwerwer', content='null', firstPicture='null', viewCount=0, createDate='Tue Oct 12 15:58:26 EDT 2021', updateDate='Tue Oct 12 15:58:26 EDT 2021'}}]}
2021-11-09 23:22:21:564 [http-nio-8081-exec-2] INFO  com.ivan.sunnyblog.web.aop.ControllerAspect *** Request Success ***: 23ms GET URI=/api/articles, methodName=com.ivan.sunnyblog.web.controller.ArticleController.getArticles, args=[SearchVo{page=1, limit=10, categoryId=null}], result=ResultInfo{info='null', status=0, data=[ArticleVo{userInfo=UserInfoVo{userId=100001, nickName='ivan', userName='ivan'}, category=CategoryVo{categoryId=1, name='Life ', articleCount=null}, BaseArticleVo{articleId=10005, status=1, title='dd', description='This is the doc of React markdown editor lite.
Enjoy!!', content='null', firstPicture='', viewCount=0, createDate='Sun Nov 07 14:09:29 EST 2021', updateDate='Mon Nov 08 09:15:09 EST 2021'}}, ArticleVo{userInfo=UserInfoVo{userId=100001, nickName='ivan', userName='ivan'}, category=CategoryVo{categoryId=2, name='liddffd', articleCount=null}, BaseArticleVo{articleId=10004, status=1, title='Spring boot', description='rerwerwer', content='null', firstPicture='null', viewCount=0, createDate='Tue Oct 12 15:58:26 EDT 2021', updateDate='Tue Oct 12 15:58:26 EDT 2021'}}]}
2021-11-09 23:25:13:010 [http-nio-8081-exec-6] INFO  com.ivan.sunnyblog.web.aop.ControllerAspect *** Request Success ***: 38ms GET URI=/api/articles, methodName=com.ivan.sunnyblog.web.controller.ArticleController.getArticles, args=[SearchVo{page=1, limit=10, categoryId=null}], result=ResultInfo{info='null', status=0, data=[ArticleVo{userInfo=UserInfoVo{userId=100001, nickName='ivan', userName='ivan'}, category=CategoryVo{categoryId=1, name='Life ', articleCount=null}, BaseArticleVo{articleId=10005, status=1, title='dd', description='This is the doc of React markdown editor lite.
Enjoy!!', content='null', firstPicture='', viewCount=0, createDate='Sun Nov 07 14:09:29 EST 2021', updateDate='Mon Nov 08 09:15:09 EST 2021'}}, ArticleVo{userInfo=UserInfoVo{userId=100001, nickName='ivan', userName='ivan'}, category=CategoryVo{categoryId=2, name='liddffd', articleCount=null}, BaseArticleVo{articleId=10004, status=1, title='Spring boot', description='rerwerwer', content='null', firstPicture='null', viewCount=0, createDate='Tue Oct 12 15:58:26 EDT 2021', updateDate='Tue Oct 12 15:58:26 EDT 2021'}}]}
2021-11-09 23:25:38:285 [Thread-113] INFO  org.springframework.scheduling.concurrent.ThreadPoolTaskExecutor Shutting down ExecutorService 'applicationTaskExecutor'
2021-11-09 23:25:38:292 [Thread-113] INFO  com.zaxxer.hikari.HikariDataSource HikariPool-1 - Shutdown initiated...
2021-11-09 23:25:38:298 [Thread-113] INFO  com.zaxxer.hikari.HikariDataSource HikariPool-1 - Shutdown completed.
2021-11-09 23:49:51:469 [restartedMain] INFO  com.ivan.sunnyblog.SunnyBlogApplication Starting SunnyBlogApplication on Jinghaos-MacBook-Air.local with PID 58211 (/Users/jinghaoliang/Documents/tech/Project/blogProject/SunnyBlog/target/classes started by jinghaoliang in /Users/jinghaoliang/Documents/tech/Project/blogProject/SunnyBlog)
2021-11-09 23:49:51:472 [restartedMain] INFO  com.ivan.sunnyblog.SunnyBlogApplication No active profile set, falling back to default profiles: default
2021-11-09 23:49:51:506 [restartedMain] INFO  org.springframework.boot.devtools.env.DevToolsPropertyDefaultsPostProcessor Devtools property defaults active! Set 'spring.devtools.add-properties' to 'false' to disable
2021-11-09 23:49:51:506 [restartedMain] INFO  org.springframework.boot.devtools.env.DevToolsPropertyDefaultsPostProcessor For additional web related logging consider setting the 'logging.level.web' property to 'DEBUG'
2021-11-09 23:49:52:086 [restartedMain] INFO  org.springframework.data.repository.config.RepositoryConfigurationDelegate Multiple Spring Data modules found, entering strict repository configuration mode!
2021-11-09 23:49:52:090 [restartedMain] INFO  org.springframework.data.repository.config.RepositoryConfigurationDelegate Bootstrapping Spring Data repositories in DEFAULT mode.
2021-11-09 23:49:52:125 [restartedMain] INFO  org.springframework.data.repository.config.RepositoryConfigurationDelegate Finished Spring Data repository scanning in 21ms. Found 0 repository interfaces.
2021-11-09 23:49:52:330 [restartedMain] INFO  o.s.context.support.PostProcessorRegistrationDelegate$BeanPostProcessorChecker Bean 'org.springframework.transaction.annotation.ProxyTransactionManagementConfiguration' of type [org.springframework.transaction.annotation.ProxyTransactionManagementConfiguration$$EnhancerBySpringCGLIB$$86073b12] is not eligible for getting processed by all BeanPostProcessors (for example: not eligible for auto-proxying)
2021-11-09 23:49:52:574 [restartedMain] INFO  org.springframework.boot.web.embedded.tomcat.TomcatWebServer Tomcat initialized with port(s): 8081 (http)
2021-11-09 23:49:52:583 [restartedMain] INFO  org.apache.coyote.http11.Http11NioProtocol Initializing ProtocolHandler ["http-nio-8081"]
2021-11-09 23:49:52:589 [restartedMain] INFO  org.apache.catalina.core.StandardService Starting service [Tomcat]
2021-11-09 23:49:52:589 [restartedMain] INFO  org.apache.catalina.core.StandardEngine Starting Servlet engine: [Apache Tomcat/9.0.21]
2021-11-09 23:49:52:635 [restartedMain] INFO  org.apache.catalina.core.ContainerBase.[Tomcat].[localhost].[/] Initializing Spring embedded WebApplicationContext
2021-11-09 23:49:52:635 [restartedMain] INFO  org.springframework.web.context.ContextLoader Root WebApplicationContext: initialization completed in 1129 ms
2021-11-09 23:49:52:896 [restartedMain] INFO  com.zaxxer.hikari.HikariDataSource HikariPool-1 - Starting...
2021-11-09 23:49:52:948 [restartedMain] INFO  com.zaxxer.hikari.HikariDataSource HikariPool-1 - Start completed.
2021-11-09 23:50:19:723 [restartedMain] INFO  org.springframework.scheduling.concurrent.ThreadPoolTaskExecutor Initializing ExecutorService 'applicationTaskExecutor'
2021-11-09 23:50:19:960 [restartedMain] INFO  org.springframework.boot.devtools.autoconfigure.OptionalLiveReloadServer LiveReload server is running on port 35729
2021-11-09 23:50:20:008 [restartedMain] INFO  org.apache.coyote.http11.Http11NioProtocol Starting ProtocolHandler ["http-nio-8081"]
2021-11-09 23:50:20:026 [restartedMain] INFO  org.springframework.boot.web.embedded.tomcat.TomcatWebServer Tomcat started on port(s): 8081 (http) with context path ''
2021-11-09 23:50:20:028 [restartedMain] INFO  com.ivan.sunnyblog.SunnyBlogApplication Started SunnyBlogApplication in 28.92 seconds (JVM running for 29.651)
2021-11-09 23:56:07:111 [http-nio-8081-exec-1] INFO  org.apache.catalina.core.ContainerBase.[Tomcat].[localhost].[/] Initializing Spring DispatcherServlet 'dispatcherServlet'
2021-11-09 23:56:07:111 [http-nio-8081-exec-1] INFO  org.springframework.web.servlet.DispatcherServlet Initializing Servlet 'dispatcherServlet'
2021-11-09 23:56:07:120 [http-nio-8081-exec-1] INFO  org.springframework.web.servlet.DispatcherServlet Completed initialization in 9 ms
2021-11-09 23:56:07:323 [http-nio-8081-exec-1] INFO  org.jooq.Constants 
                                      
@@@@@@@@@@@@@@@@@@@@@@@@@@@@@@@@@@@@@@
@@@@@@@@@@@@@@@@@@@@@@@@@@@@@@@@@@@@@@
@@@@@@@@@@@@@@@@  @@        @@@@@@@@@@
@@@@@@@@@@@@@@@@@@@@        @@@@@@@@@@
@@@@@@@@@@@@@@@@  @@  @@    @@@@@@@@@@
@@@@@@@@@@  @@@@  @@  @@    @@@@@@@@@@
@@@@@@@@@@        @@        @@@@@@@@@@
@@@@@@@@@@@@@@@@@@@@@@@@@@@@@@@@@@@@@@
@@@@@@@@@@@@@@@@@@@@@@@@@@@@@@@@@@@@@@
@@@@@@@@@@        @@        @@@@@@@@@@
@@@@@@@@@@    @@  @@  @@@@  @@@@@@@@@@
@@@@@@@@@@    @@  @@  @@@@  @@@@@@@@@@
@@@@@@@@@@        @@  @  @  @@@@@@@@@@
@@@@@@@@@@        @@        @@@@@@@@@@
@@@@@@@@@@@@@@@@@@@@@@@  @@@@@@@@@@@@@
@@@@@@@@@@@@@@@@@@@@@@@@@@@@@@@@@@@@@@
@@@@@@@@@@@@@@@@@@@@@@@@@@@@@@@@@@@@@@  Thank you for using jOOQ 3.11.11
                                      
2021-11-09 23:56:07:419 [http-nio-8081-exec-1] INFO  com.ivan.sunnyblog.web.aop.ControllerAspect *** Request Success ***: 252ms GET URI=/api/articles, methodName=com.ivan.sunnyblog.web.controller.ArticleController.getArticles, args=[SearchVo{page=1, limit=10, categoryId=null, total=null}], result=ResultInfo{info='null', status=0, data=[ArticleVo{userInfo=UserInfoVo{userId=100001, nickName='ivan', userName='ivan'}, category=CategoryVo{categoryId=1, name='Life ', articleCount=null}, BaseArticleVo{articleId=10005, status=1, title='dd', description='This is the doc of React markdown editor lite.
Enjoy!!', content='null', firstPicture='', viewCount=0, createDate='Sun Nov 07 14:09:29 EST 2021', updateDate='Mon Nov 08 09:15:09 EST 2021'}}, ArticleVo{userInfo=UserInfoVo{userId=100001, nickName='ivan', userName='ivan'}, category=CategoryVo{categoryId=2, name='liddffd', articleCount=null}, BaseArticleVo{articleId=10004, status=1, title='Spring boot', description='rerwerwer', content='null', firstPicture='null', viewCount=0, createDate='Tue Oct 12 15:58:26 EDT 2021', updateDate='Tue Oct 12 15:58:26 EDT 2021'}}], total=null}
2021-11-09 23:57:09:579 [http-nio-8081-exec-3] INFO  com.ivan.sunnyblog.web.aop.ControllerAspect *** Request Success ***: 17ms GET URI=/api/articles, methodName=com.ivan.sunnyblog.web.controller.ArticleController.getArticles, args=[SearchVo{page=1, limit=10, categoryId=null, total=null}], result=ResultInfo{info='null', status=0, data=[ArticleVo{userInfo=UserInfoVo{userId=100001, nickName='ivan', userName='ivan'}, category=CategoryVo{categoryId=1, name='Life ', articleCount=null}, BaseArticleVo{articleId=10005, status=1, title='dd', description='This is the doc of React markdown editor lite.
Enjoy!!', content='null', firstPicture='', viewCount=0, createDate='Sun Nov 07 14:09:29 EST 2021', updateDate='Mon Nov 08 09:15:09 EST 2021'}}, ArticleVo{userInfo=UserInfoVo{userId=100001, nickName='ivan', userName='ivan'}, category=CategoryVo{categoryId=2, name='liddffd', articleCount=null}, BaseArticleVo{articleId=10004, status=1, title='Spring boot', description='rerwerwer', content='null', firstPicture='null', viewCount=0, createDate='Tue Oct 12 15:58:26 EDT 2021', updateDate='Tue Oct 12 15:58:26 EDT 2021'}}], total=null}
2021-11-09 23:57:16:085 [http-nio-8081-exec-4] INFO  com.ivan.sunnyblog.web.aop.ControllerAspect *** Request Success ***: 56ms GET URI=/api/articles, methodName=com.ivan.sunnyblog.web.controller.ArticleController.getArticles, args=[SearchVo{page=1, limit=10, categoryId=null, total=null}], result=ResultInfo{info='null', status=0, data=[ArticleVo{userInfo=UserInfoVo{userId=100001, nickName='ivan', userName='ivan'}, category=CategoryVo{categoryId=1, name='Life ', articleCount=null}, BaseArticleVo{articleId=10005, status=1, title='dd', description='This is the doc of React markdown editor lite.
Enjoy!!', content='null', firstPicture='', viewCount=0, createDate='Sun Nov 07 14:09:29 EST 2021', updateDate='Mon Nov 08 09:15:09 EST 2021'}}, ArticleVo{userInfo=UserInfoVo{userId=100001, nickName='ivan', userName='ivan'}, category=CategoryVo{categoryId=2, name='liddffd', articleCount=null}, BaseArticleVo{articleId=10004, status=1, title='Spring boot', description='rerwerwer', content='null', firstPicture='null', viewCount=0, createDate='Tue Oct 12 15:58:26 EDT 2021', updateDate='Tue Oct 12 15:58:26 EDT 2021'}}], total=null}
2021-11-09 23:57:20:228 [http-nio-8081-exec-5] INFO  com.ivan.sunnyblog.web.aop.ControllerAspect *** Request Success ***: 31ms GET URI=/api/articles, methodName=com.ivan.sunnyblog.web.controller.ArticleController.getArticles, args=[SearchVo{page=1, limit=10, categoryId=null, total=null}], result=ResultInfo{info='null', status=0, data=[ArticleVo{userInfo=UserInfoVo{userId=100001, nickName='ivan', userName='ivan'}, category=CategoryVo{categoryId=1, name='Life ', articleCount=null}, BaseArticleVo{articleId=10005, status=1, title='dd', description='This is the doc of React markdown editor lite.
Enjoy!!', content='null', firstPicture='', viewCount=0, createDate='Sun Nov 07 14:09:29 EST 2021', updateDate='Mon Nov 08 09:15:09 EST 2021'}}, ArticleVo{userInfo=UserInfoVo{userId=100001, nickName='ivan', userName='ivan'}, category=CategoryVo{categoryId=2, name='liddffd', articleCount=null}, BaseArticleVo{articleId=10004, status=1, title='Spring boot', description='rerwerwer', content='null', firstPicture='null', viewCount=0, createDate='Tue Oct 12 15:58:26 EDT 2021', updateDate='Tue Oct 12 15:58:26 EDT 2021'}}], total=null}
2021-11-09 23:59:00:106 [http-nio-8081-exec-8] INFO  com.ivan.sunnyblog.web.aop.ControllerAspect *** Request Success ***: 7ms GET URI=/api/articles, methodName=com.ivan.sunnyblog.web.controller.ArticleController.getArticles, args=[SearchVo{page=1, limit=1, categoryId=null, total=null}], result=ResultInfo{info='null', status=0, data=[ArticleVo{userInfo=UserInfoVo{userId=100001, nickName='ivan', userName='ivan'}, category=CategoryVo{categoryId=1, name='Life ', articleCount=null}, BaseArticleVo{articleId=10005, status=1, title='dd', description='This is the doc of React markdown editor lite.
Enjoy!!', content='null', firstPicture='', viewCount=0, createDate='Sun Nov 07 14:09:29 EST 2021', updateDate='Mon Nov 08 09:15:09 EST 2021'}}], total=null}
2021-11-09 23:59:16:637 [http-nio-8081-exec-9] INFO  com.ivan.sunnyblog.web.aop.ControllerAspect *** Request Success ***: 35ms GET URI=/api/articles, methodName=com.ivan.sunnyblog.web.controller.ArticleController.getArticles, args=[SearchVo{page=1, limit=1, categoryId=null, total=null}], result=ResultInfo{info='null', status=0, data=[ArticleVo{userInfo=UserInfoVo{userId=100001, nickName='ivan', userName='ivan'}, category=CategoryVo{categoryId=1, name='Life ', articleCount=null}, BaseArticleVo{articleId=10005, status=1, title='dd', description='This is the doc of React markdown editor lite.
Enjoy!!', content='null', firstPicture='', viewCount=0, createDate='Sun Nov 07 14:09:29 EST 2021', updateDate='Mon Nov 08 09:15:09 EST 2021'}}], total=null}
2021-11-09 23:59:22:112 [http-nio-8081-exec-10] INFO  com.ivan.sunnyblog.web.aop.ControllerAspect *** Request Success ***: 200ms GET URI=/api/articles, methodName=com.ivan.sunnyblog.web.controller.ArticleController.getArticles, args=[SearchVo{page=1, limit=1, categoryId=null, total=null}], result=ResultInfo{info='null', status=0, data=[ArticleVo{userInfo=UserInfoVo{userId=100001, nickName='ivan', userName='ivan'}, category=CategoryVo{categoryId=1, name='Life ', articleCount=null}, BaseArticleVo{articleId=10005, status=1, title='dd', description='This is the doc of React markdown editor lite.
Enjoy!!', content='null', firstPicture='', viewCount=0, createDate='Sun Nov 07 14:09:29 EST 2021', updateDate='Mon Nov 08 09:15:09 EST 2021'}}], total=null}
