2021-11-06 10:00:47:716 [restartedMain] INFO  com.ivan.sunnyblog.SunnyBlogApplication Starting SunnyBlogApplication on Jinghaos-MacBook-Air.local with PID 38965 (/Users/jinghaoliang/Documents/tech/Project/blogProject/SunnyBlog/target/classes started by jinghaoliang in /Users/jinghaoliang/Documents/tech/Project/blogProject/SunnyBlog)
2021-11-06 10:00:47:721 [restartedMain] INFO  com.ivan.sunnyblog.SunnyBlogApplication No active profile set, falling back to default profiles: default
2021-11-06 10:00:47:760 [restartedMain] INFO  org.springframework.boot.devtools.env.DevToolsPropertyDefaultsPostProcessor Devtools property defaults active! Set 'spring.devtools.add-properties' to 'false' to disable
2021-11-06 10:00:47:760 [restartedMain] INFO  org.springframework.boot.devtools.env.DevToolsPropertyDefaultsPostProcessor For additional web related logging consider setting the 'logging.level.web' property to 'DEBUG'
2021-11-06 10:00:48:262 [restartedMain] INFO  org.springframework.data.repository.config.RepositoryConfigurationDelegate Multiple Spring Data modules found, entering strict repository configuration mode!
2021-11-06 10:00:48:264 [restartedMain] INFO  org.springframework.data.repository.config.RepositoryConfigurationDelegate Bootstrapping Spring Data repositories in DEFAULT mode.
2021-11-06 10:00:48:297 [restartedMain] INFO  org.springframework.data.repository.config.RepositoryConfigurationDelegate Finished Spring Data repository scanning in 24ms. Found 0 repository interfaces.
2021-11-06 10:00:48:455 [restartedMain] INFO  o.s.context.support.PostProcessorRegistrationDelegate$BeanPostProcessorChecker Bean 'org.springframework.transaction.annotation.ProxyTransactionManagementConfiguration' of type [org.springframework.transaction.annotation.ProxyTransactionManagementConfiguration$$EnhancerBySpringCGLIB$$644ee0b5] is not eligible for getting processed by all BeanPostProcessors (for example: not eligible for auto-proxying)
2021-11-06 10:00:48:628 [restartedMain] INFO  org.springframework.boot.web.embedded.tomcat.TomcatWebServer Tomcat initialized with port(s): 8081 (http)
2021-11-06 10:00:48:634 [restartedMain] INFO  org.apache.coyote.http11.Http11NioProtocol Initializing ProtocolHandler ["http-nio-8081"]
2021-11-06 10:00:48:638 [restartedMain] INFO  org.apache.catalina.core.StandardService Starting service [Tomcat]
2021-11-06 10:00:48:639 [restartedMain] INFO  org.apache.catalina.core.StandardEngine Starting Servlet engine: [Apache Tomcat/9.0.21]
2021-11-06 10:00:48:676 [restartedMain] INFO  org.apache.catalina.core.ContainerBase.[Tomcat].[localhost].[/] Initializing Spring embedded WebApplicationContext
2021-11-06 10:00:48:676 [restartedMain] INFO  org.springframework.web.context.ContextLoader Root WebApplicationContext: initialization completed in 915 ms
2021-11-06 10:00:48:846 [restartedMain] INFO  com.zaxxer.hikari.HikariDataSource HikariPool-1 - Starting...
2021-11-06 10:00:48:895 [restartedMain] INFO  com.zaxxer.hikari.HikariDataSource HikariPool-1 - Start completed.
2021-11-06 10:01:00:342 [restartedMain] INFO  org.springframework.scheduling.concurrent.ThreadPoolTaskExecutor Initializing ExecutorService 'applicationTaskExecutor'
2021-11-06 10:01:00:511 [restartedMain] INFO  org.springframework.boot.devtools.autoconfigure.OptionalLiveReloadServer LiveReload server is running on port 35729
2021-11-06 10:01:00:547 [restartedMain] INFO  org.apache.coyote.http11.Http11NioProtocol Starting ProtocolHandler ["http-nio-8081"]
2021-11-06 10:01:00:561 [restartedMain] INFO  org.springframework.boot.web.embedded.tomcat.TomcatWebServer Tomcat started on port(s): 8081 (http) with context path ''
2021-11-06 10:01:00:562 [restartedMain] INFO  com.ivan.sunnyblog.SunnyBlogApplication Started SunnyBlogApplication in 13.138 seconds (JVM running for 13.575)
2021-11-06 10:02:01:232 [http-nio-8081-exec-1] INFO  org.apache.catalina.core.ContainerBase.[Tomcat].[localhost].[/] Initializing Spring DispatcherServlet 'dispatcherServlet'
2021-11-06 10:02:01:232 [http-nio-8081-exec-1] INFO  org.springframework.web.servlet.DispatcherServlet Initializing Servlet 'dispatcherServlet'
2021-11-06 10:02:01:247 [http-nio-8081-exec-1] INFO  org.springframework.web.servlet.DispatcherServlet Completed initialization in 15 ms
2021-11-06 10:02:01:386 [http-nio-8081-exec-1] INFO  org.jooq.Constants 
                                      
@@@@@@@@@@@@@@@@@@@@@@@@@@@@@@@@@@@@@@
@@@@@@@@@@@@@@@@@@@@@@@@@@@@@@@@@@@@@@
@@@@@@@@@@@@@@@@  @@        @@@@@@@@@@
@@@@@@@@@@@@@@@@@@@@        @@@@@@@@@@
@@@@@@@@@@@@@@@@  @@  @@    @@@@@@@@@@
@@@@@@@@@@  @@@@  @@  @@    @@@@@@@@@@
@@@@@@@@@@        @@        @@@@@@@@@@
@@@@@@@@@@@@@@@@@@@@@@@@@@@@@@@@@@@@@@
@@@@@@@@@@@@@@@@@@@@@@@@@@@@@@@@@@@@@@
@@@@@@@@@@        @@        @@@@@@@@@@
@@@@@@@@@@    @@  @@  @@@@  @@@@@@@@@@
@@@@@@@@@@    @@  @@  @@@@  @@@@@@@@@@
@@@@@@@@@@        @@  @  @  @@@@@@@@@@
@@@@@@@@@@        @@        @@@@@@@@@@
@@@@@@@@@@@@@@@@@@@@@@@  @@@@@@@@@@@@@
@@@@@@@@@@@@@@@@@@@@@@@@@@@@@@@@@@@@@@
@@@@@@@@@@@@@@@@@@@@@@@@@@@@@@@@@@@@@@  Thank you for using jOOQ 3.11.11
                                      
2021-11-06 10:02:01:488 [http-nio-8081-exec-1] INFO  com.ivan.sunnyblog.web.aop.ControllerAspect *** Request Success ***: 204ms GET URI=/api/categories, methodName=com.ivan.sunnyblog.web.controller.CategoryContoller.getCategories, args=[], result=ResultInfo{info='null', status=0, data=[CategoryVo{categoryId=2, name='liddffd', articleCount=1}, CategoryVo{categoryId=1, name='Life ', articleCount=1}]}
2021-11-06 10:04:56:470 [Thread-35] INFO  org.springframework.scheduling.concurrent.ThreadPoolTaskExecutor Shutting down ExecutorService 'applicationTaskExecutor'
2021-11-06 10:04:56:479 [Thread-35] INFO  com.zaxxer.hikari.HikariDataSource HikariPool-1 - Shutdown initiated...
2021-11-06 10:04:56:480 [Thread-35] INFO  com.zaxxer.hikari.HikariDataSource HikariPool-1 - Shutdown completed.
2021-11-06 10:04:58:724 [restartedMain] INFO  com.ivan.sunnyblog.SunnyBlogApplication Starting SunnyBlogApplication on Jinghaos-MacBook-Air.local with PID 39022 (/Users/jinghaoliang/Documents/tech/Project/blogProject/SunnyBlog/target/classes started by jinghaoliang in /Users/jinghaoliang/Documents/tech/Project/blogProject/SunnyBlog)
2021-11-06 10:04:58:726 [restartedMain] INFO  com.ivan.sunnyblog.SunnyBlogApplication No active profile set, falling back to default profiles: default
2021-11-06 10:04:58:749 [restartedMain] INFO  org.springframework.boot.devtools.env.DevToolsPropertyDefaultsPostProcessor Devtools property defaults active! Set 'spring.devtools.add-properties' to 'false' to disable
2021-11-06 10:04:58:749 [restartedMain] INFO  org.springframework.boot.devtools.env.DevToolsPropertyDefaultsPostProcessor For additional web related logging consider setting the 'logging.level.web' property to 'DEBUG'
2021-11-06 10:04:59:036 [restartedMain] INFO  org.springframework.data.repository.config.RepositoryConfigurationDelegate Multiple Spring Data modules found, entering strict repository configuration mode!
2021-11-06 10:04:59:037 [restartedMain] INFO  org.springframework.data.repository.config.RepositoryConfigurationDelegate Bootstrapping Spring Data repositories in DEFAULT mode.
2021-11-06 10:04:59:059 [restartedMain] INFO  org.springframework.data.repository.config.RepositoryConfigurationDelegate Finished Spring Data repository scanning in 14ms. Found 0 repository interfaces.
2021-11-06 10:04:59:197 [restartedMain] INFO  o.s.context.support.PostProcessorRegistrationDelegate$BeanPostProcessorChecker Bean 'org.springframework.transaction.annotation.ProxyTransactionManagementConfiguration' of type [org.springframework.transaction.annotation.ProxyTransactionManagementConfiguration$$EnhancerBySpringCGLIB$$3a02f0c5] is not eligible for getting processed by all BeanPostProcessors (for example: not eligible for auto-proxying)
2021-11-06 10:04:59:364 [restartedMain] INFO  org.springframework.boot.web.embedded.tomcat.TomcatWebServer Tomcat initialized with port(s): 8081 (http)
2021-11-06 10:04:59:370 [restartedMain] INFO  org.apache.coyote.http11.Http11NioProtocol Initializing ProtocolHandler ["http-nio-8081"]
2021-11-06 10:04:59:374 [restartedMain] INFO  org.apache.catalina.core.StandardService Starting service [Tomcat]
2021-11-06 10:04:59:375 [restartedMain] INFO  org.apache.catalina.core.StandardEngine Starting Servlet engine: [Apache Tomcat/9.0.21]
2021-11-06 10:04:59:404 [restartedMain] INFO  org.apache.catalina.core.ContainerBase.[Tomcat].[localhost].[/] Initializing Spring embedded WebApplicationContext
2021-11-06 10:04:59:404 [restartedMain] INFO  org.springframework.web.context.ContextLoader Root WebApplicationContext: initialization completed in 655 ms
2021-11-06 10:04:59:560 [restartedMain] INFO  com.zaxxer.hikari.HikariDataSource HikariPool-1 - Starting...
2021-11-06 10:04:59:588 [restartedMain] INFO  com.zaxxer.hikari.HikariDataSource HikariPool-1 - Start completed.
2021-11-06 10:05:09:697 [restartedMain] INFO  org.springframework.scheduling.concurrent.ThreadPoolTaskExecutor Initializing ExecutorService 'applicationTaskExecutor'
2021-11-06 10:05:09:863 [restartedMain] INFO  org.springframework.boot.devtools.autoconfigure.OptionalLiveReloadServer LiveReload server is running on port 35729
2021-11-06 10:05:09:900 [restartedMain] INFO  org.apache.coyote.http11.Http11NioProtocol Starting ProtocolHandler ["http-nio-8081"]
2021-11-06 10:05:09:914 [restartedMain] INFO  org.springframework.boot.web.embedded.tomcat.TomcatWebServer Tomcat started on port(s): 8081 (http) with context path ''
2021-11-06 10:05:09:915 [restartedMain] INFO  com.ivan.sunnyblog.SunnyBlogApplication Started SunnyBlogApplication in 11.345 seconds (JVM running for 11.808)
2021-11-06 10:05:16:185 [http-nio-8081-exec-2] INFO  org.apache.catalina.core.ContainerBase.[Tomcat].[localhost].[/] Initializing Spring DispatcherServlet 'dispatcherServlet'
2021-11-06 10:05:16:185 [http-nio-8081-exec-2] INFO  org.springframework.web.servlet.DispatcherServlet Initializing Servlet 'dispatcherServlet'
2021-11-06 10:05:16:190 [http-nio-8081-exec-2] INFO  org.springframework.web.servlet.DispatcherServlet Completed initialization in 5 ms
2021-11-06 10:05:16:326 [http-nio-8081-exec-3] INFO  org.jooq.Constants 
                                      
@@@@@@@@@@@@@@@@@@@@@@@@@@@@@@@@@@@@@@
@@@@@@@@@@@@@@@@@@@@@@@@@@@@@@@@@@@@@@
@@@@@@@@@@@@@@@@  @@        @@@@@@@@@@
@@@@@@@@@@@@@@@@@@@@        @@@@@@@@@@
@@@@@@@@@@@@@@@@  @@  @@    @@@@@@@@@@
@@@@@@@@@@  @@@@  @@  @@    @@@@@@@@@@
@@@@@@@@@@        @@        @@@@@@@@@@
@@@@@@@@@@@@@@@@@@@@@@@@@@@@@@@@@@@@@@
@@@@@@@@@@@@@@@@@@@@@@@@@@@@@@@@@@@@@@
@@@@@@@@@@        @@        @@@@@@@@@@
@@@@@@@@@@    @@  @@  @@@@  @@@@@@@@@@
@@@@@@@@@@    @@  @@  @@@@  @@@@@@@@@@
@@@@@@@@@@        @@  @  @  @@@@@@@@@@
@@@@@@@@@@        @@        @@@@@@@@@@
@@@@@@@@@@@@@@@@@@@@@@@  @@@@@@@@@@@@@
@@@@@@@@@@@@@@@@@@@@@@@@@@@@@@@@@@@@@@
@@@@@@@@@@@@@@@@@@@@@@@@@@@@@@@@@@@@@@  Thank you for using jOOQ 3.11.11
                                      
2021-11-06 10:05:16:354 [http-nio-8081-exec-1] INFO  com.ivan.sunnyblog.web.aop.ControllerAspect *** Request Success ***: 140ms GET URI=/api/categories, methodName=com.ivan.sunnyblog.web.controller.CategoryContoller.getCategories, args=[], result=ResultInfo{info='null', status=0, data=[CategoryVo{categoryId=2, name='liddffd', articleCount=1}]}
2021-11-06 10:05:16:360 [http-nio-8081-exec-3] INFO  com.ivan.sunnyblog.web.aop.ControllerAspect *** Request Success ***: 137ms GET URI=/api/articles, methodName=com.ivan.sunnyblog.web.controller.ArticleController.getArticles, args=[SearchVo{page=1, limit=10, categoryId=null}], result=ResultInfo{info='null', status=0, data=[ArticleVo{userInfo=UserInfoVo{userId=100001, nickName='ivan', userName='ivan'}, category=CategoryVo{categoryId=2, name='liddffd', articleCount=null}, BaseArticleVo{articleId=10004, status=1, title='Spring boot', description='rerwerwer', content='null', firstPicture='null', viewCount=0, createDate='Tue Oct 12 15:58:26 EDT 2021', updateDate='Tue Oct 12 15:58:26 EDT 2021'}}]}
2021-11-06 10:05:22:133 [http-nio-8081-exec-4] INFO  com.ivan.sunnyblog.web.aop.ControllerAspect *** Request Success ***: 8ms GET URI=/api/categories, methodName=com.ivan.sunnyblog.web.controller.CategoryContoller.getCategories, args=[], result=ResultInfo{info='null', status=0, data=[CategoryVo{categoryId=2, name='liddffd', articleCount=1}]}
2021-11-06 10:09:00:881 [http-nio-8081-exec-7] INFO  com.ivan.sunnyblog.web.aop.ControllerAspect *** Request Success ***: 4ms GET URI=/api/categories, methodName=com.ivan.sunnyblog.web.controller.CategoryContoller.getCategories, args=[], result=ResultInfo{info='null', status=0, data=[CategoryVo{categoryId=2, name='liddffd', articleCount=1}]}
2021-11-06 10:09:11:667 [http-nio-8081-exec-8] INFO  com.ivan.sunnyblog.web.aop.ControllerAspect *** Request Success ***: 12ms GET URI=/api/categories, methodName=com.ivan.sunnyblog.web.controller.CategoryContoller.getCategories, args=[], result=ResultInfo{info='null', status=0, data=[CategoryVo{categoryId=2, name='liddffd', articleCount=1}]}
2021-11-06 10:09:32:637 [http-nio-8081-exec-9] INFO  com.ivan.sunnyblog.web.aop.ControllerAspect *** Request Success ***: 2ms GET URI=/api/categories, methodName=com.ivan.sunnyblog.web.controller.CategoryContoller.getCategories, args=[], result=ResultInfo{info='null', status=0, data=[CategoryVo{categoryId=2, name='liddffd', articleCount=1}]}
2021-11-06 10:10:01:089 [http-nio-8081-exec-10] INFO  com.ivan.sunnyblog.web.aop.ControllerAspect *** Request Success ***: 4ms GET URI=/api/categories, methodName=com.ivan.sunnyblog.web.controller.CategoryContoller.getCategories, args=[], result=ResultInfo{info='null', status=0, data=[CategoryVo{categoryId=2, name='liddffd', articleCount=1}]}
2021-11-06 10:10:24:880 [http-nio-8081-exec-2] INFO  com.ivan.sunnyblog.web.aop.ControllerAspect *** Request Success ***: 2ms GET URI=/api/categories, methodName=com.ivan.sunnyblog.web.controller.CategoryContoller.getCategories, args=[], result=ResultInfo{info='null', status=0, data=[CategoryVo{categoryId=2, name='liddffd', articleCount=1}]}
2021-11-06 10:44:15:307 [HikariPool-1 housekeeper] WARN  com.zaxxer.hikari.pool.HikariPool HikariPool-1 - Thread starvation or clock leap detected (housekeeper delta=4m15s295ms).
2021-11-06 11:49:31:429 [HikariPool-1 housekeeper] WARN  com.zaxxer.hikari.pool.HikariPool HikariPool-1 - Thread starvation or clock leap detected (housekeeper delta=1h5m16s123ms).
2021-11-06 12:59:16:449 [HikariPool-1 housekeeper] WARN  com.zaxxer.hikari.pool.HikariPool HikariPool-1 - Thread starvation or clock leap detected (housekeeper delta=1h9m45s20ms).
2021-11-06 14:41:24:645 [HikariPool-1 housekeeper] WARN  com.zaxxer.hikari.pool.HikariPool HikariPool-1 - Thread starvation or clock leap detected (housekeeper delta=1h42m8s196ms).
2021-11-06 14:43:05:603 [HikariPool-1 housekeeper] WARN  com.zaxxer.hikari.pool.HikariPool HikariPool-1 - Thread starvation or clock leap detected (housekeeper delta=1m40s958ms).
2021-11-06 15:17:13:615 [HikariPool-1 housekeeper] WARN  com.zaxxer.hikari.pool.HikariPool HikariPool-1 - Thread starvation or clock leap detected (housekeeper delta=32m38s8ms).
2021-11-06 15:26:36:489 [HikariPool-1 housekeeper] WARN  com.zaxxer.hikari.pool.HikariPool HikariPool-1 - Thread starvation or clock leap detected (housekeeper delta=9m22s874ms).
2021-11-06 15:30:45:752 [http-nio-8081-exec-3] INFO  com.ivan.sunnyblog.web.aop.ControllerAspect *** Request Success ***: 162ms GET URI=/api/categories, methodName=com.ivan.sunnyblog.web.controller.CategoryContoller.getCategories, args=[], result=ResultInfo{info='null', status=0, data=[CategoryVo{categoryId=2, name='liddffd', articleCount=1}]}
2021-11-06 15:31:23:076 [http-nio-8081-exec-4] INFO  com.ivan.sunnyblog.web.aop.ControllerAspect *** Request Success ***: 3ms GET URI=/api/categories, methodName=com.ivan.sunnyblog.web.controller.CategoryContoller.getCategories, args=[], result=ResultInfo{info='null', status=0, data=[CategoryVo{categoryId=2, name='liddffd', articleCount=1}]}
2021-11-06 15:31:35:218 [http-nio-8081-exec-5] INFO  com.ivan.sunnyblog.web.aop.ControllerAspect *** Request Success ***: 5ms GET URI=/api/categories, methodName=com.ivan.sunnyblog.web.controller.CategoryContoller.getCategories, args=[], result=ResultInfo{info='null', status=0, data=[CategoryVo{categoryId=2, name='liddffd', articleCount=1}]}
2021-11-06 15:32:30:611 [http-nio-8081-exec-6] INFO  com.ivan.sunnyblog.web.aop.ControllerAspect *** Request Success ***: 4ms GET URI=/api/categories, methodName=com.ivan.sunnyblog.web.controller.CategoryContoller.getCategories, args=[], result=ResultInfo{info='null', status=0, data=[CategoryVo{categoryId=2, name='liddffd', articleCount=1}]}
2021-11-06 15:32:37:882 [http-nio-8081-exec-7] INFO  com.ivan.sunnyblog.web.aop.ControllerAspect *** Request Success ***: 20ms GET URI=/api/categories, methodName=com.ivan.sunnyblog.web.controller.CategoryContoller.getCategories, args=[], result=ResultInfo{info='null', status=0, data=[CategoryVo{categoryId=2, name='liddffd', articleCount=1}]}
2021-11-06 15:32:41:689 [http-nio-8081-exec-8] INFO  com.ivan.sunnyblog.web.aop.ControllerAspect *** Request Success ***: 47ms GET URI=/api/categories, methodName=com.ivan.sunnyblog.web.controller.CategoryContoller.getCategories, args=[], result=ResultInfo{info='null', status=0, data=[CategoryVo{categoryId=2, name='liddffd', articleCount=1}]}
2021-11-06 15:33:06:537 [http-nio-8081-exec-9] INFO  com.ivan.sunnyblog.web.aop.ControllerAspect *** Request Success ***: 5ms GET URI=/api/categories, methodName=com.ivan.sunnyblog.web.controller.CategoryContoller.getCategories, args=[], result=ResultInfo{info='null', status=0, data=[CategoryVo{categoryId=2, name='liddffd', articleCount=1}]}
2021-11-06 15:33:20:400 [http-nio-8081-exec-10] INFO  com.ivan.sunnyblog.web.aop.ControllerAspect *** Request Success ***: 8ms GET URI=/api/categories, methodName=com.ivan.sunnyblog.web.controller.CategoryContoller.getCategories, args=[], result=ResultInfo{info='null', status=0, data=[CategoryVo{categoryId=2, name='liddffd', articleCount=1}]}
2021-11-06 15:33:36:306 [http-nio-8081-exec-2] INFO  com.ivan.sunnyblog.web.aop.ControllerAspect *** Request Success ***: 7ms GET URI=/api/categories, methodName=com.ivan.sunnyblog.web.controller.CategoryContoller.getCategories, args=[], result=ResultInfo{info='null', status=0, data=[CategoryVo{categoryId=2, name='liddffd', articleCount=1}]}
2021-11-06 15:34:12:188 [Thread-32] INFO  org.springframework.scheduling.concurrent.ThreadPoolTaskExecutor Shutting down ExecutorService 'applicationTaskExecutor'
2021-11-06 15:34:12:198 [Thread-32] INFO  com.zaxxer.hikari.HikariDataSource HikariPool-1 - Shutdown initiated...
2021-11-06 15:34:12:200 [Thread-32] INFO  com.zaxxer.hikari.HikariDataSource HikariPool-1 - Shutdown completed.
2021-11-06 15:34:14:586 [restartedMain] INFO  com.ivan.sunnyblog.SunnyBlogApplication Starting SunnyBlogApplication on Jinghaos-MacBook-Air.local with PID 39543 (/Users/jinghaoliang/Documents/tech/Project/blogProject/SunnyBlog/target/classes started by jinghaoliang in /Users/jinghaoliang/Documents/tech/Project/blogProject/SunnyBlog)
2021-11-06 15:34:14:587 [restartedMain] INFO  com.ivan.sunnyblog.SunnyBlogApplication No active profile set, falling back to default profiles: default
2021-11-06 15:34:14:602 [restartedMain] INFO  org.springframework.boot.devtools.env.DevToolsPropertyDefaultsPostProcessor Devtools property defaults active! Set 'spring.devtools.add-properties' to 'false' to disable
2021-11-06 15:34:14:603 [restartedMain] INFO  org.springframework.boot.devtools.env.DevToolsPropertyDefaultsPostProcessor For additional web related logging consider setting the 'logging.level.web' property to 'DEBUG'
2021-11-06 15:34:14:941 [restartedMain] INFO  org.springframework.data.repository.config.RepositoryConfigurationDelegate Multiple Spring Data modules found, entering strict repository configuration mode!
2021-11-06 15:34:14:942 [restartedMain] INFO  org.springframework.data.repository.config.RepositoryConfigurationDelegate Bootstrapping Spring Data repositories in DEFAULT mode.
2021-11-06 15:34:14:970 [restartedMain] INFO  org.springframework.data.repository.config.RepositoryConfigurationDelegate Finished Spring Data repository scanning in 20ms. Found 0 repository interfaces.
2021-11-06 15:34:15:118 [restartedMain] INFO  o.s.context.support.PostProcessorRegistrationDelegate$BeanPostProcessorChecker Bean 'org.springframework.transaction.annotation.ProxyTransactionManagementConfiguration' of type [org.springframework.transaction.annotation.ProxyTransactionManagementConfiguration$$EnhancerBySpringCGLIB$$ba18e24e] is not eligible for getting processed by all BeanPostProcessors (for example: not eligible for auto-proxying)
2021-11-06 15:34:15:283 [restartedMain] INFO  org.springframework.boot.web.embedded.tomcat.TomcatWebServer Tomcat initialized with port(s): 8081 (http)
2021-11-06 15:34:15:289 [restartedMain] INFO  org.apache.coyote.http11.Http11NioProtocol Initializing ProtocolHandler ["http-nio-8081"]
2021-11-06 15:34:15:293 [restartedMain] INFO  org.apache.catalina.core.StandardService Starting service [Tomcat]
2021-11-06 15:34:15:294 [restartedMain] INFO  org.apache.catalina.core.StandardEngine Starting Servlet engine: [Apache Tomcat/9.0.21]
2021-11-06 15:34:15:323 [restartedMain] INFO  org.apache.catalina.core.ContainerBase.[Tomcat].[localhost].[/] Initializing Spring embedded WebApplicationContext
2021-11-06 15:34:15:323 [restartedMain] INFO  org.springframework.web.context.ContextLoader Root WebApplicationContext: initialization completed in 720 ms
2021-11-06 15:34:15:484 [restartedMain] INFO  com.zaxxer.hikari.HikariDataSource HikariPool-1 - Starting...
2021-11-06 15:34:15:548 [restartedMain] INFO  com.zaxxer.hikari.HikariDataSource HikariPool-1 - Start completed.
2021-11-06 15:34:25:043 [restartedMain] INFO  org.springframework.scheduling.concurrent.ThreadPoolTaskExecutor Initializing ExecutorService 'applicationTaskExecutor'
2021-11-06 15:34:25:218 [restartedMain] INFO  org.springframework.boot.devtools.autoconfigure.OptionalLiveReloadServer LiveReload server is running on port 35729
2021-11-06 15:34:25:255 [restartedMain] INFO  org.apache.coyote.http11.Http11NioProtocol Starting ProtocolHandler ["http-nio-8081"]
2021-11-06 15:34:25:268 [restartedMain] INFO  org.springframework.boot.web.embedded.tomcat.TomcatWebServer Tomcat started on port(s): 8081 (http) with context path ''
2021-11-06 15:34:25:270 [restartedMain] INFO  com.ivan.sunnyblog.SunnyBlogApplication Started SunnyBlogApplication in 10.831 seconds (JVM running for 11.145)
2021-11-06 15:34:28:311 [http-nio-8081-exec-1] INFO  org.apache.catalina.core.ContainerBase.[Tomcat].[localhost].[/] Initializing Spring DispatcherServlet 'dispatcherServlet'
2021-11-06 15:34:28:311 [http-nio-8081-exec-1] INFO  org.springframework.web.servlet.DispatcherServlet Initializing Servlet 'dispatcherServlet'
2021-11-06 15:34:28:316 [http-nio-8081-exec-1] INFO  org.springframework.web.servlet.DispatcherServlet Completed initialization in 5 ms
2021-11-06 15:34:28:438 [http-nio-8081-exec-1] INFO  org.jooq.Constants 
                                      
@@@@@@@@@@@@@@@@@@@@@@@@@@@@@@@@@@@@@@
@@@@@@@@@@@@@@@@@@@@@@@@@@@@@@@@@@@@@@
@@@@@@@@@@@@@@@@  @@        @@@@@@@@@@
@@@@@@@@@@@@@@@@@@@@        @@@@@@@@@@
@@@@@@@@@@@@@@@@  @@  @@    @@@@@@@@@@
@@@@@@@@@@  @@@@  @@  @@    @@@@@@@@@@
@@@@@@@@@@        @@        @@@@@@@@@@
@@@@@@@@@@@@@@@@@@@@@@@@@@@@@@@@@@@@@@
@@@@@@@@@@@@@@@@@@@@@@@@@@@@@@@@@@@@@@
@@@@@@@@@@        @@        @@@@@@@@@@
@@@@@@@@@@    @@  @@  @@@@  @@@@@@@@@@
@@@@@@@@@@    @@  @@  @@@@  @@@@@@@@@@
@@@@@@@@@@        @@  @  @  @@@@@@@@@@
@@@@@@@@@@        @@        @@@@@@@@@@
@@@@@@@@@@@@@@@@@@@@@@@  @@@@@@@@@@@@@
@@@@@@@@@@@@@@@@@@@@@@@@@@@@@@@@@@@@@@
@@@@@@@@@@@@@@@@@@@@@@@@@@@@@@@@@@@@@@  Thank you for using jOOQ 3.11.11
                                      
2021-11-06 15:34:28:485 [http-nio-8081-exec-1] INFO  com.ivan.sunnyblog.web.aop.ControllerAspect *** Request Success ***: 152ms GET URI=/api/categories, methodName=com.ivan.sunnyblog.web.controller.CategoryContoller.getCategories, args=[], result=ResultInfo{info='null', status=0, data=[CategoryVo{categoryId=2, name='liddffd', articleCount=1}, CategoryVo{categoryId=1, name='Life ', articleCount=1}]}
2021-11-06 15:34:54:390 [Thread-30] INFO  org.springframework.scheduling.concurrent.ThreadPoolTaskExecutor Shutting down ExecutorService 'applicationTaskExecutor'
2021-11-06 15:34:54:391 [Thread-30] INFO  com.zaxxer.hikari.HikariDataSource HikariPool-1 - Shutdown initiated...
2021-11-06 15:34:54:392 [Thread-30] INFO  com.zaxxer.hikari.HikariDataSource HikariPool-1 - Shutdown completed.
2021-11-06 15:34:56:470 [restartedMain] INFO  com.ivan.sunnyblog.SunnyBlogApplication Starting SunnyBlogApplication on Jinghaos-MacBook-Air.local with PID 39567 (/Users/jinghaoliang/Documents/tech/Project/blogProject/SunnyBlog/target/classes started by jinghaoliang in /Users/jinghaoliang/Documents/tech/Project/blogProject/SunnyBlog)
2021-11-06 15:34:56:472 [restartedMain] INFO  com.ivan.sunnyblog.SunnyBlogApplication No active profile set, falling back to default profiles: default
2021-11-06 15:34:56:491 [restartedMain] INFO  org.springframework.boot.devtools.env.DevToolsPropertyDefaultsPostProcessor Devtools property defaults active! Set 'spring.devtools.add-properties' to 'false' to disable
2021-11-06 15:34:56:491 [restartedMain] INFO  org.springframework.boot.devtools.env.DevToolsPropertyDefaultsPostProcessor For additional web related logging consider setting the 'logging.level.web' property to 'DEBUG'
2021-11-06 15:34:56:807 [restartedMain] INFO  org.springframework.data.repository.config.RepositoryConfigurationDelegate Multiple Spring Data modules found, entering strict repository configuration mode!
2021-11-06 15:34:56:808 [restartedMain] INFO  org.springframework.data.repository.config.RepositoryConfigurationDelegate Bootstrapping Spring Data repositories in DEFAULT mode.
2021-11-06 15:34:56:833 [restartedMain] INFO  org.springframework.data.repository.config.RepositoryConfigurationDelegate Finished Spring Data repository scanning in 17ms. Found 0 repository interfaces.
2021-11-06 15:34:56:971 [restartedMain] INFO  o.s.context.support.PostProcessorRegistrationDelegate$BeanPostProcessorChecker Bean 'org.springframework.transaction.annotation.ProxyTransactionManagementConfiguration' of type [org.springframework.transaction.annotation.ProxyTransactionManagementConfiguration$$EnhancerBySpringCGLIB$$1c4c0dbc] is not eligible for getting processed by all BeanPostProcessors (for example: not eligible for auto-proxying)
2021-11-06 15:34:57:137 [restartedMain] INFO  org.springframework.boot.web.embedded.tomcat.TomcatWebServer Tomcat initialized with port(s): 8081 (http)
2021-11-06 15:34:57:142 [restartedMain] INFO  org.apache.coyote.http11.Http11NioProtocol Initializing ProtocolHandler ["http-nio-8081"]
2021-11-06 15:34:57:146 [restartedMain] INFO  org.apache.catalina.core.StandardService Starting service [Tomcat]
2021-11-06 15:34:57:147 [restartedMain] INFO  org.apache.catalina.core.StandardEngine Starting Servlet engine: [Apache Tomcat/9.0.21]
2021-11-06 15:34:57:176 [restartedMain] INFO  org.apache.catalina.core.ContainerBase.[Tomcat].[localhost].[/] Initializing Spring embedded WebApplicationContext
2021-11-06 15:34:57:176 [restartedMain] INFO  org.springframework.web.context.ContextLoader Root WebApplicationContext: initialization completed in 685 ms
2021-11-06 15:34:57:351 [restartedMain] INFO  com.zaxxer.hikari.HikariDataSource HikariPool-1 - Starting...
2021-11-06 15:34:57:382 [restartedMain] INFO  com.zaxxer.hikari.HikariDataSource HikariPool-1 - Start completed.
2021-11-06 15:35:19:814 [restartedMain] INFO  org.springframework.scheduling.concurrent.ThreadPoolTaskExecutor Initializing ExecutorService 'applicationTaskExecutor'
2021-11-06 15:35:19:977 [restartedMain] INFO  org.springframework.boot.devtools.autoconfigure.OptionalLiveReloadServer LiveReload server is running on port 35729
2021-11-06 15:35:20:016 [restartedMain] INFO  org.apache.coyote.http11.Http11NioProtocol Starting ProtocolHandler ["http-nio-8081"]
2021-11-06 15:35:20:031 [restartedMain] INFO  org.springframework.boot.web.embedded.tomcat.TomcatWebServer Tomcat started on port(s): 8081 (http) with context path ''
2021-11-06 15:35:20:033 [restartedMain] INFO  com.ivan.sunnyblog.SunnyBlogApplication Started SunnyBlogApplication in 23.707 seconds (JVM running for 24.029)
2021-11-06 15:37:27:527 [http-nio-8081-exec-1] INFO  org.apache.catalina.core.ContainerBase.[Tomcat].[localhost].[/] Initializing Spring DispatcherServlet 'dispatcherServlet'
2021-11-06 15:37:27:527 [http-nio-8081-exec-1] INFO  org.springframework.web.servlet.DispatcherServlet Initializing Servlet 'dispatcherServlet'
2021-11-06 15:37:27:531 [http-nio-8081-exec-1] INFO  org.springframework.web.servlet.DispatcherServlet Completed initialization in 4 ms
2021-11-06 15:37:27:647 [http-nio-8081-exec-1] INFO  org.jooq.Constants 
                                      
@@@@@@@@@@@@@@@@@@@@@@@@@@@@@@@@@@@@@@
@@@@@@@@@@@@@@@@@@@@@@@@@@@@@@@@@@@@@@
@@@@@@@@@@@@@@@@  @@        @@@@@@@@@@
@@@@@@@@@@@@@@@@@@@@        @@@@@@@@@@
@@@@@@@@@@@@@@@@  @@  @@    @@@@@@@@@@
@@@@@@@@@@  @@@@  @@  @@    @@@@@@@@@@
@@@@@@@@@@        @@        @@@@@@@@@@
@@@@@@@@@@@@@@@@@@@@@@@@@@@@@@@@@@@@@@
@@@@@@@@@@@@@@@@@@@@@@@@@@@@@@@@@@@@@@
@@@@@@@@@@        @@        @@@@@@@@@@
@@@@@@@@@@    @@  @@  @@@@  @@@@@@@@@@
@@@@@@@@@@    @@  @@  @@@@  @@@@@@@@@@
@@@@@@@@@@        @@  @  @  @@@@@@@@@@
@@@@@@@@@@        @@        @@@@@@@@@@
@@@@@@@@@@@@@@@@@@@@@@@  @@@@@@@@@@@@@
@@@@@@@@@@@@@@@@@@@@@@@@@@@@@@@@@@@@@@
@@@@@@@@@@@@@@@@@@@@@@@@@@@@@@@@@@@@@@  Thank you for using jOOQ 3.11.11
                                      
2021-11-06 15:37:27:726 [http-nio-8081-exec-1] INFO  com.ivan.sunnyblog.web.aop.ControllerAspect *** Request Success ***: 174ms GET URI=/api/categories, methodName=com.ivan.sunnyblog.web.controller.CategoryContoller.getCategories, args=[], result=ResultInfo{info='null', status=0, data=[CategoryVo{categoryId=2, name='liddffd', articleCount=1}]}
2021-11-06 15:38:15:410 [http-nio-8081-exec-2] INFO  com.ivan.sunnyblog.web.aop.ControllerAspect *** Request Success ***: 34ms GET URI=/api/categories, methodName=com.ivan.sunnyblog.web.controller.CategoryContoller.getCategories, args=[], result=ResultInfo{info='null', status=0, data=[CategoryVo{categoryId=2, name='liddffd', articleCount=1}]}
2021-11-06 15:38:38:460 [http-nio-8081-exec-3] INFO  com.ivan.sunnyblog.web.aop.ControllerAspect *** Request Success ***: 2ms GET URI=/api/categories, methodName=com.ivan.sunnyblog.web.controller.CategoryContoller.getCategories, args=[], result=ResultInfo{info='null', status=0, data=[CategoryVo{categoryId=2, name='liddffd', articleCount=1}]}
2021-11-06 15:42:23:246 [http-nio-8081-exec-5] INFO  com.ivan.sunnyblog.web.aop.ControllerAspect *** Request Success ***: 8ms GET URI=/api/categories, methodName=com.ivan.sunnyblog.web.controller.CategoryContoller.getCategories, args=[], result=ResultInfo{info='null', status=0, data=[CategoryVo{categoryId=2, name='liddffd', articleCount=1}]}
2021-11-06 15:42:23:271 [http-nio-8081-exec-6] INFO  com.ivan.sunnyblog.web.aop.ControllerAspect *** Request Success ***: 12ms GET URI=/api/articles, methodName=com.ivan.sunnyblog.web.controller.ArticleController.getArticles, args=[SearchVo{page=1, limit=10, categoryId=null}], result=ResultInfo{info='null', status=0, data=[ArticleVo{userInfo=UserInfoVo{userId=100001, nickName='ivan', userName='ivan'}, category=CategoryVo{categoryId=2, name='liddffd', articleCount=null}, BaseArticleVo{articleId=10004, status=1, title='Spring boot', description='rerwerwer', content='null', firstPicture='null', viewCount=0, createDate='Tue Oct 12 15:58:26 EDT 2021', updateDate='Tue Oct 12 15:58:26 EDT 2021'}}]}
2021-11-06 15:42:37:309 [http-nio-8081-exec-7] INFO  com.ivan.sunnyblog.web.aop.ControllerAspect *** Request Success ***: 4ms GET URI=/api/articles, methodName=com.ivan.sunnyblog.web.controller.ArticleController.getArticles, args=[SearchVo{page=1, limit=10, categoryId=null}], result=ResultInfo{info='null', status=0, data=[ArticleVo{userInfo=UserInfoVo{userId=100001, nickName='ivan', userName='ivan'}, category=CategoryVo{categoryId=2, name='liddffd', articleCount=null}, BaseArticleVo{articleId=10004, status=1, title='Spring boot', description='rerwerwer', content='null', firstPicture='null', viewCount=0, createDate='Tue Oct 12 15:58:26 EDT 2021', updateDate='Tue Oct 12 15:58:26 EDT 2021'}}]}
2021-11-06 15:43:19:320 [http-nio-8081-exec-8] INFO  com.ivan.sunnyblog.web.aop.ControllerAspect *** Request Success ***: 16ms GET URI=/api/categories, methodName=com.ivan.sunnyblog.web.controller.CategoryContoller.getCategories, args=[], result=ResultInfo{info='null', status=0, data=[CategoryVo{categoryId=2, name='liddffd', articleCount=1}]}
2021-11-06 15:43:19:352 [http-nio-8081-exec-9] INFO  com.ivan.sunnyblog.web.aop.ControllerAspect *** Request Success ***: 48ms GET URI=/api/articles, methodName=com.ivan.sunnyblog.web.controller.ArticleController.getArticles, args=[SearchVo{page=1, limit=10, categoryId=null}], result=ResultInfo{info='null', status=0, data=[ArticleVo{userInfo=UserInfoVo{userId=100001, nickName='ivan', userName='ivan'}, category=CategoryVo{categoryId=2, name='liddffd', articleCount=null}, BaseArticleVo{articleId=10004, status=1, title='Spring boot', description='rerwerwer', content='null', firstPicture='null', viewCount=0, createDate='Tue Oct 12 15:58:26 EDT 2021', updateDate='Tue Oct 12 15:58:26 EDT 2021'}}]}
2021-11-06 15:43:47:086 [http-nio-8081-exec-1] INFO  com.ivan.sunnyblog.web.aop.ControllerAspect *** Request Success ***: 19ms GET URI=/api/articles, methodName=com.ivan.sunnyblog.web.controller.ArticleController.getArticles, args=[SearchVo{page=1, limit=10, categoryId=null}], result=ResultInfo{info='null', status=0, data=[ArticleVo{userInfo=UserInfoVo{userId=100001, nickName='ivan', userName='ivan'}, category=CategoryVo{categoryId=2, name='liddffd', articleCount=null}, BaseArticleVo{articleId=10004, status=1, title='Spring boot', description='rerwerwer', content='null', firstPicture='null', viewCount=0, createDate='Tue Oct 12 15:58:26 EDT 2021', updateDate='Tue Oct 12 15:58:26 EDT 2021'}}]}
2021-11-06 15:43:47:110 [http-nio-8081-exec-2] INFO  com.ivan.sunnyblog.web.aop.ControllerAspect *** Request Success ***: 31ms GET URI=/api/categories, methodName=com.ivan.sunnyblog.web.controller.CategoryContoller.getCategories, args=[], result=ResultInfo{info='null', status=0, data=[CategoryVo{categoryId=2, name='liddffd', articleCount=1}]}
2021-11-06 15:45:11:797 [http-nio-8081-exec-6] INFO  com.ivan.sunnyblog.web.aop.ControllerAspect *** Request Success ***: 15ms GET URI=/api/categories, methodName=com.ivan.sunnyblog.web.controller.CategoryContoller.getCategories, args=[], result=ResultInfo{info='null', status=0, data=[CategoryVo{categoryId=2, name='liddffd', articleCount=1}]}
2021-11-06 15:45:11:806 [http-nio-8081-exec-5] INFO  com.ivan.sunnyblog.web.aop.ControllerAspect *** Request Success ***: 24ms GET URI=/api/articles, methodName=com.ivan.sunnyblog.web.controller.ArticleController.getArticles, args=[SearchVo{page=1, limit=10, categoryId=null}], result=ResultInfo{info='null', status=0, data=[ArticleVo{userInfo=UserInfoVo{userId=100001, nickName='ivan', userName='ivan'}, category=CategoryVo{categoryId=2, name='liddffd', articleCount=null}, BaseArticleVo{articleId=10004, status=1, title='Spring boot', description='rerwerwer', content='null', firstPicture='null', viewCount=0, createDate='Tue Oct 12 15:58:26 EDT 2021', updateDate='Tue Oct 12 15:58:26 EDT 2021'}}]}
2021-11-06 15:45:45:178 [http-nio-8081-exec-7] INFO  com.ivan.sunnyblog.web.aop.ControllerAspect *** Request Success ***: 2ms GET URI=/api/categories, methodName=com.ivan.sunnyblog.web.controller.CategoryContoller.getCategories, args=[], result=ResultInfo{info='null', status=0, data=[CategoryVo{categoryId=2, name='liddffd', articleCount=1}]}
2021-11-06 15:45:45:208 [http-nio-8081-exec-8] INFO  com.ivan.sunnyblog.web.aop.ControllerAspect *** Request Success ***: 32ms GET URI=/api/articles, methodName=com.ivan.sunnyblog.web.controller.ArticleController.getArticles, args=[SearchVo{page=1, limit=10, categoryId=null}], result=ResultInfo{info='null', status=0, data=[ArticleVo{userInfo=UserInfoVo{userId=100001, nickName='ivan', userName='ivan'}, category=CategoryVo{categoryId=2, name='liddffd', articleCount=null}, BaseArticleVo{articleId=10004, status=1, title='Spring boot', description='rerwerwer', content='null', firstPicture='null', viewCount=0, createDate='Tue Oct 12 15:58:26 EDT 2021', updateDate='Tue Oct 12 15:58:26 EDT 2021'}}]}
2021-11-06 15:46:36:812 [http-nio-8081-exec-9] INFO  com.ivan.sunnyblog.web.aop.ControllerAspect *** Request Success ***: 21ms GET URI=/api/articles, methodName=com.ivan.sunnyblog.web.controller.ArticleController.getArticles, args=[SearchVo{page=1, limit=10, categoryId=null}], result=ResultInfo{info='null', status=0, data=[ArticleVo{userInfo=UserInfoVo{userId=100001, nickName='ivan', userName='ivan'}, category=CategoryVo{categoryId=2, name='liddffd', articleCount=null}, BaseArticleVo{articleId=10004, status=1, title='Spring boot', description='rerwerwer', content='null', firstPicture='null', viewCount=0, createDate='Tue Oct 12 15:58:26 EDT 2021', updateDate='Tue Oct 12 15:58:26 EDT 2021'}}]}
2021-11-06 15:46:36:816 [http-nio-8081-exec-10] INFO  com.ivan.sunnyblog.web.aop.ControllerAspect *** Request Success ***: 26ms GET URI=/api/categories, methodName=com.ivan.sunnyblog.web.controller.CategoryContoller.getCategories, args=[], result=ResultInfo{info='null', status=0, data=[CategoryVo{categoryId=2, name='liddffd', articleCount=1}]}
2021-11-06 15:49:10:805 [http-nio-8081-exec-3] INFO  com.ivan.sunnyblog.web.aop.ControllerAspect *** Request Success ***: 3ms GET URI=/api/categories, methodName=com.ivan.sunnyblog.web.controller.CategoryContoller.getCategories, args=[], result=ResultInfo{info='null', status=0, data=[CategoryVo{categoryId=2, name='liddffd', articleCount=1}]}
2021-11-06 15:49:43:574 [http-nio-8081-exec-4] INFO  com.ivan.sunnyblog.web.aop.ControllerAspect *** Request Success ***: 3ms GET URI=/api/categories, methodName=com.ivan.sunnyblog.web.controller.CategoryContoller.getCategories, args=[], result=ResultInfo{info='null', status=0, data=[CategoryVo{categoryId=2, name='liddffd', articleCount=1}]}
2021-11-06 15:50:42:673 [http-nio-8081-exec-6] INFO  com.ivan.sunnyblog.web.aop.ControllerAspect *** Request Success ***: 2ms GET URI=/api/categories, methodName=com.ivan.sunnyblog.web.controller.CategoryContoller.getCategories, args=[], result=ResultInfo{info='null', status=0, data=[CategoryVo{categoryId=2, name='liddffd', articleCount=1}]}
2021-11-06 15:50:55:859 [http-nio-8081-exec-5] INFO  com.ivan.sunnyblog.web.aop.ControllerAspect *** Request Success ***: 4ms GET URI=/api/categories, methodName=com.ivan.sunnyblog.web.controller.CategoryContoller.getCategories, args=[], result=ResultInfo{info='null', status=0, data=[CategoryVo{categoryId=2, name='liddffd', articleCount=1}]}
2021-11-06 15:51:27:661 [http-nio-8081-exec-7] INFO  com.ivan.sunnyblog.web.aop.ControllerAspect *** Request Success ***: 4ms GET URI=/api/categories, methodName=com.ivan.sunnyblog.web.controller.CategoryContoller.getCategories, args=[], result=ResultInfo{info='null', status=0, data=[CategoryVo{categoryId=2, name='liddffd', articleCount=1}]}
2021-11-06 15:51:27:693 [http-nio-8081-exec-9] INFO  com.ivan.sunnyblog.web.aop.ControllerAspect *** Request Success ***: 7ms GET URI=/api/articles, methodName=com.ivan.sunnyblog.web.controller.ArticleController.getArticles, args=[SearchVo{page=1, limit=10, categoryId=null}], result=ResultInfo{info='null', status=0, data=[ArticleVo{userInfo=UserInfoVo{userId=100001, nickName='ivan', userName='ivan'}, category=CategoryVo{categoryId=2, name='liddffd', articleCount=null}, BaseArticleVo{articleId=10004, status=1, title='Spring boot', description='rerwerwer', content='null', firstPicture='null', viewCount=0, createDate='Tue Oct 12 15:58:26 EDT 2021', updateDate='Tue Oct 12 15:58:26 EDT 2021'}}]}
2021-11-06 15:51:31:713 [http-nio-8081-exec-10] INFO  com.ivan.sunnyblog.web.aop.ControllerAspect *** Request Success ***: 7ms GET URI=/api/articles, methodName=com.ivan.sunnyblog.web.controller.ArticleController.getArticles, args=[SearchVo{page=1, limit=10, categoryId=null}], result=ResultInfo{info='null', status=0, data=[ArticleVo{userInfo=UserInfoVo{userId=100001, nickName='ivan', userName='ivan'}, category=CategoryVo{categoryId=2, name='liddffd', articleCount=null}, BaseArticleVo{articleId=10004, status=1, title='Spring boot', description='rerwerwer', content='null', firstPicture='null', viewCount=0, createDate='Tue Oct 12 15:58:26 EDT 2021', updateDate='Tue Oct 12 15:58:26 EDT 2021'}}]}
2021-11-06 15:52:35:768 [http-nio-8081-exec-2] INFO  com.ivan.sunnyblog.web.aop.ControllerAspect *** Request Success ***: 6ms GET URI=/api/categories, methodName=com.ivan.sunnyblog.web.controller.CategoryContoller.getCategories, args=[], result=ResultInfo{info='null', status=0, data=[CategoryVo{categoryId=2, name='liddffd', articleCount=1}]}
2021-11-06 15:52:35:806 [http-nio-8081-exec-3] INFO  com.ivan.sunnyblog.web.aop.ControllerAspect *** Request Success ***: 8ms GET URI=/api/articles, methodName=com.ivan.sunnyblog.web.controller.ArticleController.getArticles, args=[SearchVo{page=1, limit=10, categoryId=null}], result=ResultInfo{info='null', status=0, data=[ArticleVo{userInfo=UserInfoVo{userId=100001, nickName='ivan', userName='ivan'}, category=CategoryVo{categoryId=2, name='liddffd', articleCount=null}, BaseArticleVo{articleId=10004, status=1, title='Spring boot', description='rerwerwer', content='null', firstPicture='null', viewCount=0, createDate='Tue Oct 12 15:58:26 EDT 2021', updateDate='Tue Oct 12 15:58:26 EDT 2021'}}]}
2021-11-06 16:11:17:262 [HikariPool-1 housekeeper] WARN  com.zaxxer.hikari.pool.HikariPool HikariPool-1 - Thread starvation or clock leap detected (housekeeper delta=18m19s741ms).
2021-11-06 17:42:12:557 [HikariPool-1 housekeeper] WARN  com.zaxxer.hikari.pool.HikariPool HikariPool-1 - Thread starvation or clock leap detected (housekeeper delta=1h30m55s297ms).
2021-11-06 19:06:22:175 [HikariPool-1 housekeeper] WARN  com.zaxxer.hikari.pool.HikariPool HikariPool-1 - Thread starvation or clock leap detected (housekeeper delta=1h24m9s618ms).
2021-11-06 20:44:29:905 [HikariPool-1 housekeeper] WARN  com.zaxxer.hikari.pool.HikariPool HikariPool-1 - Thread starvation or clock leap detected (housekeeper delta=1h38m7s730ms).
2021-11-06 21:36:46:159 [HikariPool-1 housekeeper] WARN  com.zaxxer.hikari.pool.HikariPool HikariPool-1 - Thread starvation or clock leap detected (housekeeper delta=52m16s254ms).
2021-11-06 22:00:44:015 [HikariPool-1 housekeeper] WARN  com.zaxxer.hikari.pool.HikariPool HikariPool-1 - Thread starvation or clock leap detected (housekeeper delta=23m57s856ms).
2021-11-06 22:17:00:911 [HikariPool-1 housekeeper] WARN  com.zaxxer.hikari.pool.HikariPool HikariPool-1 - Thread starvation or clock leap detected (housekeeper delta=16m16s896ms).
2021-11-06 22:36:52:529 [HikariPool-1 housekeeper] WARN  com.zaxxer.hikari.pool.HikariPool HikariPool-1 - Thread starvation or clock leap detected (housekeeper delta=19m51s618ms).
2021-11-06 22:44:03:001 [http-nio-8081-exec-6] INFO  com.ivan.sunnyblog.web.aop.ControllerAspect *** Request Success ***: 16ms GET URI=/api/articles, methodName=com.ivan.sunnyblog.web.controller.ArticleController.getArticles, args=[SearchVo{page=1, limit=10, categoryId=null}], result=ResultInfo{info='null', status=0, data=[ArticleVo{userInfo=UserInfoVo{userId=100001, nickName='ivan', userName='ivan'}, category=CategoryVo{categoryId=2, name='liddffd', articleCount=null}, BaseArticleVo{articleId=10004, status=1, title='Spring boot', description='rerwerwer', content='null', firstPicture='null', viewCount=0, createDate='Tue Oct 12 15:58:26 EDT 2021', updateDate='Tue Oct 12 15:58:26 EDT 2021'}}]}
2021-11-06 22:44:03:001 [http-nio-8081-exec-5] INFO  com.ivan.sunnyblog.web.aop.ControllerAspect *** Request Success ***: 14ms GET URI=/api/categories, methodName=com.ivan.sunnyblog.web.controller.CategoryContoller.getCategories, args=[], result=ResultInfo{info='null', status=0, data=[CategoryVo{categoryId=2, name='liddffd', articleCount=1}]}
2021-11-06 22:45:39:640 [http-nio-8081-exec-10] INFO  com.ivan.sunnyblog.web.aop.ControllerAspect *** Request Success ***: 32ms GET URI=/api/categories, methodName=com.ivan.sunnyblog.web.controller.CategoryContoller.getCategories, args=[], result=ResultInfo{info='null', status=0, data=[CategoryVo{categoryId=2, name='liddffd', articleCount=1}]}
2021-11-06 22:45:39:667 [http-nio-8081-exec-9] INFO  com.ivan.sunnyblog.web.aop.ControllerAspect *** Request Success ***: 58ms GET URI=/api/articles, methodName=com.ivan.sunnyblog.web.controller.ArticleController.getArticles, args=[SearchVo{page=1, limit=10, categoryId=null}], result=ResultInfo{info='null', status=0, data=[ArticleVo{userInfo=UserInfoVo{userId=100001, nickName='ivan', userName='ivan'}, category=CategoryVo{categoryId=2, name='liddffd', articleCount=null}, BaseArticleVo{articleId=10004, status=1, title='Spring boot', description='rerwerwer', content='null', firstPicture='null', viewCount=0, createDate='Tue Oct 12 15:58:26 EDT 2021', updateDate='Tue Oct 12 15:58:26 EDT 2021'}}]}
2021-11-06 22:45:44:219 [http-nio-8081-exec-1] INFO  com.ivan.sunnyblog.web.aop.ControllerAspect *** Request Success ***: 23ms GET URI=/api/articles, methodName=com.ivan.sunnyblog.web.controller.ArticleController.getArticles, args=[SearchVo{page=1, limit=10, categoryId=null}], result=ResultInfo{info='null', status=0, data=[ArticleVo{userInfo=UserInfoVo{userId=100001, nickName='ivan', userName='ivan'}, category=CategoryVo{categoryId=2, name='liddffd', articleCount=null}, BaseArticleVo{articleId=10004, status=1, title='Spring boot', description='rerwerwer', content='null', firstPicture='null', viewCount=0, createDate='Tue Oct 12 15:58:26 EDT 2021', updateDate='Tue Oct 12 15:58:26 EDT 2021'}}]}
2021-11-06 22:45:44:221 [http-nio-8081-exec-2] INFO  com.ivan.sunnyblog.web.aop.ControllerAspect *** Request Success ***: 25ms GET URI=/api/categories, methodName=com.ivan.sunnyblog.web.controller.CategoryContoller.getCategories, args=[], result=ResultInfo{info='null', status=0, data=[CategoryVo{categoryId=2, name='liddffd', articleCount=1}]}
2021-11-06 22:46:12:657 [http-nio-8081-exec-3] INFO  com.ivan.sunnyblog.web.aop.ControllerAspect *** Request Success ***: 9ms GET URI=/api/categories, methodName=com.ivan.sunnyblog.web.controller.CategoryContoller.getCategories, args=[], result=ResultInfo{info='null', status=0, data=[CategoryVo{categoryId=2, name='liddffd', articleCount=1}]}
2021-11-06 22:46:12:727 [http-nio-8081-exec-4] INFO  com.ivan.sunnyblog.web.aop.ControllerAspect *** Request Success ***: 6ms GET URI=/api/articles, methodName=com.ivan.sunnyblog.web.controller.ArticleController.getArticles, args=[SearchVo{page=1, limit=10, categoryId=null}], result=ResultInfo{info='null', status=0, data=[ArticleVo{userInfo=UserInfoVo{userId=100001, nickName='ivan', userName='ivan'}, category=CategoryVo{categoryId=2, name='liddffd', articleCount=null}, BaseArticleVo{articleId=10004, status=1, title='Spring boot', description='rerwerwer', content='null', firstPicture='null', viewCount=0, createDate='Tue Oct 12 15:58:26 EDT 2021', updateDate='Tue Oct 12 15:58:26 EDT 2021'}}]}
2021-11-06 22:46:16:603 [http-nio-8081-exec-5] INFO  com.ivan.sunnyblog.web.aop.ControllerAspect *** Request Success ***: 5ms GET URI=/api/categories, methodName=com.ivan.sunnyblog.web.controller.CategoryContoller.getCategories, args=[], result=ResultInfo{info='null', status=0, data=[CategoryVo{categoryId=2, name='liddffd', articleCount=1}]}
2021-11-06 22:46:16:690 [http-nio-8081-exec-6] INFO  com.ivan.sunnyblog.web.aop.ControllerAspect *** Request Success ***: 15ms GET URI=/api/articles, methodName=com.ivan.sunnyblog.web.controller.ArticleController.getArticles, args=[SearchVo{page=1, limit=10, categoryId=null}], result=ResultInfo{info='null', status=0, data=[ArticleVo{userInfo=UserInfoVo{userId=100001, nickName='ivan', userName='ivan'}, category=CategoryVo{categoryId=2, name='liddffd', articleCount=null}, BaseArticleVo{articleId=10004, status=1, title='Spring boot', description='rerwerwer', content='null', firstPicture='null', viewCount=0, createDate='Tue Oct 12 15:58:26 EDT 2021', updateDate='Tue Oct 12 15:58:26 EDT 2021'}}]}
2021-11-06 23:08:13:741 [http-nio-8081-exec-9] INFO  com.ivan.sunnyblog.web.aop.ControllerAspect *** Request Success ***: 31ms GET URI=/api/categories, methodName=com.ivan.sunnyblog.web.controller.CategoryContoller.getCategories, args=[], result=ResultInfo{info='null', status=0, data=[CategoryVo{categoryId=2, name='liddffd', articleCount=1}]}
2021-11-06 23:08:13:772 [http-nio-8081-exec-10] INFO  com.ivan.sunnyblog.web.aop.ControllerAspect *** Request Success ***: 63ms GET URI=/api/articles, methodName=com.ivan.sunnyblog.web.controller.ArticleController.getArticles, args=[SearchVo{page=1, limit=10, categoryId=null}], result=ResultInfo{info='null', status=0, data=[ArticleVo{userInfo=UserInfoVo{userId=100001, nickName='ivan', userName='ivan'}, category=CategoryVo{categoryId=2, name='liddffd', articleCount=null}, BaseArticleVo{articleId=10004, status=1, title='Spring boot', description='rerwerwer', content='null', firstPicture='null', viewCount=0, createDate='Tue Oct 12 15:58:26 EDT 2021', updateDate='Tue Oct 12 15:58:26 EDT 2021'}}]}
2021-11-06 23:09:26:684 [http-nio-8081-exec-3] INFO  com.ivan.sunnyblog.web.aop.ControllerAspect *** Request Success ***: 38ms GET URI=/api/articles, methodName=com.ivan.sunnyblog.web.controller.ArticleController.getArticles, args=[SearchVo{page=1, limit=10, categoryId=null}], result=ResultInfo{info='null', status=0, data=[ArticleVo{userInfo=UserInfoVo{userId=100001, nickName='ivan', userName='ivan'}, category=CategoryVo{categoryId=2, name='liddffd', articleCount=null}, BaseArticleVo{articleId=10004, status=1, title='Spring boot', description='rerwerwer', content='null', firstPicture='null', viewCount=0, createDate='Tue Oct 12 15:58:26 EDT 2021', updateDate='Tue Oct 12 15:58:26 EDT 2021'}}]}
2021-11-06 23:09:26:684 [http-nio-8081-exec-4] INFO  com.ivan.sunnyblog.web.aop.ControllerAspect *** Request Success ***: 36ms GET URI=/api/categories, methodName=com.ivan.sunnyblog.web.controller.CategoryContoller.getCategories, args=[], result=ResultInfo{info='null', status=0, data=[CategoryVo{categoryId=2, name='liddffd', articleCount=1}]}
2021-11-06 23:10:01:364 [http-nio-8081-exec-5] INFO  com.ivan.sunnyblog.web.aop.ControllerAspect *** Request Success ***: 19ms GET URI=/api/articles, methodName=com.ivan.sunnyblog.web.controller.ArticleController.getArticles, args=[SearchVo{page=1, limit=10, categoryId=null}], result=ResultInfo{info='null', status=0, data=[ArticleVo{userInfo=UserInfoVo{userId=100001, nickName='ivan', userName='ivan'}, category=CategoryVo{categoryId=2, name='liddffd', articleCount=null}, BaseArticleVo{articleId=10004, status=1, title='Spring boot', description='rerwerwer', content='null', firstPicture='null', viewCount=0, createDate='Tue Oct 12 15:58:26 EDT 2021', updateDate='Tue Oct 12 15:58:26 EDT 2021'}}]}
2021-11-06 23:10:01:393 [http-nio-8081-exec-6] INFO  com.ivan.sunnyblog.web.aop.ControllerAspect *** Request Success ***: 48ms GET URI=/api/categories, methodName=com.ivan.sunnyblog.web.controller.CategoryContoller.getCategories, args=[], result=ResultInfo{info='null', status=0, data=[CategoryVo{categoryId=2, name='liddffd', articleCount=1}]}
2021-11-06 23:10:14:802 [http-nio-8081-exec-7] INFO  com.ivan.sunnyblog.web.aop.ControllerAspect *** Request Success ***: 24ms GET URI=/api/categories, methodName=com.ivan.sunnyblog.web.controller.CategoryContoller.getCategories, args=[], result=ResultInfo{info='null', status=0, data=[CategoryVo{categoryId=2, name='liddffd', articleCount=1}]}
2021-11-06 23:10:14:806 [http-nio-8081-exec-8] INFO  com.ivan.sunnyblog.web.aop.ControllerAspect *** Request Success ***: 28ms GET URI=/api/articles, methodName=com.ivan.sunnyblog.web.controller.ArticleController.getArticles, args=[SearchVo{page=1, limit=10, categoryId=null}], result=ResultInfo{info='null', status=0, data=[ArticleVo{userInfo=UserInfoVo{userId=100001, nickName='ivan', userName='ivan'}, category=CategoryVo{categoryId=2, name='liddffd', articleCount=null}, BaseArticleVo{articleId=10004, status=1, title='Spring boot', description='rerwerwer', content='null', firstPicture='null', viewCount=0, createDate='Tue Oct 12 15:58:26 EDT 2021', updateDate='Tue Oct 12 15:58:26 EDT 2021'}}]}
2021-11-06 23:14:14:564 [http-nio-8081-exec-2] INFO  com.ivan.sunnyblog.web.aop.ControllerAspect *** Request Success ***: 49ms GET URI=/api/categories, methodName=com.ivan.sunnyblog.web.controller.CategoryContoller.getCategories, args=[], result=ResultInfo{info='null', status=0, data=[CategoryVo{categoryId=2, name='liddffd', articleCount=1}]}
2021-11-06 23:14:14:587 [http-nio-8081-exec-1] INFO  com.ivan.sunnyblog.web.aop.ControllerAspect *** Request Success ***: 71ms GET URI=/api/articles, methodName=com.ivan.sunnyblog.web.controller.ArticleController.getArticles, args=[SearchVo{page=1, limit=10, categoryId=null}], result=ResultInfo{info='null', status=0, data=[ArticleVo{userInfo=UserInfoVo{userId=100001, nickName='ivan', userName='ivan'}, category=CategoryVo{categoryId=2, name='liddffd', articleCount=null}, BaseArticleVo{articleId=10004, status=1, title='Spring boot', description='rerwerwer', content='null', firstPicture='null', viewCount=0, createDate='Tue Oct 12 15:58:26 EDT 2021', updateDate='Tue Oct 12 15:58:26 EDT 2021'}}]}
2021-11-06 23:15:20:694 [http-nio-8081-exec-6] INFO  com.ivan.sunnyblog.web.aop.ControllerAspect *** Request Success ***: 9ms GET URI=/api/categories, methodName=com.ivan.sunnyblog.web.controller.CategoryContoller.getCategories, args=[], result=ResultInfo{info='null', status=0, data=[CategoryVo{categoryId=2, name='liddffd', articleCount=1}]}
2021-11-06 23:15:20:701 [http-nio-8081-exec-5] INFO  com.ivan.sunnyblog.web.aop.ControllerAspect *** Request Success ***: 16ms GET URI=/api/articles, methodName=com.ivan.sunnyblog.web.controller.ArticleController.getArticles, args=[SearchVo{page=1, limit=10, categoryId=null}], result=ResultInfo{info='null', status=0, data=[ArticleVo{userInfo=UserInfoVo{userId=100001, nickName='ivan', userName='ivan'}, category=CategoryVo{categoryId=2, name='liddffd', articleCount=null}, BaseArticleVo{articleId=10004, status=1, title='Spring boot', description='rerwerwer', content='null', firstPicture='null', viewCount=0, createDate='Tue Oct 12 15:58:26 EDT 2021', updateDate='Tue Oct 12 15:58:26 EDT 2021'}}]}
2021-11-06 23:16:15:452 [http-nio-8081-exec-8] INFO  com.ivan.sunnyblog.web.aop.ControllerAspect *** Request Success ***: 5ms GET URI=/api/categories, methodName=com.ivan.sunnyblog.web.controller.CategoryContoller.getCategories, args=[], result=ResultInfo{info='null', status=0, data=[CategoryVo{categoryId=2, name='liddffd', articleCount=1}]}
2021-11-06 23:16:15:456 [http-nio-8081-exec-7] INFO  com.ivan.sunnyblog.web.aop.ControllerAspect *** Request Success ***: 10ms GET URI=/api/articles, methodName=com.ivan.sunnyblog.web.controller.ArticleController.getArticles, args=[SearchVo{page=1, limit=10, categoryId=null}], result=ResultInfo{info='null', status=0, data=[ArticleVo{userInfo=UserInfoVo{userId=100001, nickName='ivan', userName='ivan'}, category=CategoryVo{categoryId=2, name='liddffd', articleCount=null}, BaseArticleVo{articleId=10004, status=1, title='Spring boot', description='rerwerwer', content='null', firstPicture='null', viewCount=0, createDate='Tue Oct 12 15:58:26 EDT 2021', updateDate='Tue Oct 12 15:58:26 EDT 2021'}}]}
2021-11-06 23:16:53:485 [http-nio-8081-exec-10] INFO  com.ivan.sunnyblog.web.aop.ControllerAspect *** Request Success ***: 2ms GET URI=/api/categories, methodName=com.ivan.sunnyblog.web.controller.CategoryContoller.getCategories, args=[], result=ResultInfo{info='null', status=0, data=[CategoryVo{categoryId=2, name='liddffd', articleCount=1}]}
2021-11-06 23:16:53:489 [http-nio-8081-exec-9] INFO  com.ivan.sunnyblog.web.aop.ControllerAspect *** Request Success ***: 6ms GET URI=/api/articles, methodName=com.ivan.sunnyblog.web.controller.ArticleController.getArticles, args=[SearchVo{page=1, limit=10, categoryId=null}], result=ResultInfo{info='null', status=0, data=[ArticleVo{userInfo=UserInfoVo{userId=100001, nickName='ivan', userName='ivan'}, category=CategoryVo{categoryId=2, name='liddffd', articleCount=null}, BaseArticleVo{articleId=10004, status=1, title='Spring boot', description='rerwerwer', content='null', firstPicture='null', viewCount=0, createDate='Tue Oct 12 15:58:26 EDT 2021', updateDate='Tue Oct 12 15:58:26 EDT 2021'}}]}
2021-11-06 23:34:32:910 [HikariPool-1 housekeeper] WARN  com.zaxxer.hikari.pool.HikariPool HikariPool-1 - Thread starvation or clock leap detected (housekeeper delta=17m10s168ms).
