2021-11-01 15:50:41:846 [restartedMain] INFO  com.ivan.sunnyblog.SunnyBlogApplication Starting SunnyBlogApplication on Jinghaos-MacBook-Air.local with PID 32253 (/Users/jinghaoliang/Documents/tech/Project/blogProject/SunnyBlog/target/classes started by jinghaoliang in /Users/jinghaoliang/Documents/tech/Project/blogProject/SunnyBlog)
2021-11-01 15:50:41:848 [restartedMain] INFO  com.ivan.sunnyblog.SunnyBlogApplication No active profile set, falling back to default profiles: default
2021-11-01 15:50:41:876 [restartedMain] INFO  org.springframework.boot.devtools.env.DevToolsPropertyDefaultsPostProcessor Devtools property defaults active! Set 'spring.devtools.add-properties' to 'false' to disable
2021-11-01 15:50:41:876 [restartedMain] INFO  org.springframework.boot.devtools.env.DevToolsPropertyDefaultsPostProcessor For additional web related logging consider setting the 'logging.level.web' property to 'DEBUG'
2021-11-01 15:50:42:363 [restartedMain] INFO  org.springframework.data.repository.config.RepositoryConfigurationDelegate Multiple Spring Data modules found, entering strict repository configuration mode!
2021-11-01 15:50:42:365 [restartedMain] INFO  org.springframework.data.repository.config.RepositoryConfigurationDelegate Bootstrapping Spring Data repositories in DEFAULT mode.
2021-11-01 15:50:42:394 [restartedMain] INFO  org.springframework.data.repository.config.RepositoryConfigurationDelegate Finished Spring Data repository scanning in 19ms. Found 0 repository interfaces.
2021-11-01 15:50:42:559 [restartedMain] INFO  o.s.context.support.PostProcessorRegistrationDelegate$BeanPostProcessorChecker Bean 'org.springframework.transaction.annotation.ProxyTransactionManagementConfiguration' of type [org.springframework.transaction.annotation.ProxyTransactionManagementConfiguration$$EnhancerBySpringCGLIB$$aeeb6585] is not eligible for getting processed by all BeanPostProcessors (for example: not eligible for auto-proxying)
2021-11-01 15:50:42:777 [restartedMain] INFO  org.springframework.boot.web.embedded.tomcat.TomcatWebServer Tomcat initialized with port(s): 8081 (http)
2021-11-01 15:50:42:783 [restartedMain] INFO  org.apache.coyote.http11.Http11NioProtocol Initializing ProtocolHandler ["http-nio-8081"]
2021-11-01 15:50:42:787 [restartedMain] INFO  org.apache.catalina.core.StandardService Starting service [Tomcat]
2021-11-01 15:50:42:787 [restartedMain] INFO  org.apache.catalina.core.StandardEngine Starting Servlet engine: [Apache Tomcat/9.0.21]
2021-11-01 15:50:42:820 [restartedMain] INFO  org.apache.catalina.core.ContainerBase.[Tomcat].[localhost].[/] Initializing Spring embedded WebApplicationContext
2021-11-01 15:50:42:820 [restartedMain] INFO  org.springframework.web.context.ContextLoader Root WebApplicationContext: initialization completed in 943 ms
2021-11-01 15:50:43:008 [restartedMain] INFO  com.zaxxer.hikari.HikariDataSource HikariPool-1 - Starting...
2021-11-01 15:50:43:061 [restartedMain] INFO  com.zaxxer.hikari.HikariDataSource HikariPool-1 - Start completed.
2021-11-01 15:50:51:573 [restartedMain] INFO  org.springframework.scheduling.concurrent.ThreadPoolTaskExecutor Initializing ExecutorService 'applicationTaskExecutor'
2021-11-01 15:50:51:750 [restartedMain] INFO  org.springframework.boot.devtools.autoconfigure.OptionalLiveReloadServer LiveReload server is running on port 35729
2021-11-01 15:50:51:789 [restartedMain] INFO  org.apache.coyote.http11.Http11NioProtocol Starting ProtocolHandler ["http-nio-8081"]
2021-11-01 15:50:51:804 [restartedMain] INFO  org.springframework.boot.web.embedded.tomcat.TomcatWebServer Tomcat started on port(s): 8081 (http) with context path ''
2021-11-01 15:50:51:805 [restartedMain] INFO  com.ivan.sunnyblog.SunnyBlogApplication Started SunnyBlogApplication in 10.283 seconds (JVM running for 10.982)
2021-11-01 15:51:42:175 [http-nio-8081-exec-1] INFO  org.apache.catalina.core.ContainerBase.[Tomcat].[localhost].[/] Initializing Spring DispatcherServlet 'dispatcherServlet'
2021-11-01 15:51:42:176 [http-nio-8081-exec-1] INFO  org.springframework.web.servlet.DispatcherServlet Initializing Servlet 'dispatcherServlet'
2021-11-01 15:51:42:187 [http-nio-8081-exec-1] INFO  org.springframework.web.servlet.DispatcherServlet Completed initialization in 11 ms
2021-11-01 15:51:42:337 [http-nio-8081-exec-2] INFO  org.jooq.Constants 
                                      
@@@@@@@@@@@@@@@@@@@@@@@@@@@@@@@@@@@@@@
@@@@@@@@@@@@@@@@@@@@@@@@@@@@@@@@@@@@@@
@@@@@@@@@@@@@@@@  @@        @@@@@@@@@@
@@@@@@@@@@@@@@@@@@@@        @@@@@@@@@@
@@@@@@@@@@@@@@@@  @@  @@    @@@@@@@@@@
@@@@@@@@@@  @@@@  @@  @@    @@@@@@@@@@
@@@@@@@@@@        @@        @@@@@@@@@@
@@@@@@@@@@@@@@@@@@@@@@@@@@@@@@@@@@@@@@
@@@@@@@@@@@@@@@@@@@@@@@@@@@@@@@@@@@@@@
@@@@@@@@@@        @@        @@@@@@@@@@
@@@@@@@@@@    @@  @@  @@@@  @@@@@@@@@@
@@@@@@@@@@    @@  @@  @@@@  @@@@@@@@@@
@@@@@@@@@@        @@  @  @  @@@@@@@@@@
@@@@@@@@@@        @@        @@@@@@@@@@
@@@@@@@@@@@@@@@@@@@@@@@  @@@@@@@@@@@@@
@@@@@@@@@@@@@@@@@@@@@@@@@@@@@@@@@@@@@@
@@@@@@@@@@@@@@@@@@@@@@@@@@@@@@@@@@@@@@  Thank you for using jOOQ 3.11.11
                                      
2021-11-01 15:51:42:453 [http-nio-8081-exec-2] INFO  com.ivan.sunnyblog.web.aop.ControllerAspect *** Request Error ***: 206ms POST URI=/api/login, methodName=com.ivan.sunnyblog.web.controller.AccountController.login, args=[LoginVo{username='ivan', password='123456'}], result=null
2021-11-01 15:51:42:477 [http-nio-8081-exec-2] WARN  org.springframework.web.servlet.mvc.method.annotation.ExceptionHandlerExceptionResolver Resolved [com.ivan.sunnyblog.base.exception.BizException: Invalid username or password.]
2021-11-01 15:53:35:241 [Thread-29] INFO  org.springframework.scheduling.concurrent.ThreadPoolTaskExecutor Shutting down ExecutorService 'applicationTaskExecutor'
2021-11-01 15:53:35:242 [Thread-29] INFO  com.zaxxer.hikari.HikariDataSource HikariPool-1 - Shutdown initiated...
2021-11-01 15:53:35:243 [Thread-29] INFO  com.zaxxer.hikari.HikariDataSource HikariPool-1 - Shutdown completed.
2021-11-01 15:53:37:429 [restartedMain] INFO  com.ivan.sunnyblog.SunnyBlogApplication Starting SunnyBlogApplication on Jinghaos-MacBook-Air.local with PID 32293 (/Users/jinghaoliang/Documents/tech/Project/blogProject/SunnyBlog/target/classes started by jinghaoliang in /Users/jinghaoliang/Documents/tech/Project/blogProject/SunnyBlog)
2021-11-01 15:53:37:430 [restartedMain] INFO  com.ivan.sunnyblog.SunnyBlogApplication No active profile set, falling back to default profiles: default
2021-11-01 15:53:37:446 [restartedMain] INFO  org.springframework.boot.devtools.env.DevToolsPropertyDefaultsPostProcessor Devtools property defaults active! Set 'spring.devtools.add-properties' to 'false' to disable
2021-11-01 15:53:37:446 [restartedMain] INFO  org.springframework.boot.devtools.env.DevToolsPropertyDefaultsPostProcessor For additional web related logging consider setting the 'logging.level.web' property to 'DEBUG'
2021-11-01 15:53:37:725 [restartedMain] INFO  org.springframework.data.repository.config.RepositoryConfigurationDelegate Multiple Spring Data modules found, entering strict repository configuration mode!
2021-11-01 15:53:37:726 [restartedMain] INFO  org.springframework.data.repository.config.RepositoryConfigurationDelegate Bootstrapping Spring Data repositories in DEFAULT mode.
2021-11-01 15:53:37:747 [restartedMain] INFO  org.springframework.data.repository.config.RepositoryConfigurationDelegate Finished Spring Data repository scanning in 15ms. Found 0 repository interfaces.
2021-11-01 15:53:37:890 [restartedMain] INFO  o.s.context.support.PostProcessorRegistrationDelegate$BeanPostProcessorChecker Bean 'org.springframework.transaction.annotation.ProxyTransactionManagementConfiguration' of type [org.springframework.transaction.annotation.ProxyTransactionManagementConfiguration$$EnhancerBySpringCGLIB$$3a02f0c5] is not eligible for getting processed by all BeanPostProcessors (for example: not eligible for auto-proxying)
2021-11-01 15:53:38:050 [restartedMain] INFO  org.springframework.boot.web.embedded.tomcat.TomcatWebServer Tomcat initialized with port(s): 8081 (http)
2021-11-01 15:53:38:056 [restartedMain] INFO  org.apache.coyote.http11.Http11NioProtocol Initializing ProtocolHandler ["http-nio-8081"]
2021-11-01 15:53:38:061 [restartedMain] INFO  org.apache.catalina.core.StandardService Starting service [Tomcat]
2021-11-01 15:53:38:061 [restartedMain] INFO  org.apache.catalina.core.StandardEngine Starting Servlet engine: [Apache Tomcat/9.0.21]
2021-11-01 15:53:38:091 [restartedMain] INFO  org.apache.catalina.core.ContainerBase.[Tomcat].[localhost].[/] Initializing Spring embedded WebApplicationContext
2021-11-01 15:53:38:091 [restartedMain] INFO  org.springframework.web.context.ContextLoader Root WebApplicationContext: initialization completed in 645 ms
2021-11-01 15:53:38:247 [restartedMain] INFO  com.zaxxer.hikari.HikariDataSource HikariPool-1 - Starting...
2021-11-01 15:53:38:276 [restartedMain] INFO  com.zaxxer.hikari.HikariDataSource HikariPool-1 - Start completed.
2021-11-01 15:54:00:209 [restartedMain] INFO  org.springframework.scheduling.concurrent.ThreadPoolTaskExecutor Initializing ExecutorService 'applicationTaskExecutor'
2021-11-01 15:54:00:429 [restartedMain] INFO  org.springframework.boot.devtools.autoconfigure.OptionalLiveReloadServer LiveReload server is running on port 35729
2021-11-01 15:54:00:475 [restartedMain] INFO  org.apache.coyote.http11.Http11NioProtocol Starting ProtocolHandler ["http-nio-8081"]
2021-11-01 15:54:00:496 [restartedMain] INFO  org.springframework.boot.web.embedded.tomcat.TomcatWebServer Tomcat started on port(s): 8081 (http) with context path ''
2021-11-01 15:54:00:498 [restartedMain] INFO  com.ivan.sunnyblog.SunnyBlogApplication Started SunnyBlogApplication in 23.218 seconds (JVM running for 23.75)
2021-11-01 15:54:04:705 [http-nio-8081-exec-1] INFO  org.apache.catalina.core.ContainerBase.[Tomcat].[localhost].[/] Initializing Spring DispatcherServlet 'dispatcherServlet'
2021-11-01 15:54:04:705 [http-nio-8081-exec-1] INFO  org.springframework.web.servlet.DispatcherServlet Initializing Servlet 'dispatcherServlet'
2021-11-01 15:54:04:710 [http-nio-8081-exec-1] INFO  org.springframework.web.servlet.DispatcherServlet Completed initialization in 5 ms
2021-11-01 15:54:04:847 [http-nio-8081-exec-1] INFO  org.jooq.Constants 
                                      
@@@@@@@@@@@@@@@@@@@@@@@@@@@@@@@@@@@@@@
@@@@@@@@@@@@@@@@@@@@@@@@@@@@@@@@@@@@@@
@@@@@@@@@@@@@@@@  @@        @@@@@@@@@@
@@@@@@@@@@@@@@@@@@@@        @@@@@@@@@@
@@@@@@@@@@@@@@@@  @@  @@    @@@@@@@@@@
@@@@@@@@@@  @@@@  @@  @@    @@@@@@@@@@
@@@@@@@@@@        @@        @@@@@@@@@@
@@@@@@@@@@@@@@@@@@@@@@@@@@@@@@@@@@@@@@
@@@@@@@@@@@@@@@@@@@@@@@@@@@@@@@@@@@@@@
@@@@@@@@@@        @@        @@@@@@@@@@
@@@@@@@@@@    @@  @@  @@@@  @@@@@@@@@@
@@@@@@@@@@    @@  @@  @@@@  @@@@@@@@@@
@@@@@@@@@@        @@  @  @  @@@@@@@@@@
@@@@@@@@@@        @@        @@@@@@@@@@
@@@@@@@@@@@@@@@@@@@@@@@  @@@@@@@@@@@@@
@@@@@@@@@@@@@@@@@@@@@@@@@@@@@@@@@@@@@@
@@@@@@@@@@@@@@@@@@@@@@@@@@@@@@@@@@@@@@  Thank you for using jOOQ 3.11.11
                                      
2021-11-01 15:54:05:040 [http-nio-8081-exec-1] INFO  io.lettuce.core.EpollProvider Starting without optional epoll library
2021-11-01 15:54:05:041 [http-nio-8081-exec-1] INFO  io.lettuce.core.KqueueProvider Starting without optional kqueue library
2021-11-01 15:54:05:162 [http-nio-8081-exec-1] INFO  com.ivan.sunnyblog.web.aop.ControllerAspect *** Request Success ***: 400ms POST URI=/api/login, methodName=com.ivan.sunnyblog.web.controller.AccountController.login, args=[LoginVo{username='test', password='123456'}], result=ResultInfo{info='null', status=0, data=LoginResultVo{accessToken='eyJhbGciOiJIUzI1NiJ9.eyJleHAiOjE2MzU4MTA4NDQsInVzZXJJZCI6MTAwMDAzLCJpYXQiOjE2MzU3OTY0NDR9.ZIg1kJW8klf0udwHPplzmD68mY5hz4chuMZvDDGe3SM', role=0}}
2021-11-01 15:54:05:510 [http-nio-8081-exec-2] INFO  com.ivan.sunnyblog.web.aop.ControllerAspect *** Request Success ***: 115ms GET URI=/api/admin/article, methodName=com.ivan.sunnyblog.web.controller.ArticleController.getArticleList, args=[SearchVo{page=1, limit=20}], result=ResultInfo{info='null', status=0, data=[ArticleVo{userInfo=UserInfoVo{userId=100001, nickName='ivan', userName='ivan'}, category=CategoryVo{categoryId=2, name='liddffd'}, BaseArticleVo{articleId=10004, status=1, title='Spring boot', description='rerwerwer', content='null', firstPicture='null', viewCount=0, createDate='Tue Oct 12 15:58:26 EDT 2021', updateDate='Tue Oct 12 15:58:26 EDT 2021'}}, ArticleVo{userInfo=UserInfoVo{userId=100001, nickName='ivan', userName='ivan'}, category=CategoryVo{categoryId=1, name='Life '}, BaseArticleVo{articleId=10003, status=0, title='dd', description='test', content='null', firstPicture='null', viewCount=0, createDate='Tue Oct 12 15:57:33 EDT 2021', updateDate='Tue Oct 12 15:57:33 EDT 2021'}}]}
2021-11-01 15:54:47:401 [http-nio-8081-exec-3] INFO  com.ivan.sunnyblog.web.aop.ControllerAspect *** Request Success ***: 47ms GET URI=/api/admin/article, methodName=com.ivan.sunnyblog.web.controller.ArticleController.getArticleList, args=[SearchVo{page=1, limit=20}], result=ResultInfo{info='null', status=0, data=[ArticleVo{userInfo=UserInfoVo{userId=100001, nickName='ivan', userName='ivan'}, category=CategoryVo{categoryId=2, name='liddffd'}, BaseArticleVo{articleId=10004, status=1, title='Spring boot', description='rerwerwer', content='null', firstPicture='null', viewCount=0, createDate='Tue Oct 12 15:58:26 EDT 2021', updateDate='Tue Oct 12 15:58:26 EDT 2021'}}, ArticleVo{userInfo=UserInfoVo{userId=100001, nickName='ivan', userName='ivan'}, category=CategoryVo{categoryId=1, name='Life '}, BaseArticleVo{articleId=10003, status=0, title='dd', description='test', content='null', firstPicture='null', viewCount=0, createDate='Tue Oct 12 15:57:33 EDT 2021', updateDate='Tue Oct 12 15:57:33 EDT 2021'}}]}
2021-11-01 15:55:38:691 [http-nio-8081-exec-4] INFO  com.ivan.sunnyblog.web.aop.ControllerAspect *** Request Success ***: 28ms GET URI=/api/admin/article, methodName=com.ivan.sunnyblog.web.controller.ArticleController.getArticleList, args=[SearchVo{page=1, limit=20}], result=ResultInfo{info='null', status=0, data=[ArticleVo{userInfo=UserInfoVo{userId=100001, nickName='ivan', userName='ivan'}, category=CategoryVo{categoryId=2, name='liddffd'}, BaseArticleVo{articleId=10004, status=1, title='Spring boot', description='rerwerwer', content='null', firstPicture='null', viewCount=0, createDate='Tue Oct 12 15:58:26 EDT 2021', updateDate='Tue Oct 12 15:58:26 EDT 2021'}}, ArticleVo{userInfo=UserInfoVo{userId=100001, nickName='ivan', userName='ivan'}, category=CategoryVo{categoryId=1, name='Life '}, BaseArticleVo{articleId=10003, status=0, title='dd', description='test', content='null', firstPicture='null', viewCount=0, createDate='Tue Oct 12 15:57:33 EDT 2021', updateDate='Tue Oct 12 15:57:33 EDT 2021'}}]}
2021-11-01 15:58:24:635 [http-nio-8081-exec-6] INFO  com.ivan.sunnyblog.web.aop.ControllerAspect *** Request Success ***: 11ms POST URI=/api/login, methodName=com.ivan.sunnyblog.web.controller.AccountController.login, args=[LoginVo{username='test', password='123456'}], result=ResultInfo{info='null', status=0, data=LoginResultVo{accessToken='eyJhbGciOiJIUzI1NiJ9.eyJleHAiOjE2MzU4MTExMDQsInVzZXJJZCI6MTAwMDAzLCJpYXQiOjE2MzU3OTY3MDR9.ylQuyenEJ2-CRhss1q3mfmnOdi9k3igVVp9CHVNqyA4', role=0}}
2021-11-01 15:58:24:759 [http-nio-8081-exec-7] INFO  com.ivan.sunnyblog.web.aop.ControllerAspect *** Request Success ***: 7ms GET URI=/api/admin/article, methodName=com.ivan.sunnyblog.web.controller.ArticleController.getArticleList, args=[SearchVo{page=1, limit=20}], result=ResultInfo{info='null', status=0, data=[ArticleVo{userInfo=UserInfoVo{userId=100001, nickName='ivan', userName='ivan'}, category=CategoryVo{categoryId=2, name='liddffd'}, BaseArticleVo{articleId=10004, status=1, title='Spring boot', description='rerwerwer', content='null', firstPicture='null', viewCount=0, createDate='Tue Oct 12 15:58:26 EDT 2021', updateDate='Tue Oct 12 15:58:26 EDT 2021'}}, ArticleVo{userInfo=UserInfoVo{userId=100001, nickName='ivan', userName='ivan'}, category=CategoryVo{categoryId=1, name='Life '}, BaseArticleVo{articleId=10003, status=0, title='dd', description='test', content='null', firstPicture='null', viewCount=0, createDate='Tue Oct 12 15:57:33 EDT 2021', updateDate='Tue Oct 12 15:57:33 EDT 2021'}}]}
2021-11-01 15:59:19:039 [http-nio-8081-exec-8] INFO  com.ivan.sunnyblog.web.aop.ControllerAspect *** Request Success ***: 22ms GET URI=/api/admin/article, methodName=com.ivan.sunnyblog.web.controller.ArticleController.getArticleList, args=[SearchVo{page=1, limit=20}], result=ResultInfo{info='null', status=0, data=[ArticleVo{userInfo=UserInfoVo{userId=100001, nickName='ivan', userName='ivan'}, category=CategoryVo{categoryId=2, name='liddffd'}, BaseArticleVo{articleId=10004, status=1, title='Spring boot', description='rerwerwer', content='null', firstPicture='null', viewCount=0, createDate='Tue Oct 12 15:58:26 EDT 2021', updateDate='Tue Oct 12 15:58:26 EDT 2021'}}, ArticleVo{userInfo=UserInfoVo{userId=100001, nickName='ivan', userName='ivan'}, category=CategoryVo{categoryId=1, name='Life '}, BaseArticleVo{articleId=10003, status=0, title='dd', description='test', content='null', firstPicture='null', viewCount=0, createDate='Tue Oct 12 15:57:33 EDT 2021', updateDate='Tue Oct 12 15:57:33 EDT 2021'}}]}
2021-11-01 15:59:31:124 [http-nio-8081-exec-9] INFO  com.ivan.sunnyblog.web.aop.ControllerAspect *** Request Success ***: 5ms POST URI=/api/login, methodName=com.ivan.sunnyblog.web.controller.AccountController.login, args=[LoginVo{username='test', password='123456'}], result=ResultInfo{info='null', status=0, data=LoginResultVo{accessToken='eyJhbGciOiJIUzI1NiJ9.eyJleHAiOjE2MzU4MTExNzEsInVzZXJJZCI6MTAwMDAzLCJpYXQiOjE2MzU3OTY3NzF9.J1U-m5EgQxSvNvwnMFBSjqtGOlyMMmeuboAe8wGy_nc', role=0}}
2021-11-01 15:59:31:248 [http-nio-8081-exec-1] INFO  com.ivan.sunnyblog.web.aop.ControllerAspect *** Request Success ***: 5ms GET URI=/api/admin/article, methodName=com.ivan.sunnyblog.web.controller.ArticleController.getArticleList, args=[SearchVo{page=1, limit=20}], result=ResultInfo{info='null', status=0, data=[ArticleVo{userInfo=UserInfoVo{userId=100001, nickName='ivan', userName='ivan'}, category=CategoryVo{categoryId=2, name='liddffd'}, BaseArticleVo{articleId=10004, status=1, title='Spring boot', description='rerwerwer', content='null', firstPicture='null', viewCount=0, createDate='Tue Oct 12 15:58:26 EDT 2021', updateDate='Tue Oct 12 15:58:26 EDT 2021'}}, ArticleVo{userInfo=UserInfoVo{userId=100001, nickName='ivan', userName='ivan'}, category=CategoryVo{categoryId=1, name='Life '}, BaseArticleVo{articleId=10003, status=0, title='dd', description='test', content='null', firstPicture='null', viewCount=0, createDate='Tue Oct 12 15:57:33 EDT 2021', updateDate='Tue Oct 12 15:57:33 EDT 2021'}}]}
2021-11-01 16:02:05:580 [http-nio-8081-exec-3] INFO  com.ivan.sunnyblog.web.aop.ControllerAspect *** Request Success ***: 18ms GET URI=/api/admin/article, methodName=com.ivan.sunnyblog.web.controller.ArticleController.getArticleList, args=[SearchVo{page=1, limit=20}], result=ResultInfo{info='null', status=0, data=[ArticleVo{userInfo=UserInfoVo{userId=100001, nickName='ivan', userName='ivan'}, category=CategoryVo{categoryId=2, name='liddffd'}, BaseArticleVo{articleId=10004, status=1, title='Spring boot', description='rerwerwer', content='null', firstPicture='null', viewCount=0, createDate='Tue Oct 12 15:58:26 EDT 2021', updateDate='Tue Oct 12 15:58:26 EDT 2021'}}, ArticleVo{userInfo=UserInfoVo{userId=100001, nickName='ivan', userName='ivan'}, category=CategoryVo{categoryId=1, name='Life '}, BaseArticleVo{articleId=10003, status=0, title='dd', description='test', content='null', firstPicture='null', viewCount=0, createDate='Tue Oct 12 15:57:33 EDT 2021', updateDate='Tue Oct 12 15:57:33 EDT 2021'}}]}
2021-11-01 16:11:58:918 [http-nio-8081-exec-5] INFO  com.ivan.sunnyblog.web.aop.ControllerAspect *** Request Success ***: 4ms POST URI=/api/login, methodName=com.ivan.sunnyblog.web.controller.AccountController.login, args=[LoginVo{username='test', password='123456'}], result=ResultInfo{info='null', status=0, data=LoginResultVo{accessToken='eyJhbGciOiJIUzI1NiJ9.eyJleHAiOjE2MzU4MTE5MTgsInVzZXJJZCI6MTAwMDAzLCJpYXQiOjE2MzU3OTc1MTh9.Ju2CVMTXJ0mrtUD_4kw_wzV6zMjP3zn8kfz33pDBScY', role=0}}
2021-11-01 16:11:59:044 [http-nio-8081-exec-6] INFO  com.ivan.sunnyblog.web.aop.ControllerAspect *** Request Success ***: 12ms GET URI=/api/admin/article, methodName=com.ivan.sunnyblog.web.controller.ArticleController.getArticleList, args=[SearchVo{page=1, limit=20}], result=ResultInfo{info='null', status=0, data=[ArticleVo{userInfo=UserInfoVo{userId=100001, nickName='ivan', userName='ivan'}, category=CategoryVo{categoryId=2, name='liddffd'}, BaseArticleVo{articleId=10004, status=1, title='Spring boot', description='rerwerwer', content='null', firstPicture='null', viewCount=0, createDate='Tue Oct 12 15:58:26 EDT 2021', updateDate='Tue Oct 12 15:58:26 EDT 2021'}}, ArticleVo{userInfo=UserInfoVo{userId=100001, nickName='ivan', userName='ivan'}, category=CategoryVo{categoryId=1, name='Life '}, BaseArticleVo{articleId=10003, status=0, title='dd', description='test', content='null', firstPicture='null', viewCount=0, createDate='Tue Oct 12 15:57:33 EDT 2021', updateDate='Tue Oct 12 15:57:33 EDT 2021'}}]}
2021-11-01 16:12:17:975 [http-nio-8081-exec-7] INFO  com.ivan.sunnyblog.web.aop.ControllerAspect *** Request Success ***: 11ms GET URI=/api/admin/article, methodName=com.ivan.sunnyblog.web.controller.ArticleController.getArticleList, args=[SearchVo{page=1, limit=20}], result=ResultInfo{info='null', status=0, data=[ArticleVo{userInfo=UserInfoVo{userId=100001, nickName='ivan', userName='ivan'}, category=CategoryVo{categoryId=2, name='liddffd'}, BaseArticleVo{articleId=10004, status=1, title='Spring boot', description='rerwerwer', content='null', firstPicture='null', viewCount=0, createDate='Tue Oct 12 15:58:26 EDT 2021', updateDate='Tue Oct 12 15:58:26 EDT 2021'}}, ArticleVo{userInfo=UserInfoVo{userId=100001, nickName='ivan', userName='ivan'}, category=CategoryVo{categoryId=1, name='Life '}, BaseArticleVo{articleId=10003, status=0, title='dd', description='test', content='null', firstPicture='null', viewCount=0, createDate='Tue Oct 12 15:57:33 EDT 2021', updateDate='Tue Oct 12 15:57:33 EDT 2021'}}]}
2021-11-01 16:12:58:765 [http-nio-8081-exec-8] INFO  com.ivan.sunnyblog.web.aop.ControllerAspect *** Request Success ***: 19ms GET URI=/api/admin/article, methodName=com.ivan.sunnyblog.web.controller.ArticleController.getArticleList, args=[SearchVo{page=1, limit=20}], result=ResultInfo{info='null', status=0, data=[ArticleVo{userInfo=UserInfoVo{userId=100001, nickName='ivan', userName='ivan'}, category=CategoryVo{categoryId=2, name='liddffd'}, BaseArticleVo{articleId=10004, status=1, title='Spring boot', description='rerwerwer', content='null', firstPicture='null', viewCount=0, createDate='Tue Oct 12 15:58:26 EDT 2021', updateDate='Tue Oct 12 15:58:26 EDT 2021'}}, ArticleVo{userInfo=UserInfoVo{userId=100001, nickName='ivan', userName='ivan'}, category=CategoryVo{categoryId=1, name='Life '}, BaseArticleVo{articleId=10003, status=0, title='dd', description='test', content='null', firstPicture='null', viewCount=0, createDate='Tue Oct 12 15:57:33 EDT 2021', updateDate='Tue Oct 12 15:57:33 EDT 2021'}}]}
2021-11-01 16:13:32:294 [http-nio-8081-exec-10] INFO  com.ivan.sunnyblog.web.aop.ControllerAspect *** Request Error ***: 16ms POST URI=/api/login, methodName=com.ivan.sunnyblog.web.controller.AccountController.login, args=[LoginVo{username='ivan', password='123233'}], result=null
2021-11-01 16:13:32:301 [http-nio-8081-exec-10] WARN  org.springframework.web.servlet.mvc.method.annotation.ExceptionHandlerExceptionResolver Resolved [com.ivan.sunnyblog.base.exception.BizException: Invalid username or password.]
2021-11-01 16:13:36:233 [http-nio-8081-exec-1] INFO  com.ivan.sunnyblog.web.aop.ControllerAspect *** Request Error ***: 3ms POST URI=/api/login, methodName=com.ivan.sunnyblog.web.controller.AccountController.login, args=[LoginVo{username='ivan', password='123233'}], result=null
2021-11-01 16:13:36:238 [http-nio-8081-exec-1] WARN  org.springframework.web.servlet.mvc.method.annotation.ExceptionHandlerExceptionResolver Resolved [com.ivan.sunnyblog.base.exception.BizException: Invalid username or password.]
2021-11-01 16:14:52:226 [Thread-55] INFO  org.springframework.scheduling.concurrent.ThreadPoolTaskExecutor Shutting down ExecutorService 'applicationTaskExecutor'
2021-11-01 16:14:52:229 [Thread-55] INFO  com.zaxxer.hikari.HikariDataSource HikariPool-1 - Shutdown initiated...
2021-11-01 16:14:52:230 [Thread-55] INFO  com.zaxxer.hikari.HikariDataSource HikariPool-1 - Shutdown completed.
2021-11-01 16:14:55:650 [restartedMain] INFO  com.ivan.sunnyblog.SunnyBlogApplication Starting SunnyBlogApplication on Jinghaos-MacBook-Air.local with PID 32523 (/Users/jinghaoliang/Documents/tech/Project/blogProject/SunnyBlog/target/classes started by jinghaoliang in /Users/jinghaoliang/Documents/tech/Project/blogProject/SunnyBlog)
2021-11-01 16:14:55:651 [restartedMain] INFO  com.ivan.sunnyblog.SunnyBlogApplication No active profile set, falling back to default profiles: default
2021-11-01 16:14:55:670 [restartedMain] INFO  org.springframework.boot.devtools.env.DevToolsPropertyDefaultsPostProcessor Devtools property defaults active! Set 'spring.devtools.add-properties' to 'false' to disable
2021-11-01 16:14:55:670 [restartedMain] INFO  org.springframework.boot.devtools.env.DevToolsPropertyDefaultsPostProcessor For additional web related logging consider setting the 'logging.level.web' property to 'DEBUG'
2021-11-01 16:14:55:958 [restartedMain] INFO  org.springframework.data.repository.config.RepositoryConfigurationDelegate Multiple Spring Data modules found, entering strict repository configuration mode!
2021-11-01 16:14:55:959 [restartedMain] INFO  org.springframework.data.repository.config.RepositoryConfigurationDelegate Bootstrapping Spring Data repositories in DEFAULT mode.
2021-11-01 16:14:55:981 [restartedMain] INFO  org.springframework.data.repository.config.RepositoryConfigurationDelegate Finished Spring Data repository scanning in 15ms. Found 0 repository interfaces.
2021-11-01 16:14:56:127 [restartedMain] INFO  o.s.context.support.PostProcessorRegistrationDelegate$BeanPostProcessorChecker Bean 'org.springframework.transaction.annotation.ProxyTransactionManagementConfiguration' of type [org.springframework.transaction.annotation.ProxyTransactionManagementConfiguration$$EnhancerBySpringCGLIB$$ec66e5da] is not eligible for getting processed by all BeanPostProcessors (for example: not eligible for auto-proxying)
2021-11-01 16:14:56:295 [restartedMain] INFO  org.springframework.boot.web.embedded.tomcat.TomcatWebServer Tomcat initialized with port(s): 8081 (http)
2021-11-01 16:14:56:300 [restartedMain] INFO  org.apache.coyote.http11.Http11NioProtocol Initializing ProtocolHandler ["http-nio-8081"]
2021-11-01 16:14:56:304 [restartedMain] INFO  org.apache.catalina.core.StandardService Starting service [Tomcat]
2021-11-01 16:14:56:304 [restartedMain] INFO  org.apache.catalina.core.StandardEngine Starting Servlet engine: [Apache Tomcat/9.0.21]
2021-11-01 16:14:56:334 [restartedMain] INFO  org.apache.catalina.core.ContainerBase.[Tomcat].[localhost].[/] Initializing Spring embedded WebApplicationContext
2021-11-01 16:14:56:334 [restartedMain] INFO  org.springframework.web.context.ContextLoader Root WebApplicationContext: initialization completed in 664 ms
2021-11-01 16:14:56:497 [restartedMain] INFO  com.zaxxer.hikari.HikariDataSource HikariPool-1 - Starting...
2021-11-01 16:14:56:534 [restartedMain] INFO  com.zaxxer.hikari.HikariDataSource HikariPool-1 - Start completed.
2021-11-01 16:15:10:964 [restartedMain] INFO  org.springframework.scheduling.concurrent.ThreadPoolTaskExecutor Initializing ExecutorService 'applicationTaskExecutor'
2021-11-01 16:15:11:137 [restartedMain] INFO  org.springframework.boot.devtools.autoconfigure.OptionalLiveReloadServer LiveReload server is running on port 35729
2021-11-01 16:15:11:174 [restartedMain] INFO  org.apache.coyote.http11.Http11NioProtocol Starting ProtocolHandler ["http-nio-8081"]
2021-11-01 16:15:11:188 [restartedMain] INFO  org.springframework.boot.web.embedded.tomcat.TomcatWebServer Tomcat started on port(s): 8081 (http) with context path ''
2021-11-01 16:15:11:190 [restartedMain] INFO  com.ivan.sunnyblog.SunnyBlogApplication Started SunnyBlogApplication in 15.696 seconds (JVM running for 16.227)
2021-11-01 16:15:31:449 [http-nio-8081-exec-1] INFO  org.apache.catalina.core.ContainerBase.[Tomcat].[localhost].[/] Initializing Spring DispatcherServlet 'dispatcherServlet'
2021-11-01 16:15:31:449 [http-nio-8081-exec-1] INFO  org.springframework.web.servlet.DispatcherServlet Initializing Servlet 'dispatcherServlet'
2021-11-01 16:15:31:456 [http-nio-8081-exec-1] INFO  org.springframework.web.servlet.DispatcherServlet Completed initialization in 7 ms
2021-11-01 16:15:31:585 [http-nio-8081-exec-1] INFO  org.jooq.Constants 
                                      
@@@@@@@@@@@@@@@@@@@@@@@@@@@@@@@@@@@@@@
@@@@@@@@@@@@@@@@@@@@@@@@@@@@@@@@@@@@@@
@@@@@@@@@@@@@@@@  @@        @@@@@@@@@@
@@@@@@@@@@@@@@@@@@@@        @@@@@@@@@@
@@@@@@@@@@@@@@@@  @@  @@    @@@@@@@@@@
@@@@@@@@@@  @@@@  @@  @@    @@@@@@@@@@
@@@@@@@@@@        @@        @@@@@@@@@@
@@@@@@@@@@@@@@@@@@@@@@@@@@@@@@@@@@@@@@
@@@@@@@@@@@@@@@@@@@@@@@@@@@@@@@@@@@@@@
@@@@@@@@@@        @@        @@@@@@@@@@
@@@@@@@@@@    @@  @@  @@@@  @@@@@@@@@@
@@@@@@@@@@    @@  @@  @@@@  @@@@@@@@@@
@@@@@@@@@@        @@  @  @  @@@@@@@@@@
@@@@@@@@@@        @@        @@@@@@@@@@
@@@@@@@@@@@@@@@@@@@@@@@  @@@@@@@@@@@@@
@@@@@@@@@@@@@@@@@@@@@@@@@@@@@@@@@@@@@@
@@@@@@@@@@@@@@@@@@@@@@@@@@@@@@@@@@@@@@  Thank you for using jOOQ 3.11.11
                                      
2021-11-01 16:15:31:629 [http-nio-8081-exec-1] INFO  com.ivan.sunnyblog.web.aop.ControllerAspect *** Request Error ***: 123ms POST URI=/api/login, methodName=com.ivan.sunnyblog.web.controller.AccountController.login, args=[LoginVo{username='ivan', password='123233'}], result=null
2021-11-01 16:15:31:642 [http-nio-8081-exec-1] WARN  org.springframework.web.servlet.mvc.method.annotation.ExceptionHandlerExceptionResolver Resolved [com.ivan.sunnyblog.base.exception.BizException: Invalid username or password.]
2021-11-01 16:16:44:013 [http-nio-8081-exec-3] INFO  com.ivan.sunnyblog.web.aop.ControllerAspect *** Request Error ***: 3ms POST URI=/api/login, methodName=com.ivan.sunnyblog.web.controller.AccountController.login, args=[LoginVo{username='test', password='fsdfdsf'}], result=null
2021-11-01 16:16:44:016 [http-nio-8081-exec-3] WARN  org.springframework.web.servlet.mvc.method.annotation.ExceptionHandlerExceptionResolver Resolved [com.ivan.sunnyblog.base.exception.BizException: Invalid username or password.]
2021-11-01 16:52:18:466 [http-nio-8081-exec-5] INFO  com.ivan.sunnyblog.web.aop.ControllerAspect *** Request Error ***: 5ms POST URI=/api/login, methodName=com.ivan.sunnyblog.web.controller.AccountController.login, args=[LoginVo{username='test', password='fsdfdsfff'}], result=null
2021-11-01 16:52:18:468 [http-nio-8081-exec-5] WARN  org.springframework.web.servlet.mvc.method.annotation.ExceptionHandlerExceptionResolver Resolved [com.ivan.sunnyblog.base.exception.BizException: Invalid username or password.]
2021-11-01 16:52:31:208 [http-nio-8081-exec-6] INFO  com.ivan.sunnyblog.web.aop.ControllerAspect *** Request Success ***: 95ms GET URI=/api/admin/article, methodName=com.ivan.sunnyblog.web.controller.ArticleController.getArticleList, args=[SearchVo{page=1, limit=20}], result=ResultInfo{info='null', status=0, data=[ArticleVo{userInfo=UserInfoVo{userId=100001, nickName='ivan', userName='ivan'}, category=CategoryVo{categoryId=2, name='liddffd'}, BaseArticleVo{articleId=10004, status=1, title='Spring boot', description='rerwerwer', content='null', firstPicture='null', viewCount=0, createDate='Tue Oct 12 15:58:26 EDT 2021', updateDate='Tue Oct 12 15:58:26 EDT 2021'}}, ArticleVo{userInfo=UserInfoVo{userId=100001, nickName='ivan', userName='ivan'}, category=CategoryVo{categoryId=1, name='Life '}, BaseArticleVo{articleId=10003, status=0, title='dd', description='test', content='null', firstPicture='null', viewCount=0, createDate='Tue Oct 12 15:57:33 EDT 2021', updateDate='Tue Oct 12 15:57:33 EDT 2021'}}]}
2021-11-01 17:12:43:687 [http-nio-8081-exec-9] INFO  com.ivan.sunnyblog.web.aop.ControllerAspect *** Request Success ***: 6ms GET URI=/api/admin/category, methodName=com.ivan.sunnyblog.web.controller.CategoryContoller.getCategoryList, args=[SearchVo{page=1, limit=10}], result=ResultInfo{info='null', status=0, data=[Category (1, Life ), Category (2, liddffd)]}
2021-11-01 17:13:31:396 [Thread-40] INFO  org.springframework.scheduling.concurrent.ThreadPoolTaskExecutor Shutting down ExecutorService 'applicationTaskExecutor'
2021-11-01 17:13:31:398 [Thread-40] INFO  com.zaxxer.hikari.HikariDataSource HikariPool-1 - Shutdown initiated...
2021-11-01 17:13:31:401 [Thread-40] INFO  com.zaxxer.hikari.HikariDataSource HikariPool-1 - Shutdown completed.
2021-11-01 17:16:22:380 [restartedMain] INFO  com.ivan.sunnyblog.SunnyBlogApplication Starting SunnyBlogApplication on Jinghaos-MacBook-Air.local with PID 32898 (/Users/jinghaoliang/Documents/tech/Project/blogProject/SunnyBlog/target/classes started by jinghaoliang in /Users/jinghaoliang/Documents/tech/Project/blogProject/SunnyBlog)
2021-11-01 17:16:22:381 [restartedMain] INFO  com.ivan.sunnyblog.SunnyBlogApplication No active profile set, falling back to default profiles: default
2021-11-01 17:16:22:400 [restartedMain] INFO  org.springframework.boot.devtools.env.DevToolsPropertyDefaultsPostProcessor Devtools property defaults active! Set 'spring.devtools.add-properties' to 'false' to disable
2021-11-01 17:16:22:400 [restartedMain] INFO  org.springframework.boot.devtools.env.DevToolsPropertyDefaultsPostProcessor For additional web related logging consider setting the 'logging.level.web' property to 'DEBUG'
2021-11-01 17:16:22:746 [restartedMain] INFO  org.springframework.data.repository.config.RepositoryConfigurationDelegate Multiple Spring Data modules found, entering strict repository configuration mode!
2021-11-01 17:16:22:747 [restartedMain] INFO  org.springframework.data.repository.config.RepositoryConfigurationDelegate Bootstrapping Spring Data repositories in DEFAULT mode.
2021-11-01 17:16:22:770 [restartedMain] INFO  org.springframework.data.repository.config.RepositoryConfigurationDelegate Finished Spring Data repository scanning in 16ms. Found 0 repository interfaces.
2021-11-01 17:16:22:915 [restartedMain] INFO  o.s.context.support.PostProcessorRegistrationDelegate$BeanPostProcessorChecker Bean 'org.springframework.transaction.annotation.ProxyTransactionManagementConfiguration' of type [org.springframework.transaction.annotation.ProxyTransactionManagementConfiguration$$EnhancerBySpringCGLIB$$5529c434] is not eligible for getting processed by all BeanPostProcessors (for example: not eligible for auto-proxying)
2021-11-01 17:16:23:076 [restartedMain] INFO  org.springframework.boot.web.embedded.tomcat.TomcatWebServer Tomcat initialized with port(s): 8081 (http)
2021-11-01 17:16:23:082 [restartedMain] INFO  org.apache.coyote.http11.Http11NioProtocol Initializing ProtocolHandler ["http-nio-8081"]
2021-11-01 17:16:23:086 [restartedMain] INFO  org.apache.catalina.core.StandardService Starting service [Tomcat]
2021-11-01 17:16:23:087 [restartedMain] INFO  org.apache.catalina.core.StandardEngine Starting Servlet engine: [Apache Tomcat/9.0.21]
2021-11-01 17:16:23:116 [restartedMain] INFO  org.apache.catalina.core.ContainerBase.[Tomcat].[localhost].[/] Initializing Spring embedded WebApplicationContext
2021-11-01 17:16:23:116 [restartedMain] INFO  org.springframework.web.context.ContextLoader Root WebApplicationContext: initialization completed in 716 ms
2021-11-01 17:16:23:271 [restartedMain] INFO  com.zaxxer.hikari.HikariDataSource HikariPool-1 - Starting...
2021-11-01 17:16:23:301 [restartedMain] INFO  com.zaxxer.hikari.HikariDataSource HikariPool-1 - Start completed.
2021-11-01 17:16:39:452 [restartedMain] INFO  org.springframework.scheduling.concurrent.ThreadPoolTaskExecutor Initializing ExecutorService 'applicationTaskExecutor'
2021-11-01 17:16:39:623 [restartedMain] INFO  org.springframework.boot.devtools.autoconfigure.OptionalLiveReloadServer LiveReload server is running on port 35729
2021-11-01 17:16:39:661 [restartedMain] INFO  org.apache.coyote.http11.Http11NioProtocol Starting ProtocolHandler ["http-nio-8081"]
2021-11-01 17:16:39:674 [restartedMain] INFO  org.springframework.boot.web.embedded.tomcat.TomcatWebServer Tomcat started on port(s): 8081 (http) with context path ''
2021-11-01 17:16:39:675 [restartedMain] INFO  com.ivan.sunnyblog.SunnyBlogApplication Started SunnyBlogApplication in 17.456 seconds (JVM running for 17.908)
2021-11-01 17:16:54:919 [http-nio-8081-exec-1] INFO  org.apache.catalina.core.ContainerBase.[Tomcat].[localhost].[/] Initializing Spring DispatcherServlet 'dispatcherServlet'
2021-11-01 17:16:54:919 [http-nio-8081-exec-1] INFO  org.springframework.web.servlet.DispatcherServlet Initializing Servlet 'dispatcherServlet'
2021-11-01 17:16:54:924 [http-nio-8081-exec-1] INFO  org.springframework.web.servlet.DispatcherServlet Completed initialization in 5 ms
2021-11-01 17:16:55:036 [http-nio-8081-exec-1] INFO  org.jooq.Constants 
                                      
@@@@@@@@@@@@@@@@@@@@@@@@@@@@@@@@@@@@@@
@@@@@@@@@@@@@@@@@@@@@@@@@@@@@@@@@@@@@@
@@@@@@@@@@@@@@@@  @@        @@@@@@@@@@
@@@@@@@@@@@@@@@@@@@@        @@@@@@@@@@
@@@@@@@@@@@@@@@@  @@  @@    @@@@@@@@@@
@@@@@@@@@@  @@@@  @@  @@    @@@@@@@@@@
@@@@@@@@@@        @@        @@@@@@@@@@
@@@@@@@@@@@@@@@@@@@@@@@@@@@@@@@@@@@@@@
@@@@@@@@@@@@@@@@@@@@@@@@@@@@@@@@@@@@@@
@@@@@@@@@@        @@        @@@@@@@@@@
@@@@@@@@@@    @@  @@  @@@@  @@@@@@@@@@
@@@@@@@@@@    @@  @@  @@@@  @@@@@@@@@@
@@@@@@@@@@        @@  @  @  @@@@@@@@@@
@@@@@@@@@@        @@        @@@@@@@@@@
@@@@@@@@@@@@@@@@@@@@@@@  @@@@@@@@@@@@@
@@@@@@@@@@@@@@@@@@@@@@@@@@@@@@@@@@@@@@
@@@@@@@@@@@@@@@@@@@@@@@@@@@@@@@@@@@@@@  Thank you for using jOOQ 3.11.11
                                      
2021-11-01 17:16:55:073 [http-nio-8081-exec-1] INFO  com.ivan.sunnyblog.web.aop.ControllerAspect *** Request Success ***: 122ms GET URI=/api/admin/category, methodName=com.ivan.sunnyblog.web.controller.CategoryContoller.getCategoryList, args=[SearchVo{page=1, limit=10}], result=ResultInfo{info='null', status=0, data=[Category (1, Life ), Category (2, liddffd)]}
2021-11-01 17:16:56:118 [http-nio-8081-exec-3] INFO  com.ivan.sunnyblog.web.aop.ControllerAspect *** Request Success ***: 41ms GET URI=/api/admin/article, methodName=com.ivan.sunnyblog.web.controller.ArticleController.getArticleList, args=[SearchVo{page=1, limit=20}], result=ResultInfo{info='null', status=0, data=[ArticleVo{userInfo=UserInfoVo{userId=100001, nickName='ivan', userName='ivan'}, category=CategoryVo{categoryId=2, name='liddffd'}, BaseArticleVo{articleId=10004, status=1, title='Spring boot', description='rerwerwer', content='null', firstPicture='null', viewCount=0, createDate='Tue Oct 12 15:58:26 EDT 2021', updateDate='Tue Oct 12 15:58:26 EDT 2021'}}, ArticleVo{userInfo=UserInfoVo{userId=100001, nickName='ivan', userName='ivan'}, category=CategoryVo{categoryId=1, name='Life '}, BaseArticleVo{articleId=10003, status=0, title='dd', description='test', content='null', firstPicture='null', viewCount=0, createDate='Tue Oct 12 15:57:33 EDT 2021', updateDate='Tue Oct 12 15:57:33 EDT 2021'}}]}
2021-11-01 17:18:50:053 [Thread-44] INFO  org.springframework.scheduling.concurrent.ThreadPoolTaskExecutor Shutting down ExecutorService 'applicationTaskExecutor'
2021-11-01 17:18:50:054 [Thread-44] INFO  com.zaxxer.hikari.HikariDataSource HikariPool-1 - Shutdown initiated...
2021-11-01 17:18:50:055 [Thread-44] INFO  com.zaxxer.hikari.HikariDataSource HikariPool-1 - Shutdown completed.
