2021-11-12 00:12:47:937 [restartedMain] INFO  com.ivan.sunnyblog.SunnyBlogApplication Starting SunnyBlogApplication on Jinghaos-MacBook-Air.local with PID 13016 (/Users/jinghaoliang/Documents/tech/Project/blogProject/SunnyBlog/target/classes started by jinghaoliang in /Users/jinghaoliang/Documents/tech/Project/blogProject/SunnyBlog)
2021-11-12 00:12:47:940 [restartedMain] INFO  com.ivan.sunnyblog.SunnyBlogApplication No active profile set, falling back to default profiles: default
2021-11-12 00:12:47:961 [restartedMain] INFO  org.springframework.boot.devtools.env.DevToolsPropertyDefaultsPostProcessor Devtools property defaults active! Set 'spring.devtools.add-properties' to 'false' to disable
2021-11-12 00:12:47:961 [restartedMain] INFO  org.springframework.boot.devtools.env.DevToolsPropertyDefaultsPostProcessor For additional web related logging consider setting the 'logging.level.web' property to 'DEBUG'
2021-11-12 00:12:48:303 [restartedMain] INFO  org.springframework.data.repository.config.RepositoryConfigurationDelegate Multiple Spring Data modules found, entering strict repository configuration mode!
2021-11-12 00:12:48:305 [restartedMain] INFO  org.springframework.data.repository.config.RepositoryConfigurationDelegate Bootstrapping Spring Data repositories in DEFAULT mode.
2021-11-12 00:12:48:331 [restartedMain] INFO  org.springframework.data.repository.config.RepositoryConfigurationDelegate Finished Spring Data repository scanning in 17ms. Found 0 repository interfaces.
2021-11-12 00:12:48:477 [restartedMain] INFO  o.s.context.support.PostProcessorRegistrationDelegate$BeanPostProcessorChecker Bean 'org.springframework.transaction.annotation.ProxyTransactionManagementConfiguration' of type [org.springframework.transaction.annotation.ProxyTransactionManagementConfiguration$$EnhancerBySpringCGLIB$$b8f85766] is not eligible for getting processed by all BeanPostProcessors (for example: not eligible for auto-proxying)
2021-11-12 00:12:48:658 [restartedMain] INFO  org.springframework.boot.web.embedded.tomcat.TomcatWebServer Tomcat initialized with port(s): 8081 (http)
2021-11-12 00:12:48:664 [restartedMain] INFO  org.apache.coyote.http11.Http11NioProtocol Initializing ProtocolHandler ["http-nio-8081"]
2021-11-12 00:12:48:668 [restartedMain] INFO  org.apache.catalina.core.StandardService Starting service [Tomcat]
2021-11-12 00:12:48:668 [restartedMain] INFO  org.apache.catalina.core.StandardEngine Starting Servlet engine: [Apache Tomcat/9.0.21]
2021-11-12 00:12:48:727 [restartedMain] INFO  org.apache.catalina.core.ContainerBase.[Tomcat].[localhost].[/] Initializing Spring embedded WebApplicationContext
2021-11-12 00:12:48:727 [restartedMain] INFO  org.springframework.web.context.ContextLoader Root WebApplicationContext: initialization completed in 766 ms
2021-11-12 00:12:48:870 [restartedMain] INFO  com.zaxxer.hikari.HikariDataSource HikariPool-1 - Starting...
2021-11-12 00:12:48:908 [restartedMain] INFO  com.zaxxer.hikari.HikariDataSource HikariPool-1 - Start completed.
2021-11-12 00:12:58:710 [restartedMain] INFO  org.springframework.scheduling.concurrent.ThreadPoolTaskExecutor Initializing ExecutorService 'applicationTaskExecutor'
2021-11-12 00:12:58:870 [restartedMain] INFO  org.springframework.scheduling.concurrent.ThreadPoolTaskScheduler Initializing ExecutorService 'taskScheduler'
2021-11-12 00:12:58:889 [restartedMain] INFO  org.springframework.boot.devtools.autoconfigure.OptionalLiveReloadServer LiveReload server is running on port 35729
2021-11-12 00:12:58:928 [restartedMain] INFO  org.apache.coyote.http11.Http11NioProtocol Starting ProtocolHandler ["http-nio-8081"]
2021-11-12 00:12:58:941 [restartedMain] INFO  org.springframework.boot.web.embedded.tomcat.TomcatWebServer Tomcat started on port(s): 8081 (http) with context path ''
2021-11-12 00:12:58:943 [restartedMain] INFO  com.ivan.sunnyblog.SunnyBlogApplication Started SunnyBlogApplication in 11.158 seconds (JVM running for 11.465)
2021-11-12 00:15:00:003 [scheduling-1] INFO  com.ivan.sunnyblog.base.utils.BaseLogger ===***=== Start to do scheduled task
2021-11-12 00:15:00:092 [scheduling-1] INFO  io.lettuce.core.EpollProvider Starting without optional epoll library
2021-11-12 00:15:00:093 [scheduling-1] INFO  io.lettuce.core.KqueueProvider Starting without optional kqueue library
2021-11-12 00:15:00:385 [scheduling-1] INFO  com.ivan.sunnyblog.base.utils.BaseLogger key: article_10004, value: 2
2021-11-12 00:15:00:411 [scheduling-1] INFO  org.jooq.Constants 
                                      
@@@@@@@@@@@@@@@@@@@@@@@@@@@@@@@@@@@@@@
@@@@@@@@@@@@@@@@@@@@@@@@@@@@@@@@@@@@@@
@@@@@@@@@@@@@@@@  @@        @@@@@@@@@@
@@@@@@@@@@@@@@@@@@@@        @@@@@@@@@@
@@@@@@@@@@@@@@@@  @@  @@    @@@@@@@@@@
@@@@@@@@@@  @@@@  @@  @@    @@@@@@@@@@
@@@@@@@@@@        @@        @@@@@@@@@@
@@@@@@@@@@@@@@@@@@@@@@@@@@@@@@@@@@@@@@
@@@@@@@@@@@@@@@@@@@@@@@@@@@@@@@@@@@@@@
@@@@@@@@@@        @@        @@@@@@@@@@
@@@@@@@@@@    @@  @@  @@@@  @@@@@@@@@@
@@@@@@@@@@    @@  @@  @@@@  @@@@@@@@@@
@@@@@@@@@@        @@  @  @  @@@@@@@@@@
@@@@@@@@@@        @@        @@@@@@@@@@
@@@@@@@@@@@@@@@@@@@@@@@  @@@@@@@@@@@@@
@@@@@@@@@@@@@@@@@@@@@@@@@@@@@@@@@@@@@@
@@@@@@@@@@@@@@@@@@@@@@@@@@@@@@@@@@@@@@  Thank you for using jOOQ 3.11.11
                                      
2021-11-12 00:15:00:422 [scheduling-1] INFO  com.ivan.sunnyblog.base.utils.BaseLogger ===***=== The scheduled task is done
2021-11-12 00:21:53:891 [HikariPool-1 housekeeper] WARN  com.zaxxer.hikari.pool.HikariPool HikariPool-1 - Thread starvation or clock leap detected (housekeeper delta=1m4s801ms).
2021-11-12 00:24:51:160 [Thread-31] INFO  org.springframework.scheduling.concurrent.ThreadPoolTaskScheduler Shutting down ExecutorService 'taskScheduler'
2021-11-12 00:24:51:161 [Thread-31] INFO  org.springframework.scheduling.concurrent.ThreadPoolTaskExecutor Shutting down ExecutorService 'applicationTaskExecutor'
2021-11-12 00:24:51:161 [Thread-31] INFO  com.zaxxer.hikari.HikariDataSource HikariPool-1 - Shutdown initiated...
2021-11-12 00:24:51:162 [Thread-31] INFO  com.zaxxer.hikari.HikariDataSource HikariPool-1 - Shutdown completed.
2021-11-12 00:33:04:609 [restartedMain] INFO  com.ivan.sunnyblog.SunnyBlogApplication Starting SunnyBlogApplication on Jinghaos-MacBook-Air.local with PID 13194 (/Users/jinghaoliang/Documents/tech/Project/blogProject/SunnyBlog/target/classes started by jinghaoliang in /Users/jinghaoliang/Documents/tech/Project/blogProject/SunnyBlog)
2021-11-12 00:33:04:611 [restartedMain] INFO  com.ivan.sunnyblog.SunnyBlogApplication No active profile set, falling back to default profiles: default
2021-11-12 00:33:04:630 [restartedMain] INFO  org.springframework.boot.devtools.env.DevToolsPropertyDefaultsPostProcessor Devtools property defaults active! Set 'spring.devtools.add-properties' to 'false' to disable
2021-11-12 00:33:04:631 [restartedMain] INFO  org.springframework.boot.devtools.env.DevToolsPropertyDefaultsPostProcessor For additional web related logging consider setting the 'logging.level.web' property to 'DEBUG'
2021-11-12 00:33:04:923 [restartedMain] INFO  org.springframework.data.repository.config.RepositoryConfigurationDelegate Multiple Spring Data modules found, entering strict repository configuration mode!
2021-11-12 00:33:04:924 [restartedMain] INFO  org.springframework.data.repository.config.RepositoryConfigurationDelegate Bootstrapping Spring Data repositories in DEFAULT mode.
2021-11-12 00:33:04:945 [restartedMain] INFO  org.springframework.data.repository.config.RepositoryConfigurationDelegate Finished Spring Data repository scanning in 14ms. Found 0 repository interfaces.
2021-11-12 00:33:05:090 [restartedMain] INFO  o.s.context.support.PostProcessorRegistrationDelegate$BeanPostProcessorChecker Bean 'org.springframework.transaction.annotation.ProxyTransactionManagementConfiguration' of type [org.springframework.transaction.annotation.ProxyTransactionManagementConfiguration$$EnhancerBySpringCGLIB$$b20d9549] is not eligible for getting processed by all BeanPostProcessors (for example: not eligible for auto-proxying)
2021-11-12 00:33:05:255 [restartedMain] INFO  org.springframework.boot.web.embedded.tomcat.TomcatWebServer Tomcat initialized with port(s): 8081 (http)
2021-11-12 00:33:05:261 [restartedMain] INFO  org.apache.coyote.http11.Http11NioProtocol Initializing ProtocolHandler ["http-nio-8081"]
2021-11-12 00:33:05:266 [restartedMain] INFO  org.apache.catalina.core.StandardService Starting service [Tomcat]
2021-11-12 00:33:05:266 [restartedMain] INFO  org.apache.catalina.core.StandardEngine Starting Servlet engine: [Apache Tomcat/9.0.21]
2021-11-12 00:33:05:324 [restartedMain] INFO  org.apache.catalina.core.ContainerBase.[Tomcat].[localhost].[/] Initializing Spring embedded WebApplicationContext
2021-11-12 00:33:05:325 [restartedMain] INFO  org.springframework.web.context.ContextLoader Root WebApplicationContext: initialization completed in 694 ms
2021-11-12 00:33:05:464 [restartedMain] INFO  com.zaxxer.hikari.HikariDataSource HikariPool-1 - Starting...
2021-11-12 00:33:05:506 [restartedMain] INFO  com.zaxxer.hikari.HikariDataSource HikariPool-1 - Start completed.
2021-11-12 00:33:16:615 [restartedMain] INFO  org.springframework.scheduling.concurrent.ThreadPoolTaskExecutor Initializing ExecutorService 'applicationTaskExecutor'
2021-11-12 00:33:16:771 [restartedMain] INFO  org.springframework.scheduling.concurrent.ThreadPoolTaskScheduler Initializing ExecutorService 'taskScheduler'
2021-11-12 00:33:16:792 [restartedMain] INFO  org.springframework.boot.devtools.autoconfigure.OptionalLiveReloadServer LiveReload server is running on port 35729
2021-11-12 00:33:16:831 [restartedMain] INFO  org.apache.coyote.http11.Http11NioProtocol Starting ProtocolHandler ["http-nio-8081"]
2021-11-12 00:33:16:844 [restartedMain] INFO  org.springframework.boot.web.embedded.tomcat.TomcatWebServer Tomcat started on port(s): 8081 (http) with context path ''
2021-11-12 00:33:16:846 [restartedMain] INFO  com.ivan.sunnyblog.SunnyBlogApplication Started SunnyBlogApplication in 12.393 seconds (JVM running for 12.876)
2021-11-12 00:34:00:005 [scheduling-1] INFO  com.ivan.sunnyblog.base.utils.BaseLogger ===***=== Start to do scheduled task, date: Fri Nov 12 00:34:00 EST 2021
2021-11-12 00:34:00:092 [scheduling-1] INFO  io.lettuce.core.EpollProvider Starting without optional epoll library
2021-11-12 00:34:00:092 [scheduling-1] INFO  io.lettuce.core.KqueueProvider Starting without optional kqueue library
2021-11-12 00:34:00:232 [scheduling-1] INFO  org.jooq.Constants 
                                      
@@@@@@@@@@@@@@@@@@@@@@@@@@@@@@@@@@@@@@
@@@@@@@@@@@@@@@@@@@@@@@@@@@@@@@@@@@@@@
@@@@@@@@@@@@@@@@  @@        @@@@@@@@@@
@@@@@@@@@@@@@@@@@@@@        @@@@@@@@@@
@@@@@@@@@@@@@@@@  @@  @@    @@@@@@@@@@
@@@@@@@@@@  @@@@  @@  @@    @@@@@@@@@@
@@@@@@@@@@        @@        @@@@@@@@@@
@@@@@@@@@@@@@@@@@@@@@@@@@@@@@@@@@@@@@@
@@@@@@@@@@@@@@@@@@@@@@@@@@@@@@@@@@@@@@
@@@@@@@@@@        @@        @@@@@@@@@@
@@@@@@@@@@    @@  @@  @@@@  @@@@@@@@@@
@@@@@@@@@@    @@  @@  @@@@  @@@@@@@@@@
@@@@@@@@@@        @@  @  @  @@@@@@@@@@
@@@@@@@@@@        @@        @@@@@@@@@@
@@@@@@@@@@@@@@@@@@@@@@@  @@@@@@@@@@@@@
@@@@@@@@@@@@@@@@@@@@@@@@@@@@@@@@@@@@@@
@@@@@@@@@@@@@@@@@@@@@@@@@@@@@@@@@@@@@@  Thank you for using jOOQ 3.11.11
                                      
2021-11-12 00:34:00:269 [scheduling-1] ERROR com.ivan.sunnyblog.base.utils.BaseLogger Exception happened. failed to update view of article (id = 10004)
2021-11-12 00:34:00:271 [scheduling-1] INFO  com.ivan.sunnyblog.base.utils.BaseLogger ===***=== The scheduled task is done, date: Fri Nov 12 00:34:00 EST 2021
2021-11-12 00:36:07:620 [Thread-34] INFO  org.springframework.scheduling.concurrent.ThreadPoolTaskScheduler Shutting down ExecutorService 'taskScheduler'
2021-11-12 00:36:07:624 [Thread-34] INFO  org.springframework.scheduling.concurrent.ThreadPoolTaskExecutor Shutting down ExecutorService 'applicationTaskExecutor'
2021-11-12 00:36:07:624 [Thread-34] INFO  com.zaxxer.hikari.HikariDataSource HikariPool-1 - Shutdown initiated...
2021-11-12 00:36:07:625 [Thread-34] INFO  com.zaxxer.hikari.HikariDataSource HikariPool-1 - Shutdown completed.
2021-11-12 00:36:11:063 [restartedMain] INFO  com.ivan.sunnyblog.SunnyBlogApplication Starting SunnyBlogApplication on Jinghaos-MacBook-Air.local with PID 13249 (/Users/jinghaoliang/Documents/tech/Project/blogProject/SunnyBlog/target/classes started by jinghaoliang in /Users/jinghaoliang/Documents/tech/Project/blogProject/SunnyBlog)
2021-11-12 00:36:11:066 [restartedMain] INFO  com.ivan.sunnyblog.SunnyBlogApplication No active profile set, falling back to default profiles: default
2021-11-12 00:36:11:088 [restartedMain] INFO  org.springframework.boot.devtools.env.DevToolsPropertyDefaultsPostProcessor Devtools property defaults active! Set 'spring.devtools.add-properties' to 'false' to disable
2021-11-12 00:36:11:090 [restartedMain] INFO  org.springframework.boot.devtools.env.DevToolsPropertyDefaultsPostProcessor For additional web related logging consider setting the 'logging.level.web' property to 'DEBUG'
2021-11-12 00:36:11:425 [restartedMain] INFO  org.springframework.data.repository.config.RepositoryConfigurationDelegate Multiple Spring Data modules found, entering strict repository configuration mode!
2021-11-12 00:36:11:426 [restartedMain] INFO  org.springframework.data.repository.config.RepositoryConfigurationDelegate Bootstrapping Spring Data repositories in DEFAULT mode.
2021-11-12 00:36:11:451 [restartedMain] INFO  org.springframework.data.repository.config.RepositoryConfigurationDelegate Finished Spring Data repository scanning in 17ms. Found 0 repository interfaces.
2021-11-12 00:36:11:597 [restartedMain] INFO  o.s.context.support.PostProcessorRegistrationDelegate$BeanPostProcessorChecker Bean 'org.springframework.transaction.annotation.ProxyTransactionManagementConfiguration' of type [org.springframework.transaction.annotation.ProxyTransactionManagementConfiguration$$EnhancerBySpringCGLIB$$56ffe25] is not eligible for getting processed by all BeanPostProcessors (for example: not eligible for auto-proxying)
2021-11-12 00:36:11:757 [restartedMain] INFO  org.springframework.boot.web.embedded.tomcat.TomcatWebServer Tomcat initialized with port(s): 8081 (http)
2021-11-12 00:36:11:763 [restartedMain] INFO  org.apache.coyote.http11.Http11NioProtocol Initializing ProtocolHandler ["http-nio-8081"]
2021-11-12 00:36:11:767 [restartedMain] INFO  org.apache.catalina.core.StandardService Starting service [Tomcat]
2021-11-12 00:36:11:767 [restartedMain] INFO  org.apache.catalina.core.StandardEngine Starting Servlet engine: [Apache Tomcat/9.0.21]
2021-11-12 00:36:11:805 [restartedMain] INFO  org.apache.catalina.core.ContainerBase.[Tomcat].[localhost].[/] Initializing Spring embedded WebApplicationContext
2021-11-12 00:36:11:806 [restartedMain] INFO  org.springframework.web.context.ContextLoader Root WebApplicationContext: initialization completed in 716 ms
2021-11-12 00:36:12:015 [restartedMain] INFO  com.zaxxer.hikari.HikariDataSource HikariPool-1 - Starting...
2021-11-12 00:36:12:044 [restartedMain] INFO  com.zaxxer.hikari.HikariDataSource HikariPool-1 - Start completed.
2021-11-12 00:36:28:741 [restartedMain] INFO  org.springframework.scheduling.concurrent.ThreadPoolTaskExecutor Initializing ExecutorService 'applicationTaskExecutor'
2021-11-12 00:36:28:890 [restartedMain] INFO  org.springframework.scheduling.concurrent.ThreadPoolTaskScheduler Initializing ExecutorService 'taskScheduler'
2021-11-12 00:36:28:912 [restartedMain] INFO  org.springframework.boot.devtools.autoconfigure.OptionalLiveReloadServer LiveReload server is running on port 35729
2021-11-12 00:36:28:951 [restartedMain] INFO  org.apache.coyote.http11.Http11NioProtocol Starting ProtocolHandler ["http-nio-8081"]
2021-11-12 00:36:28:965 [restartedMain] INFO  org.springframework.boot.web.embedded.tomcat.TomcatWebServer Tomcat started on port(s): 8081 (http) with context path ''
2021-11-12 00:36:28:966 [restartedMain] INFO  com.ivan.sunnyblog.SunnyBlogApplication Started SunnyBlogApplication in 18.122 seconds (JVM running for 18.548)
2021-11-12 00:39:20:216 [http-nio-8081-exec-1] INFO  org.apache.catalina.core.ContainerBase.[Tomcat].[localhost].[/] Initializing Spring DispatcherServlet 'dispatcherServlet'
2021-11-12 00:39:20:216 [http-nio-8081-exec-1] INFO  org.springframework.web.servlet.DispatcherServlet Initializing Servlet 'dispatcherServlet'
2021-11-12 00:39:20:222 [http-nio-8081-exec-1] INFO  org.springframework.web.servlet.DispatcherServlet Completed initialization in 6 ms
2021-11-12 00:39:20:374 [http-nio-8081-exec-4] INFO  org.jooq.Constants 
                                      
@@@@@@@@@@@@@@@@@@@@@@@@@@@@@@@@@@@@@@
@@@@@@@@@@@@@@@@@@@@@@@@@@@@@@@@@@@@@@
@@@@@@@@@@@@@@@@  @@        @@@@@@@@@@
@@@@@@@@@@@@@@@@@@@@        @@@@@@@@@@
@@@@@@@@@@@@@@@@  @@  @@    @@@@@@@@@@
@@@@@@@@@@  @@@@  @@  @@    @@@@@@@@@@
@@@@@@@@@@        @@        @@@@@@@@@@
@@@@@@@@@@@@@@@@@@@@@@@@@@@@@@@@@@@@@@
@@@@@@@@@@@@@@@@@@@@@@@@@@@@@@@@@@@@@@
@@@@@@@@@@        @@        @@@@@@@@@@
@@@@@@@@@@    @@  @@  @@@@  @@@@@@@@@@
@@@@@@@@@@    @@  @@  @@@@  @@@@@@@@@@
@@@@@@@@@@        @@  @  @  @@@@@@@@@@
@@@@@@@@@@        @@        @@@@@@@@@@
@@@@@@@@@@@@@@@@@@@@@@@  @@@@@@@@@@@@@
@@@@@@@@@@@@@@@@@@@@@@@@@@@@@@@@@@@@@@
@@@@@@@@@@@@@@@@@@@@@@@@@@@@@@@@@@@@@@  Thank you for using jOOQ 3.11.11
                                      
2021-11-12 00:39:20:418 [http-nio-8081-exec-3] INFO  com.ivan.sunnyblog.web.aop.ControllerAspect *** Request Success ***: 164ms GET URI=/api/categories, methodName=com.ivan.sunnyblog.web.controller.CategoryContoller.getCategories, args=[], result=ResultInfo{info='null', status=0, data=[CategoryVo{categoryId=2, name='liddffd', articleCount=1}, CategoryVo{categoryId=1, name='Life ', articleCount=1}], total=null}
2021-11-12 00:39:20:431 [http-nio-8081-exec-4] INFO  com.ivan.sunnyblog.web.aop.ControllerAspect *** Request Success ***: 167ms GET URI=/api/articles, methodName=com.ivan.sunnyblog.web.controller.ArticleController.getPublicArticles, args=[SearchVo{page=1, limit=10, categoryId=null, total=null}], result=ResultInfo{info='null', status=0, data=[ArticleVo{userInfo=UserInfoVo{userId=100001, nickName='ivan', userName='ivan'}, category=CategoryVo{categoryId=1, name='Life ', articleCount=null}, BaseArticleVo{articleId=10005, status=1, title='dd', description='This is the doc of React markdown editor lite.
Enjoy!!', content='null', firstPicture='', viewCount=0, createDate='Sun Nov 07 14:09:29 EST 2021', updateDate='Mon Nov 08 09:15:09 EST 2021'}}, ArticleVo{userInfo=UserInfoVo{userId=100001, nickName='ivan', userName='ivan'}, category=CategoryVo{categoryId=2, name='liddffd', articleCount=null}, BaseArticleVo{articleId=10004, status=1, title='Spring boot', description='rerwerwer', content='null', firstPicture='null', viewCount=2, createDate='Tue Oct 12 15:58:26 EDT 2021', updateDate='Fri Nov 12 00:15:00 EST 2021'}}], total=2}
2021-11-12 00:39:20:480 [http-nio-8081-exec-6] INFO  com.ivan.sunnyblog.web.aop.ControllerAspect *** Request Success ***: 5ms GET URI=/api/articles, methodName=com.ivan.sunnyblog.web.controller.ArticleController.getPublicArticles, args=[SearchVo{page=1, limit=10, categoryId=2, total=null}], result=ResultInfo{info='null', status=0, data=[ArticleVo{userInfo=UserInfoVo{userId=100001, nickName='ivan', userName='ivan'}, category=CategoryVo{categoryId=2, name='liddffd', articleCount=null}, BaseArticleVo{articleId=10004, status=1, title='Spring boot', description='rerwerwer', content='null', firstPicture='null', viewCount=2, createDate='Tue Oct 12 15:58:26 EDT 2021', updateDate='Fri Nov 12 00:15:00 EST 2021'}}], total=1}
2021-11-12 00:39:21:907 [http-nio-8081-exec-8] INFO  io.lettuce.core.EpollProvider Starting without optional epoll library
2021-11-12 00:39:21:908 [http-nio-8081-exec-8] INFO  io.lettuce.core.KqueueProvider Starting without optional kqueue library
2021-11-12 00:39:22:300 [http-nio-8081-exec-8] INFO  com.ivan.sunnyblog.web.aop.ControllerAspect *** Request Success ***: 472ms GET URI=/api/article/10004, methodName=com.ivan.sunnyblog.web.controller.ArticleController.getPublicArticleDetail, args=[10004], result=ResultInfo{info='null', status=0, data=ArticleDetailVo{categoryId=2, BaseArticleVo{articleId=10004, status=1, title='Spring boot', description='rerwerwer', content='rererer', firstPicture='null', viewCount=2, createDate='Tue Oct 12 15:58:26 EDT 2021', updateDate='Fri Nov 12 00:15:00 EST 2021'}}, total=null}
2021-11-12 00:40:00:000 [scheduling-1] INFO  com.ivan.sunnyblog.base.utils.BaseLogger ===***=== Start to do scheduled task, date: Fri Nov 12 00:40:00 EST 2021
2021-11-12 00:40:00:054 [scheduling-1] INFO  com.ivan.sunnyblog.base.utils.BaseLogger ===***=== The scheduled task is done, date: Fri Nov 12 00:40:00 EST 2021
2021-11-12 00:43:35:088 [Thread-45] INFO  org.springframework.scheduling.concurrent.ThreadPoolTaskScheduler Shutting down ExecutorService 'taskScheduler'
2021-11-12 00:43:35:089 [Thread-45] INFO  org.springframework.scheduling.concurrent.ThreadPoolTaskExecutor Shutting down ExecutorService 'applicationTaskExecutor'
2021-11-12 00:43:35:090 [Thread-45] INFO  com.zaxxer.hikari.HikariDataSource HikariPool-1 - Shutdown initiated...
2021-11-12 00:43:35:091 [Thread-45] INFO  com.zaxxer.hikari.HikariDataSource HikariPool-1 - Shutdown completed.
2021-11-12 00:43:51:606 [restartedMain] INFO  com.ivan.sunnyblog.SunnyBlogApplication Starting SunnyBlogApplication on Jinghaos-MacBook-Air.local with PID 13321 (/Users/jinghaoliang/Documents/tech/Project/blogProject/SunnyBlog/target/classes started by jinghaoliang in /Users/jinghaoliang/Documents/tech/Project/blogProject/SunnyBlog)
2021-11-12 00:43:51:607 [restartedMain] INFO  com.ivan.sunnyblog.SunnyBlogApplication No active profile set, falling back to default profiles: default
2021-11-12 00:43:51:626 [restartedMain] INFO  org.springframework.boot.devtools.env.DevToolsPropertyDefaultsPostProcessor Devtools property defaults active! Set 'spring.devtools.add-properties' to 'false' to disable
2021-11-12 00:43:51:626 [restartedMain] INFO  org.springframework.boot.devtools.env.DevToolsPropertyDefaultsPostProcessor For additional web related logging consider setting the 'logging.level.web' property to 'DEBUG'
2021-11-12 00:43:51:933 [restartedMain] INFO  org.springframework.data.repository.config.RepositoryConfigurationDelegate Multiple Spring Data modules found, entering strict repository configuration mode!
2021-11-12 00:43:51:935 [restartedMain] INFO  org.springframework.data.repository.config.RepositoryConfigurationDelegate Bootstrapping Spring Data repositories in DEFAULT mode.
2021-11-12 00:43:51:959 [restartedMain] INFO  org.springframework.data.repository.config.RepositoryConfigurationDelegate Finished Spring Data repository scanning in 17ms. Found 0 repository interfaces.
2021-11-12 00:43:52:113 [restartedMain] INFO  o.s.context.support.PostProcessorRegistrationDelegate$BeanPostProcessorChecker Bean 'org.springframework.transaction.annotation.ProxyTransactionManagementConfiguration' of type [org.springframework.transaction.annotation.ProxyTransactionManagementConfiguration$$EnhancerBySpringCGLIB$$f2f47d38] is not eligible for getting processed by all BeanPostProcessors (for example: not eligible for auto-proxying)
2021-11-12 00:43:52:277 [restartedMain] INFO  org.springframework.boot.web.embedded.tomcat.TomcatWebServer Tomcat initialized with port(s): 8081 (http)
2021-11-12 00:43:52:283 [restartedMain] INFO  org.apache.coyote.http11.Http11NioProtocol Initializing ProtocolHandler ["http-nio-8081"]
2021-11-12 00:43:52:289 [restartedMain] INFO  org.apache.catalina.core.StandardService Starting service [Tomcat]
2021-11-12 00:43:52:289 [restartedMain] INFO  org.apache.catalina.core.StandardEngine Starting Servlet engine: [Apache Tomcat/9.0.21]
2021-11-12 00:43:52:361 [restartedMain] INFO  org.apache.catalina.core.ContainerBase.[Tomcat].[localhost].[/] Initializing Spring embedded WebApplicationContext
2021-11-12 00:43:52:361 [restartedMain] INFO  org.springframework.web.context.ContextLoader Root WebApplicationContext: initialization completed in 735 ms
2021-11-12 00:43:52:518 [restartedMain] INFO  com.zaxxer.hikari.HikariDataSource HikariPool-1 - Starting...
2021-11-12 00:43:52:546 [restartedMain] INFO  com.zaxxer.hikari.HikariDataSource HikariPool-1 - Start completed.
2021-11-12 00:44:00:618 [restartedMain] INFO  org.springframework.scheduling.concurrent.ThreadPoolTaskExecutor Initializing ExecutorService 'applicationTaskExecutor'
2021-11-12 00:44:00:779 [restartedMain] INFO  org.springframework.scheduling.concurrent.ThreadPoolTaskScheduler Initializing ExecutorService 'taskScheduler'
2021-11-12 00:44:00:802 [restartedMain] INFO  org.springframework.boot.devtools.autoconfigure.OptionalLiveReloadServer LiveReload server is running on port 35729
2021-11-12 00:44:00:841 [restartedMain] INFO  org.apache.coyote.http11.Http11NioProtocol Starting ProtocolHandler ["http-nio-8081"]
2021-11-12 00:44:00:855 [restartedMain] INFO  org.springframework.boot.web.embedded.tomcat.TomcatWebServer Tomcat started on port(s): 8081 (http) with context path ''
2021-11-12 00:44:00:857 [restartedMain] INFO  com.ivan.sunnyblog.SunnyBlogApplication Started SunnyBlogApplication in 9.405 seconds (JVM running for 9.846)
2021-11-12 00:44:31:533 [http-nio-8081-exec-2] INFO  org.apache.catalina.core.ContainerBase.[Tomcat].[localhost].[/] Initializing Spring DispatcherServlet 'dispatcherServlet'
2021-11-12 00:44:31:533 [http-nio-8081-exec-2] INFO  org.springframework.web.servlet.DispatcherServlet Initializing Servlet 'dispatcherServlet'
2021-11-12 00:44:31:540 [http-nio-8081-exec-2] INFO  org.springframework.web.servlet.DispatcherServlet Completed initialization in 7 ms
2021-11-12 00:44:31:651 [http-nio-8081-exec-1] INFO  org.jooq.Constants 
                                      
@@@@@@@@@@@@@@@@@@@@@@@@@@@@@@@@@@@@@@
@@@@@@@@@@@@@@@@@@@@@@@@@@@@@@@@@@@@@@
@@@@@@@@@@@@@@@@  @@        @@@@@@@@@@
@@@@@@@@@@@@@@@@@@@@        @@@@@@@@@@
@@@@@@@@@@@@@@@@  @@  @@    @@@@@@@@@@
@@@@@@@@@@  @@@@  @@  @@    @@@@@@@@@@
@@@@@@@@@@        @@        @@@@@@@@@@
@@@@@@@@@@@@@@@@@@@@@@@@@@@@@@@@@@@@@@
@@@@@@@@@@@@@@@@@@@@@@@@@@@@@@@@@@@@@@
@@@@@@@@@@        @@        @@@@@@@@@@
@@@@@@@@@@    @@  @@  @@@@  @@@@@@@@@@
@@@@@@@@@@    @@  @@  @@@@  @@@@@@@@@@
@@@@@@@@@@        @@  @  @  @@@@@@@@@@
@@@@@@@@@@        @@        @@@@@@@@@@
@@@@@@@@@@@@@@@@@@@@@@@  @@@@@@@@@@@@@
@@@@@@@@@@@@@@@@@@@@@@@@@@@@@@@@@@@@@@
@@@@@@@@@@@@@@@@@@@@@@@@@@@@@@@@@@@@@@  Thank you for using jOOQ 3.11.11
                                      
2021-11-12 00:44:31:679 [http-nio-8081-exec-1] INFO  com.ivan.sunnyblog.web.aop.ControllerAspect *** Request Success ***: 116ms GET URI=/api/categories, methodName=com.ivan.sunnyblog.web.controller.CategoryContoller.getCategories, args=[], result=ResultInfo{info='null', status=0, data=[CategoryVo{categoryId=2, name='liddffd', articleCount=1}, CategoryVo{categoryId=1, name='Life ', articleCount=1}], total=null}
2021-11-12 00:44:31:686 [http-nio-8081-exec-2] INFO  com.ivan.sunnyblog.web.aop.ControllerAspect *** Request Success ***: 114ms GET URI=/api/articles, methodName=com.ivan.sunnyblog.web.controller.ArticleController.getPublicArticles, args=[SearchVo{page=1, limit=10, categoryId=null, total=null}], result=ResultInfo{info='null', status=0, data=[ArticleVo{userInfo=UserInfoVo{userId=100001, nickName='ivan', userName='ivan'}, category=CategoryVo{categoryId=1, name='Life ', articleCount=null}, BaseArticleVo{articleId=10005, status=1, title='dd', description='This is the doc of React markdown editor lite.
Enjoy!!', content='null', firstPicture='', viewCount=0, createDate='Sun Nov 07 14:09:29 EST 2021', updateDate='Mon Nov 08 09:15:09 EST 2021'}}, ArticleVo{userInfo=UserInfoVo{userId=100001, nickName='ivan', userName='ivan'}, category=CategoryVo{categoryId=2, name='liddffd', articleCount=null}, BaseArticleVo{articleId=10004, status=1, title='Spring boot', description='rerwerwer', content='null', firstPicture='null', viewCount=3, createDate='Tue Oct 12 15:58:26 EDT 2021', updateDate='Fri Nov 12 00:40:00 EST 2021'}}], total=2}
2021-11-12 00:44:31:733 [http-nio-8081-exec-3] INFO  com.ivan.sunnyblog.web.aop.ControllerAspect *** Request Success ***: 6ms GET URI=/api/articles, methodName=com.ivan.sunnyblog.web.controller.ArticleController.getPublicArticles, args=[SearchVo{page=1, limit=10, categoryId=2, total=null}], result=ResultInfo{info='null', status=0, data=[ArticleVo{userInfo=UserInfoVo{userId=100001, nickName='ivan', userName='ivan'}, category=CategoryVo{categoryId=2, name='liddffd', articleCount=null}, BaseArticleVo{articleId=10004, status=1, title='Spring boot', description='rerwerwer', content='null', firstPicture='null', viewCount=3, createDate='Tue Oct 12 15:58:26 EDT 2021', updateDate='Fri Nov 12 00:40:00 EST 2021'}}], total=1}
2021-11-12 00:44:34:663 [http-nio-8081-exec-4] INFO  io.lettuce.core.EpollProvider Starting without optional epoll library
2021-11-12 00:44:34:664 [http-nio-8081-exec-4] INFO  io.lettuce.core.KqueueProvider Starting without optional kqueue library
2021-11-12 00:44:34:775 [http-nio-8081-exec-4] INFO  com.ivan.sunnyblog.web.aop.ControllerAspect *** Request Success ***: 201ms GET URI=/api/article/10004, methodName=com.ivan.sunnyblog.web.controller.ArticleController.getPublicArticleDetail, args=[10004], result=ResultInfo{info='null', status=0, data=ArticleDetailVo{categoryId=2, BaseArticleVo{articleId=10004, status=1, title='Spring boot', description='rerwerwer', content='rererer', firstPicture='null', viewCount=3, createDate='Tue Oct 12 15:58:26 EDT 2021', updateDate='Fri Nov 12 00:40:00 EST 2021'}}, total=null}
2021-11-12 00:48:00:000 [scheduling-1] INFO  com.ivan.sunnyblog.base.utils.BaseLogger ===***=== Start to do scheduled task, date: Fri Nov 12 00:48:00 EST 2021
2021-11-12 00:48:00:063 [scheduling-1] INFO  com.ivan.sunnyblog.base.utils.BaseLogger ===***=== The scheduled task is done, date: Fri Nov 12 00:48:00 EST 2021
2021-11-12 01:07:18:459 [HikariPool-1 housekeeper] WARN  com.zaxxer.hikari.pool.HikariPool HikariPool-1 - Thread starvation or clock leap detected (housekeeper delta=9m55s701ms).
2021-11-12 01:07:48:674 [Thread-28] INFO  org.springframework.scheduling.concurrent.ThreadPoolTaskScheduler Shutting down ExecutorService 'taskScheduler'
2021-11-12 01:07:48:675 [Thread-28] INFO  org.springframework.scheduling.concurrent.ThreadPoolTaskExecutor Shutting down ExecutorService 'applicationTaskExecutor'
2021-11-12 01:07:48:676 [Thread-28] INFO  com.zaxxer.hikari.HikariDataSource HikariPool-1 - Shutdown initiated...
2021-11-12 01:07:48:677 [Thread-28] INFO  com.zaxxer.hikari.HikariDataSource HikariPool-1 - Shutdown completed.
2021-11-12 10:18:33:581 [restartedMain] INFO  com.ivan.sunnyblog.SunnyBlogApplication Starting SunnyBlogApplication on Jinghaos-MacBook-Air.local with PID 13810 (/Users/jinghaoliang/Documents/tech/Project/blogProject/SunnyBlog/target/classes started by jinghaoliang in /Users/jinghaoliang/Documents/tech/Project/blogProject/SunnyBlog)
2021-11-12 10:18:33:583 [restartedMain] INFO  com.ivan.sunnyblog.SunnyBlogApplication No active profile set, falling back to default profiles: default
2021-11-12 10:18:33:601 [restartedMain] INFO  org.springframework.boot.devtools.env.DevToolsPropertyDefaultsPostProcessor Devtools property defaults active! Set 'spring.devtools.add-properties' to 'false' to disable
2021-11-12 10:18:33:601 [restartedMain] INFO  org.springframework.boot.devtools.env.DevToolsPropertyDefaultsPostProcessor For additional web related logging consider setting the 'logging.level.web' property to 'DEBUG'
2021-11-12 10:18:33:947 [restartedMain] INFO  org.springframework.data.repository.config.RepositoryConfigurationDelegate Multiple Spring Data modules found, entering strict repository configuration mode!
2021-11-12 10:18:33:950 [restartedMain] INFO  org.springframework.data.repository.config.RepositoryConfigurationDelegate Bootstrapping Spring Data repositories in DEFAULT mode.
2021-11-12 10:18:33:981 [restartedMain] INFO  org.springframework.data.repository.config.RepositoryConfigurationDelegate Finished Spring Data repository scanning in 17ms. Found 0 repository interfaces.
2021-11-12 10:18:34:128 [restartedMain] INFO  o.s.context.support.PostProcessorRegistrationDelegate$BeanPostProcessorChecker Bean 'org.springframework.transaction.annotation.ProxyTransactionManagementConfiguration' of type [org.springframework.transaction.annotation.ProxyTransactionManagementConfiguration$$EnhancerBySpringCGLIB$$e691c24a] is not eligible for getting processed by all BeanPostProcessors (for example: not eligible for auto-proxying)
2021-11-12 10:18:34:306 [restartedMain] INFO  org.springframework.boot.web.embedded.tomcat.TomcatWebServer Tomcat initialized with port(s): 8081 (http)
2021-11-12 10:18:34:313 [restartedMain] INFO  org.apache.coyote.http11.Http11NioProtocol Initializing ProtocolHandler ["http-nio-8081"]
2021-11-12 10:18:34:318 [restartedMain] INFO  org.apache.catalina.core.StandardService Starting service [Tomcat]
2021-11-12 10:18:34:318 [restartedMain] INFO  org.apache.catalina.core.StandardEngine Starting Servlet engine: [Apache Tomcat/9.0.21]
2021-11-12 10:18:34:380 [restartedMain] INFO  org.apache.catalina.core.ContainerBase.[Tomcat].[localhost].[/] Initializing Spring embedded WebApplicationContext
2021-11-12 10:18:34:380 [restartedMain] INFO  org.springframework.web.context.ContextLoader Root WebApplicationContext: initialization completed in 779 ms
2021-11-12 10:18:34:532 [restartedMain] INFO  com.zaxxer.hikari.HikariDataSource HikariPool-1 - Starting...
2021-11-12 10:18:34:569 [restartedMain] INFO  com.zaxxer.hikari.HikariDataSource HikariPool-1 - Start completed.
2021-11-12 10:18:47:978 [restartedMain] INFO  org.springframework.scheduling.concurrent.ThreadPoolTaskExecutor Initializing ExecutorService 'applicationTaskExecutor'
2021-11-12 10:18:48:137 [restartedMain] INFO  org.springframework.scheduling.concurrent.ThreadPoolTaskScheduler Initializing ExecutorService 'taskScheduler'
2021-11-12 10:18:48:157 [restartedMain] INFO  org.springframework.boot.devtools.autoconfigure.OptionalLiveReloadServer LiveReload server is running on port 35729
2021-11-12 10:18:48:196 [restartedMain] INFO  org.apache.coyote.http11.Http11NioProtocol Starting ProtocolHandler ["http-nio-8081"]
2021-11-12 10:18:48:210 [restartedMain] INFO  org.springframework.boot.web.embedded.tomcat.TomcatWebServer Tomcat started on port(s): 8081 (http) with context path ''
2021-11-12 10:18:48:212 [restartedMain] INFO  com.ivan.sunnyblog.SunnyBlogApplication Started SunnyBlogApplication in 14.79 seconds (JVM running for 15.086)
2021-11-12 10:18:55:157 [http-nio-8081-exec-1] INFO  org.apache.catalina.core.ContainerBase.[Tomcat].[localhost].[/] Initializing Spring DispatcherServlet 'dispatcherServlet'
2021-11-12 10:18:55:157 [http-nio-8081-exec-1] INFO  org.springframework.web.servlet.DispatcherServlet Initializing Servlet 'dispatcherServlet'
2021-11-12 10:18:55:163 [http-nio-8081-exec-1] INFO  org.springframework.web.servlet.DispatcherServlet Completed initialization in 6 ms
2021-11-12 10:18:55:281 [http-nio-8081-exec-3] INFO  org.jooq.Constants 
                                      
@@@@@@@@@@@@@@@@@@@@@@@@@@@@@@@@@@@@@@
@@@@@@@@@@@@@@@@@@@@@@@@@@@@@@@@@@@@@@
@@@@@@@@@@@@@@@@  @@        @@@@@@@@@@
@@@@@@@@@@@@@@@@@@@@        @@@@@@@@@@
@@@@@@@@@@@@@@@@  @@  @@    @@@@@@@@@@
@@@@@@@@@@  @@@@  @@  @@    @@@@@@@@@@
@@@@@@@@@@        @@        @@@@@@@@@@
@@@@@@@@@@@@@@@@@@@@@@@@@@@@@@@@@@@@@@
@@@@@@@@@@@@@@@@@@@@@@@@@@@@@@@@@@@@@@
@@@@@@@@@@        @@        @@@@@@@@@@
@@@@@@@@@@    @@  @@  @@@@  @@@@@@@@@@
@@@@@@@@@@    @@  @@  @@@@  @@@@@@@@@@
@@@@@@@@@@        @@  @  @  @@@@@@@@@@
@@@@@@@@@@        @@        @@@@@@@@@@
@@@@@@@@@@@@@@@@@@@@@@@  @@@@@@@@@@@@@
@@@@@@@@@@@@@@@@@@@@@@@@@@@@@@@@@@@@@@
@@@@@@@@@@@@@@@@@@@@@@@@@@@@@@@@@@@@@@  Thank you for using jOOQ 3.11.11
                                      
2021-11-12 10:18:55:304 [http-nio-8081-exec-4] INFO  com.ivan.sunnyblog.web.aop.ControllerAspect *** Request Success ***: 110ms GET URI=/api/categories, methodName=com.ivan.sunnyblog.web.controller.CategoryContoller.getCategories, args=[], result=ResultInfo{info='null', status=0, data=[CategoryVo{categoryId=2, name='liddffd', articleCount=1}, CategoryVo{categoryId=1, name='Life ', articleCount=1}], total=null}
2021-11-12 10:18:55:311 [http-nio-8081-exec-3] INFO  com.ivan.sunnyblog.web.aop.ControllerAspect *** Request Success ***: 110ms GET URI=/api/articles, methodName=com.ivan.sunnyblog.web.controller.ArticleController.getPublicArticles, args=[SearchVo{page=1, limit=10, categoryId=null, total=null}], result=ResultInfo{info='null', status=0, data=[ArticleVo{userInfo=UserInfoVo{userId=100001, nickName='ivan', userName='ivan'}, category=CategoryVo{categoryId=1, name='Life ', articleCount=null}, BaseArticleVo{articleId=10005, status=1, title='dd', description='This is the doc of React markdown editor lite.
Enjoy!!', content='null', firstPicture='', viewCount=0, createDate='Sun Nov 07 14:09:29 EST 2021', updateDate='Mon Nov 08 09:15:09 EST 2021'}}, ArticleVo{userInfo=UserInfoVo{userId=100001, nickName='ivan', userName='ivan'}, category=CategoryVo{categoryId=2, name='liddffd', articleCount=null}, BaseArticleVo{articleId=10004, status=1, title='Spring boot', description='rerwerwer', content='null', firstPicture='null', viewCount=4, createDate='Tue Oct 12 15:58:26 EDT 2021', updateDate='Fri Nov 12 00:48:00 EST 2021'}}], total=2}
2021-11-12 10:18:55:358 [http-nio-8081-exec-6] INFO  com.ivan.sunnyblog.web.aop.ControllerAspect *** Request Success ***: 5ms GET URI=/api/articles, methodName=com.ivan.sunnyblog.web.controller.ArticleController.getPublicArticles, args=[SearchVo{page=1, limit=10, categoryId=2, total=null}], result=ResultInfo{info='null', status=0, data=[ArticleVo{userInfo=UserInfoVo{userId=100001, nickName='ivan', userName='ivan'}, category=CategoryVo{categoryId=2, name='liddffd', articleCount=null}, BaseArticleVo{articleId=10004, status=1, title='Spring boot', description='rerwerwer', content='null', firstPicture='null', viewCount=4, createDate='Tue Oct 12 15:58:26 EDT 2021', updateDate='Fri Nov 12 00:48:00 EST 2021'}}], total=1}
2021-11-12 10:19:03:067 [http-nio-8081-exec-8] INFO  com.ivan.sunnyblog.web.aop.ControllerAspect *** Request Success ***: 5ms GET URI=/api/categories, methodName=com.ivan.sunnyblog.web.controller.CategoryContoller.getCategories, args=[], result=ResultInfo{info='null', status=0, data=[CategoryVo{categoryId=2, name='liddffd', articleCount=1}, CategoryVo{categoryId=1, name='Life ', articleCount=1}], total=null}
2021-11-12 10:19:03:079 [http-nio-8081-exec-7] INFO  com.ivan.sunnyblog.web.aop.ControllerAspect *** Request Success ***: 16ms GET URI=/api/articles, methodName=com.ivan.sunnyblog.web.controller.ArticleController.getPublicArticles, args=[SearchVo{page=1, limit=10, categoryId=null, total=null}], result=ResultInfo{info='null', status=0, data=[ArticleVo{userInfo=UserInfoVo{userId=100001, nickName='ivan', userName='ivan'}, category=CategoryVo{categoryId=1, name='Life ', articleCount=null}, BaseArticleVo{articleId=10005, status=1, title='dd', description='This is the doc of React markdown editor lite.
Enjoy!!', content='null', firstPicture='', viewCount=0, createDate='Sun Nov 07 14:09:29 EST 2021', updateDate='Mon Nov 08 09:15:09 EST 2021'}}, ArticleVo{userInfo=UserInfoVo{userId=100001, nickName='ivan', userName='ivan'}, category=CategoryVo{categoryId=2, name='liddffd', articleCount=null}, BaseArticleVo{articleId=10004, status=1, title='Spring boot', description='rerwerwer', content='null', firstPicture='null', viewCount=4, createDate='Tue Oct 12 15:58:26 EDT 2021', updateDate='Fri Nov 12 00:48:00 EST 2021'}}], total=2}
2021-11-12 10:19:03:099 [http-nio-8081-exec-9] INFO  com.ivan.sunnyblog.web.aop.ControllerAspect *** Request Success ***: 8ms GET URI=/api/articles, methodName=com.ivan.sunnyblog.web.controller.ArticleController.getPublicArticles, args=[SearchVo{page=1, limit=10, categoryId=2, total=null}], result=ResultInfo{info='null', status=0, data=[ArticleVo{userInfo=UserInfoVo{userId=100001, nickName='ivan', userName='ivan'}, category=CategoryVo{categoryId=2, name='liddffd', articleCount=null}, BaseArticleVo{articleId=10004, status=1, title='Spring boot', description='rerwerwer', content='null', firstPicture='null', viewCount=4, createDate='Tue Oct 12 15:58:26 EDT 2021', updateDate='Fri Nov 12 00:48:00 EST 2021'}}], total=1}
2021-11-12 10:19:05:117 [http-nio-8081-exec-2] INFO  io.lettuce.core.EpollProvider Starting without optional epoll library
2021-11-12 10:19:05:117 [http-nio-8081-exec-2] INFO  io.lettuce.core.KqueueProvider Starting without optional kqueue library
2021-11-12 10:19:05:239 [http-nio-8081-exec-2] INFO  com.ivan.sunnyblog.web.aop.ControllerAspect *** Request Success ***: 201ms GET URI=/api/article/10004, methodName=com.ivan.sunnyblog.web.controller.ArticleController.getPublicArticleDetail, args=[10004], result=ResultInfo{info='null', status=0, data=ArticleDetailVo{categoryId=2, BaseArticleVo{articleId=10004, status=1, title='Spring boot', description='rerwerwer', content='rererer', firstPicture='null', viewCount=4, createDate='Tue Oct 12 15:58:26 EDT 2021', updateDate='Fri Nov 12 00:48:00 EST 2021'}}, total=null}
2021-11-12 10:24:59:996 [scheduling-1] INFO  com.ivan.sunnyblog.base.utils.BaseLogger ===***=== Start to do scheduled task, date: Fri Nov 12 10:24:59 EST 2021
2021-11-12 10:25:00:042 [scheduling-1] INFO  com.ivan.sunnyblog.base.utils.BaseLogger +----------+------+------+-------+-------------+----------+-------+-----------+-----------+-----------------------------+-----------+
|article_id|status|title |content|first_picture|view_count|user_id|category_id|create_date|update_date                  |description|
+----------+------+------+-------+-------------+----------+-------+-----------+-----------+-----------------------------+-----------+
|    *10004|{null}|{null}|{null} |{null}       |        *5| {null}|     {null}|{null}     |*Fri Nov 12 10:25:00 EST 2021|{null}     |
+----------+------+------+-------+-------------+----------+-------+-----------+-----------+-----------------------------+-----------+

2021-11-12 10:25:00:044 [scheduling-1] INFO  com.ivan.sunnyblog.base.utils.BaseLogger ===***=== The scheduled task is done, date: Fri Nov 12 10:25:00 EST 2021
2021-11-12 10:44:17:831 [http-nio-8081-exec-5] INFO  com.ivan.sunnyblog.web.aop.ControllerAspect *** Request Success ***: 7ms GET URI=/api/categories, methodName=com.ivan.sunnyblog.web.controller.CategoryContoller.getCategories, args=[], result=ResultInfo{info='null', status=0, data=[CategoryVo{categoryId=2, name='liddffd', articleCount=1}, CategoryVo{categoryId=1, name='Life ', articleCount=1}], total=null}
2021-11-12 10:44:17:841 [http-nio-8081-exec-3] INFO  com.ivan.sunnyblog.web.aop.ControllerAspect *** Request Success ***: 16ms GET URI=/api/articles, methodName=com.ivan.sunnyblog.web.controller.ArticleController.getPublicArticles, args=[SearchVo{page=1, limit=10, categoryId=null, total=null}], result=ResultInfo{info='null', status=0, data=[ArticleVo{userInfo=UserInfoVo{userId=100001, nickName='ivan', userName='ivan'}, category=CategoryVo{categoryId=1, name='Life ', articleCount=null}, BaseArticleVo{articleId=10005, status=1, title='dd', description='This is the doc of React markdown editor lite.
Enjoy!!', content='null', firstPicture='', viewCount=0, createDate='Sun Nov 07 14:09:29 EST 2021', updateDate='Mon Nov 08 09:15:09 EST 2021'}}, ArticleVo{userInfo=UserInfoVo{userId=100001, nickName='ivan', userName='ivan'}, category=CategoryVo{categoryId=2, name='liddffd', articleCount=null}, BaseArticleVo{articleId=10004, status=1, title='Spring boot', description='rerwerwer', content='null', firstPicture='null', viewCount=4, createDate='Tue Oct 12 15:58:26 EDT 2021', updateDate='Fri Nov 12 00:48:00 EST 2021'}}], total=2}
2021-11-12 10:44:17:852 [http-nio-8081-exec-6] INFO  com.ivan.sunnyblog.web.aop.ControllerAspect *** Request Success ***: 4ms GET URI=/api/articles, methodName=com.ivan.sunnyblog.web.controller.ArticleController.getPublicArticles, args=[SearchVo{page=1, limit=10, categoryId=2, total=null}], result=ResultInfo{info='null', status=0, data=[ArticleVo{userInfo=UserInfoVo{userId=100001, nickName='ivan', userName='ivan'}, category=CategoryVo{categoryId=2, name='liddffd', articleCount=null}, BaseArticleVo{articleId=10004, status=1, title='Spring boot', description='rerwerwer', content='null', firstPicture='null', viewCount=4, createDate='Tue Oct 12 15:58:26 EDT 2021', updateDate='Fri Nov 12 00:48:00 EST 2021'}}], total=1}
2021-11-12 10:44:18:052 [HikariPool-1 housekeeper] WARN  com.zaxxer.hikari.pool.HikariPool HikariPool-1 - Thread starvation or clock leap detected (housekeeper delta=7m41s858ms).
2021-11-12 10:44:20:364 [http-nio-8081-exec-7] INFO  com.ivan.sunnyblog.web.aop.ControllerAspect *** Request Success ***: 4ms GET URI=/api/categories, methodName=com.ivan.sunnyblog.web.controller.CategoryContoller.getCategories, args=[], result=ResultInfo{info='null', status=0, data=[CategoryVo{categoryId=2, name='liddffd', articleCount=1}, CategoryVo{categoryId=1, name='Life ', articleCount=1}], total=null}
2021-11-12 10:44:20:374 [http-nio-8081-exec-8] INFO  com.ivan.sunnyblog.web.aop.ControllerAspect *** Request Success ***: 14ms GET URI=/api/articles, methodName=com.ivan.sunnyblog.web.controller.ArticleController.getPublicArticles, args=[SearchVo{page=1, limit=10, categoryId=null, total=null}], result=ResultInfo{info='null', status=0, data=[ArticleVo{userInfo=UserInfoVo{userId=100001, nickName='ivan', userName='ivan'}, category=CategoryVo{categoryId=1, name='Life ', articleCount=null}, BaseArticleVo{articleId=10005, status=1, title='dd', description='This is the doc of React markdown editor lite.
Enjoy!!', content='null', firstPicture='', viewCount=0, createDate='Sun Nov 07 14:09:29 EST 2021', updateDate='Mon Nov 08 09:15:09 EST 2021'}}, ArticleVo{userInfo=UserInfoVo{userId=100001, nickName='ivan', userName='ivan'}, category=CategoryVo{categoryId=2, name='liddffd', articleCount=null}, BaseArticleVo{articleId=10004, status=1, title='Spring boot', description='rerwerwer', content='null', firstPicture='null', viewCount=4, createDate='Tue Oct 12 15:58:26 EDT 2021', updateDate='Fri Nov 12 00:48:00 EST 2021'}}], total=2}
2021-11-12 10:44:20:397 [http-nio-8081-exec-9] INFO  com.ivan.sunnyblog.web.aop.ControllerAspect *** Request Success ***: 8ms GET URI=/api/articles, methodName=com.ivan.sunnyblog.web.controller.ArticleController.getPublicArticles, args=[SearchVo{page=1, limit=10, categoryId=2, total=null}], result=ResultInfo{info='null', status=0, data=[ArticleVo{userInfo=UserInfoVo{userId=100001, nickName='ivan', userName='ivan'}, category=CategoryVo{categoryId=2, name='liddffd', articleCount=null}, BaseArticleVo{articleId=10004, status=1, title='Spring boot', description='rerwerwer', content='null', firstPicture='null', viewCount=4, createDate='Tue Oct 12 15:58:26 EDT 2021', updateDate='Fri Nov 12 00:48:00 EST 2021'}}], total=1}
2021-11-12 10:44:45:019 [Thread-38] INFO  org.springframework.scheduling.concurrent.ThreadPoolTaskScheduler Shutting down ExecutorService 'taskScheduler'
2021-11-12 10:44:45:021 [Thread-38] INFO  org.springframework.scheduling.concurrent.ThreadPoolTaskExecutor Shutting down ExecutorService 'applicationTaskExecutor'
2021-11-12 10:44:45:022 [Thread-38] INFO  com.zaxxer.hikari.HikariDataSource HikariPool-1 - Shutdown initiated...
2021-11-12 10:44:45:023 [Thread-38] INFO  com.zaxxer.hikari.HikariDataSource HikariPool-1 - Shutdown completed.
2021-11-12 14:49:18:999 [restartedMain] INFO  com.ivan.sunnyblog.SunnyBlogApplication Starting SunnyBlogApplication on Jinghaos-MacBook-Air.local with PID 14166 (/Users/jinghaoliang/Documents/tech/Project/blogProject/SunnyBlog/target/classes started by jinghaoliang in /Users/jinghaoliang/Documents/tech/Project/blogProject/SunnyBlog)
2021-11-12 14:49:19:000 [restartedMain] INFO  com.ivan.sunnyblog.SunnyBlogApplication No active profile set, falling back to default profiles: default
2021-11-12 14:49:19:018 [restartedMain] INFO  org.springframework.boot.devtools.env.DevToolsPropertyDefaultsPostProcessor Devtools property defaults active! Set 'spring.devtools.add-properties' to 'false' to disable
2021-11-12 14:49:19:018 [restartedMain] INFO  org.springframework.boot.devtools.env.DevToolsPropertyDefaultsPostProcessor For additional web related logging consider setting the 'logging.level.web' property to 'DEBUG'
2021-11-12 14:49:19:311 [restartedMain] INFO  org.springframework.data.repository.config.RepositoryConfigurationDelegate Multiple Spring Data modules found, entering strict repository configuration mode!
2021-11-12 14:49:19:312 [restartedMain] INFO  org.springframework.data.repository.config.RepositoryConfigurationDelegate Bootstrapping Spring Data repositories in DEFAULT mode.
2021-11-12 14:49:19:333 [restartedMain] INFO  org.springframework.data.repository.config.RepositoryConfigurationDelegate Finished Spring Data repository scanning in 15ms. Found 0 repository interfaces.
2021-11-12 14:49:19:478 [restartedMain] INFO  o.s.context.support.PostProcessorRegistrationDelegate$BeanPostProcessorChecker Bean 'org.springframework.transaction.annotation.ProxyTransactionManagementConfiguration' of type [org.springframework.transaction.annotation.ProxyTransactionManagementConfiguration$$EnhancerBySpringCGLIB$$c087911c] is not eligible for getting processed by all BeanPostProcessors (for example: not eligible for auto-proxying)
2021-11-12 14:49:19:641 [restartedMain] INFO  org.springframework.boot.web.embedded.tomcat.TomcatWebServer Tomcat initialized with port(s): 8081 (http)
2021-11-12 14:49:19:647 [restartedMain] INFO  org.apache.coyote.http11.Http11NioProtocol Initializing ProtocolHandler ["http-nio-8081"]
2021-11-12 14:49:19:652 [restartedMain] INFO  org.apache.catalina.core.StandardService Starting service [Tomcat]
2021-11-12 14:49:19:652 [restartedMain] INFO  org.apache.catalina.core.StandardEngine Starting Servlet engine: [Apache Tomcat/9.0.21]
2021-11-12 14:49:19:682 [restartedMain] INFO  org.apache.catalina.core.ContainerBase.[Tomcat].[localhost].[/] Initializing Spring embedded WebApplicationContext
2021-11-12 14:49:19:682 [restartedMain] INFO  org.springframework.web.context.ContextLoader Root WebApplicationContext: initialization completed in 664 ms
2021-11-12 14:49:19:848 [restartedMain] INFO  com.zaxxer.hikari.HikariDataSource HikariPool-1 - Starting...
2021-11-12 14:49:19:889 [restartedMain] INFO  com.zaxxer.hikari.HikariDataSource HikariPool-1 - Start completed.
2021-11-12 14:49:30:168 [restartedMain] INFO  org.springframework.scheduling.concurrent.ThreadPoolTaskExecutor Initializing ExecutorService 'applicationTaskExecutor'
2021-11-12 14:49:30:325 [restartedMain] INFO  org.springframework.scheduling.concurrent.ThreadPoolTaskScheduler Initializing ExecutorService 'taskScheduler'
2021-11-12 14:49:30:348 [restartedMain] INFO  org.springframework.boot.devtools.autoconfigure.OptionalLiveReloadServer LiveReload server is running on port 35729
2021-11-12 14:49:30:387 [restartedMain] INFO  org.apache.coyote.http11.Http11NioProtocol Starting ProtocolHandler ["http-nio-8081"]
2021-11-12 14:49:30:400 [restartedMain] INFO  org.springframework.boot.web.embedded.tomcat.TomcatWebServer Tomcat started on port(s): 8081 (http) with context path ''
2021-11-12 14:49:30:401 [restartedMain] INFO  com.ivan.sunnyblog.SunnyBlogApplication Started SunnyBlogApplication in 11.561 seconds (JVM running for 12.01)
2021-11-12 14:51:14:114 [http-nio-8081-exec-1] INFO  org.apache.catalina.core.ContainerBase.[Tomcat].[localhost].[/] Initializing Spring DispatcherServlet 'dispatcherServlet'
2021-11-12 14:51:14:114 [http-nio-8081-exec-1] INFO  org.springframework.web.servlet.DispatcherServlet Initializing Servlet 'dispatcherServlet'
2021-11-12 14:51:14:119 [http-nio-8081-exec-1] INFO  org.springframework.web.servlet.DispatcherServlet Completed initialization in 5 ms
2021-11-12 14:51:14:256 [http-nio-8081-exec-2] INFO  org.jooq.Constants 
                                      
@@@@@@@@@@@@@@@@@@@@@@@@@@@@@@@@@@@@@@
@@@@@@@@@@@@@@@@@@@@@@@@@@@@@@@@@@@@@@
@@@@@@@@@@@@@@@@  @@        @@@@@@@@@@
@@@@@@@@@@@@@@@@@@@@        @@@@@@@@@@
@@@@@@@@@@@@@@@@  @@  @@    @@@@@@@@@@
@@@@@@@@@@  @@@@  @@  @@    @@@@@@@@@@
@@@@@@@@@@        @@        @@@@@@@@@@
@@@@@@@@@@@@@@@@@@@@@@@@@@@@@@@@@@@@@@
@@@@@@@@@@@@@@@@@@@@@@@@@@@@@@@@@@@@@@
@@@@@@@@@@        @@        @@@@@@@@@@
@@@@@@@@@@    @@  @@  @@@@  @@@@@@@@@@
@@@@@@@@@@    @@  @@  @@@@  @@@@@@@@@@
@@@@@@@@@@        @@  @  @  @@@@@@@@@@
@@@@@@@@@@        @@        @@@@@@@@@@
@@@@@@@@@@@@@@@@@@@@@@@  @@@@@@@@@@@@@
@@@@@@@@@@@@@@@@@@@@@@@@@@@@@@@@@@@@@@
@@@@@@@@@@@@@@@@@@@@@@@@@@@@@@@@@@@@@@  Thank you for using jOOQ 3.11.11
                                      
2021-11-12 14:51:14:283 [http-nio-8081-exec-1] INFO  com.ivan.sunnyblog.web.aop.ControllerAspect *** Request Success ***: 140ms GET URI=/api/categories, methodName=com.ivan.sunnyblog.web.controller.CategoryContoller.getCategories, args=[], result=ResultInfo{info='null', status=0, data=[CategoryVo{categoryId=2, name='liddffd', articleCount=1}, CategoryVo{categoryId=1, name='Life ', articleCount=1}], total=null}
2021-11-12 14:51:14:293 [http-nio-8081-exec-2] INFO  com.ivan.sunnyblog.web.aop.ControllerAspect *** Request Success ***: 143ms GET URI=/api/articles, methodName=com.ivan.sunnyblog.web.controller.ArticleController.getPublicArticles, args=[SearchVo{page=1, limit=10, categoryId=null, total=null}], result=ResultInfo{info='null', status=0, data=[ArticleVo{userInfo=UserInfoVo{userId=100001, nickName='ivan', userName='ivan'}, category=CategoryVo{categoryId=1, name='Life ', articleCount=null}, BaseArticleVo{articleId=10005, status=1, title='dd', description='This is the doc of React markdown editor lite.
Enjoy!!', content='null', firstPicture='', viewCount=0, createDate='Sun Nov 07 14:09:29 EST 2021', updateDate='Mon Nov 08 09:15:09 EST 2021'}}, ArticleVo{userInfo=UserInfoVo{userId=100001, nickName='ivan', userName='ivan'}, category=CategoryVo{categoryId=2, name='liddffd', articleCount=null}, BaseArticleVo{articleId=10004, status=1, title='Spring boot', description='rerwerwer', content='null', firstPicture='null', viewCount=4, createDate='Tue Oct 12 15:58:26 EDT 2021', updateDate='Fri Nov 12 00:48:00 EST 2021'}}], total=2}
2021-11-12 14:51:14:351 [http-nio-8081-exec-3] INFO  com.ivan.sunnyblog.web.aop.ControllerAspect *** Request Success ***: 5ms GET URI=/api/articles, methodName=com.ivan.sunnyblog.web.controller.ArticleController.getPublicArticles, args=[SearchVo{page=1, limit=10, categoryId=2, total=null}], result=ResultInfo{info='null', status=0, data=[ArticleVo{userInfo=UserInfoVo{userId=100001, nickName='ivan', userName='ivan'}, category=CategoryVo{categoryId=2, name='liddffd', articleCount=null}, BaseArticleVo{articleId=10004, status=1, title='Spring boot', description='rerwerwer', content='null', firstPicture='null', viewCount=4, createDate='Tue Oct 12 15:58:26 EDT 2021', updateDate='Fri Nov 12 00:48:00 EST 2021'}}], total=1}
2021-11-12 14:51:15:540 [http-nio-8081-exec-4] INFO  io.lettuce.core.EpollProvider Starting without optional epoll library
2021-11-12 14:51:15:541 [http-nio-8081-exec-4] INFO  io.lettuce.core.KqueueProvider Starting without optional kqueue library
2021-11-12 14:51:15:689 [http-nio-8081-exec-4] INFO  com.ivan.sunnyblog.web.aop.ControllerAspect *** Request Success ***: 226ms GET URI=/api/article/10004, methodName=com.ivan.sunnyblog.web.controller.ArticleController.getPublicArticleDetail, args=[10004], result=ResultInfo{info='null', status=0, data=ArticleDetailVo{categoryId=2, BaseArticleVo{articleId=10004, status=1, title='Spring boot', description='rerwerwer', content='rererer', firstPicture='null', viewCount=4, createDate='Tue Oct 12 15:58:26 EDT 2021', updateDate='Fri Nov 12 00:48:00 EST 2021'}}, total=null}
2021-11-12 14:51:23:165 [http-nio-8081-exec-6] INFO  com.ivan.sunnyblog.web.aop.ControllerAspect *** Request Success ***: 2ms GET URI=/api/categories, methodName=com.ivan.sunnyblog.web.controller.CategoryContoller.getCategories, args=[], result=ResultInfo{info='null', status=0, data=[CategoryVo{categoryId=2, name='liddffd', articleCount=1}, CategoryVo{categoryId=1, name='Life ', articleCount=1}], total=null}
2021-11-12 14:51:23:176 [http-nio-8081-exec-5] INFO  com.ivan.sunnyblog.web.aop.ControllerAspect *** Request Success ***: 13ms GET URI=/api/articles, methodName=com.ivan.sunnyblog.web.controller.ArticleController.getPublicArticles, args=[SearchVo{page=1, limit=10, categoryId=null, total=null}], result=ResultInfo{info='null', status=0, data=[ArticleVo{userInfo=UserInfoVo{userId=100001, nickName='ivan', userName='ivan'}, category=CategoryVo{categoryId=1, name='Life ', articleCount=null}, BaseArticleVo{articleId=10005, status=1, title='dd', description='This is the doc of React markdown editor lite.
Enjoy!!', content='null', firstPicture='', viewCount=0, createDate='Sun Nov 07 14:09:29 EST 2021', updateDate='Mon Nov 08 09:15:09 EST 2021'}}, ArticleVo{userInfo=UserInfoVo{userId=100001, nickName='ivan', userName='ivan'}, category=CategoryVo{categoryId=2, name='liddffd', articleCount=null}, BaseArticleVo{articleId=10004, status=1, title='Spring boot', description='rerwerwer', content='null', firstPicture='null', viewCount=4, createDate='Tue Oct 12 15:58:26 EDT 2021', updateDate='Fri Nov 12 00:48:00 EST 2021'}}], total=2}
2021-11-12 14:51:23:186 [http-nio-8081-exec-7] INFO  com.ivan.sunnyblog.web.aop.ControllerAspect *** Request Success ***: 4ms GET URI=/api/articles, methodName=com.ivan.sunnyblog.web.controller.ArticleController.getPublicArticles, args=[SearchVo{page=1, limit=10, categoryId=2, total=null}], result=ResultInfo{info='null', status=0, data=[ArticleVo{userInfo=UserInfoVo{userId=100001, nickName='ivan', userName='ivan'}, category=CategoryVo{categoryId=2, name='liddffd', articleCount=null}, BaseArticleVo{articleId=10004, status=1, title='Spring boot', description='rerwerwer', content='null', firstPicture='null', viewCount=4, createDate='Tue Oct 12 15:58:26 EDT 2021', updateDate='Fri Nov 12 00:48:00 EST 2021'}}], total=1}
2021-11-12 14:51:24:796 [http-nio-8081-exec-8] INFO  com.ivan.sunnyblog.web.aop.ControllerAspect *** Request Success ***: 5ms GET URI=/api/article/10004, methodName=com.ivan.sunnyblog.web.controller.ArticleController.getPublicArticleDetail, args=[10004], result=ResultInfo{info='null', status=0, data=ArticleDetailVo{categoryId=2, BaseArticleVo{articleId=10004, status=1, title='Spring boot', description='rerwerwer', content='rererer', firstPicture='null', viewCount=4, createDate='Tue Oct 12 15:58:26 EDT 2021', updateDate='Fri Nov 12 00:48:00 EST 2021'}}, total=null}
2021-11-12 14:51:28:238 [http-nio-8081-exec-10] INFO  com.ivan.sunnyblog.web.aop.ControllerAspect *** Request Success ***: 1ms GET URI=/api/categories, methodName=com.ivan.sunnyblog.web.controller.CategoryContoller.getCategories, args=[], result=ResultInfo{info='null', status=0, data=[CategoryVo{categoryId=2, name='liddffd', articleCount=1}, CategoryVo{categoryId=1, name='Life ', articleCount=1}], total=null}
2021-11-12 14:51:28:246 [http-nio-8081-exec-9] INFO  com.ivan.sunnyblog.web.aop.ControllerAspect *** Request Success ***: 9ms GET URI=/api/articles, methodName=com.ivan.sunnyblog.web.controller.ArticleController.getPublicArticles, args=[SearchVo{page=1, limit=10, categoryId=null, total=null}], result=ResultInfo{info='null', status=0, data=[ArticleVo{userInfo=UserInfoVo{userId=100001, nickName='ivan', userName='ivan'}, category=CategoryVo{categoryId=1, name='Life ', articleCount=null}, BaseArticleVo{articleId=10005, status=1, title='dd', description='This is the doc of React markdown editor lite.
Enjoy!!', content='null', firstPicture='', viewCount=0, createDate='Sun Nov 07 14:09:29 EST 2021', updateDate='Mon Nov 08 09:15:09 EST 2021'}}, ArticleVo{userInfo=UserInfoVo{userId=100001, nickName='ivan', userName='ivan'}, category=CategoryVo{categoryId=2, name='liddffd', articleCount=null}, BaseArticleVo{articleId=10004, status=1, title='Spring boot', description='rerwerwer', content='null', firstPicture='null', viewCount=4, createDate='Tue Oct 12 15:58:26 EDT 2021', updateDate='Fri Nov 12 00:48:00 EST 2021'}}], total=2}
2021-11-12 14:51:28:261 [http-nio-8081-exec-1] INFO  com.ivan.sunnyblog.web.aop.ControllerAspect *** Request Success ***: 5ms GET URI=/api/articles, methodName=com.ivan.sunnyblog.web.controller.ArticleController.getPublicArticles, args=[SearchVo{page=1, limit=10, categoryId=2, total=null}], result=ResultInfo{info='null', status=0, data=[ArticleVo{userInfo=UserInfoVo{userId=100001, nickName='ivan', userName='ivan'}, category=CategoryVo{categoryId=2, name='liddffd', articleCount=null}, BaseArticleVo{articleId=10004, status=1, title='Spring boot', description='rerwerwer', content='null', firstPicture='null', viewCount=4, createDate='Tue Oct 12 15:58:26 EDT 2021', updateDate='Fri Nov 12 00:48:00 EST 2021'}}], total=1}
2021-11-12 14:51:29:945 [http-nio-8081-exec-3] INFO  com.ivan.sunnyblog.web.aop.ControllerAspect *** Request Success ***: 2ms GET URI=/api/categories, methodName=com.ivan.sunnyblog.web.controller.CategoryContoller.getCategories, args=[], result=ResultInfo{info='null', status=0, data=[CategoryVo{categoryId=2, name='liddffd', articleCount=1}, CategoryVo{categoryId=1, name='Life ', articleCount=1}], total=null}
2021-11-12 14:51:29:958 [http-nio-8081-exec-2] INFO  com.ivan.sunnyblog.web.aop.ControllerAspect *** Request Success ***: 15ms GET URI=/api/articles, methodName=com.ivan.sunnyblog.web.controller.ArticleController.getPublicArticles, args=[SearchVo{page=1, limit=10, categoryId=null, total=null}], result=ResultInfo{info='null', status=0, data=[ArticleVo{userInfo=UserInfoVo{userId=100001, nickName='ivan', userName='ivan'}, category=CategoryVo{categoryId=1, name='Life ', articleCount=null}, BaseArticleVo{articleId=10005, status=1, title='dd', description='This is the doc of React markdown editor lite.
Enjoy!!', content='null', firstPicture='', viewCount=0, createDate='Sun Nov 07 14:09:29 EST 2021', updateDate='Mon Nov 08 09:15:09 EST 2021'}}, ArticleVo{userInfo=UserInfoVo{userId=100001, nickName='ivan', userName='ivan'}, category=CategoryVo{categoryId=2, name='liddffd', articleCount=null}, BaseArticleVo{articleId=10004, status=1, title='Spring boot', description='rerwerwer', content='null', firstPicture='null', viewCount=4, createDate='Tue Oct 12 15:58:26 EDT 2021', updateDate='Fri Nov 12 00:48:00 EST 2021'}}], total=2}
2021-11-12 14:51:29:978 [http-nio-8081-exec-4] INFO  com.ivan.sunnyblog.web.aop.ControllerAspect *** Request Success ***: 7ms GET URI=/api/articles, methodName=com.ivan.sunnyblog.web.controller.ArticleController.getPublicArticles, args=[SearchVo{page=1, limit=10, categoryId=2, total=null}], result=ResultInfo{info='null', status=0, data=[ArticleVo{userInfo=UserInfoVo{userId=100001, nickName='ivan', userName='ivan'}, category=CategoryVo{categoryId=2, name='liddffd', articleCount=null}, BaseArticleVo{articleId=10004, status=1, title='Spring boot', description='rerwerwer', content='null', firstPicture='null', viewCount=4, createDate='Tue Oct 12 15:58:26 EDT 2021', updateDate='Fri Nov 12 00:48:00 EST 2021'}}], total=1}
2021-11-12 14:51:53:987 [http-nio-8081-exec-5] INFO  com.ivan.sunnyblog.web.aop.ControllerAspect *** Request Success ***: 4ms GET URI=/api/articles, methodName=com.ivan.sunnyblog.web.controller.ArticleController.getPublicArticles, args=[SearchVo{page=1, limit=10, categoryId=1, total=null}], result=ResultInfo{info='null', status=0, data=[ArticleVo{userInfo=UserInfoVo{userId=100001, nickName='ivan', userName='ivan'}, category=CategoryVo{categoryId=1, name='Life ', articleCount=null}, BaseArticleVo{articleId=10005, status=1, title='dd', description='This is the doc of React markdown editor lite.
Enjoy!!', content='null', firstPicture='', viewCount=0, createDate='Sun Nov 07 14:09:29 EST 2021', updateDate='Mon Nov 08 09:15:09 EST 2021'}}], total=1}
2021-11-12 14:51:55:133 [http-nio-8081-exec-8] INFO  com.ivan.sunnyblog.web.aop.ControllerAspect *** Request Success ***: 10ms GET URI=/api/article/10005, methodName=com.ivan.sunnyblog.web.controller.ArticleController.getPublicArticleDetail, args=[10005], result=ResultInfo{info='null', status=0, data=ArticleDetailVo{categoryId=1, BaseArticleVo{articleId=10005, status=1, title='dd', description='This is the doc of React markdown editor lite.
Enjoy!!', content='| Head | Head | Head | Head |
| --- | --- | --- | --- |
| Data | Data | Data | Data |
| Data | Data | Data | Data |

## markdown

> 18AIHTMLmarkdownAjaxtextareamarkdownHTMLmarkdownHTML
> UIreact  [react-markdown-editor-lite](https://github.com/HarryChen0506/react-markdown-editor-lite) 

### 
 [https://harrychen0506.github.io/react-markdown-editor-lite/](https://harrychen0506.github.io/react-markdown-editor-lite/)

![image](https://github.com//HarryChen0506/react-markdown-editor-lite/blob/master/image/react-markdown-editor-lite-v1.0.0.PNG?raw=true)

### 
* React
* UI, 
* markdown,
* markdown...
* 
* 

### 

- 

  divcontenteditableselectionrangeexecCommandAPI"[](https://www.zhihu.com/question/38699645)"

  markdowninputonSelect
  
- markdown

  markdown[markdown](https://www.npmjs.com/package/markdown), [markdown-it](https://www.npmjs.com/package/markdown-it), [marked](https://www.npmjs.com/package/marked) markdown-itmarkdown

- 

  [ 100 react markdown  + ](https://github.com/accforgit/blog-data/blob/master/%E5%9C%A8%E7%BA%BF%E7%BC%96%E8%BE%91%E5%99%A8/README/README1.md)scrollscrollTopscrollTop

- UI
 
  - Font Awesome
  - css
  - config
  
### Install

```js
npm install react-markdown-editor-lite --save
```

### Props

| Property | Description | Type | default | Remarks |
| --- | --- | --- | --- | --- |
| value | markdown content | String | '' | required |
| style | component container style | Object | {height: '100%'} | not required |
| config | component config | Object | {view: {...}, logger: {...}} | not required |
| onChange | emitting when editor has changed | Function | ({html, md}) => {} | not required |
| onImageUpload | when image uploaded, callback emitting will get image markdown text | (file: File, callback: (url: string) => void) => void; | ({file, callback}) => {} | not required |
| renderHTML | Render markdown text to HTML. You can return either string, function or Promise | (text: string) => string|function|Promise | none | **required** |

### Example

``` js
'use strict';
import React from 'react'
import ReactDOM from 'react-dom'
import MdEditor from 'react-markdown-editor-lite'
import MarkdownIt from 'markdown-it'
import emoji from 'markdown-it-emoji'
import subscript from 'markdown-it-sub'
import superscript from 'markdown-it-sup'
import footnote from 'markdown-it-footnote'
import deflist from 'markdown-it-deflist'
import abbreviation from 'markdown-it-abbr'
import insert from 'markdown-it-ins'
import mark from 'markdown-it-mark'
import tasklists from 'markdown-it-task-lists'
import hljs from 'highlight.js'
import 'highlight.js/styles/atom-one-light.css'
// import 'highlight.js/styles/github.css'
import './index.less';

const MOCK_DATA = "I Love React."
export default class Demo extends React.Component {
  mdEditor = null
  mdParser = null
  constructor(props) {
    super(props)
    // initial a parsera
    this.mdParser = new MarkdownIt({
      html: true,
      linkify: true,
      typographer: true,
      highlight: function (str, lang) {
        if (lang && hljs.getLanguage(lang)) {
          try {
            return hljs.highlight(lang, str).value
          } catch (__) {}
        }    
        return '' // use external default escaping
      }
    })
    .use(emoji)
    .use(subscript)
    .use(superscript)
    .use(footnote)
    .use(deflist)
    .use(abbreviation)
    .use(insert)
    .use(mark)
    .use(tasklists, { enabled: this.taskLists })
    this.renderHTML = this.renderHTML.bind(this)
  }
  handleEditorChange({html, md}) {
    console.log('handleEditorChange', html, md)
  }
  handleImageUpload(file, callback) {
    const reader = new FileReader()
    reader.onload = () => {      
      const convertBase64UrlToBlob = (urlData) => {  
        let arr = urlData.split(','), mime = arr[0].match(/:(.*?);/)[1]
        let bstr = atob(arr[1])
        let n = bstr.length
        let u8arr = new Uint8Array(n)
        while (n--) {
          u8arr[n] = bstr.charCodeAt(n)
        }
        return new Blob([u8arr], {type:mime})
      }
      const blob = convertBase64UrlToBlob(reader.result)
      setTimeout(() => {
        // setTimeout 
        // calbackimageUrlmarkdown
        callback('https://avatars0.githubusercontent.com/u/21263805?s=40&v=4')
      }, 1000)
    }
    reader.readAsDataURL(file)
  }
  renderHTML(text) {
    // Markdown
    return new Promise((resolve) => {
      setTimeout(() => {
        resolve(this.mdParser.render(text))
      }, 1000)
    })
  }
  handleGetMdValue = () => {   
    this.mdEditor && alert(this.mdEditor.getMdValue())      
  }
  handleGetHtmlValue = () => {    
    this.mdEditor && alert(this.mdEditor.getHtmlValue())
  }
  render() {
    return (      
      <div>
        <nav>
          <button onClick={this.handleGetMdValue} >getMdValue</button>  
          <button onClick={this.handleGetHtmlValue} >getHtmlValue</button>  
        </nav>
        <section style="height: 500px">
          <MdEditor 
            ref={node => this.mdEditor = node}
            value={MOCK_DATA}
            style={{height: '400px'}}
            renderHTML={this.renderHTML}
            config={{
              view: {
                menu: true,
                md: true,
                html: true
              },
              imageUrl: 'https://octodex.github.com/images/minion.png'
            }}
            onChange={this.handleEditorChange} 
            onImageUpload={this.handleImageUpload}
          />
        </section>                        
      </div>      
    )
  }
}
```

### 

   [](https://github.com/HarryChen0506/react-markdown-editor-lite) (https://github.com/HarryChen0506/react-markdown-editor-lite) 

', firstPicture='', viewCount=0, createDate='Sun Nov 07 14:09:29 EST 2021', updateDate='Mon Nov 08 09:15:09 EST 2021'}}, total=null}
2021-11-12 14:51:56:998 [http-nio-8081-exec-9] INFO  com.ivan.sunnyblog.web.aop.ControllerAspect *** Request Success ***: 4ms GET URI=/api/categories, methodName=com.ivan.sunnyblog.web.controller.CategoryContoller.getCategories, args=[], result=ResultInfo{info='null', status=0, data=[CategoryVo{categoryId=2, name='liddffd', articleCount=1}, CategoryVo{categoryId=1, name='Life ', articleCount=1}], total=null}
2021-11-12 14:51:57:003 [http-nio-8081-exec-10] INFO  com.ivan.sunnyblog.web.aop.ControllerAspect *** Request Success ***: 8ms GET URI=/api/articles, methodName=com.ivan.sunnyblog.web.controller.ArticleController.getPublicArticles, args=[SearchVo{page=1, limit=10, categoryId=null, total=null}], result=ResultInfo{info='null', status=0, data=[ArticleVo{userInfo=UserInfoVo{userId=100001, nickName='ivan', userName='ivan'}, category=CategoryVo{categoryId=1, name='Life ', articleCount=null}, BaseArticleVo{articleId=10005, status=1, title='dd', description='This is the doc of React markdown editor lite.
Enjoy!!', content='null', firstPicture='', viewCount=0, createDate='Sun Nov 07 14:09:29 EST 2021', updateDate='Mon Nov 08 09:15:09 EST 2021'}}, ArticleVo{userInfo=UserInfoVo{userId=100001, nickName='ivan', userName='ivan'}, category=CategoryVo{categoryId=2, name='liddffd', articleCount=null}, BaseArticleVo{articleId=10004, status=1, title='Spring boot', description='rerwerwer', content='null', firstPicture='null', viewCount=4, createDate='Tue Oct 12 15:58:26 EDT 2021', updateDate='Fri Nov 12 00:48:00 EST 2021'}}], total=2}
2021-11-12 14:51:57:026 [http-nio-8081-exec-1] INFO  com.ivan.sunnyblog.web.aop.ControllerAspect *** Request Success ***: 8ms GET URI=/api/articles, methodName=com.ivan.sunnyblog.web.controller.ArticleController.getPublicArticles, args=[SearchVo{page=1, limit=10, categoryId=2, total=null}], result=ResultInfo{info='null', status=0, data=[ArticleVo{userInfo=UserInfoVo{userId=100001, nickName='ivan', userName='ivan'}, category=CategoryVo{categoryId=2, name='liddffd', articleCount=null}, BaseArticleVo{articleId=10004, status=1, title='Spring boot', description='rerwerwer', content='null', firstPicture='null', viewCount=4, createDate='Tue Oct 12 15:58:26 EDT 2021', updateDate='Fri Nov 12 00:48:00 EST 2021'}}], total=1}
2021-11-12 14:51:59:190 [http-nio-8081-exec-3] INFO  com.ivan.sunnyblog.web.aop.ControllerAspect *** Request Success ***: 6ms GET URI=/api/articles, methodName=com.ivan.sunnyblog.web.controller.ArticleController.getPublicArticles, args=[SearchVo{page=1, limit=10, categoryId=1, total=null}], result=ResultInfo{info='null', status=0, data=[ArticleVo{userInfo=UserInfoVo{userId=100001, nickName='ivan', userName='ivan'}, category=CategoryVo{categoryId=1, name='Life ', articleCount=null}, BaseArticleVo{articleId=10005, status=1, title='dd', description='This is the doc of React markdown editor lite.
Enjoy!!', content='null', firstPicture='', viewCount=0, createDate='Sun Nov 07 14:09:29 EST 2021', updateDate='Mon Nov 08 09:15:09 EST 2021'}}], total=1}
2021-11-12 14:54:59:999 [scheduling-1] INFO  com.ivan.sunnyblog.base.utils.BaseLogger ===***=== Start to do scheduled task, date: Fri Nov 12 14:54:59 EST 2021
2021-11-12 14:55:00:016 [scheduling-1] INFO  com.ivan.sunnyblog.base.utils.BaseLogger +----------+------+------+-------+-------------+----------+-------+-----------+-----------+-----------------------------+-----------+
|article_id|status|title |content|first_picture|view_count|user_id|category_id|create_date|update_date                  |description|
+----------+------+------+-------+-------------+----------+-------+-----------+-----------+-----------------------------+-----------+
|    *10004|{null}|{null}|{null} |{null}       |        *7| {null}|     {null}|{null}     |*Fri Nov 12 14:55:00 EST 2021|{null}     |
+----------+------+------+-------+-------------+----------+-------+-----------+-----------+-----------------------------+-----------+

2021-11-12 14:55:00:021 [scheduling-1] INFO  com.ivan.sunnyblog.base.utils.BaseLogger +----------+------+------+-------+-------------+----------+-------+-----------+-----------+-----------------------------+-----------+
|article_id|status|title |content|first_picture|view_count|user_id|category_id|create_date|update_date                  |description|
+----------+------+------+-------+-------------+----------+-------+-----------+-----------+-----------------------------+-----------+
|    *10005|{null}|{null}|{null} |{null}       |        *1| {null}|     {null}|{null}     |*Fri Nov 12 14:55:00 EST 2021|{null}     |
+----------+------+------+-------+-------------+----------+-------+-----------+-----------+-----------------------------+-----------+

2021-11-12 14:55:00:023 [scheduling-1] INFO  com.ivan.sunnyblog.base.utils.BaseLogger ===***=== The scheduled task is done, date: Fri Nov 12 14:55:00 EST 2021
2021-11-12 15:00:24:564 [Thread-31] INFO  org.springframework.scheduling.concurrent.ThreadPoolTaskScheduler Shutting down ExecutorService 'taskScheduler'
2021-11-12 15:00:24:567 [Thread-31] INFO  org.springframework.scheduling.concurrent.ThreadPoolTaskExecutor Shutting down ExecutorService 'applicationTaskExecutor'
2021-11-12 15:00:24:568 [Thread-31] INFO  com.zaxxer.hikari.HikariDataSource HikariPool-1 - Shutdown initiated...
2021-11-12 15:00:24:569 [Thread-31] INFO  com.zaxxer.hikari.HikariDataSource HikariPool-1 - Shutdown completed.
2021-11-12 15:00:43:887 [restartedMain] INFO  com.ivan.sunnyblog.SunnyBlogApplication Starting SunnyBlogApplication on Jinghaos-MacBook-Air.local with PID 14286 (/Users/jinghaoliang/Documents/tech/Project/blogProject/SunnyBlog/target/classes started by jinghaoliang in /Users/jinghaoliang/Documents/tech/Project/blogProject/SunnyBlog)
2021-11-12 15:00:43:888 [restartedMain] INFO  com.ivan.sunnyblog.SunnyBlogApplication No active profile set, falling back to default profiles: default
2021-11-12 15:00:43:908 [restartedMain] INFO  org.springframework.boot.devtools.env.DevToolsPropertyDefaultsPostProcessor Devtools property defaults active! Set 'spring.devtools.add-properties' to 'false' to disable
2021-11-12 15:00:43:908 [restartedMain] INFO  org.springframework.boot.devtools.env.DevToolsPropertyDefaultsPostProcessor For additional web related logging consider setting the 'logging.level.web' property to 'DEBUG'
2021-11-12 15:00:44:232 [restartedMain] INFO  org.springframework.data.repository.config.RepositoryConfigurationDelegate Multiple Spring Data modules found, entering strict repository configuration mode!
2021-11-12 15:00:44:233 [restartedMain] INFO  org.springframework.data.repository.config.RepositoryConfigurationDelegate Bootstrapping Spring Data repositories in DEFAULT mode.
2021-11-12 15:00:44:258 [restartedMain] INFO  org.springframework.data.repository.config.RepositoryConfigurationDelegate Finished Spring Data repository scanning in 18ms. Found 0 repository interfaces.
2021-11-12 15:00:44:406 [restartedMain] INFO  o.s.context.support.PostProcessorRegistrationDelegate$BeanPostProcessorChecker Bean 'org.springframework.transaction.annotation.ProxyTransactionManagementConfiguration' of type [org.springframework.transaction.annotation.ProxyTransactionManagementConfiguration$$EnhancerBySpringCGLIB$$fd3a6aae] is not eligible for getting processed by all BeanPostProcessors (for example: not eligible for auto-proxying)
2021-11-12 15:00:44:576 [restartedMain] INFO  org.springframework.boot.web.embedded.tomcat.TomcatWebServer Tomcat initialized with port(s): 8081 (http)
2021-11-12 15:00:44:582 [restartedMain] INFO  org.apache.coyote.http11.Http11NioProtocol Initializing ProtocolHandler ["http-nio-8081"]
2021-11-12 15:00:44:587 [restartedMain] INFO  org.apache.catalina.core.StandardService Starting service [Tomcat]
2021-11-12 15:00:44:587 [restartedMain] INFO  org.apache.catalina.core.StandardEngine Starting Servlet engine: [Apache Tomcat/9.0.21]
2021-11-12 15:00:44:617 [restartedMain] INFO  org.apache.catalina.core.ContainerBase.[Tomcat].[localhost].[/] Initializing Spring embedded WebApplicationContext
2021-11-12 15:00:44:617 [restartedMain] INFO  org.springframework.web.context.ContextLoader Root WebApplicationContext: initialization completed in 709 ms
2021-11-12 15:00:44:782 [restartedMain] INFO  com.zaxxer.hikari.HikariDataSource HikariPool-1 - Starting...
2021-11-12 15:00:44:813 [restartedMain] INFO  com.zaxxer.hikari.HikariDataSource HikariPool-1 - Start completed.
2021-11-12 15:00:54:312 [restartedMain] INFO  org.springframework.scheduling.concurrent.ThreadPoolTaskExecutor Initializing ExecutorService 'applicationTaskExecutor'
2021-11-12 15:00:54:467 [restartedMain] INFO  org.springframework.scheduling.concurrent.ThreadPoolTaskScheduler Initializing ExecutorService 'taskScheduler'
2021-11-12 15:00:54:484 [restartedMain] INFO  org.springframework.boot.devtools.autoconfigure.OptionalLiveReloadServer LiveReload server is running on port 35729
2021-11-12 15:00:54:523 [restartedMain] INFO  org.apache.coyote.http11.Http11NioProtocol Starting ProtocolHandler ["http-nio-8081"]
2021-11-12 15:00:54:536 [restartedMain] INFO  org.springframework.boot.web.embedded.tomcat.TomcatWebServer Tomcat started on port(s): 8081 (http) with context path ''
2021-11-12 15:00:54:538 [restartedMain] INFO  com.ivan.sunnyblog.SunnyBlogApplication Started SunnyBlogApplication in 10.816 seconds (JVM running for 11.116)
2021-11-12 15:05:00:001 [scheduling-1] INFO  com.ivan.sunnyblog.base.utils.BaseLogger ===***=== Start to do scheduled task, date: Fri Nov 12 15:05:00 EST 2021
2021-11-12 15:05:00:100 [scheduling-1] INFO  io.lettuce.core.EpollProvider Starting without optional epoll library
2021-11-12 15:05:00:100 [scheduling-1] INFO  io.lettuce.core.KqueueProvider Starting without optional kqueue library
2021-11-12 15:05:00:150 [scheduling-1] INFO  com.ivan.sunnyblog.base.utils.BaseLogger ===***=== The scheduled task is done, date: Fri Nov 12 15:05:00 EST 2021
2021-11-12 15:39:21:607 [HikariPool-1 housekeeper] WARN  com.zaxxer.hikari.pool.HikariPool HikariPool-1 - Thread starvation or clock leap detected (housekeeper delta=28m6s624ms).
2021-11-12 15:58:24:932 [HikariPool-1 housekeeper] WARN  com.zaxxer.hikari.pool.HikariPool HikariPool-1 - Thread starvation or clock leap detected (housekeeper delta=10m3s284ms).
2021-11-12 15:59:44:806 [HikariPool-1 housekeeper] WARN  com.zaxxer.hikari.pool.HikariPool HikariPool-1 - Thread starvation or clock leap detected (housekeeper delta=1m19s874ms).
2021-11-12 16:16:10:048 [HikariPool-1 housekeeper] WARN  com.zaxxer.hikari.pool.HikariPool HikariPool-1 - Thread starvation or clock leap detected (housekeeper delta=16m25s242ms).
2021-11-12 17:09:12:795 [HikariPool-1 housekeeper] WARN  com.zaxxer.hikari.pool.HikariPool HikariPool-1 - Thread starvation or clock leap detected (housekeeper delta=53m2s747ms).
2021-11-12 17:58:26:607 [HikariPool-1 housekeeper] WARN  com.zaxxer.hikari.pool.HikariPool HikariPool-1 - Thread starvation or clock leap detected (housekeeper delta=49m13s812ms).
2021-11-12 19:23:24:543 [HikariPool-1 housekeeper] WARN  com.zaxxer.hikari.pool.HikariPool HikariPool-1 - Thread starvation or clock leap detected (housekeeper delta=1h24m57s935ms).
2021-11-12 19:56:31:063 [HikariPool-1 housekeeper] WARN  com.zaxxer.hikari.pool.HikariPool HikariPool-1 - Thread starvation or clock leap detected (housekeeper delta=33m6s521ms).
2021-11-12 20:10:14:870 [HikariPool-1 housekeeper] WARN  com.zaxxer.hikari.pool.HikariPool HikariPool-1 - Thread starvation or clock leap detected (housekeeper delta=13m43s807ms).
2021-11-12 20:45:02:181 [HikariPool-1 housekeeper] WARN  com.zaxxer.hikari.pool.HikariPool HikariPool-1 - Thread starvation or clock leap detected (housekeeper delta=34m47s311ms).
2021-11-12 21:34:29:947 [HikariPool-1 housekeeper] WARN  com.zaxxer.hikari.pool.HikariPool HikariPool-1 - Thread starvation or clock leap detected (housekeeper delta=49m27s766ms).
2021-11-12 22:03:52:327 [HikariPool-1 housekeeper] WARN  com.zaxxer.hikari.pool.HikariPool HikariPool-1 - Thread starvation or clock leap detected (housekeeper delta=29m22s380ms).
2021-11-12 22:35:54:018 [HikariPool-1 housekeeper] WARN  com.zaxxer.hikari.pool.HikariPool HikariPool-1 - Thread starvation or clock leap detected (housekeeper delta=32m1s691ms).
2021-11-12 23:48:15:382 [HikariPool-1 housekeeper] WARN  com.zaxxer.hikari.pool.HikariPool HikariPool-1 - Thread starvation or clock leap detected (housekeeper delta=1h12m21s363ms).
