2021-11-19 10:34:03:900 [restartedMain] INFO  com.ivan.sunnyblog.SunnyBlogApplication Starting SunnyBlogApplication on Jinghaos-MacBook-Air.local with PID 2258 (/Users/jinghaoliang/Documents/tech/Project/blogProject/SunnyBlog/target/classes started by jinghaoliang in /Users/jinghaoliang/Documents/tech/Project/blogProject/SunnyBlog)
2021-11-19 10:34:03:902 [restartedMain] INFO  com.ivan.sunnyblog.SunnyBlogApplication No active profile set, falling back to default profiles: default
2021-11-19 10:34:03:922 [restartedMain] INFO  org.springframework.boot.devtools.env.DevToolsPropertyDefaultsPostProcessor Devtools property defaults active! Set 'spring.devtools.add-properties' to 'false' to disable
2021-11-19 10:34:03:922 [restartedMain] INFO  org.springframework.boot.devtools.env.DevToolsPropertyDefaultsPostProcessor For additional web related logging consider setting the 'logging.level.web' property to 'DEBUG'
2021-11-19 10:34:04:252 [restartedMain] INFO  org.springframework.data.repository.config.RepositoryConfigurationDelegate Multiple Spring Data modules found, entering strict repository configuration mode!
2021-11-19 10:34:04:253 [restartedMain] INFO  org.springframework.data.repository.config.RepositoryConfigurationDelegate Bootstrapping Spring Data repositories in DEFAULT mode.
2021-11-19 10:34:04:278 [restartedMain] INFO  org.springframework.data.repository.config.RepositoryConfigurationDelegate Finished Spring Data repository scanning in 17ms. Found 0 repository interfaces.
2021-11-19 10:34:04:438 [restartedMain] INFO  o.s.context.support.PostProcessorRegistrationDelegate$BeanPostProcessorChecker Bean 'org.springframework.transaction.annotation.ProxyTransactionManagementConfiguration' of type [org.springframework.transaction.annotation.ProxyTransactionManagementConfiguration$$EnhancerBySpringCGLIB$$5aa94ef8] is not eligible for getting processed by all BeanPostProcessors (for example: not eligible for auto-proxying)
2021-11-19 10:34:04:625 [restartedMain] INFO  org.springframework.boot.web.embedded.tomcat.TomcatWebServer Tomcat initialized with port(s): 8081 (http)
2021-11-19 10:34:04:631 [restartedMain] INFO  org.apache.coyote.http11.Http11NioProtocol Initializing ProtocolHandler ["http-nio-8081"]
2021-11-19 10:34:04:636 [restartedMain] INFO  org.apache.catalina.core.StandardService Starting service [Tomcat]
2021-11-19 10:34:04:636 [restartedMain] INFO  org.apache.catalina.core.StandardEngine Starting Servlet engine: [Apache Tomcat/9.0.21]
2021-11-19 10:34:04:711 [restartedMain] INFO  org.apache.catalina.core.ContainerBase.[Tomcat].[localhost].[/] Initializing Spring embedded WebApplicationContext
2021-11-19 10:34:04:712 [restartedMain] INFO  org.springframework.web.context.ContextLoader Root WebApplicationContext: initialization completed in 790 ms
2021-11-19 10:34:04:903 [restartedMain] INFO  com.zaxxer.hikari.HikariDataSource HikariPool-1 - Starting...
2021-11-19 10:34:04:961 [restartedMain] INFO  com.zaxxer.hikari.HikariDataSource HikariPool-1 - Start completed.
2021-11-19 10:34:22:938 [restartedMain] INFO  org.springframework.scheduling.concurrent.ThreadPoolTaskExecutor Initializing ExecutorService 'applicationTaskExecutor'
2021-11-19 10:34:23:102 [restartedMain] INFO  org.springframework.scheduling.concurrent.ThreadPoolTaskScheduler Initializing ExecutorService 'taskScheduler'
2021-11-19 10:34:23:123 [restartedMain] INFO  org.springframework.boot.devtools.autoconfigure.OptionalLiveReloadServer LiveReload server is running on port 35729
2021-11-19 10:34:23:163 [restartedMain] INFO  org.apache.coyote.http11.Http11NioProtocol Starting ProtocolHandler ["http-nio-8081"]
2021-11-19 10:34:23:178 [restartedMain] INFO  org.springframework.boot.web.embedded.tomcat.TomcatWebServer Tomcat started on port(s): 8081 (http) with context path ''
2021-11-19 10:34:23:180 [restartedMain] INFO  com.ivan.sunnyblog.SunnyBlogApplication Started SunnyBlogApplication in 19.507 seconds (JVM running for 20.081)
2021-11-19 10:35:52:374 [Thread-46] INFO  org.springframework.scheduling.concurrent.ThreadPoolTaskScheduler Shutting down ExecutorService 'taskScheduler'
2021-11-19 10:35:52:375 [Thread-46] INFO  org.springframework.scheduling.concurrent.ThreadPoolTaskExecutor Shutting down ExecutorService 'applicationTaskExecutor'
2021-11-19 10:35:52:377 [Thread-46] INFO  com.zaxxer.hikari.HikariDataSource HikariPool-1 - Shutdown initiated...
2021-11-19 10:35:52:378 [Thread-46] INFO  com.zaxxer.hikari.HikariDataSource HikariPool-1 - Shutdown completed.
2021-11-19 14:44:07:862 [restartedMain] INFO  com.ivan.sunnyblog.SunnyBlogApplication Starting SunnyBlogApplication on Jinghaos-MacBook-Air.local with PID 2382 (/Users/jinghaoliang/Documents/tech/Project/blogProject/SunnyBlog/target/classes started by jinghaoliang in /Users/jinghaoliang/Documents/tech/Project/blogProject/SunnyBlog)
2021-11-19 14:44:07:864 [restartedMain] INFO  com.ivan.sunnyblog.SunnyBlogApplication No active profile set, falling back to default profiles: default
2021-11-19 14:44:07:889 [restartedMain] INFO  org.springframework.boot.devtools.env.DevToolsPropertyDefaultsPostProcessor Devtools property defaults active! Set 'spring.devtools.add-properties' to 'false' to disable
2021-11-19 14:44:07:889 [restartedMain] INFO  org.springframework.boot.devtools.env.DevToolsPropertyDefaultsPostProcessor For additional web related logging consider setting the 'logging.level.web' property to 'DEBUG'
2021-11-19 14:44:08:237 [restartedMain] INFO  org.springframework.data.repository.config.RepositoryConfigurationDelegate Multiple Spring Data modules found, entering strict repository configuration mode!
2021-11-19 14:44:08:238 [restartedMain] INFO  org.springframework.data.repository.config.RepositoryConfigurationDelegate Bootstrapping Spring Data repositories in DEFAULT mode.
2021-11-19 14:44:08:263 [restartedMain] INFO  org.springframework.data.repository.config.RepositoryConfigurationDelegate Finished Spring Data repository scanning in 17ms. Found 0 repository interfaces.
2021-11-19 14:44:08:418 [restartedMain] INFO  o.s.context.support.PostProcessorRegistrationDelegate$BeanPostProcessorChecker Bean 'org.springframework.transaction.annotation.ProxyTransactionManagementConfiguration' of type [org.springframework.transaction.annotation.ProxyTransactionManagementConfiguration$$EnhancerBySpringCGLIB$$95d2b655] is not eligible for getting processed by all BeanPostProcessors (for example: not eligible for auto-proxying)
2021-11-19 14:44:08:598 [restartedMain] INFO  org.springframework.boot.web.embedded.tomcat.TomcatWebServer Tomcat initialized with port(s): 8081 (http)
2021-11-19 14:44:08:605 [restartedMain] INFO  org.apache.coyote.http11.Http11NioProtocol Initializing ProtocolHandler ["http-nio-8081"]
2021-11-19 14:44:08:610 [restartedMain] INFO  org.apache.catalina.core.StandardService Starting service [Tomcat]
2021-11-19 14:44:08:610 [restartedMain] INFO  org.apache.catalina.core.StandardEngine Starting Servlet engine: [Apache Tomcat/9.0.21]
2021-11-19 14:44:08:643 [restartedMain] INFO  org.apache.catalina.core.ContainerBase.[Tomcat].[localhost].[/] Initializing Spring embedded WebApplicationContext
2021-11-19 14:44:08:644 [restartedMain] INFO  org.springframework.web.context.ContextLoader Root WebApplicationContext: initialization completed in 755 ms
2021-11-19 14:44:08:849 [restartedMain] INFO  com.zaxxer.hikari.HikariDataSource HikariPool-1 - Starting...
2021-11-19 14:44:08:889 [restartedMain] INFO  com.zaxxer.hikari.HikariDataSource HikariPool-1 - Start completed.
2021-11-19 14:44:23:228 [restartedMain] INFO  org.springframework.scheduling.concurrent.ThreadPoolTaskExecutor Initializing ExecutorService 'applicationTaskExecutor'
2021-11-19 14:44:23:400 [restartedMain] INFO  org.springframework.scheduling.concurrent.ThreadPoolTaskScheduler Initializing ExecutorService 'taskScheduler'
2021-11-19 14:44:23:419 [restartedMain] INFO  org.springframework.boot.devtools.autoconfigure.OptionalLiveReloadServer LiveReload server is running on port 35729
2021-11-19 14:44:23:461 [restartedMain] INFO  org.apache.coyote.http11.Http11NioProtocol Starting ProtocolHandler ["http-nio-8081"]
2021-11-19 14:44:23:475 [restartedMain] INFO  org.springframework.boot.web.embedded.tomcat.TomcatWebServer Tomcat started on port(s): 8081 (http) with context path ''
2021-11-19 14:44:23:477 [restartedMain] INFO  com.ivan.sunnyblog.SunnyBlogApplication Started SunnyBlogApplication in 15.794 seconds (JVM running for 16.154)
2021-11-19 14:48:23:043 [http-nio-8081-exec-2] INFO  org.apache.catalina.core.ContainerBase.[Tomcat].[localhost].[/] Initializing Spring DispatcherServlet 'dispatcherServlet'
2021-11-19 14:48:23:044 [http-nio-8081-exec-2] INFO  org.springframework.web.servlet.DispatcherServlet Initializing Servlet 'dispatcherServlet'
2021-11-19 14:48:23:048 [http-nio-8081-exec-2] INFO  org.springframework.web.servlet.DispatcherServlet Completed initialization in 4 ms
2021-11-19 14:48:23:175 [http-nio-8081-exec-4] INFO  org.jooq.Constants 
                                      
@@@@@@@@@@@@@@@@@@@@@@@@@@@@@@@@@@@@@@
@@@@@@@@@@@@@@@@@@@@@@@@@@@@@@@@@@@@@@
@@@@@@@@@@@@@@@@  @@        @@@@@@@@@@
@@@@@@@@@@@@@@@@@@@@        @@@@@@@@@@
@@@@@@@@@@@@@@@@  @@  @@    @@@@@@@@@@
@@@@@@@@@@  @@@@  @@  @@    @@@@@@@@@@
@@@@@@@@@@        @@        @@@@@@@@@@
@@@@@@@@@@@@@@@@@@@@@@@@@@@@@@@@@@@@@@
@@@@@@@@@@@@@@@@@@@@@@@@@@@@@@@@@@@@@@
@@@@@@@@@@        @@        @@@@@@@@@@
@@@@@@@@@@    @@  @@  @@@@  @@@@@@@@@@
@@@@@@@@@@    @@  @@  @@@@  @@@@@@@@@@
@@@@@@@@@@        @@  @  @  @@@@@@@@@@
@@@@@@@@@@        @@        @@@@@@@@@@
@@@@@@@@@@@@@@@@@@@@@@@  @@@@@@@@@@@@@
@@@@@@@@@@@@@@@@@@@@@@@@@@@@@@@@@@@@@@
@@@@@@@@@@@@@@@@@@@@@@@@@@@@@@@@@@@@@@  Thank you for using jOOQ 3.11.11
                                      
2021-11-19 14:48:23:326 [http-nio-8081-exec-6] INFO  com.ivan.sunnyblog.web.aop.ControllerAspect *** Request Success ***: 248ms GET URI=/api/categories, methodName=com.ivan.sunnyblog.web.controller.CategoryContoller.getCategories, args=[], result=ResultInfo{info='null', status=0, data=[CategoryVo{categoryId=2, name='liddffd', articleCount=1}, CategoryVo{categoryId=1, name='Life ', articleCount=1}], total=null}
2021-11-19 14:48:23:349 [http-nio-8081-exec-5] INFO  com.ivan.sunnyblog.web.aop.ControllerAspect *** Request Success ***: 271ms GET URI=/api/articles/hot, methodName=com.ivan.sunnyblog.web.controller.ArticleController.getHotArticles, args=[], result=ResultInfo{info='null', status=0, data=[ArticleVo{userInfo=UserInfoVo{userId=100001, nickName='ivan', userName='ivan', avatar='https://res-blog-public.s3.ca-central-1.amazonaws.com/default_avatar.jpg'}, category=CategoryVo{categoryId=1, name='Life ', articleCount=null}, BaseArticleVo{articleId=10005, status=1, title='dd', description='This is the doc of React markdown editor lite.
Enjoy!!', content='null', firstPicture='', viewCount=0, createDate='Sun Nov 07 14:09:29 EST 2021', updateDate='Sun Nov 14 22:31:50 EST 2021'}}, ArticleVo{userInfo=UserInfoVo{userId=100001, nickName='ivan', userName='ivan', avatar='https://res-blog-public.s3.ca-central-1.amazonaws.com/default_avatar.jpg'}, category=CategoryVo{categoryId=2, name='liddffd', articleCount=null}, BaseArticleVo{articleId=10004, status=1, title='Spring boot', description='rerwerwer', content='null', firstPicture='', viewCount=4, createDate='Tue Oct 12 15:58:26 EDT 2021', updateDate='Sun Nov 14 22:34:56 EST 2021'}}], total=2}
2021-11-19 14:48:23:349 [http-nio-8081-exec-4] INFO  com.ivan.sunnyblog.web.aop.ControllerAspect *** Request Success ***: 264ms GET URI=/api/articles, methodName=com.ivan.sunnyblog.web.controller.ArticleController.getPublicArticles, args=[SearchVo{page=1, limit=10, categoryId=null, total=null}], result=ResultInfo{info='null', status=0, data=[ArticleVo{userInfo=UserInfoVo{userId=100001, nickName='ivan', userName='ivan', avatar='https://res-blog-public.s3.ca-central-1.amazonaws.com/default_avatar.jpg'}, category=CategoryVo{categoryId=1, name='Life ', articleCount=null}, BaseArticleVo{articleId=10005, status=1, title='dd', description='This is the doc of React markdown editor lite.
Enjoy!!', content='null', firstPicture='', viewCount=0, createDate='Sun Nov 07 14:09:29 EST 2021', updateDate='Sun Nov 14 22:31:50 EST 2021'}}, ArticleVo{userInfo=UserInfoVo{userId=100001, nickName='ivan', userName='ivan', avatar='https://res-blog-public.s3.ca-central-1.amazonaws.com/default_avatar.jpg'}, category=CategoryVo{categoryId=2, name='liddffd', articleCount=null}, BaseArticleVo{articleId=10004, status=1, title='Spring boot', description='rerwerwer', content='null', firstPicture='', viewCount=4, createDate='Tue Oct 12 15:58:26 EDT 2021', updateDate='Sun Nov 14 22:34:56 EST 2021'}}], total=2}
2021-11-19 14:51:32:307 [http-nio-8081-exec-2] INFO  com.ivan.sunnyblog.web.aop.ControllerAspect *** Request Success ***: 25ms GET URI=/api/categories, methodName=com.ivan.sunnyblog.web.controller.CategoryContoller.getCategories, args=[], result=ResultInfo{info='null', status=0, data=[CategoryVo{categoryId=2, name='liddffd', articleCount=1}, CategoryVo{categoryId=1, name='Life ', articleCount=1}], total=null}
2021-11-19 14:51:32:322 [http-nio-8081-exec-10] INFO  com.ivan.sunnyblog.web.aop.ControllerAspect *** Request Success ***: 42ms GET URI=/api/articles, methodName=com.ivan.sunnyblog.web.controller.ArticleController.getPublicArticles, args=[SearchVo{page=1, limit=10, categoryId=null, total=null}], result=ResultInfo{info='null', status=0, data=[ArticleVo{userInfo=UserInfoVo{userId=100001, nickName='ivan', userName='ivan', avatar='https://res-blog-public.s3.ca-central-1.amazonaws.com/default_avatar.jpg'}, category=CategoryVo{categoryId=1, name='Life ', articleCount=null}, BaseArticleVo{articleId=10005, status=1, title='dd', description='This is the doc of React markdown editor lite.
Enjoy!!', content='null', firstPicture='', viewCount=0, createDate='Sun Nov 07 14:09:29 EST 2021', updateDate='Sun Nov 14 22:31:50 EST 2021'}}, ArticleVo{userInfo=UserInfoVo{userId=100001, nickName='ivan', userName='ivan', avatar='https://res-blog-public.s3.ca-central-1.amazonaws.com/default_avatar.jpg'}, category=CategoryVo{categoryId=2, name='liddffd', articleCount=null}, BaseArticleVo{articleId=10004, status=1, title='Spring boot', description='rerwerwer', content='null', firstPicture='', viewCount=4, createDate='Tue Oct 12 15:58:26 EDT 2021', updateDate='Sun Nov 14 22:34:56 EST 2021'}}], total=2}
2021-11-19 14:51:32:323 [http-nio-8081-exec-1] INFO  com.ivan.sunnyblog.web.aop.ControllerAspect *** Request Success ***: 41ms GET URI=/api/articles/hot, methodName=com.ivan.sunnyblog.web.controller.ArticleController.getHotArticles, args=[], result=ResultInfo{info='null', status=0, data=[ArticleVo{userInfo=UserInfoVo{userId=100001, nickName='ivan', userName='ivan', avatar='https://res-blog-public.s3.ca-central-1.amazonaws.com/default_avatar.jpg'}, category=CategoryVo{categoryId=1, name='Life ', articleCount=null}, BaseArticleVo{articleId=10005, status=1, title='dd', description='This is the doc of React markdown editor lite.
Enjoy!!', content='null', firstPicture='', viewCount=0, createDate='Sun Nov 07 14:09:29 EST 2021', updateDate='Sun Nov 14 22:31:50 EST 2021'}}, ArticleVo{userInfo=UserInfoVo{userId=100001, nickName='ivan', userName='ivan', avatar='https://res-blog-public.s3.ca-central-1.amazonaws.com/default_avatar.jpg'}, category=CategoryVo{categoryId=2, name='liddffd', articleCount=null}, BaseArticleVo{articleId=10004, status=1, title='Spring boot', description='rerwerwer', content='null', firstPicture='', viewCount=4, createDate='Tue Oct 12 15:58:26 EDT 2021', updateDate='Sun Nov 14 22:34:56 EST 2021'}}], total=2}
2021-11-19 14:53:50:900 [http-nio-8081-exec-9] INFO  com.ivan.sunnyblog.web.aop.ControllerAspect *** Request Success ***: 2ms GET URI=/api/categories, methodName=com.ivan.sunnyblog.web.controller.CategoryContoller.getCategories, args=[], result=ResultInfo{info='null', status=0, data=[CategoryVo{categoryId=2, name='liddffd', articleCount=1}, CategoryVo{categoryId=1, name='Life ', articleCount=1}], total=null}
2021-11-19 14:53:50:919 [http-nio-8081-exec-5] INFO  com.ivan.sunnyblog.web.aop.ControllerAspect *** Request Success ***: 21ms GET URI=/api/articles, methodName=com.ivan.sunnyblog.web.controller.ArticleController.getPublicArticles, args=[SearchVo{page=1, limit=10, categoryId=null, total=null}], result=ResultInfo{info='null', status=0, data=[ArticleVo{userInfo=UserInfoVo{userId=100001, nickName='ivan', userName='ivan', avatar='https://res-blog-public.s3.ca-central-1.amazonaws.com/default_avatar.jpg'}, category=CategoryVo{categoryId=1, name='Life ', articleCount=null}, BaseArticleVo{articleId=10005, status=1, title='dd', description='This is the doc of React markdown editor lite.
Enjoy!!', content='null', firstPicture='', viewCount=0, createDate='Sun Nov 07 14:09:29 EST 2021', updateDate='Sun Nov 14 22:31:50 EST 2021'}}, ArticleVo{userInfo=UserInfoVo{userId=100001, nickName='ivan', userName='ivan', avatar='https://res-blog-public.s3.ca-central-1.amazonaws.com/default_avatar.jpg'}, category=CategoryVo{categoryId=2, name='liddffd', articleCount=null}, BaseArticleVo{articleId=10004, status=1, title='Spring boot', description='rerwerwer', content='null', firstPicture='', viewCount=4, createDate='Tue Oct 12 15:58:26 EDT 2021', updateDate='Sun Nov 14 22:34:56 EST 2021'}}], total=2}
2021-11-19 14:53:50:919 [http-nio-8081-exec-7] INFO  com.ivan.sunnyblog.web.aop.ControllerAspect *** Request Success ***: 21ms GET URI=/api/articles/hot, methodName=com.ivan.sunnyblog.web.controller.ArticleController.getHotArticles, args=[], result=ResultInfo{info='null', status=0, data=[ArticleVo{userInfo=UserInfoVo{userId=100001, nickName='ivan', userName='ivan', avatar='https://res-blog-public.s3.ca-central-1.amazonaws.com/default_avatar.jpg'}, category=CategoryVo{categoryId=1, name='Life ', articleCount=null}, BaseArticleVo{articleId=10005, status=1, title='dd', description='This is the doc of React markdown editor lite.
Enjoy!!', content='null', firstPicture='', viewCount=0, createDate='Sun Nov 07 14:09:29 EST 2021', updateDate='Sun Nov 14 22:31:50 EST 2021'}}, ArticleVo{userInfo=UserInfoVo{userId=100001, nickName='ivan', userName='ivan', avatar='https://res-blog-public.s3.ca-central-1.amazonaws.com/default_avatar.jpg'}, category=CategoryVo{categoryId=2, name='liddffd', articleCount=null}, BaseArticleVo{articleId=10004, status=1, title='Spring boot', description='rerwerwer', content='null', firstPicture='', viewCount=4, createDate='Tue Oct 12 15:58:26 EDT 2021', updateDate='Sun Nov 14 22:34:56 EST 2021'}}], total=2}
2021-11-19 14:56:20:333 [http-nio-8081-exec-6] INFO  com.ivan.sunnyblog.web.aop.ControllerAspect *** Request Success ***: 7ms GET URI=/api/categories, methodName=com.ivan.sunnyblog.web.controller.CategoryContoller.getCategories, args=[], result=ResultInfo{info='null', status=0, data=[CategoryVo{categoryId=2, name='liddffd', articleCount=1}, CategoryVo{categoryId=1, name='Life ', articleCount=1}], total=null}
2021-11-19 14:56:20:338 [http-nio-8081-exec-3] INFO  com.ivan.sunnyblog.web.aop.ControllerAspect *** Request Success ***: 12ms GET URI=/api/articles/hot, methodName=com.ivan.sunnyblog.web.controller.ArticleController.getHotArticles, args=[], result=ResultInfo{info='null', status=0, data=[ArticleVo{userInfo=UserInfoVo{userId=100001, nickName='ivan', userName='ivan', avatar='https://res-blog-public.s3.ca-central-1.amazonaws.com/default_avatar.jpg'}, category=CategoryVo{categoryId=1, name='Life ', articleCount=null}, BaseArticleVo{articleId=10005, status=1, title='dd', description='This is the doc of React markdown editor lite.
Enjoy!!', content='null', firstPicture='', viewCount=0, createDate='Sun Nov 07 14:09:29 EST 2021', updateDate='Sun Nov 14 22:31:50 EST 2021'}}, ArticleVo{userInfo=UserInfoVo{userId=100001, nickName='ivan', userName='ivan', avatar='https://res-blog-public.s3.ca-central-1.amazonaws.com/default_avatar.jpg'}, category=CategoryVo{categoryId=2, name='liddffd', articleCount=null}, BaseArticleVo{articleId=10004, status=1, title='Spring boot', description='rerwerwer', content='null', firstPicture='', viewCount=4, createDate='Tue Oct 12 15:58:26 EDT 2021', updateDate='Sun Nov 14 22:34:56 EST 2021'}}], total=2}
2021-11-19 14:56:20:348 [http-nio-8081-exec-1] INFO  com.ivan.sunnyblog.web.aop.ControllerAspect *** Request Success ***: 20ms GET URI=/api/articles, methodName=com.ivan.sunnyblog.web.controller.ArticleController.getPublicArticles, args=[SearchVo{page=1, limit=10, categoryId=null, total=null}], result=ResultInfo{info='null', status=0, data=[ArticleVo{userInfo=UserInfoVo{userId=100001, nickName='ivan', userName='ivan', avatar='https://res-blog-public.s3.ca-central-1.amazonaws.com/default_avatar.jpg'}, category=CategoryVo{categoryId=1, name='Life ', articleCount=null}, BaseArticleVo{articleId=10005, status=1, title='dd', description='This is the doc of React markdown editor lite.
Enjoy!!', content='null', firstPicture='', viewCount=0, createDate='Sun Nov 07 14:09:29 EST 2021', updateDate='Sun Nov 14 22:31:50 EST 2021'}}, ArticleVo{userInfo=UserInfoVo{userId=100001, nickName='ivan', userName='ivan', avatar='https://res-blog-public.s3.ca-central-1.amazonaws.com/default_avatar.jpg'}, category=CategoryVo{categoryId=2, name='liddffd', articleCount=null}, BaseArticleVo{articleId=10004, status=1, title='Spring boot', description='rerwerwer', content='null', firstPicture='', viewCount=4, createDate='Tue Oct 12 15:58:26 EDT 2021', updateDate='Sun Nov 14 22:34:56 EST 2021'}}], total=2}
2021-11-19 14:57:13:382 [http-nio-8081-exec-9] INFO  com.ivan.sunnyblog.web.aop.ControllerAspect *** Request Success ***: 6ms GET URI=/api/categories, methodName=com.ivan.sunnyblog.web.controller.CategoryContoller.getCategories, args=[], result=ResultInfo{info='null', status=0, data=[CategoryVo{categoryId=2, name='liddffd', articleCount=1}, CategoryVo{categoryId=1, name='Life ', articleCount=1}], total=null}
2021-11-19 14:57:13:394 [http-nio-8081-exec-7] INFO  com.ivan.sunnyblog.web.aop.ControllerAspect *** Request Success ***: 18ms GET URI=/api/articles/hot, methodName=com.ivan.sunnyblog.web.controller.ArticleController.getHotArticles, args=[], result=ResultInfo{info='null', status=0, data=[ArticleVo{userInfo=UserInfoVo{userId=100001, nickName='ivan', userName='ivan', avatar='https://res-blog-public.s3.ca-central-1.amazonaws.com/default_avatar.jpg'}, category=CategoryVo{categoryId=1, name='Life ', articleCount=null}, BaseArticleVo{articleId=10005, status=1, title='dd', description='This is the doc of React markdown editor lite.
Enjoy!!', content='null', firstPicture='', viewCount=0, createDate='Sun Nov 07 14:09:29 EST 2021', updateDate='Sun Nov 14 22:31:50 EST 2021'}}, ArticleVo{userInfo=UserInfoVo{userId=100001, nickName='ivan', userName='ivan', avatar='https://res-blog-public.s3.ca-central-1.amazonaws.com/default_avatar.jpg'}, category=CategoryVo{categoryId=2, name='liddffd', articleCount=null}, BaseArticleVo{articleId=10004, status=1, title='Spring boot', description='rerwerwer', content='null', firstPicture='', viewCount=4, createDate='Tue Oct 12 15:58:26 EDT 2021', updateDate='Sun Nov 14 22:34:56 EST 2021'}}], total=2}
2021-11-19 14:57:13:396 [http-nio-8081-exec-4] INFO  com.ivan.sunnyblog.web.aop.ControllerAspect *** Request Success ***: 17ms GET URI=/api/articles, methodName=com.ivan.sunnyblog.web.controller.ArticleController.getPublicArticles, args=[SearchVo{page=1, limit=10, categoryId=null, total=null}], result=ResultInfo{info='null', status=0, data=[ArticleVo{userInfo=UserInfoVo{userId=100001, nickName='ivan', userName='ivan', avatar='https://res-blog-public.s3.ca-central-1.amazonaws.com/default_avatar.jpg'}, category=CategoryVo{categoryId=1, name='Life ', articleCount=null}, BaseArticleVo{articleId=10005, status=1, title='dd', description='This is the doc of React markdown editor lite.
Enjoy!!', content='null', firstPicture='', viewCount=0, createDate='Sun Nov 07 14:09:29 EST 2021', updateDate='Sun Nov 14 22:31:50 EST 2021'}}, ArticleVo{userInfo=UserInfoVo{userId=100001, nickName='ivan', userName='ivan', avatar='https://res-blog-public.s3.ca-central-1.amazonaws.com/default_avatar.jpg'}, category=CategoryVo{categoryId=2, name='liddffd', articleCount=null}, BaseArticleVo{articleId=10004, status=1, title='Spring boot', description='rerwerwer', content='null', firstPicture='', viewCount=4, createDate='Tue Oct 12 15:58:26 EDT 2021', updateDate='Sun Nov 14 22:34:56 EST 2021'}}], total=2}
2021-11-19 14:57:21:144 [http-nio-8081-exec-2] INFO  com.ivan.sunnyblog.web.aop.ControllerAspect *** Request Success ***: 16ms GET URI=/api/categories, methodName=com.ivan.sunnyblog.web.controller.CategoryContoller.getCategories, args=[], result=ResultInfo{info='null', status=0, data=[CategoryVo{categoryId=2, name='liddffd', articleCount=1}, CategoryVo{categoryId=1, name='Life ', articleCount=1}], total=null}
2021-11-19 14:57:21:154 [http-nio-8081-exec-5] INFO  com.ivan.sunnyblog.web.aop.ControllerAspect *** Request Success ***: 26ms GET URI=/api/articles, methodName=com.ivan.sunnyblog.web.controller.ArticleController.getPublicArticles, args=[SearchVo{page=1, limit=10, categoryId=null, total=null}], result=ResultInfo{info='null', status=0, data=[ArticleVo{userInfo=UserInfoVo{userId=100001, nickName='ivan', userName='ivan', avatar='https://res-blog-public.s3.ca-central-1.amazonaws.com/default_avatar.jpg'}, category=CategoryVo{categoryId=1, name='Life ', articleCount=null}, BaseArticleVo{articleId=10005, status=1, title='dd', description='This is the doc of React markdown editor lite.
Enjoy!!', content='null', firstPicture='', viewCount=0, createDate='Sun Nov 07 14:09:29 EST 2021', updateDate='Sun Nov 14 22:31:50 EST 2021'}}, ArticleVo{userInfo=UserInfoVo{userId=100001, nickName='ivan', userName='ivan', avatar='https://res-blog-public.s3.ca-central-1.amazonaws.com/default_avatar.jpg'}, category=CategoryVo{categoryId=2, name='liddffd', articleCount=null}, BaseArticleVo{articleId=10004, status=1, title='Spring boot', description='rerwerwer', content='null', firstPicture='', viewCount=4, createDate='Tue Oct 12 15:58:26 EDT 2021', updateDate='Sun Nov 14 22:34:56 EST 2021'}}], total=2}
2021-11-19 14:57:21:154 [http-nio-8081-exec-8] INFO  com.ivan.sunnyblog.web.aop.ControllerAspect *** Request Success ***: 25ms GET URI=/api/articles/hot, methodName=com.ivan.sunnyblog.web.controller.ArticleController.getHotArticles, args=[], result=ResultInfo{info='null', status=0, data=[ArticleVo{userInfo=UserInfoVo{userId=100001, nickName='ivan', userName='ivan', avatar='https://res-blog-public.s3.ca-central-1.amazonaws.com/default_avatar.jpg'}, category=CategoryVo{categoryId=1, name='Life ', articleCount=null}, BaseArticleVo{articleId=10005, status=1, title='dd', description='This is the doc of React markdown editor lite.
Enjoy!!', content='null', firstPicture='', viewCount=0, createDate='Sun Nov 07 14:09:29 EST 2021', updateDate='Sun Nov 14 22:31:50 EST 2021'}}, ArticleVo{userInfo=UserInfoVo{userId=100001, nickName='ivan', userName='ivan', avatar='https://res-blog-public.s3.ca-central-1.amazonaws.com/default_avatar.jpg'}, category=CategoryVo{categoryId=2, name='liddffd', articleCount=null}, BaseArticleVo{articleId=10004, status=1, title='Spring boot', description='rerwerwer', content='null', firstPicture='', viewCount=4, createDate='Tue Oct 12 15:58:26 EDT 2021', updateDate='Sun Nov 14 22:34:56 EST 2021'}}], total=2}
2021-11-19 14:58:06:166 [http-nio-8081-exec-3] INFO  com.ivan.sunnyblog.web.aop.ControllerAspect *** Request Success ***: 3ms GET URI=/api/categories, methodName=com.ivan.sunnyblog.web.controller.CategoryContoller.getCategories, args=[], result=ResultInfo{info='null', status=0, data=[CategoryVo{categoryId=2, name='liddffd', articleCount=1}, CategoryVo{categoryId=1, name='Life ', articleCount=1}], total=null}
2021-11-19 14:58:06:180 [http-nio-8081-exec-10] INFO  com.ivan.sunnyblog.web.aop.ControllerAspect *** Request Success ***: 17ms GET URI=/api/articles, methodName=com.ivan.sunnyblog.web.controller.ArticleController.getPublicArticles, args=[SearchVo{page=1, limit=10, categoryId=null, total=null}], result=ResultInfo{info='null', status=0, data=[ArticleVo{userInfo=UserInfoVo{userId=100001, nickName='ivan', userName='ivan', avatar='https://res-blog-public.s3.ca-central-1.amazonaws.com/default_avatar.jpg'}, category=CategoryVo{categoryId=1, name='Life ', articleCount=null}, BaseArticleVo{articleId=10005, status=1, title='dd', description='This is the doc of React markdown editor lite.
Enjoy!!', content='null', firstPicture='', viewCount=0, createDate='Sun Nov 07 14:09:29 EST 2021', updateDate='Sun Nov 14 22:31:50 EST 2021'}}, ArticleVo{userInfo=UserInfoVo{userId=100001, nickName='ivan', userName='ivan', avatar='https://res-blog-public.s3.ca-central-1.amazonaws.com/default_avatar.jpg'}, category=CategoryVo{categoryId=2, name='liddffd', articleCount=null}, BaseArticleVo{articleId=10004, status=1, title='Spring boot', description='rerwerwer', content='null', firstPicture='', viewCount=4, createDate='Tue Oct 12 15:58:26 EDT 2021', updateDate='Sun Nov 14 22:34:56 EST 2021'}}], total=2}
2021-11-19 14:58:06:184 [http-nio-8081-exec-6] INFO  com.ivan.sunnyblog.web.aop.ControllerAspect *** Request Success ***: 21ms GET URI=/api/articles/hot, methodName=com.ivan.sunnyblog.web.controller.ArticleController.getHotArticles, args=[], result=ResultInfo{info='null', status=0, data=[ArticleVo{userInfo=UserInfoVo{userId=100001, nickName='ivan', userName='ivan', avatar='https://res-blog-public.s3.ca-central-1.amazonaws.com/default_avatar.jpg'}, category=CategoryVo{categoryId=1, name='Life ', articleCount=null}, BaseArticleVo{articleId=10005, status=1, title='dd', description='This is the doc of React markdown editor lite.
Enjoy!!', content='null', firstPicture='', viewCount=0, createDate='Sun Nov 07 14:09:29 EST 2021', updateDate='Sun Nov 14 22:31:50 EST 2021'}}, ArticleVo{userInfo=UserInfoVo{userId=100001, nickName='ivan', userName='ivan', avatar='https://res-blog-public.s3.ca-central-1.amazonaws.com/default_avatar.jpg'}, category=CategoryVo{categoryId=2, name='liddffd', articleCount=null}, BaseArticleVo{articleId=10004, status=1, title='Spring boot', description='rerwerwer', content='null', firstPicture='', viewCount=4, createDate='Tue Oct 12 15:58:26 EDT 2021', updateDate='Sun Nov 14 22:34:56 EST 2021'}}], total=2}
2021-11-19 14:58:43:120 [Thread-39] INFO  org.springframework.scheduling.concurrent.ThreadPoolTaskScheduler Shutting down ExecutorService 'taskScheduler'
2021-11-19 14:58:43:121 [Thread-39] INFO  org.springframework.scheduling.concurrent.ThreadPoolTaskExecutor Shutting down ExecutorService 'applicationTaskExecutor'
2021-11-19 14:58:43:122 [Thread-39] INFO  com.zaxxer.hikari.HikariDataSource HikariPool-1 - Shutdown initiated...
2021-11-19 14:58:43:123 [Thread-39] INFO  com.zaxxer.hikari.HikariDataSource HikariPool-1 - Shutdown completed.
2021-11-19 14:59:05:542 [restartedMain] INFO  com.ivan.sunnyblog.SunnyBlogApplication Starting SunnyBlogApplication on Jinghaos-MacBook-Air.local with PID 2657 (/Users/jinghaoliang/Documents/tech/Project/blogProject/SunnyBlog/target/classes started by jinghaoliang in /Users/jinghaoliang/Documents/tech/Project/blogProject/SunnyBlog)
2021-11-19 14:59:05:543 [restartedMain] INFO  com.ivan.sunnyblog.SunnyBlogApplication No active profile set, falling back to default profiles: default
2021-11-19 14:59:05:563 [restartedMain] INFO  org.springframework.boot.devtools.env.DevToolsPropertyDefaultsPostProcessor Devtools property defaults active! Set 'spring.devtools.add-properties' to 'false' to disable
2021-11-19 14:59:05:563 [restartedMain] INFO  org.springframework.boot.devtools.env.DevToolsPropertyDefaultsPostProcessor For additional web related logging consider setting the 'logging.level.web' property to 'DEBUG'
2021-11-19 14:59:05:901 [restartedMain] INFO  org.springframework.data.repository.config.RepositoryConfigurationDelegate Multiple Spring Data modules found, entering strict repository configuration mode!
2021-11-19 14:59:05:903 [restartedMain] INFO  org.springframework.data.repository.config.RepositoryConfigurationDelegate Bootstrapping Spring Data repositories in DEFAULT mode.
2021-11-19 14:59:05:927 [restartedMain] INFO  org.springframework.data.repository.config.RepositoryConfigurationDelegate Finished Spring Data repository scanning in 18ms. Found 0 repository interfaces.
2021-11-19 14:59:06:082 [restartedMain] INFO  o.s.context.support.PostProcessorRegistrationDelegate$BeanPostProcessorChecker Bean 'org.springframework.transaction.annotation.ProxyTransactionManagementConfiguration' of type [org.springframework.transaction.annotation.ProxyTransactionManagementConfiguration$$EnhancerBySpringCGLIB$$7e25ffbb] is not eligible for getting processed by all BeanPostProcessors (for example: not eligible for auto-proxying)
2021-11-19 14:59:06:262 [restartedMain] INFO  org.springframework.boot.web.embedded.tomcat.TomcatWebServer Tomcat initialized with port(s): 8081 (http)
2021-11-19 14:59:06:270 [restartedMain] INFO  org.apache.coyote.http11.Http11NioProtocol Initializing ProtocolHandler ["http-nio-8081"]
2021-11-19 14:59:06:275 [restartedMain] INFO  org.apache.catalina.core.StandardService Starting service [Tomcat]
2021-11-19 14:59:06:275 [restartedMain] INFO  org.apache.catalina.core.StandardEngine Starting Servlet engine: [Apache Tomcat/9.0.21]
2021-11-19 14:59:06:341 [restartedMain] INFO  org.apache.catalina.core.ContainerBase.[Tomcat].[localhost].[/] Initializing Spring embedded WebApplicationContext
2021-11-19 14:59:06:341 [restartedMain] INFO  org.springframework.web.context.ContextLoader Root WebApplicationContext: initialization completed in 778 ms
2021-11-19 14:59:06:492 [restartedMain] INFO  com.zaxxer.hikari.HikariDataSource HikariPool-1 - Starting...
2021-11-19 14:59:06:523 [restartedMain] INFO  com.zaxxer.hikari.HikariDataSource HikariPool-1 - Start completed.
2021-11-19 14:59:42:600 [restartedMain] INFO  org.springframework.scheduling.concurrent.ThreadPoolTaskExecutor Initializing ExecutorService 'applicationTaskExecutor'
2021-11-19 14:59:42:757 [restartedMain] INFO  org.springframework.scheduling.concurrent.ThreadPoolTaskScheduler Initializing ExecutorService 'taskScheduler'
2021-11-19 14:59:42:776 [restartedMain] INFO  org.springframework.boot.devtools.autoconfigure.OptionalLiveReloadServer LiveReload server is running on port 35729
2021-11-19 14:59:42:817 [restartedMain] INFO  org.apache.coyote.http11.Http11NioProtocol Starting ProtocolHandler ["http-nio-8081"]
2021-11-19 14:59:42:830 [restartedMain] INFO  org.springframework.boot.web.embedded.tomcat.TomcatWebServer Tomcat started on port(s): 8081 (http) with context path ''
2021-11-19 14:59:42:832 [restartedMain] INFO  com.ivan.sunnyblog.SunnyBlogApplication Started SunnyBlogApplication in 37.472 seconds (JVM running for 37.843)
2021-11-19 14:59:44:761 [http-nio-8081-exec-1] INFO  org.apache.catalina.core.ContainerBase.[Tomcat].[localhost].[/] Initializing Spring DispatcherServlet 'dispatcherServlet'
2021-11-19 14:59:44:761 [http-nio-8081-exec-1] INFO  org.springframework.web.servlet.DispatcherServlet Initializing Servlet 'dispatcherServlet'
2021-11-19 14:59:44:765 [http-nio-8081-exec-1] INFO  org.springframework.web.servlet.DispatcherServlet Completed initialization in 4 ms
2021-11-19 14:59:44:947 [http-nio-8081-exec-2] INFO  org.jooq.Constants 
                                      
@@@@@@@@@@@@@@@@@@@@@@@@@@@@@@@@@@@@@@
@@@@@@@@@@@@@@@@@@@@@@@@@@@@@@@@@@@@@@
@@@@@@@@@@@@@@@@  @@        @@@@@@@@@@
@@@@@@@@@@@@@@@@@@@@        @@@@@@@@@@
@@@@@@@@@@@@@@@@  @@  @@    @@@@@@@@@@
@@@@@@@@@@  @@@@  @@  @@    @@@@@@@@@@
@@@@@@@@@@        @@        @@@@@@@@@@
@@@@@@@@@@@@@@@@@@@@@@@@@@@@@@@@@@@@@@
@@@@@@@@@@@@@@@@@@@@@@@@@@@@@@@@@@@@@@
@@@@@@@@@@        @@        @@@@@@@@@@
@@@@@@@@@@    @@  @@  @@@@  @@@@@@@@@@
@@@@@@@@@@    @@  @@  @@@@  @@@@@@@@@@
@@@@@@@@@@        @@  @  @  @@@@@@@@@@
@@@@@@@@@@        @@        @@@@@@@@@@
@@@@@@@@@@@@@@@@@@@@@@@  @@@@@@@@@@@@@
@@@@@@@@@@@@@@@@@@@@@@@@@@@@@@@@@@@@@@
@@@@@@@@@@@@@@@@@@@@@@@@@@@@@@@@@@@@@@  Thank you for using jOOQ 3.11.11
                                      
2021-11-19 14:59:44:977 [http-nio-8081-exec-1] INFO  com.ivan.sunnyblog.web.aop.ControllerAspect *** Request Success ***: 193ms GET URI=/api/categories, methodName=com.ivan.sunnyblog.web.controller.CategoryContoller.getCategories, args=[], result=ResultInfo{info='null', status=0, data=[CategoryVo{categoryId=2, name='liddffd', articleCount=1}, CategoryVo{categoryId=1, name='Life ', articleCount=1}], total=null}
2021-11-19 14:59:44:977 [http-nio-8081-exec-3] INFO  com.ivan.sunnyblog.web.aop.ControllerAspect *** Request Success ***: 193ms GET URI=/api/articles/hot, methodName=com.ivan.sunnyblog.web.controller.ArticleController.getHotArticles, args=[], result=ResultInfo{info='null', status=0, data=[ArticleVo{userInfo=null, category=null, BaseArticleVo{articleId=10004, status=null, title='null', description='null', content='null', firstPicture='null', viewCount=4, createDate='Tue Oct 12 15:58:26 EDT 2021', updateDate='null'}}, ArticleVo{userInfo=null, category=null, BaseArticleVo{articleId=10005, status=null, title='null', description='null', content='null', firstPicture='null', viewCount=0, createDate='Sun Nov 07 14:09:29 EST 2021', updateDate='null'}}], total=null}
2021-11-19 14:59:44:992 [http-nio-8081-exec-2] INFO  com.ivan.sunnyblog.web.aop.ControllerAspect *** Request Success ***: 201ms GET URI=/api/articles, methodName=com.ivan.sunnyblog.web.controller.ArticleController.getPublicArticles, args=[SearchVo{page=1, limit=10, categoryId=null, total=null}], result=ResultInfo{info='null', status=0, data=[ArticleVo{userInfo=UserInfoVo{userId=100001, nickName='ivan', userName='ivan', avatar='https://res-blog-public.s3.ca-central-1.amazonaws.com/default_avatar.jpg'}, category=CategoryVo{categoryId=1, name='Life ', articleCount=null}, BaseArticleVo{articleId=10005, status=1, title='dd', description='This is the doc of React markdown editor lite.
Enjoy!!', content='null', firstPicture='', viewCount=0, createDate='Sun Nov 07 14:09:29 EST 2021', updateDate='Sun Nov 14 22:31:50 EST 2021'}}, ArticleVo{userInfo=UserInfoVo{userId=100001, nickName='ivan', userName='ivan', avatar='https://res-blog-public.s3.ca-central-1.amazonaws.com/default_avatar.jpg'}, category=CategoryVo{categoryId=2, name='liddffd', articleCount=null}, BaseArticleVo{articleId=10004, status=1, title='Spring boot', description='rerwerwer', content='null', firstPicture='', viewCount=4, createDate='Tue Oct 12 15:58:26 EDT 2021', updateDate='Sun Nov 14 22:34:56 EST 2021'}}], total=2}
2021-11-19 15:00:43:940 [Thread-82] INFO  org.springframework.scheduling.concurrent.ThreadPoolTaskScheduler Shutting down ExecutorService 'taskScheduler'
2021-11-19 15:00:43:941 [Thread-82] INFO  org.springframework.scheduling.concurrent.ThreadPoolTaskExecutor Shutting down ExecutorService 'applicationTaskExecutor'
2021-11-19 15:00:43:942 [Thread-82] INFO  com.zaxxer.hikari.HikariDataSource HikariPool-1 - Shutdown initiated...
2021-11-19 15:00:43:943 [Thread-82] INFO  com.zaxxer.hikari.HikariDataSource HikariPool-1 - Shutdown completed.
2021-11-19 15:00:46:551 [restartedMain] INFO  com.ivan.sunnyblog.SunnyBlogApplication Starting SunnyBlogApplication on Jinghaos-MacBook-Air.local with PID 2706 (/Users/jinghaoliang/Documents/tech/Project/blogProject/SunnyBlog/target/classes started by jinghaoliang in /Users/jinghaoliang/Documents/tech/Project/blogProject/SunnyBlog)
2021-11-19 15:00:46:552 [restartedMain] INFO  com.ivan.sunnyblog.SunnyBlogApplication No active profile set, falling back to default profiles: default
2021-11-19 15:00:46:572 [restartedMain] INFO  org.springframework.boot.devtools.env.DevToolsPropertyDefaultsPostProcessor Devtools property defaults active! Set 'spring.devtools.add-properties' to 'false' to disable
2021-11-19 15:00:46:572 [restartedMain] INFO  org.springframework.boot.devtools.env.DevToolsPropertyDefaultsPostProcessor For additional web related logging consider setting the 'logging.level.web' property to 'DEBUG'
2021-11-19 15:00:46:877 [restartedMain] INFO  org.springframework.data.repository.config.RepositoryConfigurationDelegate Multiple Spring Data modules found, entering strict repository configuration mode!
2021-11-19 15:00:46:878 [restartedMain] INFO  org.springframework.data.repository.config.RepositoryConfigurationDelegate Bootstrapping Spring Data repositories in DEFAULT mode.
2021-11-19 15:00:46:899 [restartedMain] INFO  org.springframework.data.repository.config.RepositoryConfigurationDelegate Finished Spring Data repository scanning in 16ms. Found 0 repository interfaces.
2021-11-19 15:00:47:047 [restartedMain] INFO  o.s.context.support.PostProcessorRegistrationDelegate$BeanPostProcessorChecker Bean 'org.springframework.transaction.annotation.ProxyTransactionManagementConfiguration' of type [org.springframework.transaction.annotation.ProxyTransactionManagementConfiguration$$EnhancerBySpringCGLIB$$dc1e104e] is not eligible for getting processed by all BeanPostProcessors (for example: not eligible for auto-proxying)
2021-11-19 15:00:47:211 [restartedMain] INFO  org.springframework.boot.web.embedded.tomcat.TomcatWebServer Tomcat initialized with port(s): 8081 (http)
2021-11-19 15:00:47:220 [restartedMain] INFO  org.apache.coyote.http11.Http11NioProtocol Initializing ProtocolHandler ["http-nio-8081"]
2021-11-19 15:00:47:227 [restartedMain] INFO  org.apache.catalina.core.StandardService Starting service [Tomcat]
2021-11-19 15:00:47:227 [restartedMain] INFO  org.apache.catalina.core.StandardEngine Starting Servlet engine: [Apache Tomcat/9.0.21]
2021-11-19 15:00:47:291 [restartedMain] INFO  org.apache.catalina.core.ContainerBase.[Tomcat].[localhost].[/] Initializing Spring embedded WebApplicationContext
2021-11-19 15:00:47:291 [restartedMain] INFO  org.springframework.web.context.ContextLoader Root WebApplicationContext: initialization completed in 719 ms
2021-11-19 15:00:47:429 [restartedMain] INFO  com.zaxxer.hikari.HikariDataSource HikariPool-1 - Starting...
2021-11-19 15:00:47:457 [restartedMain] INFO  com.zaxxer.hikari.HikariDataSource HikariPool-1 - Start completed.
2021-11-19 15:01:00:948 [restartedMain] INFO  org.springframework.scheduling.concurrent.ThreadPoolTaskExecutor Initializing ExecutorService 'applicationTaskExecutor'
2021-11-19 15:01:01:105 [restartedMain] INFO  org.springframework.scheduling.concurrent.ThreadPoolTaskScheduler Initializing ExecutorService 'taskScheduler'
2021-11-19 15:01:01:123 [restartedMain] INFO  org.springframework.boot.devtools.autoconfigure.OptionalLiveReloadServer LiveReload server is running on port 35729
2021-11-19 15:01:01:165 [restartedMain] INFO  org.apache.coyote.http11.Http11NioProtocol Starting ProtocolHandler ["http-nio-8081"]
2021-11-19 15:01:01:178 [restartedMain] INFO  org.springframework.boot.web.embedded.tomcat.TomcatWebServer Tomcat started on port(s): 8081 (http) with context path ''
2021-11-19 15:01:01:180 [restartedMain] INFO  com.ivan.sunnyblog.SunnyBlogApplication Started SunnyBlogApplication in 14.799 seconds (JVM running for 15.35)
2021-11-19 15:01:18:463 [http-nio-8081-exec-2] INFO  org.apache.catalina.core.ContainerBase.[Tomcat].[localhost].[/] Initializing Spring DispatcherServlet 'dispatcherServlet'
2021-11-19 15:01:18:463 [http-nio-8081-exec-2] INFO  org.springframework.web.servlet.DispatcherServlet Initializing Servlet 'dispatcherServlet'
2021-11-19 15:01:18:467 [http-nio-8081-exec-2] INFO  org.springframework.web.servlet.DispatcherServlet Completed initialization in 4 ms
2021-11-19 15:01:18:663 [http-nio-8081-exec-3] INFO  org.jooq.Constants 
                                      
@@@@@@@@@@@@@@@@@@@@@@@@@@@@@@@@@@@@@@
@@@@@@@@@@@@@@@@@@@@@@@@@@@@@@@@@@@@@@
@@@@@@@@@@@@@@@@  @@        @@@@@@@@@@
@@@@@@@@@@@@@@@@@@@@        @@@@@@@@@@
@@@@@@@@@@@@@@@@  @@  @@    @@@@@@@@@@
@@@@@@@@@@  @@@@  @@  @@    @@@@@@@@@@
@@@@@@@@@@        @@        @@@@@@@@@@
@@@@@@@@@@@@@@@@@@@@@@@@@@@@@@@@@@@@@@
@@@@@@@@@@@@@@@@@@@@@@@@@@@@@@@@@@@@@@
@@@@@@@@@@        @@        @@@@@@@@@@
@@@@@@@@@@    @@  @@  @@@@  @@@@@@@@@@
@@@@@@@@@@    @@  @@  @@@@  @@@@@@@@@@
@@@@@@@@@@        @@  @  @  @@@@@@@@@@
@@@@@@@@@@        @@        @@@@@@@@@@
@@@@@@@@@@@@@@@@@@@@@@@  @@@@@@@@@@@@@
@@@@@@@@@@@@@@@@@@@@@@@@@@@@@@@@@@@@@@
@@@@@@@@@@@@@@@@@@@@@@@@@@@@@@@@@@@@@@  Thank you for using jOOQ 3.11.11
                                      
2021-11-19 15:01:18:692 [http-nio-8081-exec-3] INFO  com.ivan.sunnyblog.web.aop.ControllerAspect *** Request Success ***: 196ms GET URI=/api/categories, methodName=com.ivan.sunnyblog.web.controller.CategoryContoller.getCategories, args=[], result=ResultInfo{info='null', status=0, data=[CategoryVo{categoryId=2, name='liddffd', articleCount=1}, CategoryVo{categoryId=1, name='Life ', articleCount=1}], total=null}
2021-11-19 15:01:18:692 [http-nio-8081-exec-1] INFO  com.ivan.sunnyblog.web.aop.ControllerAspect *** Request Success ***: 196ms GET URI=/api/articles/hot, methodName=com.ivan.sunnyblog.web.controller.ArticleController.getHotArticles, args=[], result=ResultInfo{info='null', status=0, data=[ArticleVo{userInfo=null, category=null, BaseArticleVo{articleId=10004, status=null, title='Spring boot', description='null', content='null', firstPicture='null', viewCount=4, createDate='Tue Oct 12 15:58:26 EDT 2021', updateDate='null'}}, ArticleVo{userInfo=null, category=null, BaseArticleVo{articleId=10005, status=null, title='dd', description='null', content='null', firstPicture='null', viewCount=0, createDate='Sun Nov 07 14:09:29 EST 2021', updateDate='null'}}], total=null}
2021-11-19 15:01:18:709 [http-nio-8081-exec-2] INFO  com.ivan.sunnyblog.web.aop.ControllerAspect *** Request Success ***: 203ms GET URI=/api/articles, methodName=com.ivan.sunnyblog.web.controller.ArticleController.getPublicArticles, args=[SearchVo{page=1, limit=10, categoryId=null, total=null}], result=ResultInfo{info='null', status=0, data=[ArticleVo{userInfo=UserInfoVo{userId=100001, nickName='ivan', userName='ivan', avatar='https://res-blog-public.s3.ca-central-1.amazonaws.com/default_avatar.jpg'}, category=CategoryVo{categoryId=1, name='Life ', articleCount=null}, BaseArticleVo{articleId=10005, status=1, title='dd', description='This is the doc of React markdown editor lite.
Enjoy!!', content='null', firstPicture='', viewCount=0, createDate='Sun Nov 07 14:09:29 EST 2021', updateDate='Sun Nov 14 22:31:50 EST 2021'}}, ArticleVo{userInfo=UserInfoVo{userId=100001, nickName='ivan', userName='ivan', avatar='https://res-blog-public.s3.ca-central-1.amazonaws.com/default_avatar.jpg'}, category=CategoryVo{categoryId=2, name='liddffd', articleCount=null}, BaseArticleVo{articleId=10004, status=1, title='Spring boot', description='rerwerwer', content='null', firstPicture='', viewCount=4, createDate='Tue Oct 12 15:58:26 EDT 2021', updateDate='Sun Nov 14 22:34:56 EST 2021'}}], total=2}
2021-11-19 15:01:51:148 [http-nio-8081-exec-6] INFO  com.ivan.sunnyblog.web.aop.ControllerAspect *** Request Success ***: 6ms GET URI=/api/articles/hot, methodName=com.ivan.sunnyblog.web.controller.ArticleController.getHotArticles, args=[], result=ResultInfo{info='null', status=0, data=[ArticleVo{userInfo=null, category=null, BaseArticleVo{articleId=10004, status=null, title='Spring boot', description='null', content='null', firstPicture='null', viewCount=4, createDate='Tue Oct 12 15:58:26 EDT 2021', updateDate='null'}}, ArticleVo{userInfo=null, category=null, BaseArticleVo{articleId=10005, status=null, title='dd', description='null', content='null', firstPicture='null', viewCount=0, createDate='Sun Nov 07 14:09:29 EST 2021', updateDate='null'}}], total=null}
2021-11-19 15:01:51:150 [http-nio-8081-exec-5] INFO  com.ivan.sunnyblog.web.aop.ControllerAspect *** Request Success ***: 8ms GET URI=/api/categories, methodName=com.ivan.sunnyblog.web.controller.CategoryContoller.getCategories, args=[], result=ResultInfo{info='null', status=0, data=[CategoryVo{categoryId=2, name='liddffd', articleCount=1}, CategoryVo{categoryId=1, name='Life ', articleCount=1}], total=null}
2021-11-19 15:01:51:163 [http-nio-8081-exec-4] INFO  com.ivan.sunnyblog.web.aop.ControllerAspect *** Request Success ***: 20ms GET URI=/api/articles, methodName=com.ivan.sunnyblog.web.controller.ArticleController.getPublicArticles, args=[SearchVo{page=1, limit=10, categoryId=null, total=null}], result=ResultInfo{info='null', status=0, data=[ArticleVo{userInfo=UserInfoVo{userId=100001, nickName='ivan', userName='ivan', avatar='https://res-blog-public.s3.ca-central-1.amazonaws.com/default_avatar.jpg'}, category=CategoryVo{categoryId=1, name='Life ', articleCount=null}, BaseArticleVo{articleId=10005, status=1, title='dd', description='This is the doc of React markdown editor lite.
Enjoy!!', content='null', firstPicture='', viewCount=0, createDate='Sun Nov 07 14:09:29 EST 2021', updateDate='Sun Nov 14 22:31:50 EST 2021'}}, ArticleVo{userInfo=UserInfoVo{userId=100001, nickName='ivan', userName='ivan', avatar='https://res-blog-public.s3.ca-central-1.amazonaws.com/default_avatar.jpg'}, category=CategoryVo{categoryId=2, name='liddffd', articleCount=null}, BaseArticleVo{articleId=10004, status=1, title='Spring boot', description='rerwerwer', content='null', firstPicture='', viewCount=4, createDate='Tue Oct 12 15:58:26 EDT 2021', updateDate='Sun Nov 14 22:34:56 EST 2021'}}], total=2}
2021-11-19 15:02:10:769 [http-nio-8081-exec-8] INFO  com.ivan.sunnyblog.web.aop.ControllerAspect *** Request Success ***: 6ms GET URI=/api/categories, methodName=com.ivan.sunnyblog.web.controller.CategoryContoller.getCategories, args=[], result=ResultInfo{info='null', status=0, data=[CategoryVo{categoryId=2, name='liddffd', articleCount=1}, CategoryVo{categoryId=1, name='Life ', articleCount=1}], total=null}
2021-11-19 15:02:10:781 [http-nio-8081-exec-9] INFO  com.ivan.sunnyblog.web.aop.ControllerAspect *** Request Success ***: 17ms GET URI=/api/articles/hot, methodName=com.ivan.sunnyblog.web.controller.ArticleController.getHotArticles, args=[], result=ResultInfo{info='null', status=0, data=[ArticleVo{userInfo=null, category=null, BaseArticleVo{articleId=10004, status=null, title='Spring boot', description='null', content='null', firstPicture='null', viewCount=4, createDate='Tue Oct 12 15:58:26 EDT 2021', updateDate='null'}}, ArticleVo{userInfo=null, category=null, BaseArticleVo{articleId=10005, status=null, title='dd', description='null', content='null', firstPicture='null', viewCount=0, createDate='Sun Nov 07 14:09:29 EST 2021', updateDate='null'}}], total=null}
2021-11-19 15:02:10:787 [http-nio-8081-exec-7] INFO  com.ivan.sunnyblog.web.aop.ControllerAspect *** Request Success ***: 24ms GET URI=/api/articles, methodName=com.ivan.sunnyblog.web.controller.ArticleController.getPublicArticles, args=[SearchVo{page=1, limit=10, categoryId=null, total=null}], result=ResultInfo{info='null', status=0, data=[ArticleVo{userInfo=UserInfoVo{userId=100001, nickName='ivan', userName='ivan', avatar='https://res-blog-public.s3.ca-central-1.amazonaws.com/default_avatar.jpg'}, category=CategoryVo{categoryId=1, name='Life ', articleCount=null}, BaseArticleVo{articleId=10005, status=1, title='dd', description='This is the doc of React markdown editor lite.
Enjoy!!', content='null', firstPicture='', viewCount=0, createDate='Sun Nov 07 14:09:29 EST 2021', updateDate='Sun Nov 14 22:31:50 EST 2021'}}, ArticleVo{userInfo=UserInfoVo{userId=100001, nickName='ivan', userName='ivan', avatar='https://res-blog-public.s3.ca-central-1.amazonaws.com/default_avatar.jpg'}, category=CategoryVo{categoryId=2, name='liddffd', articleCount=null}, BaseArticleVo{articleId=10004, status=1, title='Spring boot', description='rerwerwer', content='null', firstPicture='', viewCount=4, createDate='Tue Oct 12 15:58:26 EDT 2021', updateDate='Sun Nov 14 22:34:56 EST 2021'}}], total=2}
2021-11-19 15:21:56:976 [HikariPool-1 housekeeper] WARN  com.zaxxer.hikari.pool.HikariPool HikariPool-1 - Thread starvation or clock leap detected (housekeeper delta=17m39s395ms).
2021-11-19 15:22:09:384 [scheduling-1] INFO  com.ivan.sunnyblog.base.utils.BaseLogger ===***=== Start to do scheduled task, date: Fri Nov 19 15:22:09 EST 2021
2021-11-19 15:22:09:487 [scheduling-1] INFO  io.lettuce.core.EpollProvider Starting without optional epoll library
2021-11-19 15:22:09:488 [scheduling-1] INFO  io.lettuce.core.KqueueProvider Starting without optional kqueue library
2021-11-19 15:22:09:531 [scheduling-1] ERROR org.springframework.scheduling.support.TaskUtils$LoggingErrorHandler Unexpected error occurred in scheduled task.
org.springframework.data.redis.RedisConnectionFailureException: Unable to connect to Redis; nested exception is io.lettuce.core.RedisConnectionException: Unable to connect to localhost:6379
	at org.springframework.data.redis.connection.lettuce.LettuceConnectionFactory$SharedConnection.getNativeConnection(LettuceConnectionFactory.java:1106)
	at org.springframework.data.redis.connection.lettuce.LettuceConnectionFactory$SharedConnection.getConnection(LettuceConnectionFactory.java:1085)
	at org.springframework.data.redis.connection.lettuce.LettuceConnectionFactory.getSharedConnection(LettuceConnectionFactory.java:866)
	at org.springframework.data.redis.connection.lettuce.LettuceConnectionFactory.getConnection(LettuceConnectionFactory.java:341)
	at org.springframework.data.redis.core.RedisConnectionUtils.doGetConnection(RedisConnectionUtils.java:132)
	at org.springframework.data.redis.core.RedisConnectionUtils.getConnection(RedisConnectionUtils.java:95)
	at org.springframework.data.redis.core.RedisConnectionUtils.getConnection(RedisConnectionUtils.java:82)
	at org.springframework.data.redis.core.RedisTemplate.execute(RedisTemplate.java:211)
	at org.springframework.data.redis.core.RedisTemplate.execute(RedisTemplate.java:184)
	at org.springframework.data.redis.core.AbstractOperations.execute(AbstractOperations.java:95)
	at org.springframework.data.redis.core.DefaultHashOperations.entries(DefaultHashOperations.java:245)
	at com.ivan.sunnyblog.web.cache.RedisCache.hgetAll(RedisCache.java:97)
	at com.ivan.sunnyblog.web.task.ScheduleTaskService.scheduledTask(ScheduleTaskService.java:32)
	at sun.reflect.NativeMethodAccessorImpl.invoke0(Native Method)
	at sun.reflect.NativeMethodAccessorImpl.invoke(NativeMethodAccessorImpl.java:62)
	at sun.reflect.DelegatingMethodAccessorImpl.invoke(DelegatingMethodAccessorImpl.java:43)
	at java.lang.reflect.Method.invoke(Method.java:498)
	at org.springframework.scheduling.support.ScheduledMethodRunnable.run(ScheduledMethodRunnable.java:84)
	at org.springframework.scheduling.support.DelegatingErrorHandlingRunnable.run(DelegatingErrorHandlingRunnable.java:54)
	at org.springframework.scheduling.concurrent.ReschedulingRunnable.run(ReschedulingRunnable.java:93)
	at java.util.concurrent.Executors$RunnableAdapter.call(Executors.java:511)
	at java.util.concurrent.FutureTask.run(FutureTask.java:266)
	at java.util.concurrent.ScheduledThreadPoolExecutor$ScheduledFutureTask.access$201(ScheduledThreadPoolExecutor.java:180)
	at java.util.concurrent.ScheduledThreadPoolExecutor$ScheduledFutureTask.run(ScheduledThreadPoolExecutor.java:293)
	at java.util.concurrent.ThreadPoolExecutor.runWorker(ThreadPoolExecutor.java:1149)
	at java.util.concurrent.ThreadPoolExecutor$Worker.run(ThreadPoolExecutor.java:624)
	at java.lang.Thread.run(Thread.java:748)
Caused by: io.lettuce.core.RedisConnectionException: Unable to connect to localhost:6379
	at io.lettuce.core.RedisConnectionException.create(RedisConnectionException.java:78)
	at io.lettuce.core.RedisConnectionException.create(RedisConnectionException.java:56)
	at io.lettuce.core.AbstractRedisClient.getConnection(AbstractRedisClient.java:235)
	at io.lettuce.core.RedisClient.connect(RedisClient.java:204)
	at org.springframework.data.redis.connection.lettuce.StandaloneConnectionProvider.lambda$getConnection$1(StandaloneConnectionProvider.java:113)
	at java.util.Optional.orElseGet(Optional.java:267)
	at org.springframework.data.redis.connection.lettuce.StandaloneConnectionProvider.getConnection(StandaloneConnectionProvider.java:113)
	at org.springframework.data.redis.connection.lettuce.LettuceConnectionFactory$SharedConnection.getNativeConnection(LettuceConnectionFactory.java:1104)
	... 26 common frames omitted
Caused by: io.netty.channel.AbstractChannel$AnnotatedConnectException: Connection refused: localhost/127.0.0.1:6379
	at sun.nio.ch.SocketChannelImpl.checkConnect(Native Method)
	at sun.nio.ch.SocketChannelImpl.finishConnect(SocketChannelImpl.java:716)
	at io.netty.channel.socket.nio.NioSocketChannel.doFinishConnect(NioSocketChannel.java:327)
	at io.netty.channel.nio.AbstractNioChannel$AbstractNioUnsafe.finishConnect(AbstractNioChannel.java:340)
	at io.netty.channel.nio.NioEventLoop.processSelectedKey(NioEventLoop.java:670)
	at io.netty.channel.nio.NioEventLoop.processSelectedKeysOptimized(NioEventLoop.java:617)
	at io.netty.channel.nio.NioEventLoop.processSelectedKeys(NioEventLoop.java:534)
	at io.netty.channel.nio.NioEventLoop.run(NioEventLoop.java:496)
	at io.netty.util.concurrent.SingleThreadEventExecutor$5.run(SingleThreadEventExecutor.java:906)
	at io.netty.util.internal.ThreadExecutorMap$2.run(ThreadExecutorMap.java:74)
	at io.netty.util.concurrent.FastThreadLocalRunnable.run(FastThreadLocalRunnable.java:30)
	... 1 common frames omitted
Caused by: java.net.ConnectException: Connection refused
	... 12 common frames omitted
2021-11-19 15:42:32:923 [Thread-39] INFO  org.springframework.scheduling.concurrent.ThreadPoolTaskScheduler Shutting down ExecutorService 'taskScheduler'
2021-11-19 15:42:32:924 [Thread-39] INFO  org.springframework.scheduling.concurrent.ThreadPoolTaskExecutor Shutting down ExecutorService 'applicationTaskExecutor'
2021-11-19 15:42:32:925 [Thread-39] INFO  com.zaxxer.hikari.HikariDataSource HikariPool-1 - Shutdown initiated...
2021-11-19 15:42:32:926 [Thread-39] INFO  com.zaxxer.hikari.HikariDataSource HikariPool-1 - Shutdown completed.
2021-11-19 15:42:44:565 [restartedMain] INFO  com.ivan.sunnyblog.SunnyBlogApplication Starting SunnyBlogApplication on Jinghaos-MacBook-Air.local with PID 2984 (/Users/jinghaoliang/Documents/tech/Project/blogProject/SunnyBlog/target/classes started by jinghaoliang in /Users/jinghaoliang/Documents/tech/Project/blogProject/SunnyBlog)
2021-11-19 15:42:44:566 [restartedMain] INFO  com.ivan.sunnyblog.SunnyBlogApplication No active profile set, falling back to default profiles: default
2021-11-19 15:42:44:586 [restartedMain] INFO  org.springframework.boot.devtools.env.DevToolsPropertyDefaultsPostProcessor Devtools property defaults active! Set 'spring.devtools.add-properties' to 'false' to disable
2021-11-19 15:42:44:586 [restartedMain] INFO  org.springframework.boot.devtools.env.DevToolsPropertyDefaultsPostProcessor For additional web related logging consider setting the 'logging.level.web' property to 'DEBUG'
2021-11-19 15:42:44:894 [restartedMain] INFO  org.springframework.data.repository.config.RepositoryConfigurationDelegate Multiple Spring Data modules found, entering strict repository configuration mode!
2021-11-19 15:42:44:895 [restartedMain] INFO  org.springframework.data.repository.config.RepositoryConfigurationDelegate Bootstrapping Spring Data repositories in DEFAULT mode.
2021-11-19 15:42:44:919 [restartedMain] INFO  org.springframework.data.repository.config.RepositoryConfigurationDelegate Finished Spring Data repository scanning in 17ms. Found 0 repository interfaces.
2021-11-19 15:42:45:070 [restartedMain] INFO  o.s.context.support.PostProcessorRegistrationDelegate$BeanPostProcessorChecker Bean 'org.springframework.transaction.annotation.ProxyTransactionManagementConfiguration' of type [org.springframework.transaction.annotation.ProxyTransactionManagementConfiguration$$EnhancerBySpringCGLIB$$486b8d0] is not eligible for getting processed by all BeanPostProcessors (for example: not eligible for auto-proxying)
2021-11-19 15:42:45:266 [restartedMain] INFO  org.springframework.boot.web.embedded.tomcat.TomcatWebServer Tomcat initialized with port(s): 8081 (http)
2021-11-19 15:42:45:274 [restartedMain] INFO  org.apache.coyote.http11.Http11NioProtocol Initializing ProtocolHandler ["http-nio-8081"]
2021-11-19 15:42:45:280 [restartedMain] INFO  org.apache.catalina.core.StandardService Starting service [Tomcat]
2021-11-19 15:42:45:281 [restartedMain] INFO  org.apache.catalina.core.StandardEngine Starting Servlet engine: [Apache Tomcat/9.0.21]
2021-11-19 15:42:45:348 [restartedMain] INFO  org.apache.catalina.core.ContainerBase.[Tomcat].[localhost].[/] Initializing Spring embedded WebApplicationContext
2021-11-19 15:42:45:348 [restartedMain] INFO  org.springframework.web.context.ContextLoader Root WebApplicationContext: initialization completed in 762 ms
2021-11-19 15:42:45:495 [restartedMain] INFO  com.zaxxer.hikari.HikariDataSource HikariPool-1 - Starting...
2021-11-19 15:42:45:524 [restartedMain] INFO  com.zaxxer.hikari.HikariDataSource HikariPool-1 - Start completed.
2021-11-19 15:43:02:460 [restartedMain] INFO  org.springframework.scheduling.concurrent.ThreadPoolTaskExecutor Initializing ExecutorService 'applicationTaskExecutor'
2021-11-19 15:43:02:634 [restartedMain] INFO  org.springframework.scheduling.concurrent.ThreadPoolTaskScheduler Initializing ExecutorService 'taskScheduler'
2021-11-19 15:43:02:658 [restartedMain] INFO  org.springframework.boot.devtools.autoconfigure.OptionalLiveReloadServer LiveReload server is running on port 35729
2021-11-19 15:43:02:703 [restartedMain] INFO  org.apache.coyote.http11.Http11NioProtocol Starting ProtocolHandler ["http-nio-8081"]
2021-11-19 15:43:02:722 [restartedMain] INFO  org.springframework.boot.web.embedded.tomcat.TomcatWebServer Tomcat started on port(s): 8081 (http) with context path ''
2021-11-19 15:43:02:724 [restartedMain] INFO  com.ivan.sunnyblog.SunnyBlogApplication Started SunnyBlogApplication in 18.322 seconds (JVM running for 18.753)
2021-11-19 15:43:25:648 [http-nio-8081-exec-3] INFO  org.apache.catalina.core.ContainerBase.[Tomcat].[localhost].[/] Initializing Spring DispatcherServlet 'dispatcherServlet'
2021-11-19 15:43:25:648 [http-nio-8081-exec-3] INFO  org.springframework.web.servlet.DispatcherServlet Initializing Servlet 'dispatcherServlet'
2021-11-19 15:43:25:652 [http-nio-8081-exec-3] INFO  org.springframework.web.servlet.DispatcherServlet Completed initialization in 4 ms
2021-11-19 15:43:25:834 [http-nio-8081-exec-2] INFO  org.jooq.Constants 
                                      
@@@@@@@@@@@@@@@@@@@@@@@@@@@@@@@@@@@@@@
@@@@@@@@@@@@@@@@@@@@@@@@@@@@@@@@@@@@@@
@@@@@@@@@@@@@@@@  @@        @@@@@@@@@@
@@@@@@@@@@@@@@@@@@@@        @@@@@@@@@@
@@@@@@@@@@@@@@@@  @@  @@    @@@@@@@@@@
@@@@@@@@@@  @@@@  @@  @@    @@@@@@@@@@
@@@@@@@@@@        @@        @@@@@@@@@@
@@@@@@@@@@@@@@@@@@@@@@@@@@@@@@@@@@@@@@
@@@@@@@@@@@@@@@@@@@@@@@@@@@@@@@@@@@@@@
@@@@@@@@@@        @@        @@@@@@@@@@
@@@@@@@@@@    @@  @@  @@@@  @@@@@@@@@@
@@@@@@@@@@    @@  @@  @@@@  @@@@@@@@@@
@@@@@@@@@@        @@  @  @  @@@@@@@@@@
@@@@@@@@@@        @@        @@@@@@@@@@
@@@@@@@@@@@@@@@@@@@@@@@  @@@@@@@@@@@@@
@@@@@@@@@@@@@@@@@@@@@@@@@@@@@@@@@@@@@@
@@@@@@@@@@@@@@@@@@@@@@@@@@@@@@@@@@@@@@  Thank you for using jOOQ 3.11.11
                                      
2021-11-19 15:43:25:866 [http-nio-8081-exec-1] INFO  com.ivan.sunnyblog.web.aop.ControllerAspect ===== log starts =====
2021-11-19 15:43:25:866 [http-nio-8081-exec-1] INFO  com.ivan.sunnyblog.web.aop.ControllerAspect Request succeed
2021-11-19 15:43:25:866 [http-nio-8081-exec-3] INFO  com.ivan.sunnyblog.web.aop.ControllerAspect ===== log starts =====
2021-11-19 15:43:25:866 [http-nio-8081-exec-1] INFO  com.ivan.sunnyblog.web.aop.ControllerAspect Request Method: GET
2021-11-19 15:43:25:867 [http-nio-8081-exec-3] INFO  com.ivan.sunnyblog.web.aop.ControllerAspect Request succeed
2021-11-19 15:43:25:867 [http-nio-8081-exec-3] INFO  com.ivan.sunnyblog.web.aop.ControllerAspect Request Method: GET
2021-11-19 15:43:25:867 [http-nio-8081-exec-3] INFO  com.ivan.sunnyblog.web.aop.ControllerAspect Request URI: /api/categories
2021-11-19 15:43:25:867 [http-nio-8081-exec-1] INFO  com.ivan.sunnyblog.web.aop.ControllerAspect Request URI: /api/articles/hot
2021-11-19 15:43:25:867 [http-nio-8081-exec-1] INFO  com.ivan.sunnyblog.web.aop.ControllerAspect Method Name: {]
2021-11-19 15:43:25:867 [http-nio-8081-exec-3] INFO  com.ivan.sunnyblog.web.aop.ControllerAspect Method Name: {]
2021-11-19 15:43:25:867 [http-nio-8081-exec-1] INFO  com.ivan.sunnyblog.web.aop.ControllerAspect Params: {}
2021-11-19 15:43:25:867 [http-nio-8081-exec-3] INFO  com.ivan.sunnyblog.web.aop.ControllerAspect Params: {}
2021-11-19 15:43:25:867 [http-nio-8081-exec-1] INFO  com.ivan.sunnyblog.web.aop.ControllerAspect Result: ResultInfo{info='null', status=0, data=[ArticleVo{userInfo=null, category=null, BaseArticleVo{articleId=10004, status=null, title='Spring boot', description='null', content='null', firstPicture='null', viewCount=4, createDate='Tue Oct 12 15:58:26 EDT 2021', updateDate='null'}}, ArticleVo{userInfo=null, category=null, BaseArticleVo{articleId=10005, status=null, title='dd', description='null', content='null', firstPicture='null', viewCount=0, createDate='Sun Nov 07 14:09:29 EST 2021', updateDate='null'}}], total=null}
2021-11-19 15:43:25:867 [http-nio-8081-exec-3] INFO  com.ivan.sunnyblog.web.aop.ControllerAspect Result: ResultInfo{info='null', status=0, data=[CategoryVo{categoryId=2, name='liddffd', articleCount=1}, CategoryVo{categoryId=1, name='Life ', articleCount=1}], total=null}
2021-11-19 15:43:25:867 [http-nio-8081-exec-1] INFO  com.ivan.sunnyblog.web.aop.ControllerAspect Process Time: 194
2021-11-19 15:43:25:867 [http-nio-8081-exec-3] INFO  com.ivan.sunnyblog.web.aop.ControllerAspect Process Time: 193
2021-11-19 15:43:25:867 [http-nio-8081-exec-1] INFO  com.ivan.sunnyblog.web.aop.ControllerAspect ===== log ends =====
2021-11-19 15:43:25:867 [http-nio-8081-exec-3] INFO  com.ivan.sunnyblog.web.aop.ControllerAspect ===== log ends =====
2021-11-19 15:43:25:875 [http-nio-8081-exec-2] INFO  com.ivan.sunnyblog.web.aop.ControllerAspect ===== log starts =====
2021-11-19 15:43:25:875 [http-nio-8081-exec-2] INFO  com.ivan.sunnyblog.web.aop.ControllerAspect Request succeed
2021-11-19 15:43:25:875 [http-nio-8081-exec-2] INFO  com.ivan.sunnyblog.web.aop.ControllerAspect Request Method: GET
2021-11-19 15:43:25:875 [http-nio-8081-exec-2] INFO  com.ivan.sunnyblog.web.aop.ControllerAspect Request URI: /api/articles
2021-11-19 15:43:25:875 [http-nio-8081-exec-2] INFO  com.ivan.sunnyblog.web.aop.ControllerAspect Method Name: {]
2021-11-19 15:43:25:875 [http-nio-8081-exec-2] INFO  com.ivan.sunnyblog.web.aop.ControllerAspect Params: SearchVo{page=1, limit=10, categoryId=null, total=null}
2021-11-19 15:43:25:875 [http-nio-8081-exec-2] INFO  com.ivan.sunnyblog.web.aop.ControllerAspect Result: ResultInfo{info='null', status=0, data=[ArticleVo{userInfo=UserInfoVo{userId=100001, nickName='ivan', userName='ivan', avatar='https://res-blog-public.s3.ca-central-1.amazonaws.com/default_avatar.jpg'}, category=CategoryVo{categoryId=1, name='Life ', articleCount=null}, BaseArticleVo{articleId=10005, status=1, title='dd', description='This is the doc of React markdown editor lite.
Enjoy!!', content='null', firstPicture='', viewCount=0, createDate='Sun Nov 07 14:09:29 EST 2021', updateDate='Sun Nov 14 22:31:50 EST 2021'}}, ArticleVo{userInfo=UserInfoVo{userId=100001, nickName='ivan', userName='ivan', avatar='https://res-blog-public.s3.ca-central-1.amazonaws.com/default_avatar.jpg'}, category=CategoryVo{categoryId=2, name='liddffd', articleCount=null}, BaseArticleVo{articleId=10004, status=1, title='Spring boot', description='rerwerwer', content='null', firstPicture='', viewCount=4, createDate='Tue Oct 12 15:58:26 EDT 2021', updateDate='Sun Nov 14 22:34:56 EST 2021'}}], total=2}
2021-11-19 15:43:25:875 [http-nio-8081-exec-2] INFO  com.ivan.sunnyblog.web.aop.ControllerAspect Process Time: 196
2021-11-19 15:43:25:875 [http-nio-8081-exec-2] INFO  com.ivan.sunnyblog.web.aop.ControllerAspect ===== log ends =====
2021-11-19 15:49:21:575 [http-nio-8081-exec-8] INFO  com.ivan.sunnyblog.web.aop.ControllerAspect ===== log starts =====
2021-11-19 15:49:21:575 [http-nio-8081-exec-8] INFO  com.ivan.sunnyblog.web.aop.ControllerAspect Request succeed
2021-11-19 15:49:21:575 [http-nio-8081-exec-8] INFO  com.ivan.sunnyblog.web.aop.ControllerAspect Request Method: GET
2021-11-19 15:49:21:576 [http-nio-8081-exec-8] INFO  com.ivan.sunnyblog.web.aop.ControllerAspect Request URI: /api/categories
2021-11-19 15:49:21:576 [http-nio-8081-exec-8] INFO  com.ivan.sunnyblog.web.aop.ControllerAspect Method Name: {]
2021-11-19 15:49:21:576 [http-nio-8081-exec-8] INFO  com.ivan.sunnyblog.web.aop.ControllerAspect Params: {}
2021-11-19 15:49:21:576 [http-nio-8081-exec-8] INFO  com.ivan.sunnyblog.web.aop.ControllerAspect Result: ResultInfo{info='null', status=0, data=[CategoryVo{categoryId=2, name='liddffd', articleCount=1}, CategoryVo{categoryId=1, name='Life ', articleCount=1}], total=null}
2021-11-19 15:49:21:576 [http-nio-8081-exec-8] INFO  com.ivan.sunnyblog.web.aop.ControllerAspect Process Time: 7
2021-11-19 15:49:21:576 [http-nio-8081-exec-8] INFO  com.ivan.sunnyblog.web.aop.ControllerAspect ===== log ends =====
2021-11-19 15:49:21:576 [http-nio-8081-exec-9] INFO  com.ivan.sunnyblog.web.aop.ControllerAspect ===== log starts =====
2021-11-19 15:49:21:576 [http-nio-8081-exec-9] INFO  com.ivan.sunnyblog.web.aop.ControllerAspect Request succeed
2021-11-19 15:49:21:577 [http-nio-8081-exec-9] INFO  com.ivan.sunnyblog.web.aop.ControllerAspect Request Method: GET
2021-11-19 15:49:21:577 [http-nio-8081-exec-9] INFO  com.ivan.sunnyblog.web.aop.ControllerAspect Request URI: /api/articles/hot
2021-11-19 15:49:21:577 [http-nio-8081-exec-9] INFO  com.ivan.sunnyblog.web.aop.ControllerAspect Method Name: {]
2021-11-19 15:49:21:577 [http-nio-8081-exec-9] INFO  com.ivan.sunnyblog.web.aop.ControllerAspect Params: {}
2021-11-19 15:49:21:577 [http-nio-8081-exec-9] INFO  com.ivan.sunnyblog.web.aop.ControllerAspect Result: ResultInfo{info='null', status=0, data=[ArticleVo{userInfo=null, category=null, BaseArticleVo{articleId=10004, status=null, title='Spring boot', description='null', content='null', firstPicture='null', viewCount=4, createDate='Tue Oct 12 15:58:26 EDT 2021', updateDate='null'}}, ArticleVo{userInfo=null, category=null, BaseArticleVo{articleId=10005, status=null, title='dd', description='null', content='null', firstPicture='null', viewCount=0, createDate='Sun Nov 07 14:09:29 EST 2021', updateDate='null'}}], total=null}
2021-11-19 15:49:21:577 [http-nio-8081-exec-9] INFO  com.ivan.sunnyblog.web.aop.ControllerAspect Process Time: 10
2021-11-19 15:49:21:577 [http-nio-8081-exec-9] INFO  com.ivan.sunnyblog.web.aop.ControllerAspect ===== log ends =====
2021-11-19 15:49:21:588 [http-nio-8081-exec-7] INFO  com.ivan.sunnyblog.web.aop.ControllerAspect ===== log starts =====
2021-11-19 15:49:21:588 [http-nio-8081-exec-7] INFO  com.ivan.sunnyblog.web.aop.ControllerAspect Request succeed
2021-11-19 15:49:21:588 [http-nio-8081-exec-7] INFO  com.ivan.sunnyblog.web.aop.ControllerAspect Request Method: GET
2021-11-19 15:49:21:588 [http-nio-8081-exec-7] INFO  com.ivan.sunnyblog.web.aop.ControllerAspect Request URI: /api/articles
2021-11-19 15:49:21:588 [http-nio-8081-exec-7] INFO  com.ivan.sunnyblog.web.aop.ControllerAspect Method Name: {]
2021-11-19 15:49:21:588 [http-nio-8081-exec-7] INFO  com.ivan.sunnyblog.web.aop.ControllerAspect Params: SearchVo{page=1, limit=10, categoryId=null, total=null}
2021-11-19 15:49:21:588 [http-nio-8081-exec-7] INFO  com.ivan.sunnyblog.web.aop.ControllerAspect Result: ResultInfo{info='null', status=0, data=[ArticleVo{userInfo=UserInfoVo{userId=100001, nickName='ivan', userName='ivan', avatar='https://res-blog-public.s3.ca-central-1.amazonaws.com/default_avatar.jpg'}, category=CategoryVo{categoryId=1, name='Life ', articleCount=null}, BaseArticleVo{articleId=10005, status=1, title='dd', description='This is the doc of React markdown editor lite.
Enjoy!!', content='null', firstPicture='', viewCount=0, createDate='Sun Nov 07 14:09:29 EST 2021', updateDate='Sun Nov 14 22:31:50 EST 2021'}}, ArticleVo{userInfo=UserInfoVo{userId=100001, nickName='ivan', userName='ivan', avatar='https://res-blog-public.s3.ca-central-1.amazonaws.com/default_avatar.jpg'}, category=CategoryVo{categoryId=2, name='liddffd', articleCount=null}, BaseArticleVo{articleId=10004, status=1, title='Spring boot', description='rerwerwer', content='null', firstPicture='', viewCount=4, createDate='Tue Oct 12 15:58:26 EDT 2021', updateDate='Sun Nov 14 22:34:56 EST 2021'}}], total=2}
2021-11-19 15:49:21:588 [http-nio-8081-exec-7] INFO  com.ivan.sunnyblog.web.aop.ControllerAspect Process Time: 22
2021-11-19 15:49:21:588 [http-nio-8081-exec-7] INFO  com.ivan.sunnyblog.web.aop.ControllerAspect ===== log ends =====
2021-11-19 15:49:25:810 [http-nio-8081-exec-2] INFO  com.ivan.sunnyblog.web.aop.ControllerAspect ===== log starts =====
2021-11-19 15:49:25:810 [http-nio-8081-exec-2] INFO  com.ivan.sunnyblog.web.aop.ControllerAspect Request succeed
2021-11-19 15:49:25:810 [http-nio-8081-exec-2] INFO  com.ivan.sunnyblog.web.aop.ControllerAspect Request Method: GET
2021-11-19 15:49:25:810 [http-nio-8081-exec-2] INFO  com.ivan.sunnyblog.web.aop.ControllerAspect Request URI: /api/categories
2021-11-19 15:49:25:810 [http-nio-8081-exec-2] INFO  com.ivan.sunnyblog.web.aop.ControllerAspect Method Name: {]
2021-11-19 15:49:25:810 [http-nio-8081-exec-2] INFO  com.ivan.sunnyblog.web.aop.ControllerAspect Params: {}
2021-11-19 15:49:25:810 [http-nio-8081-exec-2] INFO  com.ivan.sunnyblog.web.aop.ControllerAspect Result: ResultInfo{info='null', status=0, data=[CategoryVo{categoryId=2, name='liddffd', articleCount=1}, CategoryVo{categoryId=1, name='Life ', articleCount=1}], total=null}
2021-11-19 15:49:25:810 [http-nio-8081-exec-2] INFO  com.ivan.sunnyblog.web.aop.ControllerAspect Process Time: 2
2021-11-19 15:49:25:810 [http-nio-8081-exec-2] INFO  com.ivan.sunnyblog.web.aop.ControllerAspect ===== log ends =====
2021-11-19 15:49:25:825 [http-nio-8081-exec-10] INFO  com.ivan.sunnyblog.web.aop.ControllerAspect ===== log starts =====
2021-11-19 15:49:25:825 [http-nio-8081-exec-10] INFO  com.ivan.sunnyblog.web.aop.ControllerAspect Request succeed
2021-11-19 15:49:25:825 [http-nio-8081-exec-10] INFO  com.ivan.sunnyblog.web.aop.ControllerAspect Request Method: GET
2021-11-19 15:49:25:825 [http-nio-8081-exec-10] INFO  com.ivan.sunnyblog.web.aop.ControllerAspect Request URI: /api/articles
2021-11-19 15:49:25:825 [http-nio-8081-exec-10] INFO  com.ivan.sunnyblog.web.aop.ControllerAspect Method Name: {]
2021-11-19 15:49:25:825 [http-nio-8081-exec-10] INFO  com.ivan.sunnyblog.web.aop.ControllerAspect Params: SearchVo{page=1, limit=10, categoryId=null, total=null}
2021-11-19 15:49:25:825 [http-nio-8081-exec-10] INFO  com.ivan.sunnyblog.web.aop.ControllerAspect Result: ResultInfo{info='null', status=0, data=[ArticleVo{userInfo=UserInfoVo{userId=100001, nickName='ivan', userName='ivan', avatar='https://res-blog-public.s3.ca-central-1.amazonaws.com/default_avatar.jpg'}, category=CategoryVo{categoryId=1, name='Life ', articleCount=null}, BaseArticleVo{articleId=10005, status=1, title='dd', description='This is the doc of React markdown editor lite.
Enjoy!!', content='null', firstPicture='', viewCount=0, createDate='Sun Nov 07 14:09:29 EST 2021', updateDate='Sun Nov 14 22:31:50 EST 2021'}}, ArticleVo{userInfo=UserInfoVo{userId=100001, nickName='ivan', userName='ivan', avatar='https://res-blog-public.s3.ca-central-1.amazonaws.com/default_avatar.jpg'}, category=CategoryVo{categoryId=2, name='liddffd', articleCount=null}, BaseArticleVo{articleId=10004, status=1, title='Spring boot', description='rerwerwer', content='null', firstPicture='', viewCount=4, createDate='Tue Oct 12 15:58:26 EDT 2021', updateDate='Sun Nov 14 22:34:56 EST 2021'}}], total=2}
2021-11-19 15:49:25:825 [http-nio-8081-exec-10] INFO  com.ivan.sunnyblog.web.aop.ControllerAspect Process Time: 17
2021-11-19 15:49:25:825 [http-nio-8081-exec-10] INFO  com.ivan.sunnyblog.web.aop.ControllerAspect ===== log ends =====
2021-11-19 15:49:25:839 [http-nio-8081-exec-1] INFO  com.ivan.sunnyblog.web.aop.ControllerAspect ===== log starts =====
2021-11-19 15:49:25:839 [http-nio-8081-exec-1] INFO  com.ivan.sunnyblog.web.aop.ControllerAspect Request succeed
2021-11-19 15:49:25:839 [http-nio-8081-exec-1] INFO  com.ivan.sunnyblog.web.aop.ControllerAspect Request Method: GET
2021-11-19 15:49:25:839 [http-nio-8081-exec-1] INFO  com.ivan.sunnyblog.web.aop.ControllerAspect Request URI: /api/articles
2021-11-19 15:49:25:839 [http-nio-8081-exec-1] INFO  com.ivan.sunnyblog.web.aop.ControllerAspect Method Name: {]
2021-11-19 15:49:25:839 [http-nio-8081-exec-1] INFO  com.ivan.sunnyblog.web.aop.ControllerAspect Params: SearchVo{page=1, limit=10, categoryId=2, total=null}
2021-11-19 15:49:25:839 [http-nio-8081-exec-1] INFO  com.ivan.sunnyblog.web.aop.ControllerAspect Result: ResultInfo{info='null', status=0, data=[ArticleVo{userInfo=UserInfoVo{userId=100001, nickName='ivan', userName='ivan', avatar='https://res-blog-public.s3.ca-central-1.amazonaws.com/default_avatar.jpg'}, category=CategoryVo{categoryId=2, name='liddffd', articleCount=null}, BaseArticleVo{articleId=10004, status=1, title='Spring boot', description='rerwerwer', content='null', firstPicture='', viewCount=4, createDate='Tue Oct 12 15:58:26 EDT 2021', updateDate='Sun Nov 14 22:34:56 EST 2021'}}], total=1}
2021-11-19 15:49:25:839 [http-nio-8081-exec-1] INFO  com.ivan.sunnyblog.web.aop.ControllerAspect Process Time: 10
2021-11-19 15:49:25:839 [http-nio-8081-exec-1] INFO  com.ivan.sunnyblog.web.aop.ControllerAspect ===== log ends =====
2021-11-19 15:49:27:778 [http-nio-8081-exec-6] INFO  com.ivan.sunnyblog.web.aop.ControllerAspect ===== log starts =====
2021-11-19 15:49:27:778 [http-nio-8081-exec-6] INFO  com.ivan.sunnyblog.web.aop.ControllerAspect Request succeed
2021-11-19 15:49:27:778 [http-nio-8081-exec-6] INFO  com.ivan.sunnyblog.web.aop.ControllerAspect Request Method: GET
2021-11-19 15:49:27:778 [http-nio-8081-exec-6] INFO  com.ivan.sunnyblog.web.aop.ControllerAspect Request URI: /api/articles
2021-11-19 15:49:27:778 [http-nio-8081-exec-6] INFO  com.ivan.sunnyblog.web.aop.ControllerAspect Method Name: {]
2021-11-19 15:49:27:778 [http-nio-8081-exec-6] INFO  com.ivan.sunnyblog.web.aop.ControllerAspect Params: SearchVo{page=1, limit=10, categoryId=null, total=null}
2021-11-19 15:49:27:778 [http-nio-8081-exec-6] INFO  com.ivan.sunnyblog.web.aop.ControllerAspect Result: ResultInfo{info='null', status=0, data=[ArticleVo{userInfo=UserInfoVo{userId=100001, nickName='ivan', userName='ivan', avatar='https://res-blog-public.s3.ca-central-1.amazonaws.com/default_avatar.jpg'}, category=CategoryVo{categoryId=1, name='Life ', articleCount=null}, BaseArticleVo{articleId=10005, status=1, title='dd', description='This is the doc of React markdown editor lite.
Enjoy!!', content='null', firstPicture='', viewCount=0, createDate='Sun Nov 07 14:09:29 EST 2021', updateDate='Sun Nov 14 22:31:50 EST 2021'}}, ArticleVo{userInfo=UserInfoVo{userId=100001, nickName='ivan', userName='ivan', avatar='https://res-blog-public.s3.ca-central-1.amazonaws.com/default_avatar.jpg'}, category=CategoryVo{categoryId=2, name='liddffd', articleCount=null}, BaseArticleVo{articleId=10004, status=1, title='Spring boot', description='rerwerwer', content='null', firstPicture='', viewCount=4, createDate='Tue Oct 12 15:58:26 EDT 2021', updateDate='Sun Nov 14 22:34:56 EST 2021'}}], total=2}
2021-11-19 15:49:27:778 [http-nio-8081-exec-6] INFO  com.ivan.sunnyblog.web.aop.ControllerAspect Process Time: 12
2021-11-19 15:49:27:778 [http-nio-8081-exec-6] INFO  com.ivan.sunnyblog.web.aop.ControllerAspect ===== log ends =====
2021-11-19 17:34:03:333 [HikariPool-1 housekeeper] WARN  com.zaxxer.hikari.pool.HikariPool HikariPool-1 - Thread starvation or clock leap detected (housekeeper delta=1h42m9s861ms).
2021-11-19 18:09:37:408 [HikariPool-1 housekeeper] WARN  com.zaxxer.hikari.pool.HikariPool HikariPool-1 - Thread starvation or clock leap detected (housekeeper delta=35m34s76ms).
2021-11-19 19:36:36:061 [HikariPool-1 housekeeper] WARN  com.zaxxer.hikari.pool.HikariPool HikariPool-1 - Thread starvation or clock leap detected (housekeeper delta=1h26m58s653ms).
2021-11-19 20:44:18:312 [HikariPool-1 housekeeper] WARN  com.zaxxer.hikari.pool.HikariPool HikariPool-1 - Thread starvation or clock leap detected (housekeeper delta=1h7m42s251ms).
2021-11-19 21:34:55:141 [HikariPool-1 housekeeper] WARN  com.zaxxer.hikari.pool.HikariPool HikariPool-1 - Thread starvation or clock leap detected (housekeeper delta=50m36s829ms).
2021-11-19 22:36:22:239 [HikariPool-1 housekeeper] WARN  com.zaxxer.hikari.pool.HikariPool HikariPool-1 - Thread starvation or clock leap detected (housekeeper delta=1h1m27s98ms).
2021-11-19 22:47:20:702 [HikariPool-1 housekeeper] WARN  com.zaxxer.hikari.pool.HikariPool HikariPool-1 - Thread starvation or clock leap detected (housekeeper delta=10m58s463ms).
2021-11-19 23:42:12:791 [HikariPool-1 housekeeper] WARN  com.zaxxer.hikari.pool.HikariPool HikariPool-1 - Thread starvation or clock leap detected (housekeeper delta=17m21s758ms).
2021-11-19 23:46:57:327 [HikariPool-1 housekeeper] WARN  com.zaxxer.hikari.pool.HikariPool HikariPool-1 - Thread starvation or clock leap detected (housekeeper delta=4m9s206ms).
