2021-11-04 00:55:20:820 [HikariPool-1 housekeeper] WARN  com.zaxxer.hikari.pool.HikariPool HikariPool-1 - Thread starvation or clock leap detected (housekeeper delta=1h5m25s970ms).
2021-11-04 02:36:29:510 [HikariPool-1 housekeeper] WARN  com.zaxxer.hikari.pool.HikariPool HikariPool-1 - Thread starvation or clock leap detected (housekeeper delta=1h41m8s689ms).
2021-11-04 04:15:47:643 [HikariPool-1 housekeeper] WARN  com.zaxxer.hikari.pool.HikariPool HikariPool-1 - Thread starvation or clock leap detected (housekeeper delta=1h39m18s133ms).
2021-11-04 05:37:13:858 [HikariPool-1 housekeeper] WARN  com.zaxxer.hikari.pool.HikariPool HikariPool-1 - Thread starvation or clock leap detected (housekeeper delta=1h21m26s215ms).
2021-11-04 07:17:37:467 [HikariPool-1 housekeeper] WARN  com.zaxxer.hikari.pool.HikariPool HikariPool-1 - Thread starvation or clock leap detected (housekeeper delta=1h40m23s610ms).
2021-11-04 08:34:26:094 [HikariPool-1 housekeeper] WARN  com.zaxxer.hikari.pool.HikariPool HikariPool-1 - Thread starvation or clock leap detected (housekeeper delta=1h16m48s627ms).
2021-11-04 09:28:07:252 [HikariPool-1 housekeeper] WARN  com.zaxxer.hikari.pool.HikariPool HikariPool-1 - Thread starvation or clock leap detected (housekeeper delta=53m41s158ms).
2021-11-04 09:28:35:373 [Thread-36] INFO  org.springframework.scheduling.concurrent.ThreadPoolTaskExecutor Shutting down ExecutorService 'applicationTaskExecutor'
2021-11-04 09:28:35:377 [Thread-36] INFO  com.zaxxer.hikari.HikariDataSource HikariPool-1 - Shutdown initiated...
2021-11-04 09:28:35:378 [Thread-36] INFO  com.zaxxer.hikari.HikariDataSource HikariPool-1 - Shutdown completed.
2021-11-04 15:53:19:308 [restartedMain] INFO  com.ivan.sunnyblog.SunnyBlogApplication Starting SunnyBlogApplication on Jinghaos-MacBook-Air.local with PID 34740 (/Users/jinghaoliang/Documents/tech/Project/blogProject/SunnyBlog/target/classes started by jinghaoliang in /Users/jinghaoliang/Documents/tech/Project/blogProject/SunnyBlog)
2021-11-04 15:53:19:309 [restartedMain] INFO  com.ivan.sunnyblog.SunnyBlogApplication No active profile set, falling back to default profiles: default
2021-11-04 15:53:19:329 [restartedMain] INFO  org.springframework.boot.devtools.env.DevToolsPropertyDefaultsPostProcessor Devtools property defaults active! Set 'spring.devtools.add-properties' to 'false' to disable
2021-11-04 15:53:19:329 [restartedMain] INFO  org.springframework.boot.devtools.env.DevToolsPropertyDefaultsPostProcessor For additional web related logging consider setting the 'logging.level.web' property to 'DEBUG'
2021-11-04 15:53:19:665 [restartedMain] INFO  org.springframework.data.repository.config.RepositoryConfigurationDelegate Multiple Spring Data modules found, entering strict repository configuration mode!
2021-11-04 15:53:19:666 [restartedMain] INFO  org.springframework.data.repository.config.RepositoryConfigurationDelegate Bootstrapping Spring Data repositories in DEFAULT mode.
2021-11-04 15:53:19:693 [restartedMain] INFO  org.springframework.data.repository.config.RepositoryConfigurationDelegate Finished Spring Data repository scanning in 18ms. Found 0 repository interfaces.
2021-11-04 15:53:19:844 [restartedMain] INFO  o.s.context.support.PostProcessorRegistrationDelegate$BeanPostProcessorChecker Bean 'org.springframework.transaction.annotation.ProxyTransactionManagementConfiguration' of type [org.springframework.transaction.annotation.ProxyTransactionManagementConfiguration$$EnhancerBySpringCGLIB$$bb25d3fd] is not eligible for getting processed by all BeanPostProcessors (for example: not eligible for auto-proxying)
2021-11-04 15:53:20:024 [restartedMain] INFO  org.springframework.boot.web.embedded.tomcat.TomcatWebServer Tomcat initialized with port(s): 8081 (http)
2021-11-04 15:53:20:030 [restartedMain] INFO  org.apache.coyote.http11.Http11NioProtocol Initializing ProtocolHandler ["http-nio-8081"]
2021-11-04 15:53:20:034 [restartedMain] INFO  org.apache.catalina.core.StandardService Starting service [Tomcat]
2021-11-04 15:53:20:035 [restartedMain] INFO  org.apache.catalina.core.StandardEngine Starting Servlet engine: [Apache Tomcat/9.0.21]
2021-11-04 15:53:20:066 [restartedMain] INFO  org.apache.catalina.core.ContainerBase.[Tomcat].[localhost].[/] Initializing Spring embedded WebApplicationContext
2021-11-04 15:53:20:066 [restartedMain] INFO  org.springframework.web.context.ContextLoader Root WebApplicationContext: initialization completed in 737 ms
2021-11-04 15:53:20:247 [restartedMain] INFO  com.zaxxer.hikari.HikariDataSource HikariPool-1 - Starting...
2021-11-04 15:53:20:287 [restartedMain] INFO  com.zaxxer.hikari.HikariDataSource HikariPool-1 - Start completed.
2021-11-04 15:53:32:776 [restartedMain] INFO  org.springframework.scheduling.concurrent.ThreadPoolTaskExecutor Initializing ExecutorService 'applicationTaskExecutor'
2021-11-04 15:53:32:950 [restartedMain] INFO  org.springframework.boot.devtools.autoconfigure.OptionalLiveReloadServer LiveReload server is running on port 35729
2021-11-04 15:53:32:987 [restartedMain] INFO  org.apache.coyote.http11.Http11NioProtocol Starting ProtocolHandler ["http-nio-8081"]
2021-11-04 15:53:33:001 [restartedMain] INFO  org.springframework.boot.web.embedded.tomcat.TomcatWebServer Tomcat started on port(s): 8081 (http) with context path ''
2021-11-04 15:53:33:003 [restartedMain] INFO  com.ivan.sunnyblog.SunnyBlogApplication Started SunnyBlogApplication in 13.868 seconds (JVM running for 14.323)
2021-11-04 15:54:05:936 [http-nio-8081-exec-2] INFO  org.apache.catalina.core.ContainerBase.[Tomcat].[localhost].[/] Initializing Spring DispatcherServlet 'dispatcherServlet'
2021-11-04 15:54:05:936 [http-nio-8081-exec-2] INFO  org.springframework.web.servlet.DispatcherServlet Initializing Servlet 'dispatcherServlet'
2021-11-04 15:54:05:942 [http-nio-8081-exec-2] INFO  org.springframework.web.servlet.DispatcherServlet Completed initialization in 6 ms
2021-11-04 15:54:06:044 [http-nio-8081-exec-2] INFO  org.jooq.Constants 
                                      
@@@@@@@@@@@@@@@@@@@@@@@@@@@@@@@@@@@@@@
@@@@@@@@@@@@@@@@@@@@@@@@@@@@@@@@@@@@@@
@@@@@@@@@@@@@@@@  @@        @@@@@@@@@@
@@@@@@@@@@@@@@@@@@@@        @@@@@@@@@@
@@@@@@@@@@@@@@@@  @@  @@    @@@@@@@@@@
@@@@@@@@@@  @@@@  @@  @@    @@@@@@@@@@
@@@@@@@@@@        @@        @@@@@@@@@@
@@@@@@@@@@@@@@@@@@@@@@@@@@@@@@@@@@@@@@
@@@@@@@@@@@@@@@@@@@@@@@@@@@@@@@@@@@@@@
@@@@@@@@@@        @@        @@@@@@@@@@
@@@@@@@@@@    @@  @@  @@@@  @@@@@@@@@@
@@@@@@@@@@    @@  @@  @@@@  @@@@@@@@@@
@@@@@@@@@@        @@  @  @  @@@@@@@@@@
@@@@@@@@@@        @@        @@@@@@@@@@
@@@@@@@@@@@@@@@@@@@@@@@  @@@@@@@@@@@@@
@@@@@@@@@@@@@@@@@@@@@@@@@@@@@@@@@@@@@@
@@@@@@@@@@@@@@@@@@@@@@@@@@@@@@@@@@@@@@  Thank you for using jOOQ 3.11.11
                                      
2021-11-04 15:54:06:092 [http-nio-8081-exec-2] INFO  com.ivan.sunnyblog.web.aop.ControllerAspect *** Request Success ***: 137ms GET URI=/api/categories, methodName=com.ivan.sunnyblog.web.controller.CategoryContoller.getCategories, args=[], result=null
2021-11-04 15:55:06:814 [Thread-36] INFO  org.springframework.scheduling.concurrent.ThreadPoolTaskExecutor Shutting down ExecutorService 'applicationTaskExecutor'
2021-11-04 15:55:06:816 [Thread-36] INFO  com.zaxxer.hikari.HikariDataSource HikariPool-1 - Shutdown initiated...
2021-11-04 15:55:06:817 [Thread-36] INFO  com.zaxxer.hikari.HikariDataSource HikariPool-1 - Shutdown completed.
2021-11-04 15:55:08:774 [restartedMain] INFO  com.ivan.sunnyblog.SunnyBlogApplication Starting SunnyBlogApplication on Jinghaos-MacBook-Air.local with PID 34766 (/Users/jinghaoliang/Documents/tech/Project/blogProject/SunnyBlog/target/classes started by jinghaoliang in /Users/jinghaoliang/Documents/tech/Project/blogProject/SunnyBlog)
2021-11-04 15:55:08:775 [restartedMain] INFO  com.ivan.sunnyblog.SunnyBlogApplication No active profile set, falling back to default profiles: default
2021-11-04 15:55:08:794 [restartedMain] INFO  org.springframework.boot.devtools.env.DevToolsPropertyDefaultsPostProcessor Devtools property defaults active! Set 'spring.devtools.add-properties' to 'false' to disable
2021-11-04 15:55:08:794 [restartedMain] INFO  org.springframework.boot.devtools.env.DevToolsPropertyDefaultsPostProcessor For additional web related logging consider setting the 'logging.level.web' property to 'DEBUG'
2021-11-04 15:55:09:122 [restartedMain] INFO  org.springframework.data.repository.config.RepositoryConfigurationDelegate Multiple Spring Data modules found, entering strict repository configuration mode!
2021-11-04 15:55:09:123 [restartedMain] INFO  org.springframework.data.repository.config.RepositoryConfigurationDelegate Bootstrapping Spring Data repositories in DEFAULT mode.
2021-11-04 15:55:09:147 [restartedMain] INFO  org.springframework.data.repository.config.RepositoryConfigurationDelegate Finished Spring Data repository scanning in 16ms. Found 0 repository interfaces.
2021-11-04 15:55:09:285 [restartedMain] INFO  o.s.context.support.PostProcessorRegistrationDelegate$BeanPostProcessorChecker Bean 'org.springframework.transaction.annotation.ProxyTransactionManagementConfiguration' of type [org.springframework.transaction.annotation.ProxyTransactionManagementConfiguration$$EnhancerBySpringCGLIB$$5bef3ae4] is not eligible for getting processed by all BeanPostProcessors (for example: not eligible for auto-proxying)
2021-11-04 15:55:09:452 [restartedMain] INFO  org.springframework.boot.web.embedded.tomcat.TomcatWebServer Tomcat initialized with port(s): 8081 (http)
2021-11-04 15:55:09:458 [restartedMain] INFO  org.apache.coyote.http11.Http11NioProtocol Initializing ProtocolHandler ["http-nio-8081"]
2021-11-04 15:55:09:463 [restartedMain] INFO  org.apache.catalina.core.StandardService Starting service [Tomcat]
2021-11-04 15:55:09:463 [restartedMain] INFO  org.apache.catalina.core.StandardEngine Starting Servlet engine: [Apache Tomcat/9.0.21]
2021-11-04 15:55:09:493 [restartedMain] INFO  org.apache.catalina.core.ContainerBase.[Tomcat].[localhost].[/] Initializing Spring embedded WebApplicationContext
2021-11-04 15:55:09:493 [restartedMain] INFO  org.springframework.web.context.ContextLoader Root WebApplicationContext: initialization completed in 699 ms
2021-11-04 15:55:09:658 [restartedMain] INFO  com.zaxxer.hikari.HikariDataSource HikariPool-1 - Starting...
2021-11-04 15:55:09:689 [restartedMain] INFO  com.zaxxer.hikari.HikariDataSource HikariPool-1 - Start completed.
2021-11-04 15:55:25:476 [restartedMain] INFO  org.springframework.scheduling.concurrent.ThreadPoolTaskExecutor Initializing ExecutorService 'applicationTaskExecutor'
2021-11-04 15:55:25:640 [restartedMain] INFO  org.springframework.boot.devtools.autoconfigure.OptionalLiveReloadServer LiveReload server is running on port 35729
2021-11-04 15:55:25:676 [restartedMain] INFO  org.apache.coyote.http11.Http11NioProtocol Starting ProtocolHandler ["http-nio-8081"]
2021-11-04 15:55:25:690 [restartedMain] INFO  org.springframework.boot.web.embedded.tomcat.TomcatWebServer Tomcat started on port(s): 8081 (http) with context path ''
2021-11-04 15:55:25:692 [restartedMain] INFO  com.ivan.sunnyblog.SunnyBlogApplication Started SunnyBlogApplication in 17.072 seconds (JVM running for 17.374)
2021-11-04 15:55:33:182 [http-nio-8081-exec-1] INFO  org.apache.catalina.core.ContainerBase.[Tomcat].[localhost].[/] Initializing Spring DispatcherServlet 'dispatcherServlet'
2021-11-04 15:55:33:182 [http-nio-8081-exec-1] INFO  org.springframework.web.servlet.DispatcherServlet Initializing Servlet 'dispatcherServlet'
2021-11-04 15:55:33:190 [http-nio-8081-exec-1] INFO  org.springframework.web.servlet.DispatcherServlet Completed initialization in 8 ms
2021-11-04 15:55:33:354 [http-nio-8081-exec-2] INFO  org.jooq.Constants 
                                      
@@@@@@@@@@@@@@@@@@@@@@@@@@@@@@@@@@@@@@
@@@@@@@@@@@@@@@@@@@@@@@@@@@@@@@@@@@@@@
@@@@@@@@@@@@@@@@  @@        @@@@@@@@@@
@@@@@@@@@@@@@@@@@@@@        @@@@@@@@@@
@@@@@@@@@@@@@@@@  @@  @@    @@@@@@@@@@
@@@@@@@@@@  @@@@  @@  @@    @@@@@@@@@@
@@@@@@@@@@        @@        @@@@@@@@@@
@@@@@@@@@@@@@@@@@@@@@@@@@@@@@@@@@@@@@@
@@@@@@@@@@@@@@@@@@@@@@@@@@@@@@@@@@@@@@
@@@@@@@@@@        @@        @@@@@@@@@@
@@@@@@@@@@    @@  @@  @@@@  @@@@@@@@@@
@@@@@@@@@@    @@  @@  @@@@  @@@@@@@@@@
@@@@@@@@@@        @@  @  @  @@@@@@@@@@
@@@@@@@@@@        @@        @@@@@@@@@@
@@@@@@@@@@@@@@@@@@@@@@@  @@@@@@@@@@@@@
@@@@@@@@@@@@@@@@@@@@@@@@@@@@@@@@@@@@@@
@@@@@@@@@@@@@@@@@@@@@@@@@@@@@@@@@@@@@@  Thank you for using jOOQ 3.11.11
                                      
2021-11-04 15:55:33:451 [http-nio-8081-exec-2] INFO  com.ivan.sunnyblog.web.aop.ControllerAspect *** Request Success ***: 218ms GET URI=/api/articles, methodName=com.ivan.sunnyblog.web.controller.ArticleController.getArticles, args=[SearchVo{page=1, limit=10}], result=ResultInfo{info='null', status=0, data=[ArticleVo{userInfo=UserInfoVo{userId=100001, nickName='ivan', userName='ivan'}, category=CategoryVo{categoryId=2, name='liddffd', articleCount=null}, BaseArticleVo{articleId=10004, status=1, title='Spring boot', description='rerwerwer', content='null', firstPicture='null', viewCount=0, createDate='Tue Oct 12 15:58:26 EDT 2021', updateDate='Tue Oct 12 15:58:26 EDT 2021'}}, ArticleVo{userInfo=UserInfoVo{userId=100001, nickName='ivan', userName='ivan'}, category=CategoryVo{categoryId=1, name='Life ', articleCount=null}, BaseArticleVo{articleId=10003, status=0, title='dd', description='test', content='null', firstPicture='null', viewCount=0, createDate='Tue Oct 12 15:57:33 EDT 2021', updateDate='Tue Oct 12 15:57:33 EDT 2021'}}]}
2021-11-04 15:55:42:160 [http-nio-8081-exec-4] INFO  com.ivan.sunnyblog.web.aop.ControllerAspect *** Request Success ***: 22ms GET URI=/api/categories, methodName=com.ivan.sunnyblog.web.controller.CategoryContoller.getCategories, args=[], result=null
2021-11-04 15:56:57:022 [Thread-43] INFO  org.springframework.scheduling.concurrent.ThreadPoolTaskExecutor Shutting down ExecutorService 'applicationTaskExecutor'
2021-11-04 15:56:57:023 [Thread-43] INFO  com.zaxxer.hikari.HikariDataSource HikariPool-1 - Shutdown initiated...
2021-11-04 15:56:57:024 [Thread-43] INFO  com.zaxxer.hikari.HikariDataSource HikariPool-1 - Shutdown completed.
2021-11-04 15:56:59:276 [restartedMain] INFO  com.ivan.sunnyblog.SunnyBlogApplication Starting SunnyBlogApplication on Jinghaos-MacBook-Air.local with PID 34796 (/Users/jinghaoliang/Documents/tech/Project/blogProject/SunnyBlog/target/classes started by jinghaoliang in /Users/jinghaoliang/Documents/tech/Project/blogProject/SunnyBlog)
2021-11-04 15:56:59:278 [restartedMain] INFO  com.ivan.sunnyblog.SunnyBlogApplication No active profile set, falling back to default profiles: default
2021-11-04 15:56:59:315 [restartedMain] INFO  org.springframework.boot.devtools.env.DevToolsPropertyDefaultsPostProcessor Devtools property defaults active! Set 'spring.devtools.add-properties' to 'false' to disable
2021-11-04 15:56:59:315 [restartedMain] INFO  org.springframework.boot.devtools.env.DevToolsPropertyDefaultsPostProcessor For additional web related logging consider setting the 'logging.level.web' property to 'DEBUG'
2021-11-04 15:56:59:688 [restartedMain] INFO  org.springframework.data.repository.config.RepositoryConfigurationDelegate Multiple Spring Data modules found, entering strict repository configuration mode!
2021-11-04 15:56:59:690 [restartedMain] INFO  org.springframework.data.repository.config.RepositoryConfigurationDelegate Bootstrapping Spring Data repositories in DEFAULT mode.
2021-11-04 15:56:59:712 [restartedMain] INFO  org.springframework.data.repository.config.RepositoryConfigurationDelegate Finished Spring Data repository scanning in 15ms. Found 0 repository interfaces.
2021-11-04 15:56:59:868 [restartedMain] INFO  o.s.context.support.PostProcessorRegistrationDelegate$BeanPostProcessorChecker Bean 'org.springframework.transaction.annotation.ProxyTransactionManagementConfiguration' of type [org.springframework.transaction.annotation.ProxyTransactionManagementConfiguration$$EnhancerBySpringCGLIB$$486118f4] is not eligible for getting processed by all BeanPostProcessors (for example: not eligible for auto-proxying)
2021-11-04 15:57:00:048 [restartedMain] INFO  org.springframework.boot.web.embedded.tomcat.TomcatWebServer Tomcat initialized with port(s): 8081 (http)
2021-11-04 15:57:00:054 [restartedMain] INFO  org.apache.coyote.http11.Http11NioProtocol Initializing ProtocolHandler ["http-nio-8081"]
2021-11-04 15:57:00:058 [restartedMain] INFO  org.apache.catalina.core.StandardService Starting service [Tomcat]
2021-11-04 15:57:00:058 [restartedMain] INFO  org.apache.catalina.core.StandardEngine Starting Servlet engine: [Apache Tomcat/9.0.21]
2021-11-04 15:57:00:088 [restartedMain] INFO  org.apache.catalina.core.ContainerBase.[Tomcat].[localhost].[/] Initializing Spring embedded WebApplicationContext
2021-11-04 15:57:00:088 [restartedMain] INFO  org.springframework.web.context.ContextLoader Root WebApplicationContext: initialization completed in 772 ms
2021-11-04 15:57:00:263 [restartedMain] INFO  com.zaxxer.hikari.HikariDataSource HikariPool-1 - Starting...
2021-11-04 15:57:00:302 [restartedMain] INFO  com.zaxxer.hikari.HikariDataSource HikariPool-1 - Start completed.
2021-11-04 15:57:12:808 [restartedMain] INFO  org.springframework.scheduling.concurrent.ThreadPoolTaskExecutor Initializing ExecutorService 'applicationTaskExecutor'
2021-11-04 15:57:13:006 [restartedMain] INFO  org.springframework.boot.devtools.autoconfigure.OptionalLiveReloadServer LiveReload server is running on port 35729
2021-11-04 15:57:13:046 [restartedMain] INFO  org.apache.coyote.http11.Http11NioProtocol Starting ProtocolHandler ["http-nio-8081"]
2021-11-04 15:57:13:060 [restartedMain] INFO  org.springframework.boot.web.embedded.tomcat.TomcatWebServer Tomcat started on port(s): 8081 (http) with context path ''
2021-11-04 15:57:13:062 [restartedMain] INFO  com.ivan.sunnyblog.SunnyBlogApplication Started SunnyBlogApplication in 13.971 seconds (JVM running for 14.483)
2021-11-04 15:58:29:611 [http-nio-8081-exec-1] INFO  org.apache.catalina.core.ContainerBase.[Tomcat].[localhost].[/] Initializing Spring DispatcherServlet 'dispatcherServlet'
2021-11-04 15:58:29:611 [http-nio-8081-exec-1] INFO  org.springframework.web.servlet.DispatcherServlet Initializing Servlet 'dispatcherServlet'
2021-11-04 15:58:29:619 [http-nio-8081-exec-1] INFO  org.springframework.web.servlet.DispatcherServlet Completed initialization in 8 ms
2021-11-04 15:58:29:772 [http-nio-8081-exec-1] INFO  org.jooq.Constants 
                                      
@@@@@@@@@@@@@@@@@@@@@@@@@@@@@@@@@@@@@@
@@@@@@@@@@@@@@@@@@@@@@@@@@@@@@@@@@@@@@
@@@@@@@@@@@@@@@@  @@        @@@@@@@@@@
@@@@@@@@@@@@@@@@@@@@        @@@@@@@@@@
@@@@@@@@@@@@@@@@  @@  @@    @@@@@@@@@@
@@@@@@@@@@  @@@@  @@  @@    @@@@@@@@@@
@@@@@@@@@@        @@        @@@@@@@@@@
@@@@@@@@@@@@@@@@@@@@@@@@@@@@@@@@@@@@@@
@@@@@@@@@@@@@@@@@@@@@@@@@@@@@@@@@@@@@@
@@@@@@@@@@        @@        @@@@@@@@@@
@@@@@@@@@@    @@  @@  @@@@  @@@@@@@@@@
@@@@@@@@@@    @@  @@  @@@@  @@@@@@@@@@
@@@@@@@@@@        @@  @  @  @@@@@@@@@@
@@@@@@@@@@        @@        @@@@@@@@@@
@@@@@@@@@@@@@@@@@@@@@@@  @@@@@@@@@@@@@
@@@@@@@@@@@@@@@@@@@@@@@@@@@@@@@@@@@@@@
@@@@@@@@@@@@@@@@@@@@@@@@@@@@@@@@@@@@@@  Thank you for using jOOQ 3.11.11
                                      
2021-11-04 15:58:29:845 [http-nio-8081-exec-1] INFO  com.ivan.sunnyblog.web.aop.ControllerAspect *** Request Success ***: 188ms GET URI=/api/articles, methodName=com.ivan.sunnyblog.web.controller.ArticleController.getArticles, args=[SearchVo{page=1, limit=10}], result=ResultInfo{info='null', status=0, data=[ArticleVo{userInfo=UserInfoVo{userId=100001, nickName='ivan', userName='ivan'}, category=CategoryVo{categoryId=2, name='liddffd', articleCount=null}, BaseArticleVo{articleId=10004, status=1, title='Spring boot', description='rerwerwer', content='null', firstPicture='null', viewCount=0, createDate='Tue Oct 12 15:58:26 EDT 2021', updateDate='Tue Oct 12 15:58:26 EDT 2021'}}, ArticleVo{userInfo=UserInfoVo{userId=100001, nickName='ivan', userName='ivan'}, category=CategoryVo{categoryId=1, name='Life ', articleCount=null}, BaseArticleVo{articleId=10003, status=0, title='dd', description='test', content='null', firstPicture='null', viewCount=0, createDate='Tue Oct 12 15:57:33 EDT 2021', updateDate='Tue Oct 12 15:57:33 EDT 2021'}}]}
2021-11-04 16:00:46:137 [http-nio-8081-exec-3] INFO  com.ivan.sunnyblog.web.aop.ControllerAspect *** Request Success ***: 45ms GET URI=/api/articles, methodName=com.ivan.sunnyblog.web.controller.ArticleController.getArticles, args=[SearchVo{page=1, limit=10}], result=ResultInfo{info='null', status=0, data=[ArticleVo{userInfo=UserInfoVo{userId=100001, nickName='ivan', userName='ivan'}, category=CategoryVo{categoryId=2, name='liddffd', articleCount=null}, BaseArticleVo{articleId=10004, status=1, title='Spring boot', description='rerwerwer', content='null', firstPicture='null', viewCount=0, createDate='Tue Oct 12 15:58:26 EDT 2021', updateDate='Tue Oct 12 15:58:26 EDT 2021'}}, ArticleVo{userInfo=UserInfoVo{userId=100001, nickName='ivan', userName='ivan'}, category=CategoryVo{categoryId=1, name='Life ', articleCount=null}, BaseArticleVo{articleId=10003, status=0, title='dd', description='test', content='null', firstPicture='null', viewCount=0, createDate='Tue Oct 12 15:57:33 EDT 2021', updateDate='Tue Oct 12 15:57:33 EDT 2021'}}]}
2021-11-04 16:01:35:087 [http-nio-8081-exec-4] INFO  com.ivan.sunnyblog.web.aop.ControllerAspect *** Request Success ***: 10ms GET URI=/api/articles, methodName=com.ivan.sunnyblog.web.controller.ArticleController.getArticles, args=[SearchVo{page=1, limit=10}], result=ResultInfo{info='null', status=0, data=[ArticleVo{userInfo=UserInfoVo{userId=100001, nickName='ivan', userName='ivan'}, category=CategoryVo{categoryId=2, name='liddffd', articleCount=null}, BaseArticleVo{articleId=10004, status=1, title='Spring boot', description='rerwerwer', content='null', firstPicture='null', viewCount=0, createDate='Tue Oct 12 15:58:26 EDT 2021', updateDate='Tue Oct 12 15:58:26 EDT 2021'}}, ArticleVo{userInfo=UserInfoVo{userId=100001, nickName='ivan', userName='ivan'}, category=CategoryVo{categoryId=1, name='Life ', articleCount=null}, BaseArticleVo{articleId=10003, status=0, title='dd', description='test', content='null', firstPicture='null', viewCount=0, createDate='Tue Oct 12 15:57:33 EDT 2021', updateDate='Tue Oct 12 15:57:33 EDT 2021'}}]}
2021-11-04 16:02:59:554 [http-nio-8081-exec-6] INFO  com.ivan.sunnyblog.web.aop.ControllerAspect *** Request Success ***: 12ms GET URI=/api/articles, methodName=com.ivan.sunnyblog.web.controller.ArticleController.getArticles, args=[SearchVo{page=1, limit=10}], result=ResultInfo{info='null', status=0, data=[ArticleVo{userInfo=UserInfoVo{userId=100001, nickName='ivan', userName='ivan'}, category=CategoryVo{categoryId=2, name='liddffd', articleCount=null}, BaseArticleVo{articleId=10004, status=1, title='Spring boot', description='rerwerwer', content='null', firstPicture='null', viewCount=0, createDate='Tue Oct 12 15:58:26 EDT 2021', updateDate='Tue Oct 12 15:58:26 EDT 2021'}}, ArticleVo{userInfo=UserInfoVo{userId=100001, nickName='ivan', userName='ivan'}, category=CategoryVo{categoryId=1, name='Life ', articleCount=null}, BaseArticleVo{articleId=10003, status=0, title='dd', description='test', content='null', firstPicture='null', viewCount=0, createDate='Tue Oct 12 15:57:33 EDT 2021', updateDate='Tue Oct 12 15:57:33 EDT 2021'}}]}
2021-11-04 16:03:22:209 [http-nio-8081-exec-7] INFO  com.ivan.sunnyblog.web.aop.ControllerAspect *** Request Success ***: 15ms GET URI=/api/articles, methodName=com.ivan.sunnyblog.web.controller.ArticleController.getArticles, args=[SearchVo{page=1, limit=10}], result=ResultInfo{info='null', status=0, data=[ArticleVo{userInfo=UserInfoVo{userId=100001, nickName='ivan', userName='ivan'}, category=CategoryVo{categoryId=2, name='liddffd', articleCount=null}, BaseArticleVo{articleId=10004, status=1, title='Spring boot', description='rerwerwer', content='null', firstPicture='null', viewCount=0, createDate='Tue Oct 12 15:58:26 EDT 2021', updateDate='Tue Oct 12 15:58:26 EDT 2021'}}, ArticleVo{userInfo=UserInfoVo{userId=100001, nickName='ivan', userName='ivan'}, category=CategoryVo{categoryId=1, name='Life ', articleCount=null}, BaseArticleVo{articleId=10003, status=0, title='dd', description='test', content='null', firstPicture='null', viewCount=0, createDate='Tue Oct 12 15:57:33 EDT 2021', updateDate='Tue Oct 12 15:57:33 EDT 2021'}}]}
2021-11-04 16:03:22:260 [http-nio-8081-exec-9] INFO  com.ivan.sunnyblog.web.aop.ControllerAspect *** Request Success ***: 50ms GET URI=/api/categories, methodName=com.ivan.sunnyblog.web.controller.CategoryContoller.getCategories, args=[], result=ResultInfo{info='null', status=0, data=[CategoryVo{categoryId=2, name='liddffd', articleCount=1}, CategoryVo{categoryId=1, name='Life ', articleCount=1}]}
2021-11-04 16:03:31:438 [http-nio-8081-exec-10] INFO  com.ivan.sunnyblog.web.aop.ControllerAspect *** Request Success ***: 26ms GET URI=/api/articles, methodName=com.ivan.sunnyblog.web.controller.ArticleController.getArticles, args=[SearchVo{page=1, limit=10}], result=ResultInfo{info='null', status=0, data=[ArticleVo{userInfo=UserInfoVo{userId=100001, nickName='ivan', userName='ivan'}, category=CategoryVo{categoryId=2, name='liddffd', articleCount=null}, BaseArticleVo{articleId=10004, status=1, title='Spring boot', description='rerwerwer', content='null', firstPicture='null', viewCount=0, createDate='Tue Oct 12 15:58:26 EDT 2021', updateDate='Tue Oct 12 15:58:26 EDT 2021'}}, ArticleVo{userInfo=UserInfoVo{userId=100001, nickName='ivan', userName='ivan'}, category=CategoryVo{categoryId=1, name='Life ', articleCount=null}, BaseArticleVo{articleId=10003, status=0, title='dd', description='test', content='null', firstPicture='null', viewCount=0, createDate='Tue Oct 12 15:57:33 EDT 2021', updateDate='Tue Oct 12 15:57:33 EDT 2021'}}]}
2021-11-04 16:03:31:482 [http-nio-8081-exec-1] INFO  com.ivan.sunnyblog.web.aop.ControllerAspect *** Request Success ***: 65ms GET URI=/api/categories, methodName=com.ivan.sunnyblog.web.controller.CategoryContoller.getCategories, args=[], result=ResultInfo{info='null', status=0, data=[CategoryVo{categoryId=2, name='liddffd', articleCount=1}, CategoryVo{categoryId=1, name='Life ', articleCount=1}]}
2021-11-04 16:04:05:402 [http-nio-8081-exec-3] INFO  com.ivan.sunnyblog.web.aop.ControllerAspect *** Request Success ***: 24ms GET URI=/api/categories, methodName=com.ivan.sunnyblog.web.controller.CategoryContoller.getCategories, args=[], result=ResultInfo{info='null', status=0, data=[CategoryVo{categoryId=2, name='liddffd', articleCount=1}, CategoryVo{categoryId=1, name='Life ', articleCount=1}]}
2021-11-04 16:04:05:415 [http-nio-8081-exec-2] INFO  com.ivan.sunnyblog.web.aop.ControllerAspect *** Request Success ***: 37ms GET URI=/api/articles, methodName=com.ivan.sunnyblog.web.controller.ArticleController.getArticles, args=[SearchVo{page=1, limit=10}], result=ResultInfo{info='null', status=0, data=[ArticleVo{userInfo=UserInfoVo{userId=100001, nickName='ivan', userName='ivan'}, category=CategoryVo{categoryId=2, name='liddffd', articleCount=null}, BaseArticleVo{articleId=10004, status=1, title='Spring boot', description='rerwerwer', content='null', firstPicture='null', viewCount=0, createDate='Tue Oct 12 15:58:26 EDT 2021', updateDate='Tue Oct 12 15:58:26 EDT 2021'}}, ArticleVo{userInfo=UserInfoVo{userId=100001, nickName='ivan', userName='ivan'}, category=CategoryVo{categoryId=1, name='Life ', articleCount=null}, BaseArticleVo{articleId=10003, status=0, title='dd', description='test', content='null', firstPicture='null', viewCount=0, createDate='Tue Oct 12 15:57:33 EDT 2021', updateDate='Tue Oct 12 15:57:33 EDT 2021'}}]}
2021-11-04 16:04:26:513 [http-nio-8081-exec-5] INFO  com.ivan.sunnyblog.web.aop.ControllerAspect *** Request Success ***: 5ms GET URI=/api/categories, methodName=com.ivan.sunnyblog.web.controller.CategoryContoller.getCategories, args=[], result=ResultInfo{info='null', status=0, data=[CategoryVo{categoryId=2, name='liddffd', articleCount=1}, CategoryVo{categoryId=1, name='Life ', articleCount=1}]}
2021-11-04 16:04:26:544 [http-nio-8081-exec-4] INFO  com.ivan.sunnyblog.web.aop.ControllerAspect *** Request Success ***: 34ms GET URI=/api/articles, methodName=com.ivan.sunnyblog.web.controller.ArticleController.getArticles, args=[SearchVo{page=1, limit=10}], result=ResultInfo{info='null', status=0, data=[ArticleVo{userInfo=UserInfoVo{userId=100001, nickName='ivan', userName='ivan'}, category=CategoryVo{categoryId=2, name='liddffd', articleCount=null}, BaseArticleVo{articleId=10004, status=1, title='Spring boot', description='rerwerwer', content='null', firstPicture='null', viewCount=0, createDate='Tue Oct 12 15:58:26 EDT 2021', updateDate='Tue Oct 12 15:58:26 EDT 2021'}}, ArticleVo{userInfo=UserInfoVo{userId=100001, nickName='ivan', userName='ivan'}, category=CategoryVo{categoryId=1, name='Life ', articleCount=null}, BaseArticleVo{articleId=10003, status=0, title='dd', description='test', content='null', firstPicture='null', viewCount=0, createDate='Tue Oct 12 15:57:33 EDT 2021', updateDate='Tue Oct 12 15:57:33 EDT 2021'}}]}
2021-11-04 16:04:55:060 [http-nio-8081-exec-8] INFO  com.ivan.sunnyblog.web.aop.ControllerAspect *** Request Success ***: 3ms GET URI=/api/categories, methodName=com.ivan.sunnyblog.web.controller.CategoryContoller.getCategories, args=[], result=ResultInfo{info='null', status=0, data=[CategoryVo{categoryId=2, name='liddffd', articleCount=1}, CategoryVo{categoryId=1, name='Life ', articleCount=1}]}
2021-11-04 16:04:55:071 [http-nio-8081-exec-6] INFO  com.ivan.sunnyblog.web.aop.ControllerAspect *** Request Success ***: 15ms GET URI=/api/articles, methodName=com.ivan.sunnyblog.web.controller.ArticleController.getArticles, args=[SearchVo{page=1, limit=10}], result=ResultInfo{info='null', status=0, data=[ArticleVo{userInfo=UserInfoVo{userId=100001, nickName='ivan', userName='ivan'}, category=CategoryVo{categoryId=2, name='liddffd', articleCount=null}, BaseArticleVo{articleId=10004, status=1, title='Spring boot', description='rerwerwer', content='null', firstPicture='null', viewCount=0, createDate='Tue Oct 12 15:58:26 EDT 2021', updateDate='Tue Oct 12 15:58:26 EDT 2021'}}, ArticleVo{userInfo=UserInfoVo{userId=100001, nickName='ivan', userName='ivan'}, category=CategoryVo{categoryId=1, name='Life ', articleCount=null}, BaseArticleVo{articleId=10003, status=0, title='dd', description='test', content='null', firstPicture='null', viewCount=0, createDate='Tue Oct 12 15:57:33 EDT 2021', updateDate='Tue Oct 12 15:57:33 EDT 2021'}}]}
2021-11-04 16:06:07:279 [http-nio-8081-exec-10] INFO  com.ivan.sunnyblog.web.aop.ControllerAspect *** Request Success ***: 17ms GET URI=/api/articles, methodName=com.ivan.sunnyblog.web.controller.ArticleController.getArticles, args=[SearchVo{page=1, limit=10}], result=ResultInfo{info='null', status=0, data=[ArticleVo{userInfo=UserInfoVo{userId=100001, nickName='ivan', userName='ivan'}, category=CategoryVo{categoryId=2, name='liddffd', articleCount=null}, BaseArticleVo{articleId=10004, status=1, title='Spring boot', description='rerwerwer', content='null', firstPicture='null', viewCount=0, createDate='Tue Oct 12 15:58:26 EDT 2021', updateDate='Tue Oct 12 15:58:26 EDT 2021'}}, ArticleVo{userInfo=UserInfoVo{userId=100001, nickName='ivan', userName='ivan'}, category=CategoryVo{categoryId=1, name='Life ', articleCount=null}, BaseArticleVo{articleId=10003, status=0, title='dd', description='test', content='null', firstPicture='null', viewCount=0, createDate='Tue Oct 12 15:57:33 EDT 2021', updateDate='Tue Oct 12 15:57:33 EDT 2021'}}]}
2021-11-04 16:06:07:293 [http-nio-8081-exec-1] INFO  com.ivan.sunnyblog.web.aop.ControllerAspect *** Request Success ***: 32ms GET URI=/api/categories, methodName=com.ivan.sunnyblog.web.controller.CategoryContoller.getCategories, args=[], result=ResultInfo{info='null', status=0, data=[CategoryVo{categoryId=2, name='liddffd', articleCount=1}, CategoryVo{categoryId=1, name='Life ', articleCount=1}]}
2021-11-04 16:07:30:387 [http-nio-8081-exec-4] INFO  com.ivan.sunnyblog.web.aop.ControllerAspect *** Request Success ***: 9ms GET URI=/api/categories, methodName=com.ivan.sunnyblog.web.controller.CategoryContoller.getCategories, args=[], result=ResultInfo{info='null', status=0, data=[CategoryVo{categoryId=2, name='liddffd', articleCount=1}, CategoryVo{categoryId=1, name='Life ', articleCount=1}]}
2021-11-04 16:07:30:400 [http-nio-8081-exec-5] INFO  com.ivan.sunnyblog.web.aop.ControllerAspect *** Request Success ***: 22ms GET URI=/api/articles, methodName=com.ivan.sunnyblog.web.controller.ArticleController.getArticles, args=[SearchVo{page=1, limit=10}], result=ResultInfo{info='null', status=0, data=[ArticleVo{userInfo=UserInfoVo{userId=100001, nickName='ivan', userName='ivan'}, category=CategoryVo{categoryId=2, name='liddffd', articleCount=null}, BaseArticleVo{articleId=10004, status=1, title='Spring boot', description='rerwerwer', content='null', firstPicture='null', viewCount=0, createDate='Tue Oct 12 15:58:26 EDT 2021', updateDate='Tue Oct 12 15:58:26 EDT 2021'}}, ArticleVo{userInfo=UserInfoVo{userId=100001, nickName='ivan', userName='ivan'}, category=CategoryVo{categoryId=1, name='Life ', articleCount=null}, BaseArticleVo{articleId=10003, status=0, title='dd', description='test', content='null', firstPicture='null', viewCount=0, createDate='Tue Oct 12 15:57:33 EDT 2021', updateDate='Tue Oct 12 15:57:33 EDT 2021'}}]}
2021-11-04 16:07:53:557 [http-nio-8081-exec-6] INFO  com.ivan.sunnyblog.web.aop.ControllerAspect *** Request Success ***: 3ms GET URI=/api/categories, methodName=com.ivan.sunnyblog.web.controller.CategoryContoller.getCategories, args=[], result=ResultInfo{info='null', status=0, data=[CategoryVo{categoryId=2, name='liddffd', articleCount=1}, CategoryVo{categoryId=1, name='Life ', articleCount=1}]}
2021-11-04 16:07:53:566 [http-nio-8081-exec-8] INFO  com.ivan.sunnyblog.web.aop.ControllerAspect *** Request Success ***: 12ms GET URI=/api/articles, methodName=com.ivan.sunnyblog.web.controller.ArticleController.getArticles, args=[SearchVo{page=1, limit=10}], result=ResultInfo{info='null', status=0, data=[ArticleVo{userInfo=UserInfoVo{userId=100001, nickName='ivan', userName='ivan'}, category=CategoryVo{categoryId=2, name='liddffd', articleCount=null}, BaseArticleVo{articleId=10004, status=1, title='Spring boot', description='rerwerwer', content='null', firstPicture='null', viewCount=0, createDate='Tue Oct 12 15:58:26 EDT 2021', updateDate='Tue Oct 12 15:58:26 EDT 2021'}}, ArticleVo{userInfo=UserInfoVo{userId=100001, nickName='ivan', userName='ivan'}, category=CategoryVo{categoryId=1, name='Life ', articleCount=null}, BaseArticleVo{articleId=10003, status=0, title='dd', description='test', content='null', firstPicture='null', viewCount=0, createDate='Tue Oct 12 15:57:33 EDT 2021', updateDate='Tue Oct 12 15:57:33 EDT 2021'}}]}
2021-11-04 17:01:21:785 [HikariPool-1 housekeeper] WARN  com.zaxxer.hikari.pool.HikariPool HikariPool-1 - Thread starvation or clock leap detected (housekeeper delta=50m21s216ms).
2021-11-04 18:37:49:173 [HikariPool-1 housekeeper] WARN  com.zaxxer.hikari.pool.HikariPool HikariPool-1 - Thread starvation or clock leap detected (housekeeper delta=1h36m27s419ms).
2021-11-04 19:56:54:208 [HikariPool-1 housekeeper] WARN  com.zaxxer.hikari.pool.HikariPool HikariPool-1 - Thread starvation or clock leap detected (housekeeper delta=1h19m5s35ms).
2021-11-04 21:37:08:262 [HikariPool-1 housekeeper] WARN  com.zaxxer.hikari.pool.HikariPool HikariPool-1 - Thread starvation or clock leap detected (housekeeper delta=1h40m14s54ms).
2021-11-04 22:30:24:529 [HikariPool-1 housekeeper] WARN  com.zaxxer.hikari.pool.HikariPool HikariPool-1 - Thread starvation or clock leap detected (housekeeper delta=53m16s267ms).
2021-11-04 22:58:24:681 [Thread-37] INFO  org.springframework.scheduling.concurrent.ThreadPoolTaskExecutor Shutting down ExecutorService 'applicationTaskExecutor'
2021-11-04 22:58:24:689 [Thread-37] INFO  com.zaxxer.hikari.HikariDataSource HikariPool-1 - Shutdown initiated...
2021-11-04 22:58:24:692 [Thread-37] INFO  com.zaxxer.hikari.HikariDataSource HikariPool-1 - Shutdown completed.
2021-11-04 22:58:27:408 [restartedMain] INFO  com.ivan.sunnyblog.SunnyBlogApplication Starting SunnyBlogApplication on Jinghaos-MacBook-Air.local with PID 35277 (/Users/jinghaoliang/Documents/tech/Project/blogProject/SunnyBlog/target/classes started by jinghaoliang in /Users/jinghaoliang/Documents/tech/Project/blogProject/SunnyBlog)
2021-11-04 22:58:27:409 [restartedMain] INFO  com.ivan.sunnyblog.SunnyBlogApplication No active profile set, falling back to default profiles: default
2021-11-04 22:58:27:425 [restartedMain] INFO  org.springframework.boot.devtools.env.DevToolsPropertyDefaultsPostProcessor Devtools property defaults active! Set 'spring.devtools.add-properties' to 'false' to disable
2021-11-04 22:58:27:426 [restartedMain] INFO  org.springframework.boot.devtools.env.DevToolsPropertyDefaultsPostProcessor For additional web related logging consider setting the 'logging.level.web' property to 'DEBUG'
2021-11-04 22:58:27:702 [restartedMain] INFO  org.springframework.data.repository.config.RepositoryConfigurationDelegate Multiple Spring Data modules found, entering strict repository configuration mode!
2021-11-04 22:58:27:703 [restartedMain] INFO  org.springframework.data.repository.config.RepositoryConfigurationDelegate Bootstrapping Spring Data repositories in DEFAULT mode.
2021-11-04 22:58:27:724 [restartedMain] INFO  org.springframework.data.repository.config.RepositoryConfigurationDelegate Finished Spring Data repository scanning in 14ms. Found 0 repository interfaces.
2021-11-04 22:58:27:863 [restartedMain] INFO  o.s.context.support.PostProcessorRegistrationDelegate$BeanPostProcessorChecker Bean 'org.springframework.transaction.annotation.ProxyTransactionManagementConfiguration' of type [org.springframework.transaction.annotation.ProxyTransactionManagementConfiguration$$EnhancerBySpringCGLIB$$e691c24a] is not eligible for getting processed by all BeanPostProcessors (for example: not eligible for auto-proxying)
2021-11-04 22:58:28:033 [restartedMain] INFO  org.springframework.boot.web.embedded.tomcat.TomcatWebServer Tomcat initialized with port(s): 8081 (http)
2021-11-04 22:58:28:040 [restartedMain] INFO  org.apache.coyote.http11.Http11NioProtocol Initializing ProtocolHandler ["http-nio-8081"]
2021-11-04 22:58:28:044 [restartedMain] INFO  org.apache.catalina.core.StandardService Starting service [Tomcat]
2021-11-04 22:58:28:044 [restartedMain] INFO  org.apache.catalina.core.StandardEngine Starting Servlet engine: [Apache Tomcat/9.0.21]
2021-11-04 22:58:28:077 [restartedMain] INFO  org.apache.catalina.core.ContainerBase.[Tomcat].[localhost].[/] Initializing Spring embedded WebApplicationContext
2021-11-04 22:58:28:077 [restartedMain] INFO  org.springframework.web.context.ContextLoader Root WebApplicationContext: initialization completed in 651 ms
2021-11-04 22:58:28:243 [restartedMain] INFO  com.zaxxer.hikari.HikariDataSource HikariPool-1 - Starting...
2021-11-04 22:58:28:275 [restartedMain] INFO  com.zaxxer.hikari.HikariDataSource HikariPool-1 - Start completed.
2021-11-04 22:58:42:832 [restartedMain] INFO  org.springframework.scheduling.concurrent.ThreadPoolTaskExecutor Initializing ExecutorService 'applicationTaskExecutor'
2021-11-04 22:58:43:001 [restartedMain] INFO  org.springframework.boot.devtools.autoconfigure.OptionalLiveReloadServer LiveReload server is running on port 35729
2021-11-04 22:58:43:038 [restartedMain] INFO  org.apache.coyote.http11.Http11NioProtocol Starting ProtocolHandler ["http-nio-8081"]
2021-11-04 22:58:43:052 [restartedMain] INFO  org.springframework.boot.web.embedded.tomcat.TomcatWebServer Tomcat started on port(s): 8081 (http) with context path ''
2021-11-04 22:58:43:054 [restartedMain] INFO  com.ivan.sunnyblog.SunnyBlogApplication Started SunnyBlogApplication in 15.797 seconds (JVM running for 16.291)
2021-11-04 23:00:03:627 [http-nio-8081-exec-1] INFO  org.apache.catalina.core.ContainerBase.[Tomcat].[localhost].[/] Initializing Spring DispatcherServlet 'dispatcherServlet'
2021-11-04 23:00:03:627 [http-nio-8081-exec-1] INFO  org.springframework.web.servlet.DispatcherServlet Initializing Servlet 'dispatcherServlet'
2021-11-04 23:00:03:633 [http-nio-8081-exec-1] INFO  org.springframework.web.servlet.DispatcherServlet Completed initialization in 6 ms
2021-11-04 23:00:03:736 [http-nio-8081-exec-1] INFO  org.jooq.Constants 
                                      
@@@@@@@@@@@@@@@@@@@@@@@@@@@@@@@@@@@@@@
@@@@@@@@@@@@@@@@@@@@@@@@@@@@@@@@@@@@@@
@@@@@@@@@@@@@@@@  @@        @@@@@@@@@@
@@@@@@@@@@@@@@@@@@@@        @@@@@@@@@@
@@@@@@@@@@@@@@@@  @@  @@    @@@@@@@@@@
@@@@@@@@@@  @@@@  @@  @@    @@@@@@@@@@
@@@@@@@@@@        @@        @@@@@@@@@@
@@@@@@@@@@@@@@@@@@@@@@@@@@@@@@@@@@@@@@
@@@@@@@@@@@@@@@@@@@@@@@@@@@@@@@@@@@@@@
@@@@@@@@@@        @@        @@@@@@@@@@
@@@@@@@@@@    @@  @@  @@@@  @@@@@@@@@@
@@@@@@@@@@    @@  @@  @@@@  @@@@@@@@@@
@@@@@@@@@@        @@  @  @  @@@@@@@@@@
@@@@@@@@@@        @@        @@@@@@@@@@
@@@@@@@@@@@@@@@@@@@@@@@  @@@@@@@@@@@@@
@@@@@@@@@@@@@@@@@@@@@@@@@@@@@@@@@@@@@@
@@@@@@@@@@@@@@@@@@@@@@@@@@@@@@@@@@@@@@  Thank you for using jOOQ 3.11.11
                                      
2021-11-04 23:00:03:800 [http-nio-8081-exec-1] INFO  com.ivan.sunnyblog.web.aop.ControllerAspect *** Request Success ***: 145ms GET URI=/api/articles, methodName=com.ivan.sunnyblog.web.controller.ArticleController.getArticles, args=[SearchVo{page=1, limit=10, categoryId=1}], result=ResultInfo{info='null', status=0, data=[ArticleVo{userInfo=UserInfoVo{userId=100001, nickName='ivan', userName='ivan'}, category=CategoryVo{categoryId=2, name='liddffd', articleCount=null}, BaseArticleVo{articleId=10004, status=1, title='Spring boot', description='rerwerwer', content='null', firstPicture='null', viewCount=0, createDate='Tue Oct 12 15:58:26 EDT 2021', updateDate='Tue Oct 12 15:58:26 EDT 2021'}}]}
2021-11-04 23:02:48:413 [http-nio-8081-exec-5] INFO  com.ivan.sunnyblog.web.aop.ControllerAspect *** Request Success ***: 13ms GET URI=/api/articles, methodName=com.ivan.sunnyblog.web.controller.ArticleController.getArticles, args=[SearchVo{page=1, limit=10, categoryId=2}], result=ResultInfo{info='null', status=0, data=[ArticleVo{userInfo=UserInfoVo{userId=100001, nickName='ivan', userName='ivan'}, category=CategoryVo{categoryId=2, name='liddffd', articleCount=null}, BaseArticleVo{articleId=10004, status=1, title='Spring boot', description='rerwerwer', content='null', firstPicture='null', viewCount=0, createDate='Tue Oct 12 15:58:26 EDT 2021', updateDate='Tue Oct 12 15:58:26 EDT 2021'}}]}
2021-11-04 23:04:13:533 [Thread-40] INFO  org.springframework.scheduling.concurrent.ThreadPoolTaskExecutor Shutting down ExecutorService 'applicationTaskExecutor'
2021-11-04 23:04:13:534 [Thread-40] INFO  com.zaxxer.hikari.HikariDataSource HikariPool-1 - Shutdown initiated...
2021-11-04 23:04:13:536 [Thread-40] INFO  com.zaxxer.hikari.HikariDataSource HikariPool-1 - Shutdown completed.
2021-11-04 23:04:15:852 [restartedMain] INFO  com.ivan.sunnyblog.SunnyBlogApplication Starting SunnyBlogApplication on Jinghaos-MacBook-Air.local with PID 35331 (/Users/jinghaoliang/Documents/tech/Project/blogProject/SunnyBlog/target/classes started by jinghaoliang in /Users/jinghaoliang/Documents/tech/Project/blogProject/SunnyBlog)
2021-11-04 23:04:15:853 [restartedMain] INFO  com.ivan.sunnyblog.SunnyBlogApplication No active profile set, falling back to default profiles: default
2021-11-04 23:04:15:870 [restartedMain] INFO  org.springframework.boot.devtools.env.DevToolsPropertyDefaultsPostProcessor Devtools property defaults active! Set 'spring.devtools.add-properties' to 'false' to disable
2021-11-04 23:04:15:870 [restartedMain] INFO  org.springframework.boot.devtools.env.DevToolsPropertyDefaultsPostProcessor For additional web related logging consider setting the 'logging.level.web' property to 'DEBUG'
2021-11-04 23:04:16:216 [restartedMain] INFO  org.springframework.data.repository.config.RepositoryConfigurationDelegate Multiple Spring Data modules found, entering strict repository configuration mode!
2021-11-04 23:04:16:217 [restartedMain] INFO  org.springframework.data.repository.config.RepositoryConfigurationDelegate Bootstrapping Spring Data repositories in DEFAULT mode.
2021-11-04 23:04:16:243 [restartedMain] INFO  org.springframework.data.repository.config.RepositoryConfigurationDelegate Finished Spring Data repository scanning in 17ms. Found 0 repository interfaces.
2021-11-04 23:04:16:385 [restartedMain] INFO  o.s.context.support.PostProcessorRegistrationDelegate$BeanPostProcessorChecker Bean 'org.springframework.transaction.annotation.ProxyTransactionManagementConfiguration' of type [org.springframework.transaction.annotation.ProxyTransactionManagementConfiguration$$EnhancerBySpringCGLIB$$15b17d04] is not eligible for getting processed by all BeanPostProcessors (for example: not eligible for auto-proxying)
2021-11-04 23:04:16:558 [restartedMain] INFO  org.springframework.boot.web.embedded.tomcat.TomcatWebServer Tomcat initialized with port(s): 8081 (http)
2021-11-04 23:04:16:565 [restartedMain] INFO  org.apache.coyote.http11.Http11NioProtocol Initializing ProtocolHandler ["http-nio-8081"]
2021-11-04 23:04:16:569 [restartedMain] INFO  org.apache.catalina.core.StandardService Starting service [Tomcat]
2021-11-04 23:04:16:569 [restartedMain] INFO  org.apache.catalina.core.StandardEngine Starting Servlet engine: [Apache Tomcat/9.0.21]
2021-11-04 23:04:16:600 [restartedMain] INFO  org.apache.catalina.core.ContainerBase.[Tomcat].[localhost].[/] Initializing Spring embedded WebApplicationContext
2021-11-04 23:04:16:600 [restartedMain] INFO  org.springframework.web.context.ContextLoader Root WebApplicationContext: initialization completed in 730 ms
2021-11-04 23:04:16:761 [restartedMain] INFO  com.zaxxer.hikari.HikariDataSource HikariPool-1 - Starting...
2021-11-04 23:04:16:796 [restartedMain] INFO  com.zaxxer.hikari.HikariDataSource HikariPool-1 - Start completed.
2021-11-04 23:04:26:565 [restartedMain] INFO  com.ivan.sunnyblog.SunnyBlogApplication Starting SunnyBlogApplication on Jinghaos-MacBook-Air.local with PID 35350 (/Users/jinghaoliang/Documents/tech/Project/blogProject/SunnyBlog/target/classes started by jinghaoliang in /Users/jinghaoliang/Documents/tech/Project/blogProject/SunnyBlog)
2021-11-04 23:04:26:566 [restartedMain] INFO  com.ivan.sunnyblog.SunnyBlogApplication No active profile set, falling back to default profiles: default
2021-11-04 23:04:26:583 [restartedMain] INFO  org.springframework.boot.devtools.env.DevToolsPropertyDefaultsPostProcessor Devtools property defaults active! Set 'spring.devtools.add-properties' to 'false' to disable
2021-11-04 23:04:26:583 [restartedMain] INFO  org.springframework.boot.devtools.env.DevToolsPropertyDefaultsPostProcessor For additional web related logging consider setting the 'logging.level.web' property to 'DEBUG'
2021-11-04 23:04:26:888 [restartedMain] INFO  org.springframework.data.repository.config.RepositoryConfigurationDelegate Multiple Spring Data modules found, entering strict repository configuration mode!
2021-11-04 23:04:26:889 [restartedMain] INFO  org.springframework.data.repository.config.RepositoryConfigurationDelegate Bootstrapping Spring Data repositories in DEFAULT mode.
2021-11-04 23:04:26:913 [restartedMain] INFO  org.springframework.data.repository.config.RepositoryConfigurationDelegate Finished Spring Data repository scanning in 17ms. Found 0 repository interfaces.
2021-11-04 23:04:27:048 [restartedMain] INFO  o.s.context.support.PostProcessorRegistrationDelegate$BeanPostProcessorChecker Bean 'org.springframework.transaction.annotation.ProxyTransactionManagementConfiguration' of type [org.springframework.transaction.annotation.ProxyTransactionManagementConfiguration$$EnhancerBySpringCGLIB$$6ecf6f61] is not eligible for getting processed by all BeanPostProcessors (for example: not eligible for auto-proxying)
2021-11-04 23:04:27:229 [restartedMain] INFO  org.springframework.boot.web.embedded.tomcat.TomcatWebServer Tomcat initialized with port(s): 8081 (http)
2021-11-04 23:04:27:236 [restartedMain] INFO  org.apache.coyote.http11.Http11NioProtocol Initializing ProtocolHandler ["http-nio-8081"]
2021-11-04 23:04:27:241 [restartedMain] INFO  org.apache.catalina.core.StandardService Starting service [Tomcat]
2021-11-04 23:04:27:242 [restartedMain] INFO  org.apache.catalina.core.StandardEngine Starting Servlet engine: [Apache Tomcat/9.0.21]
2021-11-04 23:04:27:273 [restartedMain] INFO  org.apache.catalina.core.ContainerBase.[Tomcat].[localhost].[/] Initializing Spring embedded WebApplicationContext
2021-11-04 23:04:27:274 [restartedMain] INFO  org.springframework.web.context.ContextLoader Root WebApplicationContext: initialization completed in 690 ms
2021-11-04 23:04:27:435 [restartedMain] INFO  com.zaxxer.hikari.HikariDataSource HikariPool-1 - Starting...
2021-11-04 23:04:27:461 [restartedMain] INFO  com.zaxxer.hikari.HikariDataSource HikariPool-1 - Start completed.
2021-11-04 23:04:35:970 [restartedMain] INFO  org.springframework.scheduling.concurrent.ThreadPoolTaskExecutor Initializing ExecutorService 'applicationTaskExecutor'
2021-11-04 23:04:36:134 [restartedMain] INFO  org.springframework.boot.devtools.autoconfigure.OptionalLiveReloadServer LiveReload server is running on port 35729
2021-11-04 23:04:36:171 [restartedMain] INFO  org.apache.coyote.http11.Http11NioProtocol Starting ProtocolHandler ["http-nio-8081"]
2021-11-04 23:04:36:185 [restartedMain] INFO  org.springframework.boot.web.embedded.tomcat.TomcatWebServer Tomcat started on port(s): 8081 (http) with context path ''
2021-11-04 23:04:36:187 [restartedMain] INFO  com.ivan.sunnyblog.SunnyBlogApplication Started SunnyBlogApplication in 9.765 seconds (JVM running for 10.071)
2021-11-04 23:04:44:327 [http-nio-8081-exec-2] INFO  org.apache.catalina.core.ContainerBase.[Tomcat].[localhost].[/] Initializing Spring DispatcherServlet 'dispatcherServlet'
2021-11-04 23:04:44:328 [http-nio-8081-exec-2] INFO  org.springframework.web.servlet.DispatcherServlet Initializing Servlet 'dispatcherServlet'
2021-11-04 23:04:44:332 [http-nio-8081-exec-2] INFO  org.springframework.web.servlet.DispatcherServlet Completed initialization in 4 ms
2021-11-04 23:04:44:432 [http-nio-8081-exec-2] INFO  com.ivan.sunnyblog.web.aop.ControllerAspect *** Request Error ***: 81ms GET URI=/api/articles, methodName=com.ivan.sunnyblog.web.controller.ArticleController.getArticles, args=[SearchVo{page=1, limit=10, categoryId=null}], result=null
2021-11-04 23:04:44:459 [http-nio-8081-exec-2] WARN  org.springframework.web.servlet.mvc.method.annotation.ExceptionHandlerExceptionResolver Resolved [java.lang.NullPointerException]
2021-11-04 23:05:30:236 [Thread-28] INFO  org.springframework.scheduling.concurrent.ThreadPoolTaskExecutor Shutting down ExecutorService 'applicationTaskExecutor'
2021-11-04 23:05:30:238 [Thread-28] INFO  com.zaxxer.hikari.HikariDataSource HikariPool-1 - Shutdown initiated...
2021-11-04 23:05:30:239 [Thread-28] INFO  com.zaxxer.hikari.HikariDataSource HikariPool-1 - Shutdown completed.
2021-11-04 23:05:32:468 [restartedMain] INFO  com.ivan.sunnyblog.SunnyBlogApplication Starting SunnyBlogApplication on Jinghaos-MacBook-Air.local with PID 35370 (/Users/jinghaoliang/Documents/tech/Project/blogProject/SunnyBlog/target/classes started by jinghaoliang in /Users/jinghaoliang/Documents/tech/Project/blogProject/SunnyBlog)
2021-11-04 23:05:32:470 [restartedMain] INFO  com.ivan.sunnyblog.SunnyBlogApplication No active profile set, falling back to default profiles: default
2021-11-04 23:05:32:489 [restartedMain] INFO  org.springframework.boot.devtools.env.DevToolsPropertyDefaultsPostProcessor Devtools property defaults active! Set 'spring.devtools.add-properties' to 'false' to disable
2021-11-04 23:05:32:489 [restartedMain] INFO  org.springframework.boot.devtools.env.DevToolsPropertyDefaultsPostProcessor For additional web related logging consider setting the 'logging.level.web' property to 'DEBUG'
2021-11-04 23:05:32:805 [restartedMain] INFO  org.springframework.data.repository.config.RepositoryConfigurationDelegate Multiple Spring Data modules found, entering strict repository configuration mode!
2021-11-04 23:05:32:806 [restartedMain] INFO  org.springframework.data.repository.config.RepositoryConfigurationDelegate Bootstrapping Spring Data repositories in DEFAULT mode.
2021-11-04 23:05:32:828 [restartedMain] INFO  org.springframework.data.repository.config.RepositoryConfigurationDelegate Finished Spring Data repository scanning in 15ms. Found 0 repository interfaces.
2021-11-04 23:05:32:960 [restartedMain] INFO  o.s.context.support.PostProcessorRegistrationDelegate$BeanPostProcessorChecker Bean 'org.springframework.transaction.annotation.ProxyTransactionManagementConfiguration' of type [org.springframework.transaction.annotation.ProxyTransactionManagementConfiguration$$EnhancerBySpringCGLIB$$248e31b6] is not eligible for getting processed by all BeanPostProcessors (for example: not eligible for auto-proxying)
2021-11-04 23:05:33:132 [restartedMain] INFO  org.springframework.boot.web.embedded.tomcat.TomcatWebServer Tomcat initialized with port(s): 8081 (http)
2021-11-04 23:05:33:137 [restartedMain] INFO  org.apache.coyote.http11.Http11NioProtocol Initializing ProtocolHandler ["http-nio-8081"]
2021-11-04 23:05:33:141 [restartedMain] INFO  org.apache.catalina.core.StandardService Starting service [Tomcat]
2021-11-04 23:05:33:141 [restartedMain] INFO  org.apache.catalina.core.StandardEngine Starting Servlet engine: [Apache Tomcat/9.0.21]
2021-11-04 23:05:33:170 [restartedMain] INFO  org.apache.catalina.core.ContainerBase.[Tomcat].[localhost].[/] Initializing Spring embedded WebApplicationContext
2021-11-04 23:05:33:170 [restartedMain] INFO  org.springframework.web.context.ContextLoader Root WebApplicationContext: initialization completed in 681 ms
2021-11-04 23:05:33:328 [restartedMain] INFO  com.zaxxer.hikari.HikariDataSource HikariPool-1 - Starting...
2021-11-04 23:05:33:357 [restartedMain] INFO  com.zaxxer.hikari.HikariDataSource HikariPool-1 - Start completed.
2021-11-04 23:05:42:767 [restartedMain] INFO  org.springframework.scheduling.concurrent.ThreadPoolTaskExecutor Initializing ExecutorService 'applicationTaskExecutor'
2021-11-04 23:05:42:934 [restartedMain] INFO  org.springframework.boot.devtools.autoconfigure.OptionalLiveReloadServer LiveReload server is running on port 35729
2021-11-04 23:05:42:972 [restartedMain] INFO  org.apache.coyote.http11.Http11NioProtocol Starting ProtocolHandler ["http-nio-8081"]
2021-11-04 23:05:42:985 [restartedMain] INFO  org.springframework.boot.web.embedded.tomcat.TomcatWebServer Tomcat started on port(s): 8081 (http) with context path ''
2021-11-04 23:05:42:987 [restartedMain] INFO  com.ivan.sunnyblog.SunnyBlogApplication Started SunnyBlogApplication in 10.688 seconds (JVM running for 11.071)
2021-11-04 23:05:50:140 [http-nio-8081-exec-2] INFO  org.apache.catalina.core.ContainerBase.[Tomcat].[localhost].[/] Initializing Spring DispatcherServlet 'dispatcherServlet'
2021-11-04 23:05:50:140 [http-nio-8081-exec-2] INFO  org.springframework.web.servlet.DispatcherServlet Initializing Servlet 'dispatcherServlet'
2021-11-04 23:05:50:145 [http-nio-8081-exec-2] INFO  org.springframework.web.servlet.DispatcherServlet Completed initialization in 5 ms
2021-11-04 23:05:50:250 [http-nio-8081-exec-2] INFO  org.jooq.Constants 
                                      
@@@@@@@@@@@@@@@@@@@@@@@@@@@@@@@@@@@@@@
@@@@@@@@@@@@@@@@@@@@@@@@@@@@@@@@@@@@@@
@@@@@@@@@@@@@@@@  @@        @@@@@@@@@@
@@@@@@@@@@@@@@@@@@@@        @@@@@@@@@@
@@@@@@@@@@@@@@@@  @@  @@    @@@@@@@@@@
@@@@@@@@@@  @@@@  @@  @@    @@@@@@@@@@
@@@@@@@@@@        @@        @@@@@@@@@@
@@@@@@@@@@@@@@@@@@@@@@@@@@@@@@@@@@@@@@
@@@@@@@@@@@@@@@@@@@@@@@@@@@@@@@@@@@@@@
@@@@@@@@@@        @@        @@@@@@@@@@
@@@@@@@@@@    @@  @@  @@@@  @@@@@@@@@@
@@@@@@@@@@    @@  @@  @@@@  @@@@@@@@@@
@@@@@@@@@@        @@  @  @  @@@@@@@@@@
@@@@@@@@@@        @@        @@@@@@@@@@
@@@@@@@@@@@@@@@@@@@@@@@  @@@@@@@@@@@@@
@@@@@@@@@@@@@@@@@@@@@@@@@@@@@@@@@@@@@@
@@@@@@@@@@@@@@@@@@@@@@@@@@@@@@@@@@@@@@  Thank you for using jOOQ 3.11.11
                                      
2021-11-04 23:05:50:291 [http-nio-8081-exec-2] INFO  com.ivan.sunnyblog.web.aop.ControllerAspect *** Request Success ***: 126ms GET URI=/api/articles, methodName=com.ivan.sunnyblog.web.controller.ArticleController.getArticles, args=[SearchVo{page=1, limit=10, categoryId=null}], result=ResultInfo{info='null', status=0, data=[ArticleVo{userInfo=UserInfoVo{userId=100001, nickName='ivan', userName='ivan'}, category=CategoryVo{categoryId=2, name='liddffd', articleCount=null}, BaseArticleVo{articleId=10004, status=1, title='Spring boot', description='rerwerwer', content='null', firstPicture='null', viewCount=0, createDate='Tue Oct 12 15:58:26 EDT 2021', updateDate='Tue Oct 12 15:58:26 EDT 2021'}}]}
2021-11-04 23:06:09:440 [http-nio-8081-exec-3] INFO  com.ivan.sunnyblog.web.aop.ControllerAspect *** Request Success ***: 3ms GET URI=/api/articles, methodName=com.ivan.sunnyblog.web.controller.ArticleController.getArticles, args=[SearchVo{page=1, limit=10, categoryId=1}], result=ResultInfo{info='null', status=0, data=[]}
2021-11-04 23:06:16:686 [http-nio-8081-exec-4] INFO  com.ivan.sunnyblog.web.aop.ControllerAspect *** Request Success ***: 5ms GET URI=/api/articles, methodName=com.ivan.sunnyblog.web.controller.ArticleController.getArticles, args=[SearchVo{page=1, limit=10, categoryId=2}], result=ResultInfo{info='null', status=0, data=[ArticleVo{userInfo=UserInfoVo{userId=100001, nickName='ivan', userName='ivan'}, category=CategoryVo{categoryId=2, name='liddffd', articleCount=null}, BaseArticleVo{articleId=10004, status=1, title='Spring boot', description='rerwerwer', content='null', firstPicture='null', viewCount=0, createDate='Tue Oct 12 15:58:26 EDT 2021', updateDate='Tue Oct 12 15:58:26 EDT 2021'}}]}
2021-11-04 23:06:36:009 [Thread-30] INFO  org.springframework.scheduling.concurrent.ThreadPoolTaskExecutor Shutting down ExecutorService 'applicationTaskExecutor'
2021-11-04 23:06:36:010 [Thread-30] INFO  com.zaxxer.hikari.HikariDataSource HikariPool-1 - Shutdown initiated...
2021-11-04 23:06:36:011 [Thread-30] INFO  com.zaxxer.hikari.HikariDataSource HikariPool-1 - Shutdown completed.
